[15.745s] Invoking command in '/home/abmodelo2023/Documentos/Proyecto-Final-Robotica-202310/proyecto_final_ws/src/proyecto_master_pkg': PYTHONPATH=/home/abmodelo2023/Documentos/Proyecto-Final-Robotica-202310/build/proyecto_master_pkg/prefix_override:/home/abmodelo2023/Documentos/Proyecto-Final-Robotica-202310/install/proyecto_master_pkg/lib/python3.10/site-packages:${PYTHONPATH} /usr/bin/python3 setup.py egg_info --egg-base ../../../build/proyecto_master_pkg build --build-base /home/abmodelo2023/Documentos/Proyecto-Final-Robotica-202310/build/proyecto_master_pkg/build install --record /home/abmodelo2023/Documentos/Proyecto-Final-Robotica-202310/build/proyecto_master_pkg/install.log --install-scripts $base/lib/proyecto_master_pkg --single-version-externally-managed
[20.911s] /usr/lib/python3/dist-packages/setuptools/dist.py:723: UserWarning: Usage of dash-separated 'script-dir' will not be supported in future versions. Please use the underscore name 'script_dir' instead
[20.916s]   warnings.warn(
[20.982s] running egg_info
[20.987s] writing ../../../build/proyecto_master_pkg/proyecto_master_pkg.egg-info/PKG-INFO
[20.990s] writing dependency_links to ../../../build/proyecto_master_pkg/proyecto_master_pkg.egg-info/dependency_links.txt
[20.991s] writing entry points to ../../../build/proyecto_master_pkg/proyecto_master_pkg.egg-info/entry_points.txt
[20.993s] writing requirements to ../../../build/proyecto_master_pkg/proyecto_master_pkg.egg-info/requires.txt
[20.994s] writing top-level names to ../../../build/proyecto_master_pkg/proyecto_master_pkg.egg-info/top_level.txt
[21.012s] reading manifest file '../../../build/proyecto_master_pkg/proyecto_master_pkg.egg-info/SOURCES.txt'
[21.021s] writing manifest file '../../../build/proyecto_master_pkg/proyecto_master_pkg.egg-info/SOURCES.txt'
[21.022s] running build
[21.022s] running build_py
[21.028s] running install
[21.030s] /usr/lib/python3/dist-packages/setuptools/command/install.py:34: SetuptoolsDeprecationWarning: setup.py install is deprecated. Use build and pip and other standards-based tools.
[21.031s]   warnings.warn(
[21.037s] running install_lib
[21.075s] running install_data
[21.084s] running install_egg_info
[21.102s] removing '/home/abmodelo2023/Documentos/Proyecto-Final-Robotica-202310/install/proyecto_master_pkg/lib/python3.10/site-packages/proyecto_master_pkg-0.0.0-py3.10.egg-info' (and everything under it)
[21.105s] Copying ../../../build/proyecto_master_pkg/proyecto_master_pkg.egg-info to /home/abmodelo2023/Documentos/Proyecto-Final-Robotica-202310/install/proyecto_master_pkg/lib/python3.10/site-packages/proyecto_master_pkg-0.0.0-py3.10.egg-info
[21.116s] running install_scripts
[21.888s] Installing camara script to /home/abmodelo2023/Documentos/Proyecto-Final-Robotica-202310/install/proyecto_master_pkg/lib/proyecto_master_pkg
[21.891s] Installing control script to /home/abmodelo2023/Documentos/Proyecto-Final-Robotica-202310/install/proyecto_master_pkg/lib/proyecto_master_pkg
[21.892s] Installing manipulation script to /home/abmodelo2023/Documentos/Proyecto-Final-Robotica-202310/install/proyecto_master_pkg/lib/proyecto_master_pkg
[21.893s] Installing master script to /home/abmodelo2023/Documentos/Proyecto-Final-Robotica-202310/install/proyecto_master_pkg/lib/proyecto_master_pkg
[21.894s] Installing navigation script to /home/abmodelo2023/Documentos/Proyecto-Final-Robotica-202310/install/proyecto_master_pkg/lib/proyecto_master_pkg
[21.895s] Installing perception script to /home/abmodelo2023/Documentos/Proyecto-Final-Robotica-202310/install/proyecto_master_pkg/lib/proyecto_master_pkg
[21.898s] writing list of installed files to '/home/abmodelo2023/Documentos/Proyecto-Final-Robotica-202310/build/proyecto_master_pkg/install.log'
[22.185s] Invoked command in '/home/abmodelo2023/Documentos/Proyecto-Final-Robotica-202310/proyecto_final_ws/src/proyecto_master_pkg' returned '0': PYTHONPATH=/home/abmodelo2023/Documentos/Proyecto-Final-Robotica-202310/build/proyecto_master_pkg/prefix_override:/home/abmodelo2023/Documentos/Proyecto-Final-Robotica-202310/install/proyecto_master_pkg/lib/python3.10/site-packages:${PYTHONPATH} /usr/bin/python3 setup.py egg_info --egg-base ../../../build/proyecto_master_pkg build --build-base /home/abmodelo2023/Documentos/Proyecto-Final-Robotica-202310/build/proyecto_master_pkg/build install --record /home/abmodelo2023/Documentos/Proyecto-Final-Robotica-202310/build/proyecto_master_pkg/install.log --install-scripts $base/lib/proyecto_master_pkg --single-version-externally-managed
