[0.067s] Invoking command in '/home/snowartz/proyecto_final_ws/build/cv_bridge': CMAKE_PREFIX_PATH=${CMAKE_PREFIX_PATH}:/home/snowartz/proyecto_final_ws/install/proyecto_master_pkg:/home/snowartz/ros2_foxy/install/ros2bag:/home/snowartz/ros2_foxy/install/tracetools_launch:/home/snowartz/ros2_foxy/install/topic_monitor:/home/snowartz/ros2_foxy/install/examples_tf2_py:/home/snowartz/ros2_foxy/install/sros2:/home/snowartz/ros2_foxy/install/rqt_topic:/home/snowartz/ros2_foxy/install/rqt_top:/home/snowartz/ros2_foxy/install/rqt_srv:/home/snowartz/ros2_foxy/install/rqt_shell:/home/snowartz/ros2_foxy/install/rqt_service_caller:/home/snowartz/ros2_foxy/install/rqt_reconfigure:/home/snowartz/ros2_foxy/install/rqt_py_console:/home/snowartz/ros2_foxy/install/rqt_publisher:/home/snowartz/ros2_foxy/install/rqt_plot:/home/snowartz/ros2_foxy/install/rqt_action:/home/snowartz/ros2_foxy/install/rqt_msg:/home/snowartz/ros2_foxy/install/rqt_console:/home/snowartz/ros2_foxy/install/rqt:/home/snowartz/ros2_foxy/install/rqt_graph:/home/snowartz/ros2_foxy/install/rqt_gui_py:/home/snowartz/ros2_foxy/install/rqt_gui:/home/snowartz/ros2_foxy/install/ros2trace:/home/snowartz/ros2_foxy/install/ros2topic:/home/snowartz/ros2_foxy/install/ros2test:/home/snowartz/ros2_foxy/install/ros2component:/home/snowartz/ros2_foxy/install/ros2param:/home/snowartz/ros2_foxy/install/ros2lifecycle:/home/snowartz/ros2_foxy/install/ros2service:/home/snowartz/ros2_foxy/install/ros2run:/home/snowartz/ros2_foxy/install/ros2launch:/home/snowartz/ros2_foxy/install/ros2pkg:/home/snowartz/ros2_foxy/install/ros2node:/home/snowartz/ros2_foxy/install/ros2multicast:/home/snowartz/ros2_foxy/install/ros2interface:/home/snowartz/ros2_foxy/install/ros2doctor:/home/snowartz/ros2_foxy/install/ros2action:/home/snowartz/ros2_foxy/install/ros2cli:/home/snowartz/ros2_foxy/install/quality_of_service_demo_py:/home/snowartz/ros2_foxy/install/launch_testing_ros:/home/snowartz/ros2_foxy/install/launch_ros:/home/snowartz/ros2_foxy/install/examples_rclpy_minimal_subscriber:/home/snowartz/ros2_foxy/install/examples_rclpy_minimal_service:/home/snowartz/ros2_foxy/install/examples_rclpy_minimal_publisher:/home/snowartz/ros2_foxy/install/examples_rclpy_minimal_client:/home/snowartz/ros2_foxy/install/examples_rclpy_minimal_action_server:/home/snowartz/ros2_foxy/install/examples_rclpy_minimal_action_client:/home/snowartz/ros2_foxy/install/examples_rclpy_executors:/home/snowartz/ros2_foxy/install/demo_nodes_py:/home/snowartz/ros2_foxy/install/action_tutorials_py:/home/snowartz/ros2_foxy/install/ament_uncrustify:/home/snowartz/ros2_foxy/install/tracetools_trace:/home/snowartz/ros2_foxy/install/tracetools_read:/home/snowartz/ros2_foxy/install/test_launch_ros:/home/snowartz/ros2_foxy/install/sensor_msgs_py:/home/snowartz/ros2_foxy/install/rpyutils:/home/snowartz/ros2_foxy/install/rosidl_runtime_py:/home/snowartz/ros2_foxy/install/launch_yaml:/home/snowartz/ros2_foxy/install/launch_xml:/home/snowartz/ros2_foxy/install/launch_testing:/home/snowartz/ros2_foxy/install/launch:/home/snowartz/ros2_foxy/install/osrf_pycommon:/home/snowartz/ros2_foxy/install/domain_coordinator:/home/snowartz/ros2_foxy/install/ament_xmllint:/home/snowartz/ros2_foxy/install/ament_pyflakes:/home/snowartz/ros2_foxy/install/ament_pycodestyle:/home/snowartz/ros2_foxy/install/ament_pep257:/home/snowartz/ros2_foxy/install/ament_pclint:/home/snowartz/ros2_foxy/install/ament_package:/home/snowartz/ros2_foxy/install/ament_mypy:/home/snowartz/ros2_foxy/install/ament_lint_cmake:/home/snowartz/ros2_foxy/install/ament_flake8:/home/snowartz/ros2_foxy/install/ament_copyright:/home/snowartz/ros2_foxy/install/ament_lint:/home/snowartz/ros2_foxy/install/ament_index_python:/home/snowartz/ros2_foxy/install/ament_cpplint:/home/snowartz/ros2_foxy/install/ament_cppcheck:/home/snowartz/ros2_foxy/install/ament_clang_tidy:/home/snowartz/ros2_foxy/install/ament_clang_format /usr/bin/cmake /home/snowartz/proyecto_final_ws/src/vision_opencv/cv_bridge -DAMENT_CMAKE_SYMLINK_INSTALL=1 -DCMAKE_INSTALL_PREFIX=/home/snowartz/proyecto_final_ws/install/cv_bridge
[0.208s] -- The C compiler identification is GNU 9.4.0
[0.338s] -- The CXX compiler identification is GNU 9.4.0
[0.372s] -- Check for working C compiler: /usr/bin/cc
[0.497s] -- Check for working C compiler: /usr/bin/cc -- works
[0.498s] -- Detecting C compiler ABI info
[0.614s] -- Detecting C compiler ABI info - done
[0.626s] -- Detecting C compile features
[0.627s] -- Detecting C compile features - done
[0.629s] -- Check for working CXX compiler: /usr/bin/c++
[0.752s] -- Check for working CXX compiler: /usr/bin/c++ -- works
[0.753s] -- Detecting CXX compiler ABI info
[0.889s] -- Detecting CXX compiler ABI info - done
[0.904s] -- Detecting CXX compile features
[0.905s] -- Detecting CXX compile features - done
[0.917s] -- Found ament_cmake_ros: 0.9.2 (/home/snowartz/ros2_foxy/install/ament_cmake_ros/share/ament_cmake_ros/cmake)
[1.401s] -- Found PythonInterp: /usr/bin/python3 (found suitable version "3.8.10", minimum required is "3") 
[1.401s] -- Using PYTHON_EXECUTABLE: /usr/bin/python3
[2.068s] -- Override CMake install command with custom implementation using symlinks instead of copying resources
[2.298s] -- Found PythonLibs: /usr/lib/x86_64-linux-gnu/libpython3.8.so (found version "3.8.10") 
[2.367s] -- Boost_VERSION_STRING: 1.71.0
[2.392s] -- Found Boost: /usr/lib/x86_64-linux-gnu/cmake/Boost-1.71.0/BoostConfig.cmake (found version "1.71.0") found components: python38 
[2.403s] -- Found rcpputils: 1.3.2 (/home/snowartz/ros2_foxy/install/rcpputils/share/rcpputils/cmake)
[2.436s] -- Found sensor_msgs: 2.0.5 (/home/snowartz/ros2_foxy/install/sensor_msgs/share/sensor_msgs/cmake)
[2.580s] -- Using all available rosidl_typesupport_c: rosidl_typesupport_introspection_c;rosidl_typesupport_fastrtps_c
[2.613s] -- Found rosidl_adapter: 1.3.0 (/home/snowartz/ros2_foxy/install/rosidl_adapter/share/rosidl_adapter/cmake)
[2.857s] -- Found OpenSSL: /usr/lib/x86_64-linux-gnu/libcrypto.so (found version "1.1.1f")  
[2.923s] -- Found FastRTPS: /home/snowartz/ros2_foxy/install/fastrtps/include  
[3.096s] -- Using all available rosidl_typesupport_cpp: rosidl_typesupport_introspection_cpp;rosidl_typesupport_fastrtps_cpp
[3.779s] -- Performing Test COMPILER_HAS_HIDDEN_VISIBILITY
[3.908s] -- Performing Test COMPILER_HAS_HIDDEN_VISIBILITY - Success
[3.909s] -- Performing Test COMPILER_HAS_HIDDEN_INLINE_VISIBILITY
[4.028s] -- Performing Test COMPILER_HAS_HIDDEN_INLINE_VISIBILITY - Success
[4.028s] -- Performing Test COMPILER_HAS_DEPRECATED_ATTR
[4.151s] -- Performing Test COMPILER_HAS_DEPRECATED_ATTR - Success
[4.665s] -- Found PythonInterp: /usr/bin/python3 (found version "3.8.10") 
[4.667s] -- Found PythonLibs: /usr/lib/x86_64-linux-gnu/libpython3.8.so (found suitable version "3.8.10", minimum required is "3.8") 
[5.313s] -- Found ament_lint_auto: 0.9.7 (/home/snowartz/ros2_foxy/install/ament_lint_auto/share/ament_lint_auto/cmake)
[5.921s] -- Found gtest sources under '/home/snowartz/ros2_foxy/install/gtest_vendor/src/gtest_vendor': C++ tests using 'Google Test' will be built
[5.924s] -- Looking for pthread.h
[6.038s] -- Looking for pthread.h - found
[6.038s] -- Performing Test CMAKE_HAVE_LIBC_PTHREAD
[6.154s] -- Performing Test CMAKE_HAVE_LIBC_PTHREAD - Failed
[6.154s] -- Check if compiler accepts -pthread
[6.272s] -- Check if compiler accepts -pthread - yes
[6.273s] -- Found Threads: TRUE  
[12.025s] -- Configuring done
[12.084s] -- Generating done
[12.086s] -- Build files have been written to: /home/snowartz/proyecto_final_ws/build/cv_bridge
[12.098s] Invoked command in '/home/snowartz/proyecto_final_ws/build/cv_bridge' returned '0': CMAKE_PREFIX_PATH=${CMAKE_PREFIX_PATH}:/home/snowartz/proyecto_final_ws/install/proyecto_master_pkg:/home/snowartz/ros2_foxy/install/ros2bag:/home/snowartz/ros2_foxy/install/tracetools_launch:/home/snowartz/ros2_foxy/install/topic_monitor:/home/snowartz/ros2_foxy/install/examples_tf2_py:/home/snowartz/ros2_foxy/install/sros2:/home/snowartz/ros2_foxy/install/rqt_topic:/home/snowartz/ros2_foxy/install/rqt_top:/home/snowartz/ros2_foxy/install/rqt_srv:/home/snowartz/ros2_foxy/install/rqt_shell:/home/snowartz/ros2_foxy/install/rqt_service_caller:/home/snowartz/ros2_foxy/install/rqt_reconfigure:/home/snowartz/ros2_foxy/install/rqt_py_console:/home/snowartz/ros2_foxy/install/rqt_publisher:/home/snowartz/ros2_foxy/install/rqt_plot:/home/snowartz/ros2_foxy/install/rqt_action:/home/snowartz/ros2_foxy/install/rqt_msg:/home/snowartz/ros2_foxy/install/rqt_console:/home/snowartz/ros2_foxy/install/rqt:/home/snowartz/ros2_foxy/install/rqt_graph:/home/snowartz/ros2_foxy/install/rqt_gui_py:/home/snowartz/ros2_foxy/install/rqt_gui:/home/snowartz/ros2_foxy/install/ros2trace:/home/snowartz/ros2_foxy/install/ros2topic:/home/snowartz/ros2_foxy/install/ros2test:/home/snowartz/ros2_foxy/install/ros2component:/home/snowartz/ros2_foxy/install/ros2param:/home/snowartz/ros2_foxy/install/ros2lifecycle:/home/snowartz/ros2_foxy/install/ros2service:/home/snowartz/ros2_foxy/install/ros2run:/home/snowartz/ros2_foxy/install/ros2launch:/home/snowartz/ros2_foxy/install/ros2pkg:/home/snowartz/ros2_foxy/install/ros2node:/home/snowartz/ros2_foxy/install/ros2multicast:/home/snowartz/ros2_foxy/install/ros2interface:/home/snowartz/ros2_foxy/install/ros2doctor:/home/snowartz/ros2_foxy/install/ros2action:/home/snowartz/ros2_foxy/install/ros2cli:/home/snowartz/ros2_foxy/install/quality_of_service_demo_py:/home/snowartz/ros2_foxy/install/launch_testing_ros:/home/snowartz/ros2_foxy/install/launch_ros:/home/snowartz/ros2_foxy/install/examples_rclpy_minimal_subscriber:/home/snowartz/ros2_foxy/install/examples_rclpy_minimal_service:/home/snowartz/ros2_foxy/install/examples_rclpy_minimal_publisher:/home/snowartz/ros2_foxy/install/examples_rclpy_minimal_client:/home/snowartz/ros2_foxy/install/examples_rclpy_minimal_action_server:/home/snowartz/ros2_foxy/install/examples_rclpy_minimal_action_client:/home/snowartz/ros2_foxy/install/examples_rclpy_executors:/home/snowartz/ros2_foxy/install/demo_nodes_py:/home/snowartz/ros2_foxy/install/action_tutorials_py:/home/snowartz/ros2_foxy/install/ament_uncrustify:/home/snowartz/ros2_foxy/install/tracetools_trace:/home/snowartz/ros2_foxy/install/tracetools_read:/home/snowartz/ros2_foxy/install/test_launch_ros:/home/snowartz/ros2_foxy/install/sensor_msgs_py:/home/snowartz/ros2_foxy/install/rpyutils:/home/snowartz/ros2_foxy/install/rosidl_runtime_py:/home/snowartz/ros2_foxy/install/launch_yaml:/home/snowartz/ros2_foxy/install/launch_xml:/home/snowartz/ros2_foxy/install/launch_testing:/home/snowartz/ros2_foxy/install/launch:/home/snowartz/ros2_foxy/install/osrf_pycommon:/home/snowartz/ros2_foxy/install/domain_coordinator:/home/snowartz/ros2_foxy/install/ament_xmllint:/home/snowartz/ros2_foxy/install/ament_pyflakes:/home/snowartz/ros2_foxy/install/ament_pycodestyle:/home/snowartz/ros2_foxy/install/ament_pep257:/home/snowartz/ros2_foxy/install/ament_pclint:/home/snowartz/ros2_foxy/install/ament_package:/home/snowartz/ros2_foxy/install/ament_mypy:/home/snowartz/ros2_foxy/install/ament_lint_cmake:/home/snowartz/ros2_foxy/install/ament_flake8:/home/snowartz/ros2_foxy/install/ament_copyright:/home/snowartz/ros2_foxy/install/ament_lint:/home/snowartz/ros2_foxy/install/ament_index_python:/home/snowartz/ros2_foxy/install/ament_cpplint:/home/snowartz/ros2_foxy/install/ament_cppcheck:/home/snowartz/ros2_foxy/install/ament_clang_tidy:/home/snowartz/ros2_foxy/install/ament_clang_format /usr/bin/cmake /home/snowartz/proyecto_final_ws/src/vision_opencv/cv_bridge -DAMENT_CMAKE_SYMLINK_INSTALL=1 -DCMAKE_INSTALL_PREFIX=/home/snowartz/proyecto_final_ws/install/cv_bridge
[12.099s] Invoking command in '/home/snowartz/proyecto_final_ws/build/cv_bridge': CMAKE_PREFIX_PATH=${CMAKE_PREFIX_PATH}:/home/snowartz/proyecto_final_ws/install/proyecto_master_pkg:/home/snowartz/ros2_foxy/install/ros2bag:/home/snowartz/ros2_foxy/install/tracetools_launch:/home/snowartz/ros2_foxy/install/topic_monitor:/home/snowartz/ros2_foxy/install/examples_tf2_py:/home/snowartz/ros2_foxy/install/sros2:/home/snowartz/ros2_foxy/install/rqt_topic:/home/snowartz/ros2_foxy/install/rqt_top:/home/snowartz/ros2_foxy/install/rqt_srv:/home/snowartz/ros2_foxy/install/rqt_shell:/home/snowartz/ros2_foxy/install/rqt_service_caller:/home/snowartz/ros2_foxy/install/rqt_reconfigure:/home/snowartz/ros2_foxy/install/rqt_py_console:/home/snowartz/ros2_foxy/install/rqt_publisher:/home/snowartz/ros2_foxy/install/rqt_plot:/home/snowartz/ros2_foxy/install/rqt_action:/home/snowartz/ros2_foxy/install/rqt_msg:/home/snowartz/ros2_foxy/install/rqt_console:/home/snowartz/ros2_foxy/install/rqt:/home/snowartz/ros2_foxy/install/rqt_graph:/home/snowartz/ros2_foxy/install/rqt_gui_py:/home/snowartz/ros2_foxy/install/rqt_gui:/home/snowartz/ros2_foxy/install/ros2trace:/home/snowartz/ros2_foxy/install/ros2topic:/home/snowartz/ros2_foxy/install/ros2test:/home/snowartz/ros2_foxy/install/ros2component:/home/snowartz/ros2_foxy/install/ros2param:/home/snowartz/ros2_foxy/install/ros2lifecycle:/home/snowartz/ros2_foxy/install/ros2service:/home/snowartz/ros2_foxy/install/ros2run:/home/snowartz/ros2_foxy/install/ros2launch:/home/snowartz/ros2_foxy/install/ros2pkg:/home/snowartz/ros2_foxy/install/ros2node:/home/snowartz/ros2_foxy/install/ros2multicast:/home/snowartz/ros2_foxy/install/ros2interface:/home/snowartz/ros2_foxy/install/ros2doctor:/home/snowartz/ros2_foxy/install/ros2action:/home/snowartz/ros2_foxy/install/ros2cli:/home/snowartz/ros2_foxy/install/quality_of_service_demo_py:/home/snowartz/ros2_foxy/install/launch_testing_ros:/home/snowartz/ros2_foxy/install/launch_ros:/home/snowartz/ros2_foxy/install/examples_rclpy_minimal_subscriber:/home/snowartz/ros2_foxy/install/examples_rclpy_minimal_service:/home/snowartz/ros2_foxy/install/examples_rclpy_minimal_publisher:/home/snowartz/ros2_foxy/install/examples_rclpy_minimal_client:/home/snowartz/ros2_foxy/install/examples_rclpy_minimal_action_server:/home/snowartz/ros2_foxy/install/examples_rclpy_minimal_action_client:/home/snowartz/ros2_foxy/install/examples_rclpy_executors:/home/snowartz/ros2_foxy/install/demo_nodes_py:/home/snowartz/ros2_foxy/install/action_tutorials_py:/home/snowartz/ros2_foxy/install/ament_uncrustify:/home/snowartz/ros2_foxy/install/tracetools_trace:/home/snowartz/ros2_foxy/install/tracetools_read:/home/snowartz/ros2_foxy/install/test_launch_ros:/home/snowartz/ros2_foxy/install/sensor_msgs_py:/home/snowartz/ros2_foxy/install/rpyutils:/home/snowartz/ros2_foxy/install/rosidl_runtime_py:/home/snowartz/ros2_foxy/install/launch_yaml:/home/snowartz/ros2_foxy/install/launch_xml:/home/snowartz/ros2_foxy/install/launch_testing:/home/snowartz/ros2_foxy/install/launch:/home/snowartz/ros2_foxy/install/osrf_pycommon:/home/snowartz/ros2_foxy/install/domain_coordinator:/home/snowartz/ros2_foxy/install/ament_xmllint:/home/snowartz/ros2_foxy/install/ament_pyflakes:/home/snowartz/ros2_foxy/install/ament_pycodestyle:/home/snowartz/ros2_foxy/install/ament_pep257:/home/snowartz/ros2_foxy/install/ament_pclint:/home/snowartz/ros2_foxy/install/ament_package:/home/snowartz/ros2_foxy/install/ament_mypy:/home/snowartz/ros2_foxy/install/ament_lint_cmake:/home/snowartz/ros2_foxy/install/ament_flake8:/home/snowartz/ros2_foxy/install/ament_copyright:/home/snowartz/ros2_foxy/install/ament_lint:/home/snowartz/ros2_foxy/install/ament_index_python:/home/snowartz/ros2_foxy/install/ament_cpplint:/home/snowartz/ros2_foxy/install/ament_cppcheck:/home/snowartz/ros2_foxy/install/ament_clang_tidy:/home/snowartz/ros2_foxy/install/ament_clang_format /usr/bin/cmake --build /home/snowartz/proyecto_final_ws/build/cv_bridge -- -j8 -l8
[12.199s] [35m[1mScanning dependencies of target gtest_main[0m
[12.199s] [35m[1mScanning dependencies of target gtest[0m
[12.199s] [35m[1mScanning dependencies of target cv_bridge[0m
[12.235s] [  6%] [32mBuilding CXX object gtest/CMakeFiles/gtest.dir/src/gtest-all.cc.o[0m
[12.236s] [ 12%] [32mBuilding CXX object gtest/CMakeFiles/gtest_main.dir/src/gtest_main.cc.o[0m
[12.308s] [ 18%] [32mBuilding CXX object src/CMakeFiles/cv_bridge.dir/rgb_colors.cpp.o[0m
[12.308s] [ 25%] [32mBuilding CXX object src/CMakeFiles/cv_bridge.dir/cv_bridge.cpp.o[0m
[13.210s] [ 31%] [32m[1mLinking CXX static library libgtest_main.a[0m
[13.311s] [ 31%] Built target gtest_main
[17.562s] [ 37%] [32m[1mLinking CXX static library libgtest.a[0m
[17.687s] [ 37%] Built target gtest
[19.443s] [ 43%] [32m[1mLinking CXX shared library libcv_bridge.so[0m
[19.731s] [ 43%] Built target cv_bridge
[19.756s] [35m[1mScanning dependencies of target cv_bridge-utest[0m
[19.757s] [35m[1mScanning dependencies of target cv_bridge_boost[0m
[19.840s] [ 50%] [32mBuilding CXX object src/CMakeFiles/cv_bridge_boost.dir/module_opencv3.cpp.o[0m
[19.847s] [ 56%] [32mBuilding CXX object src/CMakeFiles/cv_bridge_boost.dir/module.cpp.o[0m
[19.889s] [ 62%] [32mBuilding CXX object test/CMakeFiles/cv_bridge-utest.dir/utest2.cpp.o[0m
[19.896s] [ 68%] [32mBuilding CXX object test/CMakeFiles/cv_bridge-utest.dir/test_endian.cpp.o[0m
[19.902s] [ 75%] [32mBuilding CXX object test/CMakeFiles/cv_bridge-utest.dir/test_compression.cpp.o[0m
[19.902s] [ 81%] [32mBuilding CXX object test/CMakeFiles/cv_bridge-utest.dir/utest.cpp.o[0m
[19.917s] [ 87%] [32mBuilding CXX object test/CMakeFiles/cv_bridge-utest.dir/test_rgb_colors.cpp.o[0m
[25.312s] [ 93%] [32m[1mLinking CXX executable cv_bridge-utest[0m
[26.140s] [ 93%] Built target cv_bridge-utest
[28.134s] [100%] [32m[1mLinking CXX shared library boost/cv_bridge_boost.so[0m
[28.390s] [100%] Built target cv_bridge_boost
[28.416s] Invoked command in '/home/snowartz/proyecto_final_ws/build/cv_bridge' returned '0': CMAKE_PREFIX_PATH=${CMAKE_PREFIX_PATH}:/home/snowartz/proyecto_final_ws/install/proyecto_master_pkg:/home/snowartz/ros2_foxy/install/ros2bag:/home/snowartz/ros2_foxy/install/tracetools_launch:/home/snowartz/ros2_foxy/install/topic_monitor:/home/snowartz/ros2_foxy/install/examples_tf2_py:/home/snowartz/ros2_foxy/install/sros2:/home/snowartz/ros2_foxy/install/rqt_topic:/home/snowartz/ros2_foxy/install/rqt_top:/home/snowartz/ros2_foxy/install/rqt_srv:/home/snowartz/ros2_foxy/install/rqt_shell:/home/snowartz/ros2_foxy/install/rqt_service_caller:/home/snowartz/ros2_foxy/install/rqt_reconfigure:/home/snowartz/ros2_foxy/install/rqt_py_console:/home/snowartz/ros2_foxy/install/rqt_publisher:/home/snowartz/ros2_foxy/install/rqt_plot:/home/snowartz/ros2_foxy/install/rqt_action:/home/snowartz/ros2_foxy/install/rqt_msg:/home/snowartz/ros2_foxy/install/rqt_console:/home/snowartz/ros2_foxy/install/rqt:/home/snowartz/ros2_foxy/install/rqt_graph:/home/snowartz/ros2_foxy/install/rqt_gui_py:/home/snowartz/ros2_foxy/install/rqt_gui:/home/snowartz/ros2_foxy/install/ros2trace:/home/snowartz/ros2_foxy/install/ros2topic:/home/snowartz/ros2_foxy/install/ros2test:/home/snowartz/ros2_foxy/install/ros2component:/home/snowartz/ros2_foxy/install/ros2param:/home/snowartz/ros2_foxy/install/ros2lifecycle:/home/snowartz/ros2_foxy/install/ros2service:/home/snowartz/ros2_foxy/install/ros2run:/home/snowartz/ros2_foxy/install/ros2launch:/home/snowartz/ros2_foxy/install/ros2pkg:/home/snowartz/ros2_foxy/install/ros2node:/home/snowartz/ros2_foxy/install/ros2multicast:/home/snowartz/ros2_foxy/install/ros2interface:/home/snowartz/ros2_foxy/install/ros2doctor:/home/snowartz/ros2_foxy/install/ros2action:/home/snowartz/ros2_foxy/install/ros2cli:/home/snowartz/ros2_foxy/install/quality_of_service_demo_py:/home/snowartz/ros2_foxy/install/launch_testing_ros:/home/snowartz/ros2_foxy/install/launch_ros:/home/snowartz/ros2_foxy/install/examples_rclpy_minimal_subscriber:/home/snowartz/ros2_foxy/install/examples_rclpy_minimal_service:/home/snowartz/ros2_foxy/install/examples_rclpy_minimal_publisher:/home/snowartz/ros2_foxy/install/examples_rclpy_minimal_client:/home/snowartz/ros2_foxy/install/examples_rclpy_minimal_action_server:/home/snowartz/ros2_foxy/install/examples_rclpy_minimal_action_client:/home/snowartz/ros2_foxy/install/examples_rclpy_executors:/home/snowartz/ros2_foxy/install/demo_nodes_py:/home/snowartz/ros2_foxy/install/action_tutorials_py:/home/snowartz/ros2_foxy/install/ament_uncrustify:/home/snowartz/ros2_foxy/install/tracetools_trace:/home/snowartz/ros2_foxy/install/tracetools_read:/home/snowartz/ros2_foxy/install/test_launch_ros:/home/snowartz/ros2_foxy/install/sensor_msgs_py:/home/snowartz/ros2_foxy/install/rpyutils:/home/snowartz/ros2_foxy/install/rosidl_runtime_py:/home/snowartz/ros2_foxy/install/launch_yaml:/home/snowartz/ros2_foxy/install/launch_xml:/home/snowartz/ros2_foxy/install/launch_testing:/home/snowartz/ros2_foxy/install/launch:/home/snowartz/ros2_foxy/install/osrf_pycommon:/home/snowartz/ros2_foxy/install/domain_coordinator:/home/snowartz/ros2_foxy/install/ament_xmllint:/home/snowartz/ros2_foxy/install/ament_pyflakes:/home/snowartz/ros2_foxy/install/ament_pycodestyle:/home/snowartz/ros2_foxy/install/ament_pep257:/home/snowartz/ros2_foxy/install/ament_pclint:/home/snowartz/ros2_foxy/install/ament_package:/home/snowartz/ros2_foxy/install/ament_mypy:/home/snowartz/ros2_foxy/install/ament_lint_cmake:/home/snowartz/ros2_foxy/install/ament_flake8:/home/snowartz/ros2_foxy/install/ament_copyright:/home/snowartz/ros2_foxy/install/ament_lint:/home/snowartz/ros2_foxy/install/ament_index_python:/home/snowartz/ros2_foxy/install/ament_cpplint:/home/snowartz/ros2_foxy/install/ament_cppcheck:/home/snowartz/ros2_foxy/install/ament_clang_tidy:/home/snowartz/ros2_foxy/install/ament_clang_format /usr/bin/cmake --build /home/snowartz/proyecto_final_ws/build/cv_bridge -- -j8 -l8
[28.523s] Invoking command in '/home/snowartz/proyecto_final_ws/build/cv_bridge': CMAKE_PREFIX_PATH=${CMAKE_PREFIX_PATH}:/home/snowartz/proyecto_final_ws/install/proyecto_master_pkg:/home/snowartz/ros2_foxy/install/ros2bag:/home/snowartz/ros2_foxy/install/tracetools_launch:/home/snowartz/ros2_foxy/install/topic_monitor:/home/snowartz/ros2_foxy/install/examples_tf2_py:/home/snowartz/ros2_foxy/install/sros2:/home/snowartz/ros2_foxy/install/rqt_topic:/home/snowartz/ros2_foxy/install/rqt_top:/home/snowartz/ros2_foxy/install/rqt_srv:/home/snowartz/ros2_foxy/install/rqt_shell:/home/snowartz/ros2_foxy/install/rqt_service_caller:/home/snowartz/ros2_foxy/install/rqt_reconfigure:/home/snowartz/ros2_foxy/install/rqt_py_console:/home/snowartz/ros2_foxy/install/rqt_publisher:/home/snowartz/ros2_foxy/install/rqt_plot:/home/snowartz/ros2_foxy/install/rqt_action:/home/snowartz/ros2_foxy/install/rqt_msg:/home/snowartz/ros2_foxy/install/rqt_console:/home/snowartz/ros2_foxy/install/rqt:/home/snowartz/ros2_foxy/install/rqt_graph:/home/snowartz/ros2_foxy/install/rqt_gui_py:/home/snowartz/ros2_foxy/install/rqt_gui:/home/snowartz/ros2_foxy/install/ros2trace:/home/snowartz/ros2_foxy/install/ros2topic:/home/snowartz/ros2_foxy/install/ros2test:/home/snowartz/ros2_foxy/install/ros2component:/home/snowartz/ros2_foxy/install/ros2param:/home/snowartz/ros2_foxy/install/ros2lifecycle:/home/snowartz/ros2_foxy/install/ros2service:/home/snowartz/ros2_foxy/install/ros2run:/home/snowartz/ros2_foxy/install/ros2launch:/home/snowartz/ros2_foxy/install/ros2pkg:/home/snowartz/ros2_foxy/install/ros2node:/home/snowartz/ros2_foxy/install/ros2multicast:/home/snowartz/ros2_foxy/install/ros2interface:/home/snowartz/ros2_foxy/install/ros2doctor:/home/snowartz/ros2_foxy/install/ros2action:/home/snowartz/ros2_foxy/install/ros2cli:/home/snowartz/ros2_foxy/install/quality_of_service_demo_py:/home/snowartz/ros2_foxy/install/launch_testing_ros:/home/snowartz/ros2_foxy/install/launch_ros:/home/snowartz/ros2_foxy/install/examples_rclpy_minimal_subscriber:/home/snowartz/ros2_foxy/install/examples_rclpy_minimal_service:/home/snowartz/ros2_foxy/install/examples_rclpy_minimal_publisher:/home/snowartz/ros2_foxy/install/examples_rclpy_minimal_client:/home/snowartz/ros2_foxy/install/examples_rclpy_minimal_action_server:/home/snowartz/ros2_foxy/install/examples_rclpy_minimal_action_client:/home/snowartz/ros2_foxy/install/examples_rclpy_executors:/home/snowartz/ros2_foxy/install/demo_nodes_py:/home/snowartz/ros2_foxy/install/action_tutorials_py:/home/snowartz/ros2_foxy/install/ament_uncrustify:/home/snowartz/ros2_foxy/install/tracetools_trace:/home/snowartz/ros2_foxy/install/tracetools_read:/home/snowartz/ros2_foxy/install/test_launch_ros:/home/snowartz/ros2_foxy/install/sensor_msgs_py:/home/snowartz/ros2_foxy/install/rpyutils:/home/snowartz/ros2_foxy/install/rosidl_runtime_py:/home/snowartz/ros2_foxy/install/launch_yaml:/home/snowartz/ros2_foxy/install/launch_xml:/home/snowartz/ros2_foxy/install/launch_testing:/home/snowartz/ros2_foxy/install/launch:/home/snowartz/ros2_foxy/install/osrf_pycommon:/home/snowartz/ros2_foxy/install/domain_coordinator:/home/snowartz/ros2_foxy/install/ament_xmllint:/home/snowartz/ros2_foxy/install/ament_pyflakes:/home/snowartz/ros2_foxy/install/ament_pycodestyle:/home/snowartz/ros2_foxy/install/ament_pep257:/home/snowartz/ros2_foxy/install/ament_pclint:/home/snowartz/ros2_foxy/install/ament_package:/home/snowartz/ros2_foxy/install/ament_mypy:/home/snowartz/ros2_foxy/install/ament_lint_cmake:/home/snowartz/ros2_foxy/install/ament_flake8:/home/snowartz/ros2_foxy/install/ament_copyright:/home/snowartz/ros2_foxy/install/ament_lint:/home/snowartz/ros2_foxy/install/ament_index_python:/home/snowartz/ros2_foxy/install/ament_cpplint:/home/snowartz/ros2_foxy/install/ament_cppcheck:/home/snowartz/ros2_foxy/install/ament_clang_tidy:/home/snowartz/ros2_foxy/install/ament_clang_format /usr/bin/cmake --install /home/snowartz/proyecto_final_ws/build/cv_bridge
[28.543s] -- Install configuration: ""
[28.544s] -- Execute custom install script
[28.545s] -- Symlinking: /home/snowartz/proyecto_final_ws/install/cv_bridge/share/cv_bridge/environment/pythonpath.sh
[28.579s] -- Symlinking: /home/snowartz/proyecto_final_ws/install/cv_bridge/share/cv_bridge/environment/pythonpath.dsv
[28.609s] -- Symlinking: /home/snowartz/proyecto_final_ws/install/cv_bridge/lib/python3.8/site-packages/cv_bridge/__init__.py
[28.659s] -- Symlinking: /home/snowartz/proyecto_final_ws/install/cv_bridge/lib/python3.8/site-packages/cv_bridge/core.py
[28.697s] -- Symlinking: /home/snowartz/proyecto_final_ws/install/cv_bridge/lib/libcv_bridge.so
[28.735s] -- Symlinking: /home/snowartz/proyecto_final_ws/install/cv_bridge/include/cv_bridge/cv_bridge_export.h
[28.765s] -- Symlinking: /home/snowartz/proyecto_final_ws/install/cv_bridge/lib/python3.8/site-packages/cv_bridge/boost//cv_bridge_boost.so
[28.791s] -- Symlinking: /home/snowartz/proyecto_final_ws/install/cv_bridge/share/cv_bridge/environment/library_path.sh
[28.814s] -- Symlinking: /home/snowartz/proyecto_final_ws/install/cv_bridge/share/cv_bridge/environment/library_path.dsv
[28.845s] -- Symlinking: /home/snowartz/proyecto_final_ws/install/cv_bridge/include/cv_bridge/cv_bridge.h
[28.868s] -- Symlinking: /home/snowartz/proyecto_final_ws/install/cv_bridge/include/cv_bridge/rgb_colors.h
[28.892s] -- Up-to-date symlink: /home/snowartz/proyecto_final_ws/install/cv_bridge/lib/libcv_bridge.so
[28.893s] -- Symlinking: /home/snowartz/proyecto_final_ws/install/cv_bridge/share/ament_index/resource_index/package_run_dependencies/cv_bridge
[28.925s] -- Symlinking: /home/snowartz/proyecto_final_ws/install/cv_bridge/share/ament_index/resource_index/parent_prefix_path/cv_bridge
[28.960s] -- Symlinking: /home/snowartz/proyecto_final_ws/install/cv_bridge/share/cv_bridge/environment/ament_prefix_path.sh
[28.985s] -- Symlinking: /home/snowartz/proyecto_final_ws/install/cv_bridge/share/cv_bridge/environment/ament_prefix_path.dsv
[29.013s] -- Symlinking: /home/snowartz/proyecto_final_ws/install/cv_bridge/share/cv_bridge/environment/path.sh
[29.033s] -- Symlinking: /home/snowartz/proyecto_final_ws/install/cv_bridge/share/cv_bridge/environment/path.dsv
[29.058s] -- Symlinking: /home/snowartz/proyecto_final_ws/install/cv_bridge/share/cv_bridge/local_setup.bash
[29.079s] -- Symlinking: /home/snowartz/proyecto_final_ws/install/cv_bridge/share/cv_bridge/local_setup.sh
[29.109s] -- Symlinking: /home/snowartz/proyecto_final_ws/install/cv_bridge/share/cv_bridge/local_setup.zsh
[29.141s] -- Symlinking: /home/snowartz/proyecto_final_ws/install/cv_bridge/share/cv_bridge/local_setup.dsv
[29.164s] -- Symlinking: /home/snowartz/proyecto_final_ws/install/cv_bridge/share/cv_bridge/package.dsv
[29.186s] -- Symlinking: /home/snowartz/proyecto_final_ws/install/cv_bridge/share/ament_index/resource_index/packages/cv_bridge
[29.210s] -- Symlinking: /home/snowartz/proyecto_final_ws/install/cv_bridge/share/cv_bridge/cmake/cv_bridge-extras.cmake
[29.249s] -- Symlinking: /home/snowartz/proyecto_final_ws/install/cv_bridge/share/cv_bridge/cmake/ament_cmake_export_dependencies-extras.cmake
[29.290s] -- Symlinking: /home/snowartz/proyecto_final_ws/install/cv_bridge/share/cv_bridge/cmake/ament_cmake_export_include_directories-extras.cmake
[29.336s] -- Symlinking: /home/snowartz/proyecto_final_ws/install/cv_bridge/share/cv_bridge/cmake/ament_cmake_export_libraries-extras.cmake
[29.369s] -- Symlinking: /home/snowartz/proyecto_final_ws/install/cv_bridge/share/cv_bridge/cmake/cv_bridgeConfig.cmake
[29.393s] -- Symlinking: /home/snowartz/proyecto_final_ws/install/cv_bridge/share/cv_bridge/cmake/cv_bridgeConfig-version.cmake
[29.417s] -- Symlinking: /home/snowartz/proyecto_final_ws/install/cv_bridge/share/cv_bridge/package.xml
[30.162s] Listing '/home/snowartz/proyecto_final_ws/install/cv_bridge/lib/python3.8/site-packages/cv_bridge'...
[30.163s] Compiling '/home/snowartz/proyecto_final_ws/install/cv_bridge/lib/python3.8/site-packages/cv_bridge/__init__.py'...
[30.163s] Listing '/home/snowartz/proyecto_final_ws/install/cv_bridge/lib/python3.8/site-packages/cv_bridge/boost'...
[30.163s] Compiling '/home/snowartz/proyecto_final_ws/install/cv_bridge/lib/python3.8/site-packages/cv_bridge/core.py'...
[30.175s] Invoked command in '/home/snowartz/proyecto_final_ws/build/cv_bridge' returned '0': CMAKE_PREFIX_PATH=${CMAKE_PREFIX_PATH}:/home/snowartz/proyecto_final_ws/install/proyecto_master_pkg:/home/snowartz/ros2_foxy/install/ros2bag:/home/snowartz/ros2_foxy/install/tracetools_launch:/home/snowartz/ros2_foxy/install/topic_monitor:/home/snowartz/ros2_foxy/install/examples_tf2_py:/home/snowartz/ros2_foxy/install/sros2:/home/snowartz/ros2_foxy/install/rqt_topic:/home/snowartz/ros2_foxy/install/rqt_top:/home/snowartz/ros2_foxy/install/rqt_srv:/home/snowartz/ros2_foxy/install/rqt_shell:/home/snowartz/ros2_foxy/install/rqt_service_caller:/home/snowartz/ros2_foxy/install/rqt_reconfigure:/home/snowartz/ros2_foxy/install/rqt_py_console:/home/snowartz/ros2_foxy/install/rqt_publisher:/home/snowartz/ros2_foxy/install/rqt_plot:/home/snowartz/ros2_foxy/install/rqt_action:/home/snowartz/ros2_foxy/install/rqt_msg:/home/snowartz/ros2_foxy/install/rqt_console:/home/snowartz/ros2_foxy/install/rqt:/home/snowartz/ros2_foxy/install/rqt_graph:/home/snowartz/ros2_foxy/install/rqt_gui_py:/home/snowartz/ros2_foxy/install/rqt_gui:/home/snowartz/ros2_foxy/install/ros2trace:/home/snowartz/ros2_foxy/install/ros2topic:/home/snowartz/ros2_foxy/install/ros2test:/home/snowartz/ros2_foxy/install/ros2component:/home/snowartz/ros2_foxy/install/ros2param:/home/snowartz/ros2_foxy/install/ros2lifecycle:/home/snowartz/ros2_foxy/install/ros2service:/home/snowartz/ros2_foxy/install/ros2run:/home/snowartz/ros2_foxy/install/ros2launch:/home/snowartz/ros2_foxy/install/ros2pkg:/home/snowartz/ros2_foxy/install/ros2node:/home/snowartz/ros2_foxy/install/ros2multicast:/home/snowartz/ros2_foxy/install/ros2interface:/home/snowartz/ros2_foxy/install/ros2doctor:/home/snowartz/ros2_foxy/install/ros2action:/home/snowartz/ros2_foxy/install/ros2cli:/home/snowartz/ros2_foxy/install/quality_of_service_demo_py:/home/snowartz/ros2_foxy/install/launch_testing_ros:/home/snowartz/ros2_foxy/install/launch_ros:/home/snowartz/ros2_foxy/install/examples_rclpy_minimal_subscriber:/home/snowartz/ros2_foxy/install/examples_rclpy_minimal_service:/home/snowartz/ros2_foxy/install/examples_rclpy_minimal_publisher:/home/snowartz/ros2_foxy/install/examples_rclpy_minimal_client:/home/snowartz/ros2_foxy/install/examples_rclpy_minimal_action_server:/home/snowartz/ros2_foxy/install/examples_rclpy_minimal_action_client:/home/snowartz/ros2_foxy/install/examples_rclpy_executors:/home/snowartz/ros2_foxy/install/demo_nodes_py:/home/snowartz/ros2_foxy/install/action_tutorials_py:/home/snowartz/ros2_foxy/install/ament_uncrustify:/home/snowartz/ros2_foxy/install/tracetools_trace:/home/snowartz/ros2_foxy/install/tracetools_read:/home/snowartz/ros2_foxy/install/test_launch_ros:/home/snowartz/ros2_foxy/install/sensor_msgs_py:/home/snowartz/ros2_foxy/install/rpyutils:/home/snowartz/ros2_foxy/install/rosidl_runtime_py:/home/snowartz/ros2_foxy/install/launch_yaml:/home/snowartz/ros2_foxy/install/launch_xml:/home/snowartz/ros2_foxy/install/launch_testing:/home/snowartz/ros2_foxy/install/launch:/home/snowartz/ros2_foxy/install/osrf_pycommon:/home/snowartz/ros2_foxy/install/domain_coordinator:/home/snowartz/ros2_foxy/install/ament_xmllint:/home/snowartz/ros2_foxy/install/ament_pyflakes:/home/snowartz/ros2_foxy/install/ament_pycodestyle:/home/snowartz/ros2_foxy/install/ament_pep257:/home/snowartz/ros2_foxy/install/ament_pclint:/home/snowartz/ros2_foxy/install/ament_package:/home/snowartz/ros2_foxy/install/ament_mypy:/home/snowartz/ros2_foxy/install/ament_lint_cmake:/home/snowartz/ros2_foxy/install/ament_flake8:/home/snowartz/ros2_foxy/install/ament_copyright:/home/snowartz/ros2_foxy/install/ament_lint:/home/snowartz/ros2_foxy/install/ament_index_python:/home/snowartz/ros2_foxy/install/ament_cpplint:/home/snowartz/ros2_foxy/install/ament_cppcheck:/home/snowartz/ros2_foxy/install/ament_clang_tidy:/home/snowartz/ros2_foxy/install/ament_clang_format /usr/bin/cmake --install /home/snowartz/proyecto_final_ws/build/cv_bridge
