[0.147s] Invoking command in '/home/abmodelo2023/Documentos/Proyecto-Final-Robotica-202310/build/proyecto_interfaces': CMAKE_PREFIX_PATH=/opt/ros/humble /usr/bin/cmake --build /home/abmodelo2023/Documentos/Proyecto-Final-Robotica-202310/build/proyecto_interfaces -- -j4 -l4
[0.535s] [ 10%] Built target proyecto_interfaces__rosidl_generator_c
[0.539s] [ 12%] Built target proyecto_interfaces__cpp
[0.569s] [ 12%] Built target ament_cmake_python_copy_proyecto_interfaces
[0.685s] [ 23%] Built target proyecto_interfaces__rosidl_typesupport_introspection_c
[0.711s] [ 34%] Built target proyecto_interfaces__rosidl_typesupport_c
[0.717s] [ 45%] Built target proyecto_interfaces__rosidl_typesupport_fastrtps_c
[0.860s] [ 56%] Built target proyecto_interfaces__rosidl_typesupport_fastrtps_cpp
[0.915s] [ 67%] Built target proyecto_interfaces__rosidl_typesupport_introspection_cpp
[0.973s] [ 78%] Built target proyecto_interfaces__rosidl_typesupport_cpp
[1.093s] [ 78%] Built target proyecto_interfaces
[1.214s] [ 80%] Built target proyecto_interfaces__py
[1.370s] [ 89%] Built target proyecto_interfaces__rosidl_generator_py
[1.580s] [ 92%] Built target proyecto_interfaces__rosidl_typesupport_introspection_c__pyext
[1.595s] [ 96%] Built target proyecto_interfaces__rosidl_typesupport_c__pyext
[1.610s] [100%] Built target proyecto_interfaces__rosidl_typesupport_fastrtps_c__pyext
[2.590s] running egg_info
[2.594s] writing proyecto_interfaces.egg-info/PKG-INFO
[2.595s] writing dependency_links to proyecto_interfaces.egg-info/dependency_links.txt
[2.597s] writing top-level names to proyecto_interfaces.egg-info/top_level.txt
[2.610s] reading manifest file 'proyecto_interfaces.egg-info/SOURCES.txt'
[2.614s] writing manifest file 'proyecto_interfaces.egg-info/SOURCES.txt'
[2.791s] [100%] Built target ament_cmake_python_build_proyecto_interfaces_egg
[2.847s] Invoked command in '/home/abmodelo2023/Documentos/Proyecto-Final-Robotica-202310/build/proyecto_interfaces' returned '0': CMAKE_PREFIX_PATH=/opt/ros/humble /usr/bin/cmake --build /home/abmodelo2023/Documentos/Proyecto-Final-Robotica-202310/build/proyecto_interfaces -- -j4 -l4
[3.702s] Invoking command in '/home/abmodelo2023/Documentos/Proyecto-Final-Robotica-202310/build/proyecto_interfaces': CMAKE_PREFIX_PATH=/opt/ros/humble /usr/bin/cmake --install /home/abmodelo2023/Documentos/Proyecto-Final-Robotica-202310/build/proyecto_interfaces
[3.736s] -- Install configuration: ""
[3.753s] -- Up-to-date: /home/abmodelo2023/Documentos/Proyecto-Final-Robotica-202310/install/proyecto_interfaces/share/ament_index/resource_index/rosidl_interfaces/proyecto_interfaces
[3.754s] -- Up-to-date: /home/abmodelo2023/Documentos/Proyecto-Final-Robotica-202310/install/proyecto_interfaces/include/proyecto_interfaces/proyecto_interfaces
[3.755s] -- Up-to-date: /home/abmodelo2023/Documentos/Proyecto-Final-Robotica-202310/install/proyecto_interfaces/include/proyecto_interfaces/proyecto_interfaces/srv
[3.756s] -- Up-to-date: /home/abmodelo2023/Documentos/Proyecto-Final-Robotica-202310/install/proyecto_interfaces/include/proyecto_interfaces/proyecto_interfaces/srv/start_perception_test.h
[3.757s] -- Up-to-date: /home/abmodelo2023/Documentos/Proyecto-Final-Robotica-202310/install/proyecto_interfaces/include/proyecto_interfaces/proyecto_interfaces/srv/detail
[3.758s] -- Up-to-date: /home/abmodelo2023/Documentos/Proyecto-Final-Robotica-202310/install/proyecto_interfaces/include/proyecto_interfaces/proyecto_interfaces/srv/detail/start_perception_test__functions.c
[3.759s] -- Up-to-date: /home/abmodelo2023/Documentos/Proyecto-Final-Robotica-202310/install/proyecto_interfaces/include/proyecto_interfaces/proyecto_interfaces/srv/detail/start_manipulation_test__type_support.h
[3.760s] -- Up-to-date: /home/abmodelo2023/Documentos/Proyecto-Final-Robotica-202310/install/proyecto_interfaces/include/proyecto_interfaces/proyecto_interfaces/srv/detail/start_perception_test__type_support.h
[3.761s] -- Up-to-date: /home/abmodelo2023/Documentos/Proyecto-Final-Robotica-202310/install/proyecto_interfaces/include/proyecto_interfaces/proyecto_interfaces/srv/detail/start_manipulation_test__functions.c
[3.761s] -- Up-to-date: /home/abmodelo2023/Documentos/Proyecto-Final-Robotica-202310/install/proyecto_interfaces/include/proyecto_interfaces/proyecto_interfaces/srv/detail/start_navigation_test__struct.h
[3.762s] -- Up-to-date: /home/abmodelo2023/Documentos/Proyecto-Final-Robotica-202310/install/proyecto_interfaces/include/proyecto_interfaces/proyecto_interfaces/srv/detail/start_manipulation_test__struct.h
[3.763s] -- Up-to-date: /home/abmodelo2023/Documentos/Proyecto-Final-Robotica-202310/install/proyecto_interfaces/include/proyecto_interfaces/proyecto_interfaces/srv/detail/start_navigation_test__type_support.h
[3.763s] -- Up-to-date: /home/abmodelo2023/Documentos/Proyecto-Final-Robotica-202310/install/proyecto_interfaces/include/proyecto_interfaces/proyecto_interfaces/srv/detail/start_navigation_test__functions.h
[3.764s] -- Up-to-date: /home/abmodelo2023/Documentos/Proyecto-Final-Robotica-202310/install/proyecto_interfaces/include/proyecto_interfaces/proyecto_interfaces/srv/detail/start_perception_test__struct.h
[3.765s] -- Up-to-date: /home/abmodelo2023/Documentos/Proyecto-Final-Robotica-202310/install/proyecto_interfaces/include/proyecto_interfaces/proyecto_interfaces/srv/detail/start_navigation_test__functions.c
[3.766s] -- Up-to-date: /home/abmodelo2023/Documentos/Proyecto-Final-Robotica-202310/install/proyecto_interfaces/include/proyecto_interfaces/proyecto_interfaces/srv/detail/start_perception_test__functions.h
[3.766s] -- Up-to-date: /home/abmodelo2023/Documentos/Proyecto-Final-Robotica-202310/install/proyecto_interfaces/include/proyecto_interfaces/proyecto_interfaces/srv/detail/start_manipulation_test__functions.h
[3.768s] -- Up-to-date: /home/abmodelo2023/Documentos/Proyecto-Final-Robotica-202310/install/proyecto_interfaces/include/proyecto_interfaces/proyecto_interfaces/srv/start_navigation_test.h
[3.769s] -- Up-to-date: /home/abmodelo2023/Documentos/Proyecto-Final-Robotica-202310/install/proyecto_interfaces/include/proyecto_interfaces/proyecto_interfaces/srv/start_manipulation_test.h
[3.770s] -- Up-to-date: /home/abmodelo2023/Documentos/Proyecto-Final-Robotica-202310/install/proyecto_interfaces/include/proyecto_interfaces/proyecto_interfaces/msg
[3.771s] -- Up-to-date: /home/abmodelo2023/Documentos/Proyecto-Final-Robotica-202310/install/proyecto_interfaces/include/proyecto_interfaces/proyecto_interfaces/msg/detail
[3.773s] -- Up-to-date: /home/abmodelo2023/Documentos/Proyecto-Final-Robotica-202310/install/proyecto_interfaces/include/proyecto_interfaces/proyecto_interfaces/msg/detail/banner__struct.h
[3.774s] -- Up-to-date: /home/abmodelo2023/Documentos/Proyecto-Final-Robotica-202310/install/proyecto_interfaces/include/proyecto_interfaces/proyecto_interfaces/msg/detail/banner__type_support.h
[3.774s] -- Up-to-date: /home/abmodelo2023/Documentos/Proyecto-Final-Robotica-202310/install/proyecto_interfaces/include/proyecto_interfaces/proyecto_interfaces/msg/detail/banner__functions.c
[3.775s] -- Up-to-date: /home/abmodelo2023/Documentos/Proyecto-Final-Robotica-202310/install/proyecto_interfaces/include/proyecto_interfaces/proyecto_interfaces/msg/detail/banner__functions.h
[3.781s] -- Up-to-date: /home/abmodelo2023/Documentos/Proyecto-Final-Robotica-202310/install/proyecto_interfaces/include/proyecto_interfaces/proyecto_interfaces/msg/rosidl_generator_c__visibility_control.h
[3.782s] -- Up-to-date: /home/abmodelo2023/Documentos/Proyecto-Final-Robotica-202310/install/proyecto_interfaces/include/proyecto_interfaces/proyecto_interfaces/msg/banner.h
[3.784s] -- Up-to-date: /home/abmodelo2023/Documentos/Proyecto-Final-Robotica-202310/install/proyecto_interfaces/share/proyecto_interfaces/environment/library_path.sh
[3.787s] -- Up-to-date: /home/abmodelo2023/Documentos/Proyecto-Final-Robotica-202310/install/proyecto_interfaces/share/proyecto_interfaces/environment/library_path.dsv
[3.791s] -- Up-to-date: /home/abmodelo2023/Documentos/Proyecto-Final-Robotica-202310/install/proyecto_interfaces/lib/libproyecto_interfaces__rosidl_generator_c.so
[3.792s] -- Up-to-date: /home/abmodelo2023/Documentos/Proyecto-Final-Robotica-202310/install/proyecto_interfaces/include/proyecto_interfaces/proyecto_interfaces
[3.793s] -- Up-to-date: /home/abmodelo2023/Documentos/Proyecto-Final-Robotica-202310/install/proyecto_interfaces/include/proyecto_interfaces/proyecto_interfaces/srv
[3.794s] -- Up-to-date: /home/abmodelo2023/Documentos/Proyecto-Final-Robotica-202310/install/proyecto_interfaces/include/proyecto_interfaces/proyecto_interfaces/srv/detail
[3.795s] -- Up-to-date: /home/abmodelo2023/Documentos/Proyecto-Final-Robotica-202310/install/proyecto_interfaces/include/proyecto_interfaces/proyecto_interfaces/srv/detail/start_perception_test__rosidl_typesupport_fastrtps_c.h
[3.796s] -- Up-to-date: /home/abmodelo2023/Documentos/Proyecto-Final-Robotica-202310/install/proyecto_interfaces/include/proyecto_interfaces/proyecto_interfaces/srv/detail/start_manipulation_test__rosidl_typesupport_fastrtps_c.h
[3.797s] -- Up-to-date: /home/abmodelo2023/Documentos/Proyecto-Final-Robotica-202310/install/proyecto_interfaces/include/proyecto_interfaces/proyecto_interfaces/srv/detail/start_navigation_test__rosidl_typesupport_fastrtps_c.h
[3.797s] -- Up-to-date: /home/abmodelo2023/Documentos/Proyecto-Final-Robotica-202310/install/proyecto_interfaces/include/proyecto_interfaces/proyecto_interfaces/msg
[3.798s] -- Up-to-date: /home/abmodelo2023/Documentos/Proyecto-Final-Robotica-202310/install/proyecto_interfaces/include/proyecto_interfaces/proyecto_interfaces/msg/detail
[3.801s] -- Up-to-date: /home/abmodelo2023/Documentos/Proyecto-Final-Robotica-202310/install/proyecto_interfaces/include/proyecto_interfaces/proyecto_interfaces/msg/detail/banner__rosidl_typesupport_fastrtps_c.h
[3.802s] -- Up-to-date: /home/abmodelo2023/Documentos/Proyecto-Final-Robotica-202310/install/proyecto_interfaces/include/proyecto_interfaces/proyecto_interfaces/msg/rosidl_typesupport_fastrtps_c__visibility_control.h
[3.806s] -- Up-to-date: /home/abmodelo2023/Documentos/Proyecto-Final-Robotica-202310/install/proyecto_interfaces/lib/libproyecto_interfaces__rosidl_typesupport_fastrtps_c.so
[3.807s] -- Up-to-date: /home/abmodelo2023/Documentos/Proyecto-Final-Robotica-202310/install/proyecto_interfaces/include/proyecto_interfaces/proyecto_interfaces
[3.807s] -- Up-to-date: /home/abmodelo2023/Documentos/Proyecto-Final-Robotica-202310/install/proyecto_interfaces/include/proyecto_interfaces/proyecto_interfaces/srv
[3.808s] -- Up-to-date: /home/abmodelo2023/Documentos/Proyecto-Final-Robotica-202310/install/proyecto_interfaces/include/proyecto_interfaces/proyecto_interfaces/srv/detail
[3.809s] -- Up-to-date: /home/abmodelo2023/Documentos/Proyecto-Final-Robotica-202310/install/proyecto_interfaces/include/proyecto_interfaces/proyecto_interfaces/srv/detail/start_perception_test__rosidl_typesupport_introspection_c.h
[3.810s] -- Up-to-date: /home/abmodelo2023/Documentos/Proyecto-Final-Robotica-202310/install/proyecto_interfaces/include/proyecto_interfaces/proyecto_interfaces/srv/detail/start_navigation_test__type_support.c
[3.812s] -- Up-to-date: /home/abmodelo2023/Documentos/Proyecto-Final-Robotica-202310/install/proyecto_interfaces/include/proyecto_interfaces/proyecto_interfaces/srv/detail/start_navigation_test__rosidl_typesupport_introspection_c.h
[3.813s] -- Up-to-date: /home/abmodelo2023/Documentos/Proyecto-Final-Robotica-202310/install/proyecto_interfaces/include/proyecto_interfaces/proyecto_interfaces/srv/detail/start_manipulation_test__type_support.c
[3.814s] -- Up-to-date: /home/abmodelo2023/Documentos/Proyecto-Final-Robotica-202310/install/proyecto_interfaces/include/proyecto_interfaces/proyecto_interfaces/srv/detail/start_manipulation_test__rosidl_typesupport_introspection_c.h
[3.815s] -- Up-to-date: /home/abmodelo2023/Documentos/Proyecto-Final-Robotica-202310/install/proyecto_interfaces/include/proyecto_interfaces/proyecto_interfaces/srv/detail/start_perception_test__type_support.c
[3.816s] -- Up-to-date: /home/abmodelo2023/Documentos/Proyecto-Final-Robotica-202310/install/proyecto_interfaces/include/proyecto_interfaces/proyecto_interfaces/msg
[3.816s] -- Up-to-date: /home/abmodelo2023/Documentos/Proyecto-Final-Robotica-202310/install/proyecto_interfaces/include/proyecto_interfaces/proyecto_interfaces/msg/detail
[3.817s] -- Up-to-date: /home/abmodelo2023/Documentos/Proyecto-Final-Robotica-202310/install/proyecto_interfaces/include/proyecto_interfaces/proyecto_interfaces/msg/detail/banner__type_support.c
[3.818s] -- Up-to-date: /home/abmodelo2023/Documentos/Proyecto-Final-Robotica-202310/install/proyecto_interfaces/include/proyecto_interfaces/proyecto_interfaces/msg/detail/banner__rosidl_typesupport_introspection_c.h
[3.818s] -- Up-to-date: /home/abmodelo2023/Documentos/Proyecto-Final-Robotica-202310/install/proyecto_interfaces/include/proyecto_interfaces/proyecto_interfaces/msg/rosidl_typesupport_introspection_c__visibility_control.h
[3.819s] -- Up-to-date: /home/abmodelo2023/Documentos/Proyecto-Final-Robotica-202310/install/proyecto_interfaces/lib/libproyecto_interfaces__rosidl_typesupport_introspection_c.so
[3.820s] -- Up-to-date: /home/abmodelo2023/Documentos/Proyecto-Final-Robotica-202310/install/proyecto_interfaces/lib/libproyecto_interfaces__rosidl_typesupport_c.so
[3.821s] -- Up-to-date: /home/abmodelo2023/Documentos/Proyecto-Final-Robotica-202310/install/proyecto_interfaces/include/proyecto_interfaces/proyecto_interfaces
[3.821s] -- Up-to-date: /home/abmodelo2023/Documentos/Proyecto-Final-Robotica-202310/install/proyecto_interfaces/include/proyecto_interfaces/proyecto_interfaces/srv
[3.822s] -- Up-to-date: /home/abmodelo2023/Documentos/Proyecto-Final-Robotica-202310/install/proyecto_interfaces/include/proyecto_interfaces/proyecto_interfaces/srv/detail
[3.823s] -- Up-to-date: /home/abmodelo2023/Documentos/Proyecto-Final-Robotica-202310/install/proyecto_interfaces/include/proyecto_interfaces/proyecto_interfaces/srv/detail/start_perception_test__traits.hpp
[3.824s] -- Up-to-date: /home/abmodelo2023/Documentos/Proyecto-Final-Robotica-202310/install/proyecto_interfaces/include/proyecto_interfaces/proyecto_interfaces/srv/detail/start_manipulation_test__struct.hpp
[3.825s] -- Up-to-date: /home/abmodelo2023/Documentos/Proyecto-Final-Robotica-202310/install/proyecto_interfaces/include/proyecto_interfaces/proyecto_interfaces/srv/detail/start_navigation_test__builder.hpp
[3.825s] -- Up-to-date: /home/abmodelo2023/Documentos/Proyecto-Final-Robotica-202310/install/proyecto_interfaces/include/proyecto_interfaces/proyecto_interfaces/srv/detail/start_navigation_test__traits.hpp
[3.826s] -- Up-to-date: /home/abmodelo2023/Documentos/Proyecto-Final-Robotica-202310/install/proyecto_interfaces/include/proyecto_interfaces/proyecto_interfaces/srv/detail/start_perception_test__builder.hpp
[3.827s] -- Up-to-date: /home/abmodelo2023/Documentos/Proyecto-Final-Robotica-202310/install/proyecto_interfaces/include/proyecto_interfaces/proyecto_interfaces/srv/detail/start_perception_test__struct.hpp
[3.827s] -- Up-to-date: /home/abmodelo2023/Documentos/Proyecto-Final-Robotica-202310/install/proyecto_interfaces/include/proyecto_interfaces/proyecto_interfaces/srv/detail/start_navigation_test__struct.hpp
[3.828s] -- Up-to-date: /home/abmodelo2023/Documentos/Proyecto-Final-Robotica-202310/install/proyecto_interfaces/include/proyecto_interfaces/proyecto_interfaces/srv/detail/start_manipulation_test__traits.hpp
[3.828s] -- Up-to-date: /home/abmodelo2023/Documentos/Proyecto-Final-Robotica-202310/install/proyecto_interfaces/include/proyecto_interfaces/proyecto_interfaces/srv/detail/start_manipulation_test__builder.hpp
[3.829s] -- Up-to-date: /home/abmodelo2023/Documentos/Proyecto-Final-Robotica-202310/install/proyecto_interfaces/include/proyecto_interfaces/proyecto_interfaces/srv/start_perception_test.hpp
[3.830s] -- Up-to-date: /home/abmodelo2023/Documentos/Proyecto-Final-Robotica-202310/install/proyecto_interfaces/include/proyecto_interfaces/proyecto_interfaces/srv/start_manipulation_test.hpp
[3.831s] -- Up-to-date: /home/abmodelo2023/Documentos/Proyecto-Final-Robotica-202310/install/proyecto_interfaces/include/proyecto_interfaces/proyecto_interfaces/srv/start_navigation_test.hpp
[3.832s] -- Up-to-date: /home/abmodelo2023/Documentos/Proyecto-Final-Robotica-202310/install/proyecto_interfaces/include/proyecto_interfaces/proyecto_interfaces/msg
[3.832s] -- Up-to-date: /home/abmodelo2023/Documentos/Proyecto-Final-Robotica-202310/install/proyecto_interfaces/include/proyecto_interfaces/proyecto_interfaces/msg/banner.hpp
[3.833s] -- Up-to-date: /home/abmodelo2023/Documentos/Proyecto-Final-Robotica-202310/install/proyecto_interfaces/include/proyecto_interfaces/proyecto_interfaces/msg/detail
[3.834s] -- Up-to-date: /home/abmodelo2023/Documentos/Proyecto-Final-Robotica-202310/install/proyecto_interfaces/include/proyecto_interfaces/proyecto_interfaces/msg/detail/banner__struct.hpp
[3.836s] -- Up-to-date: /home/abmodelo2023/Documentos/Proyecto-Final-Robotica-202310/install/proyecto_interfaces/include/proyecto_interfaces/proyecto_interfaces/msg/detail/banner__traits.hpp
[3.837s] -- Up-to-date: /home/abmodelo2023/Documentos/Proyecto-Final-Robotica-202310/install/proyecto_interfaces/include/proyecto_interfaces/proyecto_interfaces/msg/detail/banner__builder.hpp
[3.839s] -- Up-to-date: /home/abmodelo2023/Documentos/Proyecto-Final-Robotica-202310/install/proyecto_interfaces/include/proyecto_interfaces/proyecto_interfaces
[3.840s] -- Up-to-date: /home/abmodelo2023/Documentos/Proyecto-Final-Robotica-202310/install/proyecto_interfaces/include/proyecto_interfaces/proyecto_interfaces/srv
[3.842s] -- Up-to-date: /home/abmodelo2023/Documentos/Proyecto-Final-Robotica-202310/install/proyecto_interfaces/include/proyecto_interfaces/proyecto_interfaces/srv/detail
[3.843s] -- Up-to-date: /home/abmodelo2023/Documentos/Proyecto-Final-Robotica-202310/install/proyecto_interfaces/include/proyecto_interfaces/proyecto_interfaces/srv/detail/dds_fastrtps
[3.844s] -- Up-to-date: /home/abmodelo2023/Documentos/Proyecto-Final-Robotica-202310/install/proyecto_interfaces/include/proyecto_interfaces/proyecto_interfaces/srv/detail/start_perception_test__rosidl_typesupport_fastrtps_cpp.hpp
[3.845s] -- Up-to-date: /home/abmodelo2023/Documentos/Proyecto-Final-Robotica-202310/install/proyecto_interfaces/include/proyecto_interfaces/proyecto_interfaces/srv/detail/start_navigation_test__rosidl_typesupport_fastrtps_cpp.hpp
[3.846s] -- Up-to-date: /home/abmodelo2023/Documentos/Proyecto-Final-Robotica-202310/install/proyecto_interfaces/include/proyecto_interfaces/proyecto_interfaces/srv/detail/start_manipulation_test__rosidl_typesupport_fastrtps_cpp.hpp
[3.846s] -- Up-to-date: /home/abmodelo2023/Documentos/Proyecto-Final-Robotica-202310/install/proyecto_interfaces/include/proyecto_interfaces/proyecto_interfaces/msg
[3.847s] -- Up-to-date: /home/abmodelo2023/Documentos/Proyecto-Final-Robotica-202310/install/proyecto_interfaces/include/proyecto_interfaces/proyecto_interfaces/msg/detail
[3.847s] -- Up-to-date: /home/abmodelo2023/Documentos/Proyecto-Final-Robotica-202310/install/proyecto_interfaces/include/proyecto_interfaces/proyecto_interfaces/msg/detail/dds_fastrtps
[3.848s] -- Up-to-date: /home/abmodelo2023/Documentos/Proyecto-Final-Robotica-202310/install/proyecto_interfaces/include/proyecto_interfaces/proyecto_interfaces/msg/detail/banner__rosidl_typesupport_fastrtps_cpp.hpp
[3.848s] -- Up-to-date: /home/abmodelo2023/Documentos/Proyecto-Final-Robotica-202310/install/proyecto_interfaces/include/proyecto_interfaces/proyecto_interfaces/msg/rosidl_typesupport_fastrtps_cpp__visibility_control.h
[3.849s] -- Up-to-date: /home/abmodelo2023/Documentos/Proyecto-Final-Robotica-202310/install/proyecto_interfaces/lib/libproyecto_interfaces__rosidl_typesupport_fastrtps_cpp.so
[3.850s] -- Up-to-date: /home/abmodelo2023/Documentos/Proyecto-Final-Robotica-202310/install/proyecto_interfaces/include/proyecto_interfaces/proyecto_interfaces
[3.850s] -- Up-to-date: /home/abmodelo2023/Documentos/Proyecto-Final-Robotica-202310/install/proyecto_interfaces/include/proyecto_interfaces/proyecto_interfaces/srv
[3.851s] -- Up-to-date: /home/abmodelo2023/Documentos/Proyecto-Final-Robotica-202310/install/proyecto_interfaces/include/proyecto_interfaces/proyecto_interfaces/srv/detail
[3.851s] -- Up-to-date: /home/abmodelo2023/Documentos/Proyecto-Final-Robotica-202310/install/proyecto_interfaces/include/proyecto_interfaces/proyecto_interfaces/srv/detail/start_manipulation_test__type_support.cpp
[3.852s] -- Up-to-date: /home/abmodelo2023/Documentos/Proyecto-Final-Robotica-202310/install/proyecto_interfaces/include/proyecto_interfaces/proyecto_interfaces/srv/detail/start_navigation_test__type_support.cpp
[3.854s] -- Up-to-date: /home/abmodelo2023/Documentos/Proyecto-Final-Robotica-202310/install/proyecto_interfaces/include/proyecto_interfaces/proyecto_interfaces/srv/detail/start_perception_test__rosidl_typesupport_introspection_cpp.hpp
[3.855s] -- Up-to-date: /home/abmodelo2023/Documentos/Proyecto-Final-Robotica-202310/install/proyecto_interfaces/include/proyecto_interfaces/proyecto_interfaces/srv/detail/start_perception_test__type_support.cpp
[3.856s] -- Up-to-date: /home/abmodelo2023/Documentos/Proyecto-Final-Robotica-202310/install/proyecto_interfaces/include/proyecto_interfaces/proyecto_interfaces/srv/detail/start_manipulation_test__rosidl_typesupport_introspection_cpp.hpp
[3.856s] -- Up-to-date: /home/abmodelo2023/Documentos/Proyecto-Final-Robotica-202310/install/proyecto_interfaces/include/proyecto_interfaces/proyecto_interfaces/srv/detail/start_navigation_test__rosidl_typesupport_introspection_cpp.hpp
[3.857s] -- Up-to-date: /home/abmodelo2023/Documentos/Proyecto-Final-Robotica-202310/install/proyecto_interfaces/include/proyecto_interfaces/proyecto_interfaces/msg
[3.857s] -- Up-to-date: /home/abmodelo2023/Documentos/Proyecto-Final-Robotica-202310/install/proyecto_interfaces/include/proyecto_interfaces/proyecto_interfaces/msg/detail
[3.858s] -- Up-to-date: /home/abmodelo2023/Documentos/Proyecto-Final-Robotica-202310/install/proyecto_interfaces/include/proyecto_interfaces/proyecto_interfaces/msg/detail/banner__rosidl_typesupport_introspection_cpp.hpp
[3.859s] -- Up-to-date: /home/abmodelo2023/Documentos/Proyecto-Final-Robotica-202310/install/proyecto_interfaces/include/proyecto_interfaces/proyecto_interfaces/msg/detail/banner__type_support.cpp
[3.860s] -- Up-to-date: /home/abmodelo2023/Documentos/Proyecto-Final-Robotica-202310/install/proyecto_interfaces/lib/libproyecto_interfaces__rosidl_typesupport_introspection_cpp.so
[3.860s] -- Up-to-date: /home/abmodelo2023/Documentos/Proyecto-Final-Robotica-202310/install/proyecto_interfaces/lib/libproyecto_interfaces__rosidl_typesupport_cpp.so
[3.861s] -- Up-to-date: /home/abmodelo2023/Documentos/Proyecto-Final-Robotica-202310/install/proyecto_interfaces/share/proyecto_interfaces/environment/pythonpath.sh
[3.862s] -- Up-to-date: /home/abmodelo2023/Documentos/Proyecto-Final-Robotica-202310/install/proyecto_interfaces/share/proyecto_interfaces/environment/pythonpath.dsv
[3.862s] -- Up-to-date: /home/abmodelo2023/Documentos/Proyecto-Final-Robotica-202310/install/proyecto_interfaces/local/lib/python3.10/dist-packages/proyecto_interfaces-0.0.0-py3.10.egg-info
[3.863s] -- Installing: /home/abmodelo2023/Documentos/Proyecto-Final-Robotica-202310/install/proyecto_interfaces/local/lib/python3.10/dist-packages/proyecto_interfaces-0.0.0-py3.10.egg-info/SOURCES.txt
[3.864s] -- Installing: /home/abmodelo2023/Documentos/Proyecto-Final-Robotica-202310/install/proyecto_interfaces/local/lib/python3.10/dist-packages/proyecto_interfaces-0.0.0-py3.10.egg-info/PKG-INFO
[3.865s] -- Installing: /home/abmodelo2023/Documentos/Proyecto-Final-Robotica-202310/install/proyecto_interfaces/local/lib/python3.10/dist-packages/proyecto_interfaces-0.0.0-py3.10.egg-info/dependency_links.txt
[3.866s] -- Installing: /home/abmodelo2023/Documentos/Proyecto-Final-Robotica-202310/install/proyecto_interfaces/local/lib/python3.10/dist-packages/proyecto_interfaces-0.0.0-py3.10.egg-info/top_level.txt
[3.866s] -- Up-to-date: /home/abmodelo2023/Documentos/Proyecto-Final-Robotica-202310/install/proyecto_interfaces/local/lib/python3.10/dist-packages/proyecto_interfaces
[3.867s] -- Up-to-date: /home/abmodelo2023/Documentos/Proyecto-Final-Robotica-202310/install/proyecto_interfaces/local/lib/python3.10/dist-packages/proyecto_interfaces/proyecto_interfaces_s__rosidl_typesupport_fastrtps_c.cpython-310-aarch64-linux-gnu.so
[3.868s] -- Up-to-date: /home/abmodelo2023/Documentos/Proyecto-Final-Robotica-202310/install/proyecto_interfaces/local/lib/python3.10/dist-packages/proyecto_interfaces/proyecto_interfaces_s__rosidl_typesupport_c.cpython-310-aarch64-linux-gnu.so
[3.868s] -- Up-to-date: /home/abmodelo2023/Documentos/Proyecto-Final-Robotica-202310/install/proyecto_interfaces/local/lib/python3.10/dist-packages/proyecto_interfaces/__init__.py
[3.869s] -- Up-to-date: /home/abmodelo2023/Documentos/Proyecto-Final-Robotica-202310/install/proyecto_interfaces/local/lib/python3.10/dist-packages/proyecto_interfaces/_proyecto_interfaces_s.ep.rosidl_typesupport_fastrtps_c.c
[3.869s] -- Up-to-date: /home/abmodelo2023/Documentos/Proyecto-Final-Robotica-202310/install/proyecto_interfaces/local/lib/python3.10/dist-packages/proyecto_interfaces/libproyecto_interfaces__rosidl_generator_py.so
[3.877s] -- Up-to-date: /home/abmodelo2023/Documentos/Proyecto-Final-Robotica-202310/install/proyecto_interfaces/local/lib/python3.10/dist-packages/proyecto_interfaces/srv
[3.877s] -- Up-to-date: /home/abmodelo2023/Documentos/Proyecto-Final-Robotica-202310/install/proyecto_interfaces/local/lib/python3.10/dist-packages/proyecto_interfaces/srv/_start_navigation_test.py
[3.878s] -- Up-to-date: /home/abmodelo2023/Documentos/Proyecto-Final-Robotica-202310/install/proyecto_interfaces/local/lib/python3.10/dist-packages/proyecto_interfaces/srv/_start_perception_test_s.c
[3.890s] -- Up-to-date: /home/abmodelo2023/Documentos/Proyecto-Final-Robotica-202310/install/proyecto_interfaces/local/lib/python3.10/dist-packages/proyecto_interfaces/srv/__init__.py
[3.891s] -- Up-to-date: /home/abmodelo2023/Documentos/Proyecto-Final-Robotica-202310/install/proyecto_interfaces/local/lib/python3.10/dist-packages/proyecto_interfaces/srv/_start_manipulation_test_s.c
[3.892s] -- Up-to-date: /home/abmodelo2023/Documentos/Proyecto-Final-Robotica-202310/install/proyecto_interfaces/local/lib/python3.10/dist-packages/proyecto_interfaces/srv/_start_perception_test.py
[3.893s] -- Up-to-date: /home/abmodelo2023/Documentos/Proyecto-Final-Robotica-202310/install/proyecto_interfaces/local/lib/python3.10/dist-packages/proyecto_interfaces/srv/_start_manipulation_test.py
[3.894s] -- Up-to-date: /home/abmodelo2023/Documentos/Proyecto-Final-Robotica-202310/install/proyecto_interfaces/local/lib/python3.10/dist-packages/proyecto_interfaces/srv/_start_navigation_test_s.c
[3.894s] -- Up-to-date: /home/abmodelo2023/Documentos/Proyecto-Final-Robotica-202310/install/proyecto_interfaces/local/lib/python3.10/dist-packages/proyecto_interfaces/_proyecto_interfaces_s.ep.rosidl_typesupport_introspection_c.c
[3.895s] -- Up-to-date: /home/abmodelo2023/Documentos/Proyecto-Final-Robotica-202310/install/proyecto_interfaces/local/lib/python3.10/dist-packages/proyecto_interfaces/msg
[3.898s] -- Up-to-date: /home/abmodelo2023/Documentos/Proyecto-Final-Robotica-202310/install/proyecto_interfaces/local/lib/python3.10/dist-packages/proyecto_interfaces/msg/_banner_s.c
[3.900s] -- Up-to-date: /home/abmodelo2023/Documentos/Proyecto-Final-Robotica-202310/install/proyecto_interfaces/local/lib/python3.10/dist-packages/proyecto_interfaces/msg/_banner.py
[3.900s] -- Up-to-date: /home/abmodelo2023/Documentos/Proyecto-Final-Robotica-202310/install/proyecto_interfaces/local/lib/python3.10/dist-packages/proyecto_interfaces/msg/__init__.py
[3.901s] -- Up-to-date: /home/abmodelo2023/Documentos/Proyecto-Final-Robotica-202310/install/proyecto_interfaces/local/lib/python3.10/dist-packages/proyecto_interfaces/proyecto_interfaces_s__rosidl_typesupport_introspection_c.cpython-310-aarch64-linux-gnu.so
[3.902s] -- Up-to-date: /home/abmodelo2023/Documentos/Proyecto-Final-Robotica-202310/install/proyecto_interfaces/local/lib/python3.10/dist-packages/proyecto_interfaces/_proyecto_interfaces_s.ep.rosidl_typesupport_c.c
[4.062s] Listing '/home/abmodelo2023/Documentos/Proyecto-Final-Robotica-202310/install/proyecto_interfaces/local/lib/python3.10/dist-packages/proyecto_interfaces'...
[4.063s] Listing '/home/abmodelo2023/Documentos/Proyecto-Final-Robotica-202310/install/proyecto_interfaces/local/lib/python3.10/dist-packages/proyecto_interfaces/msg'...
[4.065s] Listing '/home/abmodelo2023/Documentos/Proyecto-Final-Robotica-202310/install/proyecto_interfaces/local/lib/python3.10/dist-packages/proyecto_interfaces/srv'...
[4.100s] -- Up-to-date: /home/abmodelo2023/Documentos/Proyecto-Final-Robotica-202310/install/proyecto_interfaces/local/lib/python3.10/dist-packages/proyecto_interfaces/proyecto_interfaces_s__rosidl_typesupport_fastrtps_c.cpython-310-aarch64-linux-gnu.so
[4.103s] -- Up-to-date: /home/abmodelo2023/Documentos/Proyecto-Final-Robotica-202310/install/proyecto_interfaces/local/lib/python3.10/dist-packages/proyecto_interfaces/proyecto_interfaces_s__rosidl_typesupport_introspection_c.cpython-310-aarch64-linux-gnu.so
[4.107s] -- Up-to-date: /home/abmodelo2023/Documentos/Proyecto-Final-Robotica-202310/install/proyecto_interfaces/local/lib/python3.10/dist-packages/proyecto_interfaces/proyecto_interfaces_s__rosidl_typesupport_c.cpython-310-aarch64-linux-gnu.so
[4.110s] -- Up-to-date: /home/abmodelo2023/Documentos/Proyecto-Final-Robotica-202310/install/proyecto_interfaces/lib/libproyecto_interfaces__rosidl_generator_py.so
[4.121s] -- Up-to-date: /home/abmodelo2023/Documentos/Proyecto-Final-Robotica-202310/install/proyecto_interfaces/share/proyecto_interfaces/msg/Banner.idl
[4.122s] -- Up-to-date: /home/abmodelo2023/Documentos/Proyecto-Final-Robotica-202310/install/proyecto_interfaces/share/proyecto_interfaces/srv/StartNavigationTest.idl
[4.132s] -- Up-to-date: /home/abmodelo2023/Documentos/Proyecto-Final-Robotica-202310/install/proyecto_interfaces/share/proyecto_interfaces/srv/StartPerceptionTest.idl
[4.136s] -- Up-to-date: /home/abmodelo2023/Documentos/Proyecto-Final-Robotica-202310/install/proyecto_interfaces/share/proyecto_interfaces/srv/StartManipulationTest.idl
[4.140s] -- Up-to-date: /home/abmodelo2023/Documentos/Proyecto-Final-Robotica-202310/install/proyecto_interfaces/share/proyecto_interfaces/msg/Banner.msg
[4.140s] -- Up-to-date: /home/abmodelo2023/Documentos/Proyecto-Final-Robotica-202310/install/proyecto_interfaces/share/proyecto_interfaces/srv/StartNavigationTest.srv
[4.141s] -- Up-to-date: /home/abmodelo2023/Documentos/Proyecto-Final-Robotica-202310/install/proyecto_interfaces/share/proyecto_interfaces/srv/StartNavigationTest_Request.msg
[4.149s] -- Up-to-date: /home/abmodelo2023/Documentos/Proyecto-Final-Robotica-202310/install/proyecto_interfaces/share/proyecto_interfaces/srv/StartNavigationTest_Response.msg
[4.150s] -- Up-to-date: /home/abmodelo2023/Documentos/Proyecto-Final-Robotica-202310/install/proyecto_interfaces/share/proyecto_interfaces/srv/StartPerceptionTest.srv
[4.151s] -- Up-to-date: /home/abmodelo2023/Documentos/Proyecto-Final-Robotica-202310/install/proyecto_interfaces/share/proyecto_interfaces/srv/StartPerceptionTest_Request.msg
[4.160s] -- Up-to-date: /home/abmodelo2023/Documentos/Proyecto-Final-Robotica-202310/install/proyecto_interfaces/share/proyecto_interfaces/srv/StartPerceptionTest_Response.msg
[4.161s] -- Up-to-date: /home/abmodelo2023/Documentos/Proyecto-Final-Robotica-202310/install/proyecto_interfaces/share/proyecto_interfaces/srv/StartManipulationTest.srv
[4.175s] -- Up-to-date: /home/abmodelo2023/Documentos/Proyecto-Final-Robotica-202310/install/proyecto_interfaces/share/proyecto_interfaces/srv/StartManipulationTest_Request.msg
[4.183s] -- Up-to-date: /home/abmodelo2023/Documentos/Proyecto-Final-Robotica-202310/install/proyecto_interfaces/share/proyecto_interfaces/srv/StartManipulationTest_Response.msg
[4.189s] -- Up-to-date: /home/abmodelo2023/Documentos/Proyecto-Final-Robotica-202310/install/proyecto_interfaces/share/ament_index/resource_index/package_run_dependencies/proyecto_interfaces
[4.190s] -- Up-to-date: /home/abmodelo2023/Documentos/Proyecto-Final-Robotica-202310/install/proyecto_interfaces/share/ament_index/resource_index/parent_prefix_path/proyecto_interfaces
[4.191s] -- Up-to-date: /home/abmodelo2023/Documentos/Proyecto-Final-Robotica-202310/install/proyecto_interfaces/share/proyecto_interfaces/environment/ament_prefix_path.sh
[4.192s] -- Up-to-date: /home/abmodelo2023/Documentos/Proyecto-Final-Robotica-202310/install/proyecto_interfaces/share/proyecto_interfaces/environment/ament_prefix_path.dsv
[4.193s] -- Up-to-date: /home/abmodelo2023/Documentos/Proyecto-Final-Robotica-202310/install/proyecto_interfaces/share/proyecto_interfaces/environment/path.sh
[4.203s] -- Up-to-date: /home/abmodelo2023/Documentos/Proyecto-Final-Robotica-202310/install/proyecto_interfaces/share/proyecto_interfaces/environment/path.dsv
[4.214s] -- Up-to-date: /home/abmodelo2023/Documentos/Proyecto-Final-Robotica-202310/install/proyecto_interfaces/share/proyecto_interfaces/local_setup.bash
[4.216s] -- Up-to-date: /home/abmodelo2023/Documentos/Proyecto-Final-Robotica-202310/install/proyecto_interfaces/share/proyecto_interfaces/local_setup.sh
[4.218s] -- Up-to-date: /home/abmodelo2023/Documentos/Proyecto-Final-Robotica-202310/install/proyecto_interfaces/share/proyecto_interfaces/local_setup.zsh
[4.220s] -- Up-to-date: /home/abmodelo2023/Documentos/Proyecto-Final-Robotica-202310/install/proyecto_interfaces/share/proyecto_interfaces/local_setup.dsv
[4.222s] -- Installing: /home/abmodelo2023/Documentos/Proyecto-Final-Robotica-202310/install/proyecto_interfaces/share/proyecto_interfaces/package.dsv
[4.238s] -- Up-to-date: /home/abmodelo2023/Documentos/Proyecto-Final-Robotica-202310/install/proyecto_interfaces/share/ament_index/resource_index/packages/proyecto_interfaces
[4.249s] -- Up-to-date: /home/abmodelo2023/Documentos/Proyecto-Final-Robotica-202310/install/proyecto_interfaces/share/proyecto_interfaces/cmake/export_proyecto_interfaces__rosidl_generator_cExport.cmake
[4.251s] -- Up-to-date: /home/abmodelo2023/Documentos/Proyecto-Final-Robotica-202310/install/proyecto_interfaces/share/proyecto_interfaces/cmake/export_proyecto_interfaces__rosidl_generator_cExport-noconfig.cmake
[4.254s] -- Up-to-date: /home/abmodelo2023/Documentos/Proyecto-Final-Robotica-202310/install/proyecto_interfaces/share/proyecto_interfaces/cmake/export_proyecto_interfaces__rosidl_typesupport_fastrtps_cExport.cmake
[4.256s] -- Up-to-date: /home/abmodelo2023/Documentos/Proyecto-Final-Robotica-202310/install/proyecto_interfaces/share/proyecto_interfaces/cmake/export_proyecto_interfaces__rosidl_typesupport_fastrtps_cExport-noconfig.cmake
[4.258s] -- Up-to-date: /home/abmodelo2023/Documentos/Proyecto-Final-Robotica-202310/install/proyecto_interfaces/share/proyecto_interfaces/cmake/proyecto_interfaces__rosidl_typesupport_introspection_cExport.cmake
[4.260s] -- Up-to-date: /home/abmodelo2023/Documentos/Proyecto-Final-Robotica-202310/install/proyecto_interfaces/share/proyecto_interfaces/cmake/proyecto_interfaces__rosidl_typesupport_introspection_cExport-noconfig.cmake
[4.262s] -- Up-to-date: /home/abmodelo2023/Documentos/Proyecto-Final-Robotica-202310/install/proyecto_interfaces/share/proyecto_interfaces/cmake/proyecto_interfaces__rosidl_typesupport_cExport.cmake
[4.264s] -- Up-to-date: /home/abmodelo2023/Documentos/Proyecto-Final-Robotica-202310/install/proyecto_interfaces/share/proyecto_interfaces/cmake/proyecto_interfaces__rosidl_typesupport_cExport-noconfig.cmake
[4.265s] -- Up-to-date: /home/abmodelo2023/Documentos/Proyecto-Final-Robotica-202310/install/proyecto_interfaces/share/proyecto_interfaces/cmake/export_proyecto_interfaces__rosidl_generator_cppExport.cmake
[4.267s] -- Up-to-date: /home/abmodelo2023/Documentos/Proyecto-Final-Robotica-202310/install/proyecto_interfaces/share/proyecto_interfaces/cmake/export_proyecto_interfaces__rosidl_typesupport_fastrtps_cppExport.cmake
[4.268s] -- Up-to-date: /home/abmodelo2023/Documentos/Proyecto-Final-Robotica-202310/install/proyecto_interfaces/share/proyecto_interfaces/cmake/export_proyecto_interfaces__rosidl_typesupport_fastrtps_cppExport-noconfig.cmake
[4.270s] -- Up-to-date: /home/abmodelo2023/Documentos/Proyecto-Final-Robotica-202310/install/proyecto_interfaces/share/proyecto_interfaces/cmake/proyecto_interfaces__rosidl_typesupport_introspection_cppExport.cmake
[4.271s] -- Up-to-date: /home/abmodelo2023/Documentos/Proyecto-Final-Robotica-202310/install/proyecto_interfaces/share/proyecto_interfaces/cmake/proyecto_interfaces__rosidl_typesupport_introspection_cppExport-noconfig.cmake
[4.273s] -- Up-to-date: /home/abmodelo2023/Documentos/Proyecto-Final-Robotica-202310/install/proyecto_interfaces/share/proyecto_interfaces/cmake/proyecto_interfaces__rosidl_typesupport_cppExport.cmake
[4.275s] -- Up-to-date: /home/abmodelo2023/Documentos/Proyecto-Final-Robotica-202310/install/proyecto_interfaces/share/proyecto_interfaces/cmake/proyecto_interfaces__rosidl_typesupport_cppExport-noconfig.cmake
[4.283s] -- Up-to-date: /home/abmodelo2023/Documentos/Proyecto-Final-Robotica-202310/install/proyecto_interfaces/share/proyecto_interfaces/cmake/export_proyecto_interfaces__rosidl_generator_pyExport.cmake
[4.285s] -- Up-to-date: /home/abmodelo2023/Documentos/Proyecto-Final-Robotica-202310/install/proyecto_interfaces/share/proyecto_interfaces/cmake/export_proyecto_interfaces__rosidl_generator_pyExport-noconfig.cmake
[4.293s] -- Up-to-date: /home/abmodelo2023/Documentos/Proyecto-Final-Robotica-202310/install/proyecto_interfaces/share/proyecto_interfaces/cmake/rosidl_cmake-extras.cmake
[4.304s] -- Up-to-date: /home/abmodelo2023/Documentos/Proyecto-Final-Robotica-202310/install/proyecto_interfaces/share/proyecto_interfaces/cmake/ament_cmake_export_include_directories-extras.cmake
[4.308s] -- Up-to-date: /home/abmodelo2023/Documentos/Proyecto-Final-Robotica-202310/install/proyecto_interfaces/share/proyecto_interfaces/cmake/ament_cmake_export_libraries-extras.cmake
[4.315s] -- Up-to-date: /home/abmodelo2023/Documentos/Proyecto-Final-Robotica-202310/install/proyecto_interfaces/share/proyecto_interfaces/cmake/ament_cmake_export_targets-extras.cmake
[4.319s] -- Up-to-date: /home/abmodelo2023/Documentos/Proyecto-Final-Robotica-202310/install/proyecto_interfaces/share/proyecto_interfaces/cmake/rosidl_cmake_export_typesupport_targets-extras.cmake
[4.321s] -- Up-to-date: /home/abmodelo2023/Documentos/Proyecto-Final-Robotica-202310/install/proyecto_interfaces/share/proyecto_interfaces/cmake/ament_cmake_export_dependencies-extras.cmake
[4.323s] -- Up-to-date: /home/abmodelo2023/Documentos/Proyecto-Final-Robotica-202310/install/proyecto_interfaces/share/proyecto_interfaces/cmake/rosidl_cmake_export_typesupport_libraries-extras.cmake
[4.324s] -- Up-to-date: /home/abmodelo2023/Documentos/Proyecto-Final-Robotica-202310/install/proyecto_interfaces/share/proyecto_interfaces/cmake/proyecto_interfacesConfig.cmake
[4.326s] -- Up-to-date: /home/abmodelo2023/Documentos/Proyecto-Final-Robotica-202310/install/proyecto_interfaces/share/proyecto_interfaces/cmake/proyecto_interfacesConfig-version.cmake
[4.328s] -- Up-to-date: /home/abmodelo2023/Documentos/Proyecto-Final-Robotica-202310/install/proyecto_interfaces/share/proyecto_interfaces/package.xml
[4.330s] Invoked command in '/home/abmodelo2023/Documentos/Proyecto-Final-Robotica-202310/build/proyecto_interfaces' returned '0': CMAKE_PREFIX_PATH=/opt/ros/humble /usr/bin/cmake --install /home/abmodelo2023/Documentos/Proyecto-Final-Robotica-202310/build/proyecto_interfaces
