-- Found ament_cmake: 0.9.11 (/home/snowartz/ros2_foxy/install/ament_cmake/share/ament_cmake/cmake)
-- Using PYTHON_EXECUTABLE: /usr/bin/python3
-- Found rosidl_default_generators: 1.0.1 (/home/snowartz/ros2_foxy/install/rosidl_default_generators/share/rosidl_default_generators/cmake)
-- Using all available rosidl_typesupport_c: rosidl_typesupport_introspection_c;rosidl_typesupport_fastrtps_c
-- Found rosidl_adapter: 1.3.0 (/home/snowartz/ros2_foxy/install/rosidl_adapter/share/rosidl_adapter/cmake)
-- Found OpenSSL: /usr/lib/x86_64-linux-gnu/libcrypto.so (found version "1.1.1f")  
-- Found FastRTPS: /home/snowartz/ros2_foxy/install/fastrtps/include  
-- Using all available rosidl_typesupport_cpp: rosidl_typesupport_introspection_cpp;rosidl_typesupport_fastrtps_cpp
-- Found PythonInterp: /usr/bin/python3 (found version "3.8.10") 
-- Found ament_cmake_ros: 0.9.2 (/home/snowartz/ros2_foxy/install/ament_cmake_ros/share/ament_cmake_ros/cmake)
-- Using all available rosidl_typesupport_c: rosidl_typesupport_introspection_c;rosidl_typesupport_fastrtps_c
-- Using all available rosidl_typesupport_cpp: rosidl_typesupport_introspection_cpp;rosidl_typesupport_fastrtps_cpp
-- Found PythonInterp: /usr/bin/python3 (found suitable version "3.8.10", minimum required is "3.5") 
-- Found python_cmake_module: 0.8.1 (/home/snowartz/ros2_foxy/install/python_cmake_module/share/python_cmake_module/cmake)
-- Found PythonLibs: /usr/lib/x86_64-linux-gnu/libpython3.8.so (found suitable version "3.8.10", minimum required is "3.5") 
-- Using PYTHON_EXECUTABLE: /usr/bin/python3
-- Using PYTHON_INCLUDE_DIRS: /usr/include/python3.8
-- Using PYTHON_LIBRARIES: /usr/lib/x86_64-linux-gnu/libpython3.8.so
-- Found PythonExtra: .so  
-- Found ament_lint_auto: 0.9.7 (/home/snowartz/ros2_foxy/install/ament_lint_auto/share/ament_lint_auto/cmake)
-- Added test 'copyright' to check source files copyright and LICENSE
-- Added test 'lint_cmake' to check CMake code style
-- Added test 'xmllint' to check XML markup files
-- Configuring done
-- Generating done
-- Build files have been written to: /home/snowartz/proyecto_final_ws/build/proyecto_interfaces
[35m[1mScanning dependencies of target proyecto_interfaces__cpp[0m
[  1%] [34m[1mGenerating C code for ROS interfaces[0m
[  3%] [34m[1mGenerating C++ code for ROS interfaces[0m
[  3%] Built target proyecto_interfaces__cpp
[  5%] [34m[1mGenerating C++ type support dispatch for ROS interfaces[0m
[  9%] [34m[1mGenerating C++ type support for eProsima Fast-RTPS[0m
[  9%] [34m[1mGenerating C++ introspection for ROS interfaces[0m
[35m[1mScanning dependencies of target proyecto_interfaces__rosidl_generator_c[0m
[ 12%] [32mBuilding C object CMakeFiles/proyecto_interfaces__rosidl_generator_c.dir/rosidl_generator_c/proyecto_interfaces/srv/detail/start_navigation_test__functions.c.o[0m
[ 12%] [32mBuilding C object CMakeFiles/proyecto_interfaces__rosidl_generator_c.dir/rosidl_generator_c/proyecto_interfaces/srv/detail/start_perception_test__functions.c.o[0m
[ 14%] [32mBuilding C object CMakeFiles/proyecto_interfaces__rosidl_generator_c.dir/rosidl_generator_c/proyecto_interfaces/msg/detail/banner__functions.c.o[0m
[ 16%] [32mBuilding C object CMakeFiles/proyecto_interfaces__rosidl_generator_c.dir/rosidl_generator_c/proyecto_interfaces/srv/detail/start_manipulation_test__functions.c.o[0m
[ 18%] [32m[1mLinking C shared library libproyecto_interfaces__rosidl_generator_c.so[0m
[ 18%] Built target proyecto_interfaces__rosidl_generator_c
[ 20%] [34m[1mGenerating C introspection for ROS interfaces[0m
[ 21%] [34m[1mGenerating C type support dispatch for ROS interfaces[0m
[35m[1mScanning dependencies of target proyecto_interfaces__rosidl_typesupport_introspection_cpp[0m
[ 23%] [32mBuilding CXX object CMakeFiles/proyecto_interfaces__rosidl_typesupport_introspection_cpp.dir/rosidl_typesupport_introspection_cpp/proyecto_interfaces/msg/detail/banner__type_support.cpp.o[0m
[ 27%] [32mBuilding CXX object CMakeFiles/proyecto_interfaces__rosidl_typesupport_introspection_cpp.dir/rosidl_typesupport_introspection_cpp/proyecto_interfaces/srv/detail/start_perception_test__type_support.cpp.o[0m
[ 29%] [32mBuilding CXX object CMakeFiles/proyecto_interfaces__rosidl_typesupport_introspection_cpp.dir/rosidl_typesupport_introspection_cpp/proyecto_interfaces/srv/detail/start_manipulation_test__type_support.cpp.o[0m
[ 29%] [32mBuilding CXX object CMakeFiles/proyecto_interfaces__rosidl_typesupport_introspection_cpp.dir/rosidl_typesupport_introspection_cpp/proyecto_interfaces/srv/detail/start_navigation_test__type_support.cpp.o[0m
[35m[1mScanning dependencies of target proyecto_interfaces__rosidl_typesupport_fastrtps_cpp[0m
[ 30%] [32mBuilding CXX object CMakeFiles/proyecto_interfaces__rosidl_typesupport_fastrtps_cpp.dir/rosidl_typesupport_fastrtps_cpp/proyecto_interfaces/msg/detail/dds_fastrtps/banner__type_support.cpp.o[0m
[35m[1mScanning dependencies of target proyecto_interfaces__rosidl_typesupport_cpp[0m
[ 32%] [32mBuilding CXX object CMakeFiles/proyecto_interfaces__rosidl_typesupport_cpp.dir/rosidl_typesupport_cpp/proyecto_interfaces/msg/banner__type_support.cpp.o[0m
[35m[1mScanning dependencies of target proyecto_interfaces__rosidl_typesupport_introspection_c[0m
[ 34%] [32mBuilding C object CMakeFiles/proyecto_interfaces__rosidl_typesupport_introspection_c.dir/rosidl_typesupport_introspection_c/proyecto_interfaces/msg/detail/banner__type_support.c.o[0m
[ 36%] [32mBuilding C object CMakeFiles/proyecto_interfaces__rosidl_typesupport_introspection_c.dir/rosidl_typesupport_introspection_c/proyecto_interfaces/srv/detail/start_navigation_test__type_support.c.o[0m
[ 38%] [32mBuilding CXX object CMakeFiles/proyecto_interfaces__rosidl_typesupport_fastrtps_cpp.dir/rosidl_typesupport_fastrtps_cpp/proyecto_interfaces/srv/detail/dds_fastrtps/start_navigation_test__type_support.cpp.o[0m
[ 40%] [32mBuilding C object CMakeFiles/proyecto_interfaces__rosidl_typesupport_introspection_c.dir/rosidl_typesupport_introspection_c/proyecto_interfaces/srv/detail/start_perception_test__type_support.c.o[0m
[ 41%] [32m[1mLinking CXX shared library libproyecto_interfaces__rosidl_typesupport_introspection_cpp.so[0m
[ 43%] [32mBuilding C object CMakeFiles/proyecto_interfaces__rosidl_typesupport_introspection_c.dir/rosidl_typesupport_introspection_c/proyecto_interfaces/srv/detail/start_manipulation_test__type_support.c.o[0m
[ 45%] [32mBuilding CXX object CMakeFiles/proyecto_interfaces__rosidl_typesupport_fastrtps_cpp.dir/rosidl_typesupport_fastrtps_cpp/proyecto_interfaces/srv/detail/dds_fastrtps/start_perception_test__type_support.cpp.o[0m
[ 47%] [32mBuilding CXX object CMakeFiles/proyecto_interfaces__rosidl_typesupport_fastrtps_cpp.dir/rosidl_typesupport_fastrtps_cpp/proyecto_interfaces/srv/detail/dds_fastrtps/start_manipulation_test__type_support.cpp.o[0m
[ 49%] [32m[1mLinking C shared library libproyecto_interfaces__rosidl_typesupport_introspection_c.so[0m
[ 49%] Built target proyecto_interfaces__rosidl_typesupport_introspection_cpp
[35m[1mScanning dependencies of target proyecto_interfaces__rosidl_typesupport_c[0m
[ 49%] Built target proyecto_interfaces__rosidl_typesupport_introspection_c
[ 50%] [32mBuilding CXX object CMakeFiles/proyecto_interfaces__rosidl_typesupport_cpp.dir/rosidl_typesupport_cpp/proyecto_interfaces/srv/start_navigation_test__type_support.cpp.o[0m
[ 52%] [32mBuilding CXX object CMakeFiles/proyecto_interfaces__rosidl_typesupport_c.dir/rosidl_typesupport_c/proyecto_interfaces/msg/banner__type_support.cpp.o[0m
[ 54%] [32mBuilding CXX object CMakeFiles/proyecto_interfaces__rosidl_typesupport_c.dir/rosidl_typesupport_c/proyecto_interfaces/srv/start_navigation_test__type_support.cpp.o[0m
[ 56%] [32mBuilding CXX object CMakeFiles/proyecto_interfaces__rosidl_typesupport_c.dir/rosidl_typesupport_c/proyecto_interfaces/srv/start_manipulation_test__type_support.cpp.o[0m
[ 58%] [32mBuilding CXX object CMakeFiles/proyecto_interfaces__rosidl_typesupport_c.dir/rosidl_typesupport_c/proyecto_interfaces/srv/start_perception_test__type_support.cpp.o[0m
[ 60%] [32mBuilding CXX object CMakeFiles/proyecto_interfaces__rosidl_typesupport_cpp.dir/rosidl_typesupport_cpp/proyecto_interfaces/srv/start_perception_test__type_support.cpp.o[0m
[ 61%] [32mBuilding CXX object CMakeFiles/proyecto_interfaces__rosidl_typesupport_cpp.dir/rosidl_typesupport_cpp/proyecto_interfaces/srv/start_manipulation_test__type_support.cpp.o[0m
[ 63%] [32m[1mLinking CXX shared library libproyecto_interfaces__rosidl_typesupport_c.so[0m
[ 63%] Built target proyecto_interfaces__rosidl_typesupport_c
[ 65%] [32m[1mLinking CXX shared library libproyecto_interfaces__rosidl_typesupport_fastrtps_cpp.so[0m
[ 67%] [32m[1mLinking CXX shared library libproyecto_interfaces__rosidl_typesupport_cpp.so[0m
[ 67%] Built target proyecto_interfaces__rosidl_typesupport_cpp
[ 67%] Built target proyecto_interfaces__rosidl_typesupport_fastrtps_cpp
[ 69%] [34m[1mGenerating C type support for eProsima Fast-RTPS[0m
[35m[1mScanning dependencies of target proyecto_interfaces__rosidl_typesupport_fastrtps_c[0m
[ 72%] [32mBuilding CXX object CMakeFiles/proyecto_interfaces__rosidl_typesupport_fastrtps_c.dir/rosidl_typesupport_fastrtps_c/proyecto_interfaces/srv/detail/start_perception_test__type_support_c.cpp.o[0m
[ 72%] [32mBuilding CXX object CMakeFiles/proyecto_interfaces__rosidl_typesupport_fastrtps_c.dir/rosidl_typesupport_fastrtps_c/proyecto_interfaces/srv/detail/start_navigation_test__type_support_c.cpp.o[0m
[ 74%] [32mBuilding CXX object CMakeFiles/proyecto_interfaces__rosidl_typesupport_fastrtps_c.dir/rosidl_typesupport_fastrtps_c/proyecto_interfaces/msg/detail/banner__type_support_c.cpp.o[0m
[ 76%] [32mBuilding CXX object CMakeFiles/proyecto_interfaces__rosidl_typesupport_fastrtps_c.dir/rosidl_typesupport_fastrtps_c/proyecto_interfaces/srv/detail/start_manipulation_test__type_support_c.cpp.o[0m
[ 78%] [32m[1mLinking CXX shared library libproyecto_interfaces__rosidl_typesupport_fastrtps_c.so[0m
[ 78%] Built target proyecto_interfaces__rosidl_typesupport_fastrtps_c
[35m[1mScanning dependencies of target proyecto_interfaces[0m
[ 78%] Built target proyecto_interfaces
[35m[1mScanning dependencies of target proyecto_interfaces__py[0m
[ 80%] [34m[1mGenerating Python code for ROS interfaces[0m
[ 80%] Built target proyecto_interfaces__py
[35m[1mScanning dependencies of target proyecto_interfaces__python[0m
[ 87%] [32mBuilding C object CMakeFiles/proyecto_interfaces__python.dir/rosidl_generator_py/proyecto_interfaces/srv/_start_manipulation_test_s.c.o[0m
[ 87%] [32mBuilding C object CMakeFiles/proyecto_interfaces__python.dir/rosidl_generator_py/proyecto_interfaces/msg/_banner_s.c.o[0m
[ 87%] [32mBuilding C object CMakeFiles/proyecto_interfaces__python.dir/rosidl_generator_py/proyecto_interfaces/srv/_start_perception_test_s.c.o[0m
[ 87%] [32mBuilding C object CMakeFiles/proyecto_interfaces__python.dir/rosidl_generator_py/proyecto_interfaces/srv/_start_navigation_test_s.c.o[0m
[ 89%] [32m[1mLinking C shared library rosidl_generator_py/proyecto_interfaces/libproyecto_interfaces__python.so[0m
[ 89%] Built target proyecto_interfaces__python
[35m[1mScanning dependencies of target proyecto_interfaces__rosidl_typesupport_c__pyext[0m
[35m[1mScanning dependencies of target proyecto_interfaces__rosidl_typesupport_introspection_c__pyext[0m
[35m[1mScanning dependencies of target proyecto_interfaces__rosidl_typesupport_fastrtps_c__pyext[0m
[ 90%] [32mBuilding C object CMakeFiles/proyecto_interfaces__rosidl_typesupport_introspection_c__pyext.dir/rosidl_generator_py/proyecto_interfaces/_proyecto_interfaces_s.ep.rosidl_typesupport_introspection_c.c.o[0m
[ 92%] [32mBuilding C object CMakeFiles/proyecto_interfaces__rosidl_typesupport_c__pyext.dir/rosidl_generator_py/proyecto_interfaces/_proyecto_interfaces_s.ep.rosidl_typesupport_c.c.o[0m
[ 94%] [32mBuilding C object CMakeFiles/proyecto_interfaces__rosidl_typesupport_fastrtps_c__pyext.dir/rosidl_generator_py/proyecto_interfaces/_proyecto_interfaces_s.ep.rosidl_typesupport_fastrtps_c.c.o[0m
[ 96%] [32m[1mLinking C shared library rosidl_generator_py/proyecto_interfaces/proyecto_interfaces_s__rosidl_typesupport_c.cpython-38-x86_64-linux-gnu.so[0m
[ 98%] [32m[1mLinking C shared library rosidl_generator_py/proyecto_interfaces/proyecto_interfaces_s__rosidl_typesupport_introspection_c.cpython-38-x86_64-linux-gnu.so[0m
[100%] [32m[1mLinking CXX shared library rosidl_generator_py/proyecto_interfaces/proyecto_interfaces_s__rosidl_typesupport_fastrtps_c.cpython-38-x86_64-linux-gnu.so[0m
[100%] Built target proyecto_interfaces__rosidl_typesupport_c__pyext
[100%] Built target proyecto_interfaces__rosidl_typesupport_introspection_c__pyext
[100%] Built target proyecto_interfaces__rosidl_typesupport_fastrtps_c__pyext
-- Install configuration: ""
-- Installing: /home/snowartz/proyecto_final_ws/install/proyecto_interfaces/share/ament_index/resource_index/rosidl_interfaces/proyecto_interfaces
-- Installing: /home/snowartz/proyecto_final_ws/install/proyecto_interfaces/include/proyecto_interfaces
-- Installing: /home/snowartz/proyecto_final_ws/install/proyecto_interfaces/include/proyecto_interfaces/srv
-- Installing: /home/snowartz/proyecto_final_ws/install/proyecto_interfaces/include/proyecto_interfaces/srv/start_navigation_test.h
-- Installing: /home/snowartz/proyecto_final_ws/install/proyecto_interfaces/include/proyecto_interfaces/srv/start_manipulation_test.h
-- Installing: /home/snowartz/proyecto_final_ws/install/proyecto_interfaces/include/proyecto_interfaces/srv/start_perception_test.h
-- Installing: /home/snowartz/proyecto_final_ws/install/proyecto_interfaces/include/proyecto_interfaces/srv/detail
-- Installing: /home/snowartz/proyecto_final_ws/install/proyecto_interfaces/include/proyecto_interfaces/srv/detail/start_manipulation_test__type_support.h
-- Installing: /home/snowartz/proyecto_final_ws/install/proyecto_interfaces/include/proyecto_interfaces/srv/detail/start_manipulation_test__functions.h
-- Installing: /home/snowartz/proyecto_final_ws/install/proyecto_interfaces/include/proyecto_interfaces/srv/detail/start_manipulation_test__struct.h
-- Installing: /home/snowartz/proyecto_final_ws/install/proyecto_interfaces/include/proyecto_interfaces/srv/detail/start_perception_test__functions.c
-- Installing: /home/snowartz/proyecto_final_ws/install/proyecto_interfaces/include/proyecto_interfaces/srv/detail/start_perception_test__functions.h
-- Installing: /home/snowartz/proyecto_final_ws/install/proyecto_interfaces/include/proyecto_interfaces/srv/detail/start_perception_test__type_support.h
-- Installing: /home/snowartz/proyecto_final_ws/install/proyecto_interfaces/include/proyecto_interfaces/srv/detail/start_navigation_test__type_support.h
-- Installing: /home/snowartz/proyecto_final_ws/install/proyecto_interfaces/include/proyecto_interfaces/srv/detail/start_navigation_test__functions.c
-- Installing: /home/snowartz/proyecto_final_ws/install/proyecto_interfaces/include/proyecto_interfaces/srv/detail/start_perception_test__struct.h
-- Installing: /home/snowartz/proyecto_final_ws/install/proyecto_interfaces/include/proyecto_interfaces/srv/detail/start_navigation_test__struct.h
-- Installing: /home/snowartz/proyecto_final_ws/install/proyecto_interfaces/include/proyecto_interfaces/srv/detail/start_manipulation_test__functions.c
-- Installing: /home/snowartz/proyecto_final_ws/install/proyecto_interfaces/include/proyecto_interfaces/srv/detail/start_navigation_test__functions.h
-- Installing: /home/snowartz/proyecto_final_ws/install/proyecto_interfaces/include/proyecto_interfaces/msg
-- Installing: /home/snowartz/proyecto_final_ws/install/proyecto_interfaces/include/proyecto_interfaces/msg/banner.h
-- Installing: /home/snowartz/proyecto_final_ws/install/proyecto_interfaces/include/proyecto_interfaces/msg/detail
-- Installing: /home/snowartz/proyecto_final_ws/install/proyecto_interfaces/include/proyecto_interfaces/msg/detail/banner__type_support.h
-- Installing: /home/snowartz/proyecto_final_ws/install/proyecto_interfaces/include/proyecto_interfaces/msg/detail/banner__functions.h
-- Installing: /home/snowartz/proyecto_final_ws/install/proyecto_interfaces/include/proyecto_interfaces/msg/detail/banner__struct.h
-- Installing: /home/snowartz/proyecto_final_ws/install/proyecto_interfaces/include/proyecto_interfaces/msg/detail/banner__functions.c
-- Installing: /home/snowartz/proyecto_final_ws/install/proyecto_interfaces/include/proyecto_interfaces/msg/rosidl_generator_c__visibility_control.h
-- Installing: /home/snowartz/proyecto_final_ws/install/proyecto_interfaces/share/proyecto_interfaces/environment/library_path.sh
-- Installing: /home/snowartz/proyecto_final_ws/install/proyecto_interfaces/share/proyecto_interfaces/environment/library_path.dsv
-- Installing: /home/snowartz/proyecto_final_ws/install/proyecto_interfaces/lib/libproyecto_interfaces__rosidl_generator_c.so
-- Set runtime path of "/home/snowartz/proyecto_final_ws/install/proyecto_interfaces/lib/libproyecto_interfaces__rosidl_generator_c.so" to ""
-- Up-to-date: /home/snowartz/proyecto_final_ws/install/proyecto_interfaces/include/proyecto_interfaces
-- Up-to-date: /home/snowartz/proyecto_final_ws/install/proyecto_interfaces/include/proyecto_interfaces/srv
-- Up-to-date: /home/snowartz/proyecto_final_ws/install/proyecto_interfaces/include/proyecto_interfaces/srv/detail
-- Installing: /home/snowartz/proyecto_final_ws/install/proyecto_interfaces/include/proyecto_interfaces/srv/detail/start_perception_test__type_support.c
-- Installing: /home/snowartz/proyecto_final_ws/install/proyecto_interfaces/include/proyecto_interfaces/srv/detail/start_perception_test__rosidl_typesupport_introspection_c.h
-- Installing: /home/snowartz/proyecto_final_ws/install/proyecto_interfaces/include/proyecto_interfaces/srv/detail/start_navigation_test__type_support.c
-- Installing: /home/snowartz/proyecto_final_ws/install/proyecto_interfaces/include/proyecto_interfaces/srv/detail/start_manipulation_test__rosidl_typesupport_introspection_c.h
-- Installing: /home/snowartz/proyecto_final_ws/install/proyecto_interfaces/include/proyecto_interfaces/srv/detail/start_navigation_test__rosidl_typesupport_introspection_c.h
-- Installing: /home/snowartz/proyecto_final_ws/install/proyecto_interfaces/include/proyecto_interfaces/srv/detail/start_manipulation_test__type_support.c
-- Up-to-date: /home/snowartz/proyecto_final_ws/install/proyecto_interfaces/include/proyecto_interfaces/msg
-- Up-to-date: /home/snowartz/proyecto_final_ws/install/proyecto_interfaces/include/proyecto_interfaces/msg/detail
-- Installing: /home/snowartz/proyecto_final_ws/install/proyecto_interfaces/include/proyecto_interfaces/msg/detail/banner__type_support.c
-- Installing: /home/snowartz/proyecto_final_ws/install/proyecto_interfaces/include/proyecto_interfaces/msg/detail/banner__rosidl_typesupport_introspection_c.h
-- Installing: /home/snowartz/proyecto_final_ws/install/proyecto_interfaces/include/proyecto_interfaces/msg/rosidl_typesupport_introspection_c__visibility_control.h
-- Installing: /home/snowartz/proyecto_final_ws/install/proyecto_interfaces/lib/libproyecto_interfaces__rosidl_typesupport_introspection_c.so
-- Set runtime path of "/home/snowartz/proyecto_final_ws/install/proyecto_interfaces/lib/libproyecto_interfaces__rosidl_typesupport_introspection_c.so" to ""
-- Up-to-date: /home/snowartz/proyecto_final_ws/install/proyecto_interfaces/include/proyecto_interfaces
-- Up-to-date: /home/snowartz/proyecto_final_ws/install/proyecto_interfaces/include/proyecto_interfaces/srv
-- Up-to-date: /home/snowartz/proyecto_final_ws/install/proyecto_interfaces/include/proyecto_interfaces/srv/detail
-- Installing: /home/snowartz/proyecto_final_ws/install/proyecto_interfaces/include/proyecto_interfaces/srv/detail/start_navigation_test__rosidl_typesupport_fastrtps_c.h
-- Installing: /home/snowartz/proyecto_final_ws/install/proyecto_interfaces/include/proyecto_interfaces/srv/detail/start_manipulation_test__rosidl_typesupport_fastrtps_c.h
-- Installing: /home/snowartz/proyecto_final_ws/install/proyecto_interfaces/include/proyecto_interfaces/srv/detail/start_perception_test__rosidl_typesupport_fastrtps_c.h
-- Up-to-date: /home/snowartz/proyecto_final_ws/install/proyecto_interfaces/include/proyecto_interfaces/msg
-- Up-to-date: /home/snowartz/proyecto_final_ws/install/proyecto_interfaces/include/proyecto_interfaces/msg/detail
-- Installing: /home/snowartz/proyecto_final_ws/install/proyecto_interfaces/include/proyecto_interfaces/msg/detail/banner__rosidl_typesupport_fastrtps_c.h
-- Installing: /home/snowartz/proyecto_final_ws/install/proyecto_interfaces/include/proyecto_interfaces/msg/rosidl_typesupport_fastrtps_c__visibility_control.h
-- Installing: /home/snowartz/proyecto_final_ws/install/proyecto_interfaces/lib/libproyecto_interfaces__rosidl_typesupport_fastrtps_c.so
-- Set runtime path of "/home/snowartz/proyecto_final_ws/install/proyecto_interfaces/lib/libproyecto_interfaces__rosidl_typesupport_fastrtps_c.so" to ""
-- Up-to-date: /home/snowartz/proyecto_final_ws/install/proyecto_interfaces/include/proyecto_interfaces
-- Up-to-date: /home/snowartz/proyecto_final_ws/install/proyecto_interfaces/include/proyecto_interfaces/srv
-- Up-to-date: /home/snowartz/proyecto_final_ws/install/proyecto_interfaces/include/proyecto_interfaces/srv/detail
-- Installing: /home/snowartz/proyecto_final_ws/install/proyecto_interfaces/include/proyecto_interfaces/srv/detail/start_manipulation_test__rosidl_typesupport_fastrtps_cpp.hpp
-- Installing: /home/snowartz/proyecto_final_ws/install/proyecto_interfaces/include/proyecto_interfaces/srv/detail/start_perception_test__rosidl_typesupport_fastrtps_cpp.hpp
-- Installing: /home/snowartz/proyecto_final_ws/install/proyecto_interfaces/include/proyecto_interfaces/srv/detail/dds_fastrtps
-- Installing: /home/snowartz/proyecto_final_ws/install/proyecto_interfaces/include/proyecto_interfaces/srv/detail/start_navigation_test__rosidl_typesupport_fastrtps_cpp.hpp
-- Up-to-date: /home/snowartz/proyecto_final_ws/install/proyecto_interfaces/include/proyecto_interfaces/msg
-- Installing: /home/snowartz/proyecto_final_ws/install/proyecto_interfaces/include/proyecto_interfaces/msg/rosidl_typesupport_fastrtps_cpp__visibility_control.h
-- Up-to-date: /home/snowartz/proyecto_final_ws/install/proyecto_interfaces/include/proyecto_interfaces/msg/detail
-- Installing: /home/snowartz/proyecto_final_ws/install/proyecto_interfaces/include/proyecto_interfaces/msg/detail/dds_fastrtps
-- Installing: /home/snowartz/proyecto_final_ws/install/proyecto_interfaces/include/proyecto_interfaces/msg/detail/banner__rosidl_typesupport_fastrtps_cpp.hpp
-- Installing: /home/snowartz/proyecto_final_ws/install/proyecto_interfaces/lib/libproyecto_interfaces__rosidl_typesupport_fastrtps_cpp.so
-- Set runtime path of "/home/snowartz/proyecto_final_ws/install/proyecto_interfaces/lib/libproyecto_interfaces__rosidl_typesupport_fastrtps_cpp.so" to ""
-- Installing: /home/snowartz/proyecto_final_ws/install/proyecto_interfaces/lib/libproyecto_interfaces__rosidl_typesupport_c.so
-- Set runtime path of "/home/snowartz/proyecto_final_ws/install/proyecto_interfaces/lib/libproyecto_interfaces__rosidl_typesupport_c.so" to ""
-- Up-to-date: /home/snowartz/proyecto_final_ws/install/proyecto_interfaces/include/proyecto_interfaces
-- Up-to-date: /home/snowartz/proyecto_final_ws/install/proyecto_interfaces/include/proyecto_interfaces/srv
-- Installing: /home/snowartz/proyecto_final_ws/install/proyecto_interfaces/include/proyecto_interfaces/srv/start_perception_test.hpp
-- Installing: /home/snowartz/proyecto_final_ws/install/proyecto_interfaces/include/proyecto_interfaces/srv/start_navigation_test.hpp
-- Up-to-date: /home/snowartz/proyecto_final_ws/install/proyecto_interfaces/include/proyecto_interfaces/srv/detail
-- Installing: /home/snowartz/proyecto_final_ws/install/proyecto_interfaces/include/proyecto_interfaces/srv/detail/start_perception_test__builder.hpp
-- Installing: /home/snowartz/proyecto_final_ws/install/proyecto_interfaces/include/proyecto_interfaces/srv/detail/start_manipulation_test__traits.hpp
-- Installing: /home/snowartz/proyecto_final_ws/install/proyecto_interfaces/include/proyecto_interfaces/srv/detail/start_perception_test__traits.hpp
-- Installing: /home/snowartz/proyecto_final_ws/install/proyecto_interfaces/include/proyecto_interfaces/srv/detail/start_perception_test__struct.hpp
-- Installing: /home/snowartz/proyecto_final_ws/install/proyecto_interfaces/include/proyecto_interfaces/srv/detail/start_navigation_test__builder.hpp
-- Installing: /home/snowartz/proyecto_final_ws/install/proyecto_interfaces/include/proyecto_interfaces/srv/detail/start_navigation_test__traits.hpp
-- Installing: /home/snowartz/proyecto_final_ws/install/proyecto_interfaces/include/proyecto_interfaces/srv/detail/start_navigation_test__struct.hpp
-- Installing: /home/snowartz/proyecto_final_ws/install/proyecto_interfaces/include/proyecto_interfaces/srv/detail/start_manipulation_test__struct.hpp
-- Installing: /home/snowartz/proyecto_final_ws/install/proyecto_interfaces/include/proyecto_interfaces/srv/detail/start_manipulation_test__builder.hpp
-- Installing: /home/snowartz/proyecto_final_ws/install/proyecto_interfaces/include/proyecto_interfaces/srv/start_manipulation_test.hpp
-- Up-to-date: /home/snowartz/proyecto_final_ws/install/proyecto_interfaces/include/proyecto_interfaces/msg
-- Installing: /home/snowartz/proyecto_final_ws/install/proyecto_interfaces/include/proyecto_interfaces/msg/banner.hpp
-- Up-to-date: /home/snowartz/proyecto_final_ws/install/proyecto_interfaces/include/proyecto_interfaces/msg/detail
-- Installing: /home/snowartz/proyecto_final_ws/install/proyecto_interfaces/include/proyecto_interfaces/msg/detail/banner__traits.hpp
-- Installing: /home/snowartz/proyecto_final_ws/install/proyecto_interfaces/include/proyecto_interfaces/msg/detail/banner__struct.hpp
-- Installing: /home/snowartz/proyecto_final_ws/install/proyecto_interfaces/include/proyecto_interfaces/msg/detail/banner__builder.hpp
-- Up-to-date: /home/snowartz/proyecto_final_ws/install/proyecto_interfaces/include/proyecto_interfaces
-- Up-to-date: /home/snowartz/proyecto_final_ws/install/proyecto_interfaces/include/proyecto_interfaces/srv
-- Up-to-date: /home/snowartz/proyecto_final_ws/install/proyecto_interfaces/include/proyecto_interfaces/srv/detail
-- Installing: /home/snowartz/proyecto_final_ws/install/proyecto_interfaces/include/proyecto_interfaces/srv/detail/start_navigation_test__rosidl_typesupport_introspection_cpp.hpp
-- Installing: /home/snowartz/proyecto_final_ws/install/proyecto_interfaces/include/proyecto_interfaces/srv/detail/start_manipulation_test__type_support.cpp
-- Installing: /home/snowartz/proyecto_final_ws/install/proyecto_interfaces/include/proyecto_interfaces/srv/detail/start_manipulation_test__rosidl_typesupport_introspection_cpp.hpp
-- Installing: /home/snowartz/proyecto_final_ws/install/proyecto_interfaces/include/proyecto_interfaces/srv/detail/start_navigation_test__type_support.cpp
-- Installing: /home/snowartz/proyecto_final_ws/install/proyecto_interfaces/include/proyecto_interfaces/srv/detail/start_perception_test__type_support.cpp
-- Installing: /home/snowartz/proyecto_final_ws/install/proyecto_interfaces/include/proyecto_interfaces/srv/detail/start_perception_test__rosidl_typesupport_introspection_cpp.hpp
-- Up-to-date: /home/snowartz/proyecto_final_ws/install/proyecto_interfaces/include/proyecto_interfaces/msg
-- Up-to-date: /home/snowartz/proyecto_final_ws/install/proyecto_interfaces/include/proyecto_interfaces/msg/detail
-- Installing: /home/snowartz/proyecto_final_ws/install/proyecto_interfaces/include/proyecto_interfaces/msg/detail/banner__type_support.cpp
-- Installing: /home/snowartz/proyecto_final_ws/install/proyecto_interfaces/include/proyecto_interfaces/msg/detail/banner__rosidl_typesupport_introspection_cpp.hpp
-- Installing: /home/snowartz/proyecto_final_ws/install/proyecto_interfaces/lib/libproyecto_interfaces__rosidl_typesupport_introspection_cpp.so
-- Set runtime path of "/home/snowartz/proyecto_final_ws/install/proyecto_interfaces/lib/libproyecto_interfaces__rosidl_typesupport_introspection_cpp.so" to ""
-- Installing: /home/snowartz/proyecto_final_ws/install/proyecto_interfaces/lib/libproyecto_interfaces__rosidl_typesupport_cpp.so
-- Set runtime path of "/home/snowartz/proyecto_final_ws/install/proyecto_interfaces/lib/libproyecto_interfaces__rosidl_typesupport_cpp.so" to ""
-- Installing: /home/snowartz/proyecto_final_ws/install/proyecto_interfaces/share/proyecto_interfaces/environment/pythonpath.sh
-- Installing: /home/snowartz/proyecto_final_ws/install/proyecto_interfaces/share/proyecto_interfaces/environment/pythonpath.dsv
-- Installing: /home/snowartz/proyecto_final_ws/install/proyecto_interfaces/lib/python3.8/site-packages/proyecto_interfaces/__init__.py
Compiling '/home/snowartz/proyecto_final_ws/install/proyecto_interfaces/lib/python3.8/site-packages/proyecto_interfaces/__init__.py'...
-- Installing: /home/snowartz/proyecto_final_ws/install/proyecto_interfaces/lib/python3.8/site-packages/proyecto_interfaces/msg
-- Installing: /home/snowartz/proyecto_final_ws/install/proyecto_interfaces/lib/python3.8/site-packages/proyecto_interfaces/msg/__init__.py
-- Installing: /home/snowartz/proyecto_final_ws/install/proyecto_interfaces/lib/python3.8/site-packages/proyecto_interfaces/msg/_banner.py
-- Installing: /home/snowartz/proyecto_final_ws/install/proyecto_interfaces/lib/python3.8/site-packages/proyecto_interfaces/msg/_banner_s.c
-- Installing: /home/snowartz/proyecto_final_ws/install/proyecto_interfaces/lib/python3.8/site-packages/proyecto_interfaces/srv
-- Installing: /home/snowartz/proyecto_final_ws/install/proyecto_interfaces/lib/python3.8/site-packages/proyecto_interfaces/srv/__init__.py
-- Installing: /home/snowartz/proyecto_final_ws/install/proyecto_interfaces/lib/python3.8/site-packages/proyecto_interfaces/srv/_start_perception_test.py
-- Installing: /home/snowartz/proyecto_final_ws/install/proyecto_interfaces/lib/python3.8/site-packages/proyecto_interfaces/srv/_start_manipulation_test_s.c
-- Installing: /home/snowartz/proyecto_final_ws/install/proyecto_interfaces/lib/python3.8/site-packages/proyecto_interfaces/srv/_start_navigation_test_s.c
-- Installing: /home/snowartz/proyecto_final_ws/install/proyecto_interfaces/lib/python3.8/site-packages/proyecto_interfaces/srv/_start_manipulation_test.py
-- Installing: /home/snowartz/proyecto_final_ws/install/proyecto_interfaces/lib/python3.8/site-packages/proyecto_interfaces/srv/_start_navigation_test.py
-- Installing: /home/snowartz/proyecto_final_ws/install/proyecto_interfaces/lib/python3.8/site-packages/proyecto_interfaces/srv/_start_perception_test_s.c
-- Installing: /home/snowartz/proyecto_final_ws/install/proyecto_interfaces/lib/python3.8/site-packages/proyecto_interfaces/proyecto_interfaces_s__rosidl_typesupport_introspection_c.cpython-38-x86_64-linux-gnu.so
-- Set runtime path of "/home/snowartz/proyecto_final_ws/install/proyecto_interfaces/lib/python3.8/site-packages/proyecto_interfaces/proyecto_interfaces_s__rosidl_typesupport_introspection_c.cpython-38-x86_64-linux-gnu.so" to ""
-- Installing: /home/snowartz/proyecto_final_ws/install/proyecto_interfaces/lib/python3.8/site-packages/proyecto_interfaces/proyecto_interfaces_s__rosidl_typesupport_fastrtps_c.cpython-38-x86_64-linux-gnu.so
-- Set runtime path of "/home/snowartz/proyecto_final_ws/install/proyecto_interfaces/lib/python3.8/site-packages/proyecto_interfaces/proyecto_interfaces_s__rosidl_typesupport_fastrtps_c.cpython-38-x86_64-linux-gnu.so" to ""
-- Installing: /home/snowartz/proyecto_final_ws/install/proyecto_interfaces/lib/python3.8/site-packages/proyecto_interfaces/proyecto_interfaces_s__rosidl_typesupport_c.cpython-38-x86_64-linux-gnu.so
-- Set runtime path of "/home/snowartz/proyecto_final_ws/install/proyecto_interfaces/lib/python3.8/site-packages/proyecto_interfaces/proyecto_interfaces_s__rosidl_typesupport_c.cpython-38-x86_64-linux-gnu.so" to ""
-- Installing: /home/snowartz/proyecto_final_ws/install/proyecto_interfaces/lib/libproyecto_interfaces__python.so
-- Set runtime path of "/home/snowartz/proyecto_final_ws/install/proyecto_interfaces/lib/libproyecto_interfaces__python.so" to ""
-- Installing: /home/snowartz/proyecto_final_ws/install/proyecto_interfaces/share/proyecto_interfaces/msg/Banner.idl
-- Installing: /home/snowartz/proyecto_final_ws/install/proyecto_interfaces/share/proyecto_interfaces/srv/StartNavigationTest.idl
-- Installing: /home/snowartz/proyecto_final_ws/install/proyecto_interfaces/share/proyecto_interfaces/srv/StartPerceptionTest.idl
-- Installing: /home/snowartz/proyecto_final_ws/install/proyecto_interfaces/share/proyecto_interfaces/srv/StartManipulationTest.idl
-- Installing: /home/snowartz/proyecto_final_ws/install/proyecto_interfaces/share/proyecto_interfaces/msg/Banner.msg
-- Installing: /home/snowartz/proyecto_final_ws/install/proyecto_interfaces/share/proyecto_interfaces/srv/StartNavigationTest.srv
-- Installing: /home/snowartz/proyecto_final_ws/install/proyecto_interfaces/share/proyecto_interfaces/srv/StartNavigationTest_Request.msg
-- Installing: /home/snowartz/proyecto_final_ws/install/proyecto_interfaces/share/proyecto_interfaces/srv/StartNavigationTest_Response.msg
-- Installing: /home/snowartz/proyecto_final_ws/install/proyecto_interfaces/share/proyecto_interfaces/srv/StartPerceptionTest.srv
-- Installing: /home/snowartz/proyecto_final_ws/install/proyecto_interfaces/share/proyecto_interfaces/srv/StartPerceptionTest_Request.msg
-- Installing: /home/snowartz/proyecto_final_ws/install/proyecto_interfaces/share/proyecto_interfaces/srv/StartPerceptionTest_Response.msg
-- Installing: /home/snowartz/proyecto_final_ws/install/proyecto_interfaces/share/proyecto_interfaces/srv/StartManipulationTest.srv
-- Installing: /home/snowartz/proyecto_final_ws/install/proyecto_interfaces/share/proyecto_interfaces/srv/StartManipulationTest_Request.msg
-- Installing: /home/snowartz/proyecto_final_ws/install/proyecto_interfaces/share/proyecto_interfaces/srv/StartManipulationTest_Response.msg
-- Installing: /home/snowartz/proyecto_final_ws/install/proyecto_interfaces/share/ament_index/resource_index/package_run_dependencies/proyecto_interfaces
-- Installing: /home/snowartz/proyecto_final_ws/install/proyecto_interfaces/share/ament_index/resource_index/parent_prefix_path/proyecto_interfaces
-- Installing: /home/snowartz/proyecto_final_ws/install/proyecto_interfaces/share/proyecto_interfaces/environment/ament_prefix_path.sh
-- Installing: /home/snowartz/proyecto_final_ws/install/proyecto_interfaces/share/proyecto_interfaces/environment/ament_prefix_path.dsv
-- Installing: /home/snowartz/proyecto_final_ws/install/proyecto_interfaces/share/proyecto_interfaces/environment/path.sh
-- Installing: /home/snowartz/proyecto_final_ws/install/proyecto_interfaces/share/proyecto_interfaces/environment/path.dsv
-- Installing: /home/snowartz/proyecto_final_ws/install/proyecto_interfaces/share/proyecto_interfaces/local_setup.bash
-- Installing: /home/snowartz/proyecto_final_ws/install/proyecto_interfaces/share/proyecto_interfaces/local_setup.sh
-- Installing: /home/snowartz/proyecto_final_ws/install/proyecto_interfaces/share/proyecto_interfaces/local_setup.zsh
-- Installing: /home/snowartz/proyecto_final_ws/install/proyecto_interfaces/share/proyecto_interfaces/local_setup.dsv
-- Installing: /home/snowartz/proyecto_final_ws/install/proyecto_interfaces/share/proyecto_interfaces/package.dsv
-- Installing: /home/snowartz/proyecto_final_ws/install/proyecto_interfaces/share/ament_index/resource_index/packages/proyecto_interfaces
-- Installing: /home/snowartz/proyecto_final_ws/install/proyecto_interfaces/share/proyecto_interfaces/cmake/proyecto_interfaces__rosidl_generator_cExport.cmake
-- Installing: /home/snowartz/proyecto_final_ws/install/proyecto_interfaces/share/proyecto_interfaces/cmake/proyecto_interfaces__rosidl_generator_cExport-noconfig.cmake
-- Installing: /home/snowartz/proyecto_final_ws/install/proyecto_interfaces/share/proyecto_interfaces/cmake/proyecto_interfaces__rosidl_typesupport_introspection_cExport.cmake
-- Installing: /home/snowartz/proyecto_final_ws/install/proyecto_interfaces/share/proyecto_interfaces/cmake/proyecto_interfaces__rosidl_typesupport_introspection_cExport-noconfig.cmake
-- Installing: /home/snowartz/proyecto_final_ws/install/proyecto_interfaces/share/proyecto_interfaces/cmake/proyecto_interfaces__rosidl_typesupport_cExport.cmake
-- Installing: /home/snowartz/proyecto_final_ws/install/proyecto_interfaces/share/proyecto_interfaces/cmake/proyecto_interfaces__rosidl_typesupport_cExport-noconfig.cmake
-- Installing: /home/snowartz/proyecto_final_ws/install/proyecto_interfaces/share/proyecto_interfaces/cmake/proyecto_interfaces__rosidl_generator_cppExport.cmake
-- Installing: /home/snowartz/proyecto_final_ws/install/proyecto_interfaces/share/proyecto_interfaces/cmake/proyecto_interfaces__rosidl_typesupport_introspection_cppExport.cmake
-- Installing: /home/snowartz/proyecto_final_ws/install/proyecto_interfaces/share/proyecto_interfaces/cmake/proyecto_interfaces__rosidl_typesupport_introspection_cppExport-noconfig.cmake
-- Installing: /home/snowartz/proyecto_final_ws/install/proyecto_interfaces/share/proyecto_interfaces/cmake/proyecto_interfaces__rosidl_typesupport_cppExport.cmake
-- Installing: /home/snowartz/proyecto_final_ws/install/proyecto_interfaces/share/proyecto_interfaces/cmake/proyecto_interfaces__rosidl_typesupport_cppExport-noconfig.cmake
-- Installing: /home/snowartz/proyecto_final_ws/install/proyecto_interfaces/share/proyecto_interfaces/cmake/rosidl_cmake-extras.cmake
-- Installing: /home/snowartz/proyecto_final_ws/install/proyecto_interfaces/share/proyecto_interfaces/cmake/ament_cmake_export_dependencies-extras.cmake
-- Installing: /home/snowartz/proyecto_final_ws/install/proyecto_interfaces/share/proyecto_interfaces/cmake/ament_cmake_export_libraries-extras.cmake
-- Installing: /home/snowartz/proyecto_final_ws/install/proyecto_interfaces/share/proyecto_interfaces/cmake/ament_cmake_export_targets-extras.cmake
-- Installing: /home/snowartz/proyecto_final_ws/install/proyecto_interfaces/share/proyecto_interfaces/cmake/ament_cmake_export_include_directories-extras.cmake
-- Installing: /home/snowartz/proyecto_final_ws/install/proyecto_interfaces/share/proyecto_interfaces/cmake/rosidl_cmake_export_typesupport_targets-extras.cmake
-- Installing: /home/snowartz/proyecto_final_ws/install/proyecto_interfaces/share/proyecto_interfaces/cmake/rosidl_cmake_export_typesupport_libraries-extras.cmake
-- Installing: /home/snowartz/proyecto_final_ws/install/proyecto_interfaces/share/proyecto_interfaces/cmake/proyecto_interfacesConfig.cmake
-- Installing: /home/snowartz/proyecto_final_ws/install/proyecto_interfaces/share/proyecto_interfaces/cmake/proyecto_interfacesConfig-version.cmake
-- Installing: /home/snowartz/proyecto_final_ws/install/proyecto_interfaces/share/proyecto_interfaces/package.xml
