[0.048s] Invoking command in '/home/snowartz/proyecto_final_ws/build/proyecto_interfaces': CMAKE_PREFIX_PATH=${CMAKE_PREFIX_PATH}:/home/snowartz/ros2_foxy/install/ros2bag:/home/snowartz/ros2_foxy/install/tracetools_launch:/home/snowartz/ros2_foxy/install/topic_monitor:/home/snowartz/ros2_foxy/install/examples_tf2_py:/home/snowartz/ros2_foxy/install/sros2:/home/snowartz/ros2_foxy/install/rqt_topic:/home/snowartz/ros2_foxy/install/rqt_top:/home/snowartz/ros2_foxy/install/rqt_srv:/home/snowartz/ros2_foxy/install/rqt_shell:/home/snowartz/ros2_foxy/install/rqt_service_caller:/home/snowartz/ros2_foxy/install/rqt_reconfigure:/home/snowartz/ros2_foxy/install/rqt_py_console:/home/snowartz/ros2_foxy/install/rqt_publisher:/home/snowartz/ros2_foxy/install/rqt_plot:/home/snowartz/ros2_foxy/install/rqt_action:/home/snowartz/ros2_foxy/install/rqt_msg:/home/snowartz/ros2_foxy/install/rqt_console:/home/snowartz/ros2_foxy/install/rqt:/home/snowartz/ros2_foxy/install/rqt_graph:/home/snowartz/ros2_foxy/install/rqt_gui_py:/home/snowartz/ros2_foxy/install/rqt_gui:/home/snowartz/ros2_foxy/install/ros2trace:/home/snowartz/ros2_foxy/install/ros2topic:/home/snowartz/ros2_foxy/install/ros2test:/home/snowartz/ros2_foxy/install/ros2component:/home/snowartz/ros2_foxy/install/ros2param:/home/snowartz/ros2_foxy/install/ros2lifecycle:/home/snowartz/ros2_foxy/install/ros2service:/home/snowartz/ros2_foxy/install/ros2run:/home/snowartz/ros2_foxy/install/ros2launch:/home/snowartz/ros2_foxy/install/ros2pkg:/home/snowartz/ros2_foxy/install/ros2node:/home/snowartz/ros2_foxy/install/ros2multicast:/home/snowartz/ros2_foxy/install/ros2interface:/home/snowartz/ros2_foxy/install/ros2doctor:/home/snowartz/ros2_foxy/install/ros2action:/home/snowartz/ros2_foxy/install/ros2cli:/home/snowartz/ros2_foxy/install/quality_of_service_demo_py:/home/snowartz/ros2_foxy/install/launch_testing_ros:/home/snowartz/ros2_foxy/install/launch_ros:/home/snowartz/ros2_foxy/install/examples_rclpy_minimal_subscriber:/home/snowartz/ros2_foxy/install/examples_rclpy_minimal_service:/home/snowartz/ros2_foxy/install/examples_rclpy_minimal_publisher:/home/snowartz/ros2_foxy/install/examples_rclpy_minimal_client:/home/snowartz/ros2_foxy/install/examples_rclpy_minimal_action_server:/home/snowartz/ros2_foxy/install/examples_rclpy_minimal_action_client:/home/snowartz/ros2_foxy/install/examples_rclpy_executors:/home/snowartz/ros2_foxy/install/demo_nodes_py:/home/snowartz/ros2_foxy/install/action_tutorials_py:/home/snowartz/ros2_foxy/install/ament_uncrustify:/home/snowartz/ros2_foxy/install/tracetools_trace:/home/snowartz/ros2_foxy/install/tracetools_read:/home/snowartz/ros2_foxy/install/test_launch_ros:/home/snowartz/ros2_foxy/install/sensor_msgs_py:/home/snowartz/ros2_foxy/install/rpyutils:/home/snowartz/ros2_foxy/install/rosidl_runtime_py:/home/snowartz/ros2_foxy/install/launch_yaml:/home/snowartz/ros2_foxy/install/launch_xml:/home/snowartz/ros2_foxy/install/launch_testing:/home/snowartz/ros2_foxy/install/launch:/home/snowartz/ros2_foxy/install/osrf_pycommon:/home/snowartz/ros2_foxy/install/domain_coordinator:/home/snowartz/ros2_foxy/install/ament_xmllint:/home/snowartz/ros2_foxy/install/ament_pyflakes:/home/snowartz/ros2_foxy/install/ament_pycodestyle:/home/snowartz/ros2_foxy/install/ament_pep257:/home/snowartz/ros2_foxy/install/ament_pclint:/home/snowartz/ros2_foxy/install/ament_package:/home/snowartz/ros2_foxy/install/ament_mypy:/home/snowartz/ros2_foxy/install/ament_lint_cmake:/home/snowartz/ros2_foxy/install/ament_flake8:/home/snowartz/ros2_foxy/install/ament_copyright:/home/snowartz/ros2_foxy/install/ament_lint:/home/snowartz/ros2_foxy/install/ament_index_python:/home/snowartz/ros2_foxy/install/ament_cpplint:/home/snowartz/ros2_foxy/install/ament_cppcheck:/home/snowartz/ros2_foxy/install/ament_clang_tidy:/home/snowartz/ros2_foxy/install/ament_clang_format /usr/bin/cmake /home/snowartz/proyecto_final_ws/src/proyecto_interfaces -DCMAKE_INSTALL_PREFIX=/home/snowartz/proyecto_final_ws/install/proyecto_interfaces
[0.085s] -- Found ament_cmake: 0.9.11 (/home/snowartz/ros2_foxy/install/ament_cmake/share/ament_cmake/cmake)
[0.481s] -- Using PYTHON_EXECUTABLE: /usr/bin/python3
[1.139s] -- Found rosidl_default_generators: 1.0.1 (/home/snowartz/ros2_foxy/install/rosidl_default_generators/share/rosidl_default_generators/cmake)
[1.298s] -- Using all available rosidl_typesupport_c: rosidl_typesupport_introspection_c;rosidl_typesupport_fastrtps_c
[1.340s] -- Found rosidl_adapter: 1.3.0 (/home/snowartz/ros2_foxy/install/rosidl_adapter/share/rosidl_adapter/cmake)
[1.740s] -- Found OpenSSL: /usr/lib/x86_64-linux-gnu/libcrypto.so (found version "1.1.1f")  
[1.808s] -- Found FastRTPS: /home/snowartz/ros2_foxy/install/fastrtps/include  
[2.016s] -- Using all available rosidl_typesupport_cpp: rosidl_typesupport_introspection_cpp;rosidl_typesupport_fastrtps_cpp
[2.425s] -- Found PythonInterp: /usr/bin/python3 (found version "3.8.10") 
[3.451s] -- Found ament_cmake_ros: 0.9.2 (/home/snowartz/ros2_foxy/install/ament_cmake_ros/share/ament_cmake_ros/cmake)
[3.892s] -- Using all available rosidl_typesupport_c: rosidl_typesupport_introspection_c;rosidl_typesupport_fastrtps_c
[4.032s] -- Using all available rosidl_typesupport_cpp: rosidl_typesupport_introspection_cpp;rosidl_typesupport_fastrtps_cpp
[4.465s] -- Found PythonInterp: /usr/bin/python3 (found suitable version "3.8.10", minimum required is "3.5") 
[4.485s] -- Found python_cmake_module: 0.8.1 (/home/snowartz/ros2_foxy/install/python_cmake_module/share/python_cmake_module/cmake)
[4.868s] -- Found PythonLibs: /usr/lib/x86_64-linux-gnu/libpython3.8.so (found suitable version "3.8.10", minimum required is "3.5") 
[4.868s] -- Using PYTHON_EXECUTABLE: /usr/bin/python3
[4.868s] -- Using PYTHON_INCLUDE_DIRS: /usr/include/python3.8
[4.869s] -- Using PYTHON_LIBRARIES: /usr/lib/x86_64-linux-gnu/libpython3.8.so
[5.246s] -- Found PythonExtra: .so  
[6.107s] -- Found ament_lint_auto: 0.9.7 (/home/snowartz/ros2_foxy/install/ament_lint_auto/share/ament_lint_auto/cmake)
[6.229s] -- Added test 'copyright' to check source files copyright and LICENSE
[6.235s] -- Added test 'lint_cmake' to check CMake code style
[6.242s] -- Added test 'xmllint' to check XML markup files
[6.256s] -- Configuring done
[6.296s] -- Generating done
[6.299s] -- Build files have been written to: /home/snowartz/proyecto_final_ws/build/proyecto_interfaces
[6.306s] Invoked command in '/home/snowartz/proyecto_final_ws/build/proyecto_interfaces' returned '0': CMAKE_PREFIX_PATH=${CMAKE_PREFIX_PATH}:/home/snowartz/ros2_foxy/install/ros2bag:/home/snowartz/ros2_foxy/install/tracetools_launch:/home/snowartz/ros2_foxy/install/topic_monitor:/home/snowartz/ros2_foxy/install/examples_tf2_py:/home/snowartz/ros2_foxy/install/sros2:/home/snowartz/ros2_foxy/install/rqt_topic:/home/snowartz/ros2_foxy/install/rqt_top:/home/snowartz/ros2_foxy/install/rqt_srv:/home/snowartz/ros2_foxy/install/rqt_shell:/home/snowartz/ros2_foxy/install/rqt_service_caller:/home/snowartz/ros2_foxy/install/rqt_reconfigure:/home/snowartz/ros2_foxy/install/rqt_py_console:/home/snowartz/ros2_foxy/install/rqt_publisher:/home/snowartz/ros2_foxy/install/rqt_plot:/home/snowartz/ros2_foxy/install/rqt_action:/home/snowartz/ros2_foxy/install/rqt_msg:/home/snowartz/ros2_foxy/install/rqt_console:/home/snowartz/ros2_foxy/install/rqt:/home/snowartz/ros2_foxy/install/rqt_graph:/home/snowartz/ros2_foxy/install/rqt_gui_py:/home/snowartz/ros2_foxy/install/rqt_gui:/home/snowartz/ros2_foxy/install/ros2trace:/home/snowartz/ros2_foxy/install/ros2topic:/home/snowartz/ros2_foxy/install/ros2test:/home/snowartz/ros2_foxy/install/ros2component:/home/snowartz/ros2_foxy/install/ros2param:/home/snowartz/ros2_foxy/install/ros2lifecycle:/home/snowartz/ros2_foxy/install/ros2service:/home/snowartz/ros2_foxy/install/ros2run:/home/snowartz/ros2_foxy/install/ros2launch:/home/snowartz/ros2_foxy/install/ros2pkg:/home/snowartz/ros2_foxy/install/ros2node:/home/snowartz/ros2_foxy/install/ros2multicast:/home/snowartz/ros2_foxy/install/ros2interface:/home/snowartz/ros2_foxy/install/ros2doctor:/home/snowartz/ros2_foxy/install/ros2action:/home/snowartz/ros2_foxy/install/ros2cli:/home/snowartz/ros2_foxy/install/quality_of_service_demo_py:/home/snowartz/ros2_foxy/install/launch_testing_ros:/home/snowartz/ros2_foxy/install/launch_ros:/home/snowartz/ros2_foxy/install/examples_rclpy_minimal_subscriber:/home/snowartz/ros2_foxy/install/examples_rclpy_minimal_service:/home/snowartz/ros2_foxy/install/examples_rclpy_minimal_publisher:/home/snowartz/ros2_foxy/install/examples_rclpy_minimal_client:/home/snowartz/ros2_foxy/install/examples_rclpy_minimal_action_server:/home/snowartz/ros2_foxy/install/examples_rclpy_minimal_action_client:/home/snowartz/ros2_foxy/install/examples_rclpy_executors:/home/snowartz/ros2_foxy/install/demo_nodes_py:/home/snowartz/ros2_foxy/install/action_tutorials_py:/home/snowartz/ros2_foxy/install/ament_uncrustify:/home/snowartz/ros2_foxy/install/tracetools_trace:/home/snowartz/ros2_foxy/install/tracetools_read:/home/snowartz/ros2_foxy/install/test_launch_ros:/home/snowartz/ros2_foxy/install/sensor_msgs_py:/home/snowartz/ros2_foxy/install/rpyutils:/home/snowartz/ros2_foxy/install/rosidl_runtime_py:/home/snowartz/ros2_foxy/install/launch_yaml:/home/snowartz/ros2_foxy/install/launch_xml:/home/snowartz/ros2_foxy/install/launch_testing:/home/snowartz/ros2_foxy/install/launch:/home/snowartz/ros2_foxy/install/osrf_pycommon:/home/snowartz/ros2_foxy/install/domain_coordinator:/home/snowartz/ros2_foxy/install/ament_xmllint:/home/snowartz/ros2_foxy/install/ament_pyflakes:/home/snowartz/ros2_foxy/install/ament_pycodestyle:/home/snowartz/ros2_foxy/install/ament_pep257:/home/snowartz/ros2_foxy/install/ament_pclint:/home/snowartz/ros2_foxy/install/ament_package:/home/snowartz/ros2_foxy/install/ament_mypy:/home/snowartz/ros2_foxy/install/ament_lint_cmake:/home/snowartz/ros2_foxy/install/ament_flake8:/home/snowartz/ros2_foxy/install/ament_copyright:/home/snowartz/ros2_foxy/install/ament_lint:/home/snowartz/ros2_foxy/install/ament_index_python:/home/snowartz/ros2_foxy/install/ament_cpplint:/home/snowartz/ros2_foxy/install/ament_cppcheck:/home/snowartz/ros2_foxy/install/ament_clang_tidy:/home/snowartz/ros2_foxy/install/ament_clang_format /usr/bin/cmake /home/snowartz/proyecto_final_ws/src/proyecto_interfaces -DCMAKE_INSTALL_PREFIX=/home/snowartz/proyecto_final_ws/install/proyecto_interfaces
[6.309s] Invoking command in '/home/snowartz/proyecto_final_ws/build/proyecto_interfaces': CMAKE_PREFIX_PATH=${CMAKE_PREFIX_PATH}:/home/snowartz/ros2_foxy/install/ros2bag:/home/snowartz/ros2_foxy/install/tracetools_launch:/home/snowartz/ros2_foxy/install/topic_monitor:/home/snowartz/ros2_foxy/install/examples_tf2_py:/home/snowartz/ros2_foxy/install/sros2:/home/snowartz/ros2_foxy/install/rqt_topic:/home/snowartz/ros2_foxy/install/rqt_top:/home/snowartz/ros2_foxy/install/rqt_srv:/home/snowartz/ros2_foxy/install/rqt_shell:/home/snowartz/ros2_foxy/install/rqt_service_caller:/home/snowartz/ros2_foxy/install/rqt_reconfigure:/home/snowartz/ros2_foxy/install/rqt_py_console:/home/snowartz/ros2_foxy/install/rqt_publisher:/home/snowartz/ros2_foxy/install/rqt_plot:/home/snowartz/ros2_foxy/install/rqt_action:/home/snowartz/ros2_foxy/install/rqt_msg:/home/snowartz/ros2_foxy/install/rqt_console:/home/snowartz/ros2_foxy/install/rqt:/home/snowartz/ros2_foxy/install/rqt_graph:/home/snowartz/ros2_foxy/install/rqt_gui_py:/home/snowartz/ros2_foxy/install/rqt_gui:/home/snowartz/ros2_foxy/install/ros2trace:/home/snowartz/ros2_foxy/install/ros2topic:/home/snowartz/ros2_foxy/install/ros2test:/home/snowartz/ros2_foxy/install/ros2component:/home/snowartz/ros2_foxy/install/ros2param:/home/snowartz/ros2_foxy/install/ros2lifecycle:/home/snowartz/ros2_foxy/install/ros2service:/home/snowartz/ros2_foxy/install/ros2run:/home/snowartz/ros2_foxy/install/ros2launch:/home/snowartz/ros2_foxy/install/ros2pkg:/home/snowartz/ros2_foxy/install/ros2node:/home/snowartz/ros2_foxy/install/ros2multicast:/home/snowartz/ros2_foxy/install/ros2interface:/home/snowartz/ros2_foxy/install/ros2doctor:/home/snowartz/ros2_foxy/install/ros2action:/home/snowartz/ros2_foxy/install/ros2cli:/home/snowartz/ros2_foxy/install/quality_of_service_demo_py:/home/snowartz/ros2_foxy/install/launch_testing_ros:/home/snowartz/ros2_foxy/install/launch_ros:/home/snowartz/ros2_foxy/install/examples_rclpy_minimal_subscriber:/home/snowartz/ros2_foxy/install/examples_rclpy_minimal_service:/home/snowartz/ros2_foxy/install/examples_rclpy_minimal_publisher:/home/snowartz/ros2_foxy/install/examples_rclpy_minimal_client:/home/snowartz/ros2_foxy/install/examples_rclpy_minimal_action_server:/home/snowartz/ros2_foxy/install/examples_rclpy_minimal_action_client:/home/snowartz/ros2_foxy/install/examples_rclpy_executors:/home/snowartz/ros2_foxy/install/demo_nodes_py:/home/snowartz/ros2_foxy/install/action_tutorials_py:/home/snowartz/ros2_foxy/install/ament_uncrustify:/home/snowartz/ros2_foxy/install/tracetools_trace:/home/snowartz/ros2_foxy/install/tracetools_read:/home/snowartz/ros2_foxy/install/test_launch_ros:/home/snowartz/ros2_foxy/install/sensor_msgs_py:/home/snowartz/ros2_foxy/install/rpyutils:/home/snowartz/ros2_foxy/install/rosidl_runtime_py:/home/snowartz/ros2_foxy/install/launch_yaml:/home/snowartz/ros2_foxy/install/launch_xml:/home/snowartz/ros2_foxy/install/launch_testing:/home/snowartz/ros2_foxy/install/launch:/home/snowartz/ros2_foxy/install/osrf_pycommon:/home/snowartz/ros2_foxy/install/domain_coordinator:/home/snowartz/ros2_foxy/install/ament_xmllint:/home/snowartz/ros2_foxy/install/ament_pyflakes:/home/snowartz/ros2_foxy/install/ament_pycodestyle:/home/snowartz/ros2_foxy/install/ament_pep257:/home/snowartz/ros2_foxy/install/ament_pclint:/home/snowartz/ros2_foxy/install/ament_package:/home/snowartz/ros2_foxy/install/ament_mypy:/home/snowartz/ros2_foxy/install/ament_lint_cmake:/home/snowartz/ros2_foxy/install/ament_flake8:/home/snowartz/ros2_foxy/install/ament_copyright:/home/snowartz/ros2_foxy/install/ament_lint:/home/snowartz/ros2_foxy/install/ament_index_python:/home/snowartz/ros2_foxy/install/ament_cpplint:/home/snowartz/ros2_foxy/install/ament_cppcheck:/home/snowartz/ros2_foxy/install/ament_clang_tidy:/home/snowartz/ros2_foxy/install/ament_clang_format /usr/bin/cmake --build /home/snowartz/proyecto_final_ws/build/proyecto_interfaces -- -j8 -l8
[6.402s] [35m[1mScanning dependencies of target proyecto_interfaces__cpp[0m
[6.402s] [  1%] [34m[1mGenerating C code for ROS interfaces[0m
[6.426s] [  3%] [34m[1mGenerating C++ code for ROS interfaces[0m
[7.310s] [  3%] Built target proyecto_interfaces__cpp
[7.344s] [  5%] [34m[1mGenerating C++ type support dispatch for ROS interfaces[0m
[7.348s] [  9%] [34m[1mGenerating C++ type support for eProsima Fast-RTPS[0m
[7.348s] [  9%] [34m[1mGenerating C++ introspection for ROS interfaces[0m
[7.412s] [35m[1mScanning dependencies of target proyecto_interfaces__rosidl_generator_c[0m
[7.452s] [ 12%] [32mBuilding C object CMakeFiles/proyecto_interfaces__rosidl_generator_c.dir/rosidl_generator_c/proyecto_interfaces/srv/detail/start_navigation_test__functions.c.o[0m
[7.453s] [ 12%] [32mBuilding C object CMakeFiles/proyecto_interfaces__rosidl_generator_c.dir/rosidl_generator_c/proyecto_interfaces/srv/detail/start_perception_test__functions.c.o[0m
[7.453s] [ 14%] [32mBuilding C object CMakeFiles/proyecto_interfaces__rosidl_generator_c.dir/rosidl_generator_c/proyecto_interfaces/msg/detail/banner__functions.c.o[0m
[7.454s] [ 16%] [32mBuilding C object CMakeFiles/proyecto_interfaces__rosidl_generator_c.dir/rosidl_generator_c/proyecto_interfaces/srv/detail/start_manipulation_test__functions.c.o[0m
[7.576s] [ 18%] [32m[1mLinking C shared library libproyecto_interfaces__rosidl_generator_c.so[0m
[7.637s] [ 18%] Built target proyecto_interfaces__rosidl_generator_c
[7.663s] [ 20%] [34m[1mGenerating C introspection for ROS interfaces[0m
[7.673s] [ 21%] [34m[1mGenerating C type support dispatch for ROS interfaces[0m
[8.374s] [35m[1mScanning dependencies of target proyecto_interfaces__rosidl_typesupport_introspection_cpp[0m
[8.418s] [ 23%] [32mBuilding CXX object CMakeFiles/proyecto_interfaces__rosidl_typesupport_introspection_cpp.dir/rosidl_typesupport_introspection_cpp/proyecto_interfaces/msg/detail/banner__type_support.cpp.o[0m
[8.419s] [ 27%] [32mBuilding CXX object CMakeFiles/proyecto_interfaces__rosidl_typesupport_introspection_cpp.dir/rosidl_typesupport_introspection_cpp/proyecto_interfaces/srv/detail/start_perception_test__type_support.cpp.o[0m
[8.419s] [ 29%] [32mBuilding CXX object CMakeFiles/proyecto_interfaces__rosidl_typesupport_introspection_cpp.dir/rosidl_typesupport_introspection_cpp/proyecto_interfaces/srv/detail/start_manipulation_test__type_support.cpp.o[0m
[8.420s] [ 29%] [32mBuilding CXX object CMakeFiles/proyecto_interfaces__rosidl_typesupport_introspection_cpp.dir/rosidl_typesupport_introspection_cpp/proyecto_interfaces/srv/detail/start_navigation_test__type_support.cpp.o[0m
[8.619s] [35m[1mScanning dependencies of target proyecto_interfaces__rosidl_typesupport_fastrtps_cpp[0m
[8.702s] [ 30%] [32mBuilding CXX object CMakeFiles/proyecto_interfaces__rosidl_typesupport_fastrtps_cpp.dir/rosidl_typesupport_fastrtps_cpp/proyecto_interfaces/msg/detail/dds_fastrtps/banner__type_support.cpp.o[0m
[8.761s] [35m[1mScanning dependencies of target proyecto_interfaces__rosidl_typesupport_cpp[0m
[8.809s] [ 32%] [32mBuilding CXX object CMakeFiles/proyecto_interfaces__rosidl_typesupport_cpp.dir/rosidl_typesupport_cpp/proyecto_interfaces/msg/banner__type_support.cpp.o[0m
[8.942s] [35m[1mScanning dependencies of target proyecto_interfaces__rosidl_typesupport_introspection_c[0m
[8.988s] [ 34%] [32mBuilding C object CMakeFiles/proyecto_interfaces__rosidl_typesupport_introspection_c.dir/rosidl_typesupport_introspection_c/proyecto_interfaces/msg/detail/banner__type_support.c.o[0m
[9.014s] [ 36%] [32mBuilding C object CMakeFiles/proyecto_interfaces__rosidl_typesupport_introspection_c.dir/rosidl_typesupport_introspection_c/proyecto_interfaces/srv/detail/start_navigation_test__type_support.c.o[0m
[9.030s] [ 38%] [32mBuilding CXX object CMakeFiles/proyecto_interfaces__rosidl_typesupport_fastrtps_cpp.dir/rosidl_typesupport_fastrtps_cpp/proyecto_interfaces/srv/detail/dds_fastrtps/start_navigation_test__type_support.cpp.o[0m
[9.037s] [ 40%] [32mBuilding C object CMakeFiles/proyecto_interfaces__rosidl_typesupport_introspection_c.dir/rosidl_typesupport_introspection_c/proyecto_interfaces/srv/detail/start_perception_test__type_support.c.o[0m
[9.068s] [ 41%] [32m[1mLinking CXX shared library libproyecto_interfaces__rosidl_typesupport_introspection_cpp.so[0m
[9.076s] [ 43%] [32mBuilding C object CMakeFiles/proyecto_interfaces__rosidl_typesupport_introspection_c.dir/rosidl_typesupport_introspection_c/proyecto_interfaces/srv/detail/start_manipulation_test__type_support.c.o[0m
[9.107s] [ 45%] [32mBuilding CXX object CMakeFiles/proyecto_interfaces__rosidl_typesupport_fastrtps_cpp.dir/rosidl_typesupport_fastrtps_cpp/proyecto_interfaces/srv/detail/dds_fastrtps/start_perception_test__type_support.cpp.o[0m
[9.157s] [ 47%] [32mBuilding CXX object CMakeFiles/proyecto_interfaces__rosidl_typesupport_fastrtps_cpp.dir/rosidl_typesupport_fastrtps_cpp/proyecto_interfaces/srv/detail/dds_fastrtps/start_manipulation_test__type_support.cpp.o[0m
[9.178s] [ 49%] [32m[1mLinking C shared library libproyecto_interfaces__rosidl_typesupport_introspection_c.so[0m
[9.236s] [ 49%] Built target proyecto_interfaces__rosidl_typesupport_introspection_cpp
[9.237s] [35m[1mScanning dependencies of target proyecto_interfaces__rosidl_typesupport_c[0m
[9.270s] [ 49%] Built target proyecto_interfaces__rosidl_typesupport_introspection_c
[9.271s] [ 50%] [32mBuilding CXX object CMakeFiles/proyecto_interfaces__rosidl_typesupport_cpp.dir/rosidl_typesupport_cpp/proyecto_interfaces/srv/start_navigation_test__type_support.cpp.o[0m
[9.280s] [ 52%] [32mBuilding CXX object CMakeFiles/proyecto_interfaces__rosidl_typesupport_c.dir/rosidl_typesupport_c/proyecto_interfaces/msg/banner__type_support.cpp.o[0m
[9.303s] [ 54%] [32mBuilding CXX object CMakeFiles/proyecto_interfaces__rosidl_typesupport_c.dir/rosidl_typesupport_c/proyecto_interfaces/srv/start_navigation_test__type_support.cpp.o[0m
[9.365s] [ 56%] [32mBuilding CXX object CMakeFiles/proyecto_interfaces__rosidl_typesupport_c.dir/rosidl_typesupport_c/proyecto_interfaces/srv/start_manipulation_test__type_support.cpp.o[0m
[9.367s] [ 58%] [32mBuilding CXX object CMakeFiles/proyecto_interfaces__rosidl_typesupport_c.dir/rosidl_typesupport_c/proyecto_interfaces/srv/start_perception_test__type_support.cpp.o[0m
[9.385s] [ 60%] [32mBuilding CXX object CMakeFiles/proyecto_interfaces__rosidl_typesupport_cpp.dir/rosidl_typesupport_cpp/proyecto_interfaces/srv/start_perception_test__type_support.cpp.o[0m
[9.449s] [ 61%] [32mBuilding CXX object CMakeFiles/proyecto_interfaces__rosidl_typesupport_cpp.dir/rosidl_typesupport_cpp/proyecto_interfaces/srv/start_manipulation_test__type_support.cpp.o[0m
[9.451s] [ 63%] [32m[1mLinking CXX shared library libproyecto_interfaces__rosidl_typesupport_c.so[0m
[9.563s] [ 63%] Built target proyecto_interfaces__rosidl_typesupport_c
[9.970s] [ 65%] [32m[1mLinking CXX shared library libproyecto_interfaces__rosidl_typesupport_fastrtps_cpp.so[0m
[9.984s] [ 67%] [32m[1mLinking CXX shared library libproyecto_interfaces__rosidl_typesupport_cpp.so[0m
[10.049s] [ 67%] Built target proyecto_interfaces__rosidl_typesupport_cpp
[10.084s] [ 67%] Built target proyecto_interfaces__rosidl_typesupport_fastrtps_cpp
[10.103s] [ 69%] [34m[1mGenerating C type support for eProsima Fast-RTPS[0m
[10.947s] [35m[1mScanning dependencies of target proyecto_interfaces__rosidl_typesupport_fastrtps_c[0m
[10.991s] [ 72%] [32mBuilding CXX object CMakeFiles/proyecto_interfaces__rosidl_typesupport_fastrtps_c.dir/rosidl_typesupport_fastrtps_c/proyecto_interfaces/srv/detail/start_perception_test__type_support_c.cpp.o[0m
[10.991s] [ 72%] [32mBuilding CXX object CMakeFiles/proyecto_interfaces__rosidl_typesupport_fastrtps_c.dir/rosidl_typesupport_fastrtps_c/proyecto_interfaces/srv/detail/start_navigation_test__type_support_c.cpp.o[0m
[10.996s] [ 74%] [32mBuilding CXX object CMakeFiles/proyecto_interfaces__rosidl_typesupport_fastrtps_c.dir/rosidl_typesupport_fastrtps_c/proyecto_interfaces/msg/detail/banner__type_support_c.cpp.o[0m
[11.000s] [ 76%] [32mBuilding CXX object CMakeFiles/proyecto_interfaces__rosidl_typesupport_fastrtps_c.dir/rosidl_typesupport_fastrtps_c/proyecto_interfaces/srv/detail/start_manipulation_test__type_support_c.cpp.o[0m
[11.489s] [ 78%] [32m[1mLinking CXX shared library libproyecto_interfaces__rosidl_typesupport_fastrtps_c.so[0m
[11.599s] [ 78%] Built target proyecto_interfaces__rosidl_typesupport_fastrtps_c
[11.620s] [35m[1mScanning dependencies of target proyecto_interfaces[0m
[11.640s] [ 78%] Built target proyecto_interfaces
[11.660s] [35m[1mScanning dependencies of target proyecto_interfaces__py[0m
[11.682s] [ 80%] [34m[1mGenerating Python code for ROS interfaces[0m
[13.102s] [ 80%] Built target proyecto_interfaces__py
[13.125s] [35m[1mScanning dependencies of target proyecto_interfaces__python[0m
[13.177s] [ 87%] [32mBuilding C object CMakeFiles/proyecto_interfaces__python.dir/rosidl_generator_py/proyecto_interfaces/srv/_start_manipulation_test_s.c.o[0m
[13.177s] [ 87%] [32mBuilding C object CMakeFiles/proyecto_interfaces__python.dir/rosidl_generator_py/proyecto_interfaces/msg/_banner_s.c.o[0m
[13.177s] [ 87%] [32mBuilding C object CMakeFiles/proyecto_interfaces__python.dir/rosidl_generator_py/proyecto_interfaces/srv/_start_perception_test_s.c.o[0m
[13.178s] [ 87%] [32mBuilding C object CMakeFiles/proyecto_interfaces__python.dir/rosidl_generator_py/proyecto_interfaces/srv/_start_navigation_test_s.c.o[0m
[13.308s] [ 89%] [32m[1mLinking C shared library rosidl_generator_py/proyecto_interfaces/libproyecto_interfaces__python.so[0m
[13.367s] [ 89%] Built target proyecto_interfaces__python
[13.390s] [35m[1mScanning dependencies of target proyecto_interfaces__rosidl_typesupport_c__pyext[0m
[13.390s] [35m[1mScanning dependencies of target proyecto_interfaces__rosidl_typesupport_introspection_c__pyext[0m
[13.390s] [35m[1mScanning dependencies of target proyecto_interfaces__rosidl_typesupport_fastrtps_c__pyext[0m
[13.421s] [ 90%] [32mBuilding C object CMakeFiles/proyecto_interfaces__rosidl_typesupport_introspection_c__pyext.dir/rosidl_generator_py/proyecto_interfaces/_proyecto_interfaces_s.ep.rosidl_typesupport_introspection_c.c.o[0m
[13.423s] [ 92%] [32mBuilding C object CMakeFiles/proyecto_interfaces__rosidl_typesupport_c__pyext.dir/rosidl_generator_py/proyecto_interfaces/_proyecto_interfaces_s.ep.rosidl_typesupport_c.c.o[0m
[13.426s] [ 94%] [32mBuilding C object CMakeFiles/proyecto_interfaces__rosidl_typesupport_fastrtps_c__pyext.dir/rosidl_generator_py/proyecto_interfaces/_proyecto_interfaces_s.ep.rosidl_typesupport_fastrtps_c.c.o[0m
[13.554s] [ 96%] [32m[1mLinking C shared library rosidl_generator_py/proyecto_interfaces/proyecto_interfaces_s__rosidl_typesupport_c.cpython-38-x86_64-linux-gnu.so[0m
[13.557s] [ 98%] [32m[1mLinking C shared library rosidl_generator_py/proyecto_interfaces/proyecto_interfaces_s__rosidl_typesupport_introspection_c.cpython-38-x86_64-linux-gnu.so[0m
[13.569s] [100%] [32m[1mLinking CXX shared library rosidl_generator_py/proyecto_interfaces/proyecto_interfaces_s__rosidl_typesupport_fastrtps_c.cpython-38-x86_64-linux-gnu.so[0m
[13.616s] [100%] Built target proyecto_interfaces__rosidl_typesupport_c__pyext
[13.617s] [100%] Built target proyecto_interfaces__rosidl_typesupport_introspection_c__pyext
[13.662s] [100%] Built target proyecto_interfaces__rosidl_typesupport_fastrtps_c__pyext
[13.681s] Invoked command in '/home/snowartz/proyecto_final_ws/build/proyecto_interfaces' returned '0': CMAKE_PREFIX_PATH=${CMAKE_PREFIX_PATH}:/home/snowartz/ros2_foxy/install/ros2bag:/home/snowartz/ros2_foxy/install/tracetools_launch:/home/snowartz/ros2_foxy/install/topic_monitor:/home/snowartz/ros2_foxy/install/examples_tf2_py:/home/snowartz/ros2_foxy/install/sros2:/home/snowartz/ros2_foxy/install/rqt_topic:/home/snowartz/ros2_foxy/install/rqt_top:/home/snowartz/ros2_foxy/install/rqt_srv:/home/snowartz/ros2_foxy/install/rqt_shell:/home/snowartz/ros2_foxy/install/rqt_service_caller:/home/snowartz/ros2_foxy/install/rqt_reconfigure:/home/snowartz/ros2_foxy/install/rqt_py_console:/home/snowartz/ros2_foxy/install/rqt_publisher:/home/snowartz/ros2_foxy/install/rqt_plot:/home/snowartz/ros2_foxy/install/rqt_action:/home/snowartz/ros2_foxy/install/rqt_msg:/home/snowartz/ros2_foxy/install/rqt_console:/home/snowartz/ros2_foxy/install/rqt:/home/snowartz/ros2_foxy/install/rqt_graph:/home/snowartz/ros2_foxy/install/rqt_gui_py:/home/snowartz/ros2_foxy/install/rqt_gui:/home/snowartz/ros2_foxy/install/ros2trace:/home/snowartz/ros2_foxy/install/ros2topic:/home/snowartz/ros2_foxy/install/ros2test:/home/snowartz/ros2_foxy/install/ros2component:/home/snowartz/ros2_foxy/install/ros2param:/home/snowartz/ros2_foxy/install/ros2lifecycle:/home/snowartz/ros2_foxy/install/ros2service:/home/snowartz/ros2_foxy/install/ros2run:/home/snowartz/ros2_foxy/install/ros2launch:/home/snowartz/ros2_foxy/install/ros2pkg:/home/snowartz/ros2_foxy/install/ros2node:/home/snowartz/ros2_foxy/install/ros2multicast:/home/snowartz/ros2_foxy/install/ros2interface:/home/snowartz/ros2_foxy/install/ros2doctor:/home/snowartz/ros2_foxy/install/ros2action:/home/snowartz/ros2_foxy/install/ros2cli:/home/snowartz/ros2_foxy/install/quality_of_service_demo_py:/home/snowartz/ros2_foxy/install/launch_testing_ros:/home/snowartz/ros2_foxy/install/launch_ros:/home/snowartz/ros2_foxy/install/examples_rclpy_minimal_subscriber:/home/snowartz/ros2_foxy/install/examples_rclpy_minimal_service:/home/snowartz/ros2_foxy/install/examples_rclpy_minimal_publisher:/home/snowartz/ros2_foxy/install/examples_rclpy_minimal_client:/home/snowartz/ros2_foxy/install/examples_rclpy_minimal_action_server:/home/snowartz/ros2_foxy/install/examples_rclpy_minimal_action_client:/home/snowartz/ros2_foxy/install/examples_rclpy_executors:/home/snowartz/ros2_foxy/install/demo_nodes_py:/home/snowartz/ros2_foxy/install/action_tutorials_py:/home/snowartz/ros2_foxy/install/ament_uncrustify:/home/snowartz/ros2_foxy/install/tracetools_trace:/home/snowartz/ros2_foxy/install/tracetools_read:/home/snowartz/ros2_foxy/install/test_launch_ros:/home/snowartz/ros2_foxy/install/sensor_msgs_py:/home/snowartz/ros2_foxy/install/rpyutils:/home/snowartz/ros2_foxy/install/rosidl_runtime_py:/home/snowartz/ros2_foxy/install/launch_yaml:/home/snowartz/ros2_foxy/install/launch_xml:/home/snowartz/ros2_foxy/install/launch_testing:/home/snowartz/ros2_foxy/install/launch:/home/snowartz/ros2_foxy/install/osrf_pycommon:/home/snowartz/ros2_foxy/install/domain_coordinator:/home/snowartz/ros2_foxy/install/ament_xmllint:/home/snowartz/ros2_foxy/install/ament_pyflakes:/home/snowartz/ros2_foxy/install/ament_pycodestyle:/home/snowartz/ros2_foxy/install/ament_pep257:/home/snowartz/ros2_foxy/install/ament_pclint:/home/snowartz/ros2_foxy/install/ament_package:/home/snowartz/ros2_foxy/install/ament_mypy:/home/snowartz/ros2_foxy/install/ament_lint_cmake:/home/snowartz/ros2_foxy/install/ament_flake8:/home/snowartz/ros2_foxy/install/ament_copyright:/home/snowartz/ros2_foxy/install/ament_lint:/home/snowartz/ros2_foxy/install/ament_index_python:/home/snowartz/ros2_foxy/install/ament_cpplint:/home/snowartz/ros2_foxy/install/ament_cppcheck:/home/snowartz/ros2_foxy/install/ament_clang_tidy:/home/snowartz/ros2_foxy/install/ament_clang_format /usr/bin/cmake --build /home/snowartz/proyecto_final_ws/build/proyecto_interfaces -- -j8 -l8
[13.976s] Invoking command in '/home/snowartz/proyecto_final_ws/build/proyecto_interfaces': CMAKE_PREFIX_PATH=${CMAKE_PREFIX_PATH}:/home/snowartz/ros2_foxy/install/ros2bag:/home/snowartz/ros2_foxy/install/tracetools_launch:/home/snowartz/ros2_foxy/install/topic_monitor:/home/snowartz/ros2_foxy/install/examples_tf2_py:/home/snowartz/ros2_foxy/install/sros2:/home/snowartz/ros2_foxy/install/rqt_topic:/home/snowartz/ros2_foxy/install/rqt_top:/home/snowartz/ros2_foxy/install/rqt_srv:/home/snowartz/ros2_foxy/install/rqt_shell:/home/snowartz/ros2_foxy/install/rqt_service_caller:/home/snowartz/ros2_foxy/install/rqt_reconfigure:/home/snowartz/ros2_foxy/install/rqt_py_console:/home/snowartz/ros2_foxy/install/rqt_publisher:/home/snowartz/ros2_foxy/install/rqt_plot:/home/snowartz/ros2_foxy/install/rqt_action:/home/snowartz/ros2_foxy/install/rqt_msg:/home/snowartz/ros2_foxy/install/rqt_console:/home/snowartz/ros2_foxy/install/rqt:/home/snowartz/ros2_foxy/install/rqt_graph:/home/snowartz/ros2_foxy/install/rqt_gui_py:/home/snowartz/ros2_foxy/install/rqt_gui:/home/snowartz/ros2_foxy/install/ros2trace:/home/snowartz/ros2_foxy/install/ros2topic:/home/snowartz/ros2_foxy/install/ros2test:/home/snowartz/ros2_foxy/install/ros2component:/home/snowartz/ros2_foxy/install/ros2param:/home/snowartz/ros2_foxy/install/ros2lifecycle:/home/snowartz/ros2_foxy/install/ros2service:/home/snowartz/ros2_foxy/install/ros2run:/home/snowartz/ros2_foxy/install/ros2launch:/home/snowartz/ros2_foxy/install/ros2pkg:/home/snowartz/ros2_foxy/install/ros2node:/home/snowartz/ros2_foxy/install/ros2multicast:/home/snowartz/ros2_foxy/install/ros2interface:/home/snowartz/ros2_foxy/install/ros2doctor:/home/snowartz/ros2_foxy/install/ros2action:/home/snowartz/ros2_foxy/install/ros2cli:/home/snowartz/ros2_foxy/install/quality_of_service_demo_py:/home/snowartz/ros2_foxy/install/launch_testing_ros:/home/snowartz/ros2_foxy/install/launch_ros:/home/snowartz/ros2_foxy/install/examples_rclpy_minimal_subscriber:/home/snowartz/ros2_foxy/install/examples_rclpy_minimal_service:/home/snowartz/ros2_foxy/install/examples_rclpy_minimal_publisher:/home/snowartz/ros2_foxy/install/examples_rclpy_minimal_client:/home/snowartz/ros2_foxy/install/examples_rclpy_minimal_action_server:/home/snowartz/ros2_foxy/install/examples_rclpy_minimal_action_client:/home/snowartz/ros2_foxy/install/examples_rclpy_executors:/home/snowartz/ros2_foxy/install/demo_nodes_py:/home/snowartz/ros2_foxy/install/action_tutorials_py:/home/snowartz/ros2_foxy/install/ament_uncrustify:/home/snowartz/ros2_foxy/install/tracetools_trace:/home/snowartz/ros2_foxy/install/tracetools_read:/home/snowartz/ros2_foxy/install/test_launch_ros:/home/snowartz/ros2_foxy/install/sensor_msgs_py:/home/snowartz/ros2_foxy/install/rpyutils:/home/snowartz/ros2_foxy/install/rosidl_runtime_py:/home/snowartz/ros2_foxy/install/launch_yaml:/home/snowartz/ros2_foxy/install/launch_xml:/home/snowartz/ros2_foxy/install/launch_testing:/home/snowartz/ros2_foxy/install/launch:/home/snowartz/ros2_foxy/install/osrf_pycommon:/home/snowartz/ros2_foxy/install/domain_coordinator:/home/snowartz/ros2_foxy/install/ament_xmllint:/home/snowartz/ros2_foxy/install/ament_pyflakes:/home/snowartz/ros2_foxy/install/ament_pycodestyle:/home/snowartz/ros2_foxy/install/ament_pep257:/home/snowartz/ros2_foxy/install/ament_pclint:/home/snowartz/ros2_foxy/install/ament_package:/home/snowartz/ros2_foxy/install/ament_mypy:/home/snowartz/ros2_foxy/install/ament_lint_cmake:/home/snowartz/ros2_foxy/install/ament_flake8:/home/snowartz/ros2_foxy/install/ament_copyright:/home/snowartz/ros2_foxy/install/ament_lint:/home/snowartz/ros2_foxy/install/ament_index_python:/home/snowartz/ros2_foxy/install/ament_cpplint:/home/snowartz/ros2_foxy/install/ament_cppcheck:/home/snowartz/ros2_foxy/install/ament_clang_tidy:/home/snowartz/ros2_foxy/install/ament_clang_format /usr/bin/cmake --install /home/snowartz/proyecto_final_ws/build/proyecto_interfaces
[13.993s] -- Install configuration: ""
[13.993s] -- Installing: /home/snowartz/proyecto_final_ws/install/proyecto_interfaces/share/ament_index/resource_index/rosidl_interfaces/proyecto_interfaces
[13.993s] -- Installing: /home/snowartz/proyecto_final_ws/install/proyecto_interfaces/include/proyecto_interfaces
[13.993s] -- Installing: /home/snowartz/proyecto_final_ws/install/proyecto_interfaces/include/proyecto_interfaces/srv
[13.993s] -- Installing: /home/snowartz/proyecto_final_ws/install/proyecto_interfaces/include/proyecto_interfaces/srv/start_navigation_test.h
[13.993s] -- Installing: /home/snowartz/proyecto_final_ws/install/proyecto_interfaces/include/proyecto_interfaces/srv/start_manipulation_test.h
[13.993s] -- Installing: /home/snowartz/proyecto_final_ws/install/proyecto_interfaces/include/proyecto_interfaces/srv/start_perception_test.h
[13.994s] -- Installing: /home/snowartz/proyecto_final_ws/install/proyecto_interfaces/include/proyecto_interfaces/srv/detail
[13.994s] -- Installing: /home/snowartz/proyecto_final_ws/install/proyecto_interfaces/include/proyecto_interfaces/srv/detail/start_manipulation_test__type_support.h
[13.994s] -- Installing: /home/snowartz/proyecto_final_ws/install/proyecto_interfaces/include/proyecto_interfaces/srv/detail/start_manipulation_test__functions.h
[13.994s] -- Installing: /home/snowartz/proyecto_final_ws/install/proyecto_interfaces/include/proyecto_interfaces/srv/detail/start_manipulation_test__struct.h
[13.994s] -- Installing: /home/snowartz/proyecto_final_ws/install/proyecto_interfaces/include/proyecto_interfaces/srv/detail/start_perception_test__functions.c
[13.994s] -- Installing: /home/snowartz/proyecto_final_ws/install/proyecto_interfaces/include/proyecto_interfaces/srv/detail/start_perception_test__functions.h
[13.994s] -- Installing: /home/snowartz/proyecto_final_ws/install/proyecto_interfaces/include/proyecto_interfaces/srv/detail/start_perception_test__type_support.h
[13.994s] -- Installing: /home/snowartz/proyecto_final_ws/install/proyecto_interfaces/include/proyecto_interfaces/srv/detail/start_navigation_test__type_support.h
[13.994s] -- Installing: /home/snowartz/proyecto_final_ws/install/proyecto_interfaces/include/proyecto_interfaces/srv/detail/start_navigation_test__functions.c
[13.994s] -- Installing: /home/snowartz/proyecto_final_ws/install/proyecto_interfaces/include/proyecto_interfaces/srv/detail/start_perception_test__struct.h
[13.995s] -- Installing: /home/snowartz/proyecto_final_ws/install/proyecto_interfaces/include/proyecto_interfaces/srv/detail/start_navigation_test__struct.h
[13.995s] -- Installing: /home/snowartz/proyecto_final_ws/install/proyecto_interfaces/include/proyecto_interfaces/srv/detail/start_manipulation_test__functions.c
[13.995s] -- Installing: /home/snowartz/proyecto_final_ws/install/proyecto_interfaces/include/proyecto_interfaces/srv/detail/start_navigation_test__functions.h
[13.995s] -- Installing: /home/snowartz/proyecto_final_ws/install/proyecto_interfaces/include/proyecto_interfaces/msg
[13.995s] -- Installing: /home/snowartz/proyecto_final_ws/install/proyecto_interfaces/include/proyecto_interfaces/msg/banner.h
[13.995s] -- Installing: /home/snowartz/proyecto_final_ws/install/proyecto_interfaces/include/proyecto_interfaces/msg/detail
[13.995s] -- Installing: /home/snowartz/proyecto_final_ws/install/proyecto_interfaces/include/proyecto_interfaces/msg/detail/banner__type_support.h
[13.995s] -- Installing: /home/snowartz/proyecto_final_ws/install/proyecto_interfaces/include/proyecto_interfaces/msg/detail/banner__functions.h
[13.995s] -- Installing: /home/snowartz/proyecto_final_ws/install/proyecto_interfaces/include/proyecto_interfaces/msg/detail/banner__struct.h
[13.995s] -- Installing: /home/snowartz/proyecto_final_ws/install/proyecto_interfaces/include/proyecto_interfaces/msg/detail/banner__functions.c
[13.996s] -- Installing: /home/snowartz/proyecto_final_ws/install/proyecto_interfaces/include/proyecto_interfaces/msg/rosidl_generator_c__visibility_control.h
[13.996s] -- Installing: /home/snowartz/proyecto_final_ws/install/proyecto_interfaces/share/proyecto_interfaces/environment/library_path.sh
[13.996s] -- Installing: /home/snowartz/proyecto_final_ws/install/proyecto_interfaces/share/proyecto_interfaces/environment/library_path.dsv
[13.996s] -- Installing: /home/snowartz/proyecto_final_ws/install/proyecto_interfaces/lib/libproyecto_interfaces__rosidl_generator_c.so
[13.996s] -- Set runtime path of "/home/snowartz/proyecto_final_ws/install/proyecto_interfaces/lib/libproyecto_interfaces__rosidl_generator_c.so" to ""
[13.996s] -- Up-to-date: /home/snowartz/proyecto_final_ws/install/proyecto_interfaces/include/proyecto_interfaces
[13.996s] -- Up-to-date: /home/snowartz/proyecto_final_ws/install/proyecto_interfaces/include/proyecto_interfaces/srv
[13.996s] -- Up-to-date: /home/snowartz/proyecto_final_ws/install/proyecto_interfaces/include/proyecto_interfaces/srv/detail
[13.996s] -- Installing: /home/snowartz/proyecto_final_ws/install/proyecto_interfaces/include/proyecto_interfaces/srv/detail/start_perception_test__type_support.c
[13.996s] -- Installing: /home/snowartz/proyecto_final_ws/install/proyecto_interfaces/include/proyecto_interfaces/srv/detail/start_perception_test__rosidl_typesupport_introspection_c.h
[13.996s] -- Installing: /home/snowartz/proyecto_final_ws/install/proyecto_interfaces/include/proyecto_interfaces/srv/detail/start_navigation_test__type_support.c
[13.997s] -- Installing: /home/snowartz/proyecto_final_ws/install/proyecto_interfaces/include/proyecto_interfaces/srv/detail/start_manipulation_test__rosidl_typesupport_introspection_c.h
[13.997s] -- Installing: /home/snowartz/proyecto_final_ws/install/proyecto_interfaces/include/proyecto_interfaces/srv/detail/start_navigation_test__rosidl_typesupport_introspection_c.h
[13.997s] -- Installing: /home/snowartz/proyecto_final_ws/install/proyecto_interfaces/include/proyecto_interfaces/srv/detail/start_manipulation_test__type_support.c
[13.997s] -- Up-to-date: /home/snowartz/proyecto_final_ws/install/proyecto_interfaces/include/proyecto_interfaces/msg
[13.997s] -- Up-to-date: /home/snowartz/proyecto_final_ws/install/proyecto_interfaces/include/proyecto_interfaces/msg/detail
[13.997s] -- Installing: /home/snowartz/proyecto_final_ws/install/proyecto_interfaces/include/proyecto_interfaces/msg/detail/banner__type_support.c
[13.997s] -- Installing: /home/snowartz/proyecto_final_ws/install/proyecto_interfaces/include/proyecto_interfaces/msg/detail/banner__rosidl_typesupport_introspection_c.h
[13.997s] -- Installing: /home/snowartz/proyecto_final_ws/install/proyecto_interfaces/include/proyecto_interfaces/msg/rosidl_typesupport_introspection_c__visibility_control.h
[13.997s] -- Installing: /home/snowartz/proyecto_final_ws/install/proyecto_interfaces/lib/libproyecto_interfaces__rosidl_typesupport_introspection_c.so
[13.997s] -- Set runtime path of "/home/snowartz/proyecto_final_ws/install/proyecto_interfaces/lib/libproyecto_interfaces__rosidl_typesupport_introspection_c.so" to ""
[13.997s] -- Up-to-date: /home/snowartz/proyecto_final_ws/install/proyecto_interfaces/include/proyecto_interfaces
[13.997s] -- Up-to-date: /home/snowartz/proyecto_final_ws/install/proyecto_interfaces/include/proyecto_interfaces/srv
[13.998s] -- Up-to-date: /home/snowartz/proyecto_final_ws/install/proyecto_interfaces/include/proyecto_interfaces/srv/detail
[13.998s] -- Installing: /home/snowartz/proyecto_final_ws/install/proyecto_interfaces/include/proyecto_interfaces/srv/detail/start_navigation_test__rosidl_typesupport_fastrtps_c.h
[13.998s] -- Installing: /home/snowartz/proyecto_final_ws/install/proyecto_interfaces/include/proyecto_interfaces/srv/detail/start_manipulation_test__rosidl_typesupport_fastrtps_c.h
[13.998s] -- Installing: /home/snowartz/proyecto_final_ws/install/proyecto_interfaces/include/proyecto_interfaces/srv/detail/start_perception_test__rosidl_typesupport_fastrtps_c.h
[13.998s] -- Up-to-date: /home/snowartz/proyecto_final_ws/install/proyecto_interfaces/include/proyecto_interfaces/msg
[13.998s] -- Up-to-date: /home/snowartz/proyecto_final_ws/install/proyecto_interfaces/include/proyecto_interfaces/msg/detail
[13.998s] -- Installing: /home/snowartz/proyecto_final_ws/install/proyecto_interfaces/include/proyecto_interfaces/msg/detail/banner__rosidl_typesupport_fastrtps_c.h
[13.998s] -- Installing: /home/snowartz/proyecto_final_ws/install/proyecto_interfaces/include/proyecto_interfaces/msg/rosidl_typesupport_fastrtps_c__visibility_control.h
[13.998s] -- Installing: /home/snowartz/proyecto_final_ws/install/proyecto_interfaces/lib/libproyecto_interfaces__rosidl_typesupport_fastrtps_c.so
[13.998s] -- Set runtime path of "/home/snowartz/proyecto_final_ws/install/proyecto_interfaces/lib/libproyecto_interfaces__rosidl_typesupport_fastrtps_c.so" to ""
[13.998s] -- Up-to-date: /home/snowartz/proyecto_final_ws/install/proyecto_interfaces/include/proyecto_interfaces
[13.998s] -- Up-to-date: /home/snowartz/proyecto_final_ws/install/proyecto_interfaces/include/proyecto_interfaces/srv
[13.999s] -- Up-to-date: /home/snowartz/proyecto_final_ws/install/proyecto_interfaces/include/proyecto_interfaces/srv/detail
[13.999s] -- Installing: /home/snowartz/proyecto_final_ws/install/proyecto_interfaces/include/proyecto_interfaces/srv/detail/start_manipulation_test__rosidl_typesupport_fastrtps_cpp.hpp
[13.999s] -- Installing: /home/snowartz/proyecto_final_ws/install/proyecto_interfaces/include/proyecto_interfaces/srv/detail/start_perception_test__rosidl_typesupport_fastrtps_cpp.hpp
[13.999s] -- Installing: /home/snowartz/proyecto_final_ws/install/proyecto_interfaces/include/proyecto_interfaces/srv/detail/dds_fastrtps
[13.999s] -- Installing: /home/snowartz/proyecto_final_ws/install/proyecto_interfaces/include/proyecto_interfaces/srv/detail/start_navigation_test__rosidl_typesupport_fastrtps_cpp.hpp
[13.999s] -- Up-to-date: /home/snowartz/proyecto_final_ws/install/proyecto_interfaces/include/proyecto_interfaces/msg
[13.999s] -- Installing: /home/snowartz/proyecto_final_ws/install/proyecto_interfaces/include/proyecto_interfaces/msg/rosidl_typesupport_fastrtps_cpp__visibility_control.h
[13.999s] -- Up-to-date: /home/snowartz/proyecto_final_ws/install/proyecto_interfaces/include/proyecto_interfaces/msg/detail
[13.999s] -- Installing: /home/snowartz/proyecto_final_ws/install/proyecto_interfaces/include/proyecto_interfaces/msg/detail/dds_fastrtps
[13.999s] -- Installing: /home/snowartz/proyecto_final_ws/install/proyecto_interfaces/include/proyecto_interfaces/msg/detail/banner__rosidl_typesupport_fastrtps_cpp.hpp
[13.999s] -- Installing: /home/snowartz/proyecto_final_ws/install/proyecto_interfaces/lib/libproyecto_interfaces__rosidl_typesupport_fastrtps_cpp.so
[13.999s] -- Set runtime path of "/home/snowartz/proyecto_final_ws/install/proyecto_interfaces/lib/libproyecto_interfaces__rosidl_typesupport_fastrtps_cpp.so" to ""
[14.000s] -- Installing: /home/snowartz/proyecto_final_ws/install/proyecto_interfaces/lib/libproyecto_interfaces__rosidl_typesupport_c.so
[14.000s] -- Set runtime path of "/home/snowartz/proyecto_final_ws/install/proyecto_interfaces/lib/libproyecto_interfaces__rosidl_typesupport_c.so" to ""
[14.000s] -- Up-to-date: /home/snowartz/proyecto_final_ws/install/proyecto_interfaces/include/proyecto_interfaces
[14.000s] -- Up-to-date: /home/snowartz/proyecto_final_ws/install/proyecto_interfaces/include/proyecto_interfaces/srv
[14.000s] -- Installing: /home/snowartz/proyecto_final_ws/install/proyecto_interfaces/include/proyecto_interfaces/srv/start_perception_test.hpp
[14.000s] -- Installing: /home/snowartz/proyecto_final_ws/install/proyecto_interfaces/include/proyecto_interfaces/srv/start_navigation_test.hpp
[14.000s] -- Up-to-date: /home/snowartz/proyecto_final_ws/install/proyecto_interfaces/include/proyecto_interfaces/srv/detail
[14.000s] -- Installing: /home/snowartz/proyecto_final_ws/install/proyecto_interfaces/include/proyecto_interfaces/srv/detail/start_perception_test__builder.hpp
[14.000s] -- Installing: /home/snowartz/proyecto_final_ws/install/proyecto_interfaces/include/proyecto_interfaces/srv/detail/start_manipulation_test__traits.hpp
[14.000s] -- Installing: /home/snowartz/proyecto_final_ws/install/proyecto_interfaces/include/proyecto_interfaces/srv/detail/start_perception_test__traits.hpp
[14.000s] -- Installing: /home/snowartz/proyecto_final_ws/install/proyecto_interfaces/include/proyecto_interfaces/srv/detail/start_perception_test__struct.hpp
[14.000s] -- Installing: /home/snowartz/proyecto_final_ws/install/proyecto_interfaces/include/proyecto_interfaces/srv/detail/start_navigation_test__builder.hpp
[14.001s] -- Installing: /home/snowartz/proyecto_final_ws/install/proyecto_interfaces/include/proyecto_interfaces/srv/detail/start_navigation_test__traits.hpp
[14.001s] -- Installing: /home/snowartz/proyecto_final_ws/install/proyecto_interfaces/include/proyecto_interfaces/srv/detail/start_navigation_test__struct.hpp
[14.001s] -- Installing: /home/snowartz/proyecto_final_ws/install/proyecto_interfaces/include/proyecto_interfaces/srv/detail/start_manipulation_test__struct.hpp
[14.001s] -- Installing: /home/snowartz/proyecto_final_ws/install/proyecto_interfaces/include/proyecto_interfaces/srv/detail/start_manipulation_test__builder.hpp
[14.001s] -- Installing: /home/snowartz/proyecto_final_ws/install/proyecto_interfaces/include/proyecto_interfaces/srv/start_manipulation_test.hpp
[14.001s] -- Up-to-date: /home/snowartz/proyecto_final_ws/install/proyecto_interfaces/include/proyecto_interfaces/msg
[14.001s] -- Installing: /home/snowartz/proyecto_final_ws/install/proyecto_interfaces/include/proyecto_interfaces/msg/banner.hpp
[14.001s] -- Up-to-date: /home/snowartz/proyecto_final_ws/install/proyecto_interfaces/include/proyecto_interfaces/msg/detail
[14.001s] -- Installing: /home/snowartz/proyecto_final_ws/install/proyecto_interfaces/include/proyecto_interfaces/msg/detail/banner__traits.hpp
[14.001s] -- Installing: /home/snowartz/proyecto_final_ws/install/proyecto_interfaces/include/proyecto_interfaces/msg/detail/banner__struct.hpp
[14.001s] -- Installing: /home/snowartz/proyecto_final_ws/install/proyecto_interfaces/include/proyecto_interfaces/msg/detail/banner__builder.hpp
[14.001s] -- Up-to-date: /home/snowartz/proyecto_final_ws/install/proyecto_interfaces/include/proyecto_interfaces
[14.002s] -- Up-to-date: /home/snowartz/proyecto_final_ws/install/proyecto_interfaces/include/proyecto_interfaces/srv
[14.002s] -- Up-to-date: /home/snowartz/proyecto_final_ws/install/proyecto_interfaces/include/proyecto_interfaces/srv/detail
[14.002s] -- Installing: /home/snowartz/proyecto_final_ws/install/proyecto_interfaces/include/proyecto_interfaces/srv/detail/start_navigation_test__rosidl_typesupport_introspection_cpp.hpp
[14.002s] -- Installing: /home/snowartz/proyecto_final_ws/install/proyecto_interfaces/include/proyecto_interfaces/srv/detail/start_manipulation_test__type_support.cpp
[14.002s] -- Installing: /home/snowartz/proyecto_final_ws/install/proyecto_interfaces/include/proyecto_interfaces/srv/detail/start_manipulation_test__rosidl_typesupport_introspection_cpp.hpp
[14.002s] -- Installing: /home/snowartz/proyecto_final_ws/install/proyecto_interfaces/include/proyecto_interfaces/srv/detail/start_navigation_test__type_support.cpp
[14.002s] -- Installing: /home/snowartz/proyecto_final_ws/install/proyecto_interfaces/include/proyecto_interfaces/srv/detail/start_perception_test__type_support.cpp
[14.002s] -- Installing: /home/snowartz/proyecto_final_ws/install/proyecto_interfaces/include/proyecto_interfaces/srv/detail/start_perception_test__rosidl_typesupport_introspection_cpp.hpp
[14.002s] -- Up-to-date: /home/snowartz/proyecto_final_ws/install/proyecto_interfaces/include/proyecto_interfaces/msg
[14.002s] -- Up-to-date: /home/snowartz/proyecto_final_ws/install/proyecto_interfaces/include/proyecto_interfaces/msg/detail
[14.002s] -- Installing: /home/snowartz/proyecto_final_ws/install/proyecto_interfaces/include/proyecto_interfaces/msg/detail/banner__type_support.cpp
[14.002s] -- Installing: /home/snowartz/proyecto_final_ws/install/proyecto_interfaces/include/proyecto_interfaces/msg/detail/banner__rosidl_typesupport_introspection_cpp.hpp
[14.002s] -- Installing: /home/snowartz/proyecto_final_ws/install/proyecto_interfaces/lib/libproyecto_interfaces__rosidl_typesupport_introspection_cpp.so
[14.003s] -- Set runtime path of "/home/snowartz/proyecto_final_ws/install/proyecto_interfaces/lib/libproyecto_interfaces__rosidl_typesupport_introspection_cpp.so" to ""
[14.003s] -- Installing: /home/snowartz/proyecto_final_ws/install/proyecto_interfaces/lib/libproyecto_interfaces__rosidl_typesupport_cpp.so
[14.003s] -- Set runtime path of "/home/snowartz/proyecto_final_ws/install/proyecto_interfaces/lib/libproyecto_interfaces__rosidl_typesupport_cpp.so" to ""
[14.003s] -- Installing: /home/snowartz/proyecto_final_ws/install/proyecto_interfaces/share/proyecto_interfaces/environment/pythonpath.sh
[14.003s] -- Installing: /home/snowartz/proyecto_final_ws/install/proyecto_interfaces/share/proyecto_interfaces/environment/pythonpath.dsv
[14.003s] -- Installing: /home/snowartz/proyecto_final_ws/install/proyecto_interfaces/lib/python3.8/site-packages/proyecto_interfaces/__init__.py
[14.418s] Compiling '/home/snowartz/proyecto_final_ws/install/proyecto_interfaces/lib/python3.8/site-packages/proyecto_interfaces/__init__.py'...
[14.424s] -- Installing: /home/snowartz/proyecto_final_ws/install/proyecto_interfaces/lib/python3.8/site-packages/proyecto_interfaces/msg
[14.424s] -- Installing: /home/snowartz/proyecto_final_ws/install/proyecto_interfaces/lib/python3.8/site-packages/proyecto_interfaces/msg/__init__.py
[14.424s] -- Installing: /home/snowartz/proyecto_final_ws/install/proyecto_interfaces/lib/python3.8/site-packages/proyecto_interfaces/msg/_banner.py
[14.424s] -- Installing: /home/snowartz/proyecto_final_ws/install/proyecto_interfaces/lib/python3.8/site-packages/proyecto_interfaces/msg/_banner_s.c
[14.424s] -- Installing: /home/snowartz/proyecto_final_ws/install/proyecto_interfaces/lib/python3.8/site-packages/proyecto_interfaces/srv
[14.424s] -- Installing: /home/snowartz/proyecto_final_ws/install/proyecto_interfaces/lib/python3.8/site-packages/proyecto_interfaces/srv/__init__.py
[14.424s] -- Installing: /home/snowartz/proyecto_final_ws/install/proyecto_interfaces/lib/python3.8/site-packages/proyecto_interfaces/srv/_start_perception_test.py
[14.424s] -- Installing: /home/snowartz/proyecto_final_ws/install/proyecto_interfaces/lib/python3.8/site-packages/proyecto_interfaces/srv/_start_manipulation_test_s.c
[14.424s] -- Installing: /home/snowartz/proyecto_final_ws/install/proyecto_interfaces/lib/python3.8/site-packages/proyecto_interfaces/srv/_start_navigation_test_s.c
[14.425s] -- Installing: /home/snowartz/proyecto_final_ws/install/proyecto_interfaces/lib/python3.8/site-packages/proyecto_interfaces/srv/_start_manipulation_test.py
[14.425s] -- Installing: /home/snowartz/proyecto_final_ws/install/proyecto_interfaces/lib/python3.8/site-packages/proyecto_interfaces/srv/_start_navigation_test.py
[14.425s] -- Installing: /home/snowartz/proyecto_final_ws/install/proyecto_interfaces/lib/python3.8/site-packages/proyecto_interfaces/srv/_start_perception_test_s.c
[14.425s] -- Installing: /home/snowartz/proyecto_final_ws/install/proyecto_interfaces/lib/python3.8/site-packages/proyecto_interfaces/proyecto_interfaces_s__rosidl_typesupport_introspection_c.cpython-38-x86_64-linux-gnu.so
[14.425s] -- Set runtime path of "/home/snowartz/proyecto_final_ws/install/proyecto_interfaces/lib/python3.8/site-packages/proyecto_interfaces/proyecto_interfaces_s__rosidl_typesupport_introspection_c.cpython-38-x86_64-linux-gnu.so" to ""
[14.426s] -- Installing: /home/snowartz/proyecto_final_ws/install/proyecto_interfaces/lib/python3.8/site-packages/proyecto_interfaces/proyecto_interfaces_s__rosidl_typesupport_fastrtps_c.cpython-38-x86_64-linux-gnu.so
[14.426s] -- Set runtime path of "/home/snowartz/proyecto_final_ws/install/proyecto_interfaces/lib/python3.8/site-packages/proyecto_interfaces/proyecto_interfaces_s__rosidl_typesupport_fastrtps_c.cpython-38-x86_64-linux-gnu.so" to ""
[14.426s] -- Installing: /home/snowartz/proyecto_final_ws/install/proyecto_interfaces/lib/python3.8/site-packages/proyecto_interfaces/proyecto_interfaces_s__rosidl_typesupport_c.cpython-38-x86_64-linux-gnu.so
[14.427s] -- Set runtime path of "/home/snowartz/proyecto_final_ws/install/proyecto_interfaces/lib/python3.8/site-packages/proyecto_interfaces/proyecto_interfaces_s__rosidl_typesupport_c.cpython-38-x86_64-linux-gnu.so" to ""
[14.427s] -- Installing: /home/snowartz/proyecto_final_ws/install/proyecto_interfaces/lib/libproyecto_interfaces__python.so
[14.427s] -- Set runtime path of "/home/snowartz/proyecto_final_ws/install/proyecto_interfaces/lib/libproyecto_interfaces__python.so" to ""
[14.427s] -- Installing: /home/snowartz/proyecto_final_ws/install/proyecto_interfaces/share/proyecto_interfaces/msg/Banner.idl
[14.428s] -- Installing: /home/snowartz/proyecto_final_ws/install/proyecto_interfaces/share/proyecto_interfaces/srv/StartNavigationTest.idl
[14.428s] -- Installing: /home/snowartz/proyecto_final_ws/install/proyecto_interfaces/share/proyecto_interfaces/srv/StartPerceptionTest.idl
[14.428s] -- Installing: /home/snowartz/proyecto_final_ws/install/proyecto_interfaces/share/proyecto_interfaces/srv/StartManipulationTest.idl
[14.428s] -- Installing: /home/snowartz/proyecto_final_ws/install/proyecto_interfaces/share/proyecto_interfaces/msg/Banner.msg
[14.428s] -- Installing: /home/snowartz/proyecto_final_ws/install/proyecto_interfaces/share/proyecto_interfaces/srv/StartNavigationTest.srv
[14.428s] -- Installing: /home/snowartz/proyecto_final_ws/install/proyecto_interfaces/share/proyecto_interfaces/srv/StartNavigationTest_Request.msg
[14.428s] -- Installing: /home/snowartz/proyecto_final_ws/install/proyecto_interfaces/share/proyecto_interfaces/srv/StartNavigationTest_Response.msg
[14.428s] -- Installing: /home/snowartz/proyecto_final_ws/install/proyecto_interfaces/share/proyecto_interfaces/srv/StartPerceptionTest.srv
[14.428s] -- Installing: /home/snowartz/proyecto_final_ws/install/proyecto_interfaces/share/proyecto_interfaces/srv/StartPerceptionTest_Request.msg
[14.429s] -- Installing: /home/snowartz/proyecto_final_ws/install/proyecto_interfaces/share/proyecto_interfaces/srv/StartPerceptionTest_Response.msg
[14.429s] -- Installing: /home/snowartz/proyecto_final_ws/install/proyecto_interfaces/share/proyecto_interfaces/srv/StartManipulationTest.srv
[14.429s] -- Installing: /home/snowartz/proyecto_final_ws/install/proyecto_interfaces/share/proyecto_interfaces/srv/StartManipulationTest_Request.msg
[14.429s] -- Installing: /home/snowartz/proyecto_final_ws/install/proyecto_interfaces/share/proyecto_interfaces/srv/StartManipulationTest_Response.msg
[14.429s] -- Installing: /home/snowartz/proyecto_final_ws/install/proyecto_interfaces/share/ament_index/resource_index/package_run_dependencies/proyecto_interfaces
[14.429s] -- Installing: /home/snowartz/proyecto_final_ws/install/proyecto_interfaces/share/ament_index/resource_index/parent_prefix_path/proyecto_interfaces
[14.429s] -- Installing: /home/snowartz/proyecto_final_ws/install/proyecto_interfaces/share/proyecto_interfaces/environment/ament_prefix_path.sh
[14.430s] -- Installing: /home/snowartz/proyecto_final_ws/install/proyecto_interfaces/share/proyecto_interfaces/environment/ament_prefix_path.dsv
[14.430s] -- Installing: /home/snowartz/proyecto_final_ws/install/proyecto_interfaces/share/proyecto_interfaces/environment/path.sh
[14.430s] -- Installing: /home/snowartz/proyecto_final_ws/install/proyecto_interfaces/share/proyecto_interfaces/environment/path.dsv
[14.430s] -- Installing: /home/snowartz/proyecto_final_ws/install/proyecto_interfaces/share/proyecto_interfaces/local_setup.bash
[14.430s] -- Installing: /home/snowartz/proyecto_final_ws/install/proyecto_interfaces/share/proyecto_interfaces/local_setup.sh
[14.430s] -- Installing: /home/snowartz/proyecto_final_ws/install/proyecto_interfaces/share/proyecto_interfaces/local_setup.zsh
[14.430s] -- Installing: /home/snowartz/proyecto_final_ws/install/proyecto_interfaces/share/proyecto_interfaces/local_setup.dsv
[14.430s] -- Installing: /home/snowartz/proyecto_final_ws/install/proyecto_interfaces/share/proyecto_interfaces/package.dsv
[14.431s] -- Installing: /home/snowartz/proyecto_final_ws/install/proyecto_interfaces/share/ament_index/resource_index/packages/proyecto_interfaces
[14.431s] -- Installing: /home/snowartz/proyecto_final_ws/install/proyecto_interfaces/share/proyecto_interfaces/cmake/proyecto_interfaces__rosidl_generator_cExport.cmake
[14.431s] -- Installing: /home/snowartz/proyecto_final_ws/install/proyecto_interfaces/share/proyecto_interfaces/cmake/proyecto_interfaces__rosidl_generator_cExport-noconfig.cmake
[14.431s] -- Installing: /home/snowartz/proyecto_final_ws/install/proyecto_interfaces/share/proyecto_interfaces/cmake/proyecto_interfaces__rosidl_typesupport_introspection_cExport.cmake
[14.431s] -- Installing: /home/snowartz/proyecto_final_ws/install/proyecto_interfaces/share/proyecto_interfaces/cmake/proyecto_interfaces__rosidl_typesupport_introspection_cExport-noconfig.cmake
[14.431s] -- Installing: /home/snowartz/proyecto_final_ws/install/proyecto_interfaces/share/proyecto_interfaces/cmake/proyecto_interfaces__rosidl_typesupport_cExport.cmake
[14.432s] -- Installing: /home/snowartz/proyecto_final_ws/install/proyecto_interfaces/share/proyecto_interfaces/cmake/proyecto_interfaces__rosidl_typesupport_cExport-noconfig.cmake
[14.432s] -- Installing: /home/snowartz/proyecto_final_ws/install/proyecto_interfaces/share/proyecto_interfaces/cmake/proyecto_interfaces__rosidl_generator_cppExport.cmake
[14.432s] -- Installing: /home/snowartz/proyecto_final_ws/install/proyecto_interfaces/share/proyecto_interfaces/cmake/proyecto_interfaces__rosidl_typesupport_introspection_cppExport.cmake
[14.432s] -- Installing: /home/snowartz/proyecto_final_ws/install/proyecto_interfaces/share/proyecto_interfaces/cmake/proyecto_interfaces__rosidl_typesupport_introspection_cppExport-noconfig.cmake
[14.432s] -- Installing: /home/snowartz/proyecto_final_ws/install/proyecto_interfaces/share/proyecto_interfaces/cmake/proyecto_interfaces__rosidl_typesupport_cppExport.cmake
[14.432s] -- Installing: /home/snowartz/proyecto_final_ws/install/proyecto_interfaces/share/proyecto_interfaces/cmake/proyecto_interfaces__rosidl_typesupport_cppExport-noconfig.cmake
[14.433s] -- Installing: /home/snowartz/proyecto_final_ws/install/proyecto_interfaces/share/proyecto_interfaces/cmake/rosidl_cmake-extras.cmake
[14.433s] -- Installing: /home/snowartz/proyecto_final_ws/install/proyecto_interfaces/share/proyecto_interfaces/cmake/ament_cmake_export_dependencies-extras.cmake
[14.433s] -- Installing: /home/snowartz/proyecto_final_ws/install/proyecto_interfaces/share/proyecto_interfaces/cmake/ament_cmake_export_libraries-extras.cmake
[14.433s] -- Installing: /home/snowartz/proyecto_final_ws/install/proyecto_interfaces/share/proyecto_interfaces/cmake/ament_cmake_export_targets-extras.cmake
[14.433s] -- Installing: /home/snowartz/proyecto_final_ws/install/proyecto_interfaces/share/proyecto_interfaces/cmake/ament_cmake_export_include_directories-extras.cmake
[14.433s] -- Installing: /home/snowartz/proyecto_final_ws/install/proyecto_interfaces/share/proyecto_interfaces/cmake/rosidl_cmake_export_typesupport_targets-extras.cmake
[14.433s] -- Installing: /home/snowartz/proyecto_final_ws/install/proyecto_interfaces/share/proyecto_interfaces/cmake/rosidl_cmake_export_typesupport_libraries-extras.cmake
[14.433s] -- Installing: /home/snowartz/proyecto_final_ws/install/proyecto_interfaces/share/proyecto_interfaces/cmake/proyecto_interfacesConfig.cmake
[14.433s] -- Installing: /home/snowartz/proyecto_final_ws/install/proyecto_interfaces/share/proyecto_interfaces/cmake/proyecto_interfacesConfig-version.cmake
[14.434s] -- Installing: /home/snowartz/proyecto_final_ws/install/proyecto_interfaces/share/proyecto_interfaces/package.xml
[14.436s] Invoked command in '/home/snowartz/proyecto_final_ws/build/proyecto_interfaces' returned '0': CMAKE_PREFIX_PATH=${CMAKE_PREFIX_PATH}:/home/snowartz/ros2_foxy/install/ros2bag:/home/snowartz/ros2_foxy/install/tracetools_launch:/home/snowartz/ros2_foxy/install/topic_monitor:/home/snowartz/ros2_foxy/install/examples_tf2_py:/home/snowartz/ros2_foxy/install/sros2:/home/snowartz/ros2_foxy/install/rqt_topic:/home/snowartz/ros2_foxy/install/rqt_top:/home/snowartz/ros2_foxy/install/rqt_srv:/home/snowartz/ros2_foxy/install/rqt_shell:/home/snowartz/ros2_foxy/install/rqt_service_caller:/home/snowartz/ros2_foxy/install/rqt_reconfigure:/home/snowartz/ros2_foxy/install/rqt_py_console:/home/snowartz/ros2_foxy/install/rqt_publisher:/home/snowartz/ros2_foxy/install/rqt_plot:/home/snowartz/ros2_foxy/install/rqt_action:/home/snowartz/ros2_foxy/install/rqt_msg:/home/snowartz/ros2_foxy/install/rqt_console:/home/snowartz/ros2_foxy/install/rqt:/home/snowartz/ros2_foxy/install/rqt_graph:/home/snowartz/ros2_foxy/install/rqt_gui_py:/home/snowartz/ros2_foxy/install/rqt_gui:/home/snowartz/ros2_foxy/install/ros2trace:/home/snowartz/ros2_foxy/install/ros2topic:/home/snowartz/ros2_foxy/install/ros2test:/home/snowartz/ros2_foxy/install/ros2component:/home/snowartz/ros2_foxy/install/ros2param:/home/snowartz/ros2_foxy/install/ros2lifecycle:/home/snowartz/ros2_foxy/install/ros2service:/home/snowartz/ros2_foxy/install/ros2run:/home/snowartz/ros2_foxy/install/ros2launch:/home/snowartz/ros2_foxy/install/ros2pkg:/home/snowartz/ros2_foxy/install/ros2node:/home/snowartz/ros2_foxy/install/ros2multicast:/home/snowartz/ros2_foxy/install/ros2interface:/home/snowartz/ros2_foxy/install/ros2doctor:/home/snowartz/ros2_foxy/install/ros2action:/home/snowartz/ros2_foxy/install/ros2cli:/home/snowartz/ros2_foxy/install/quality_of_service_demo_py:/home/snowartz/ros2_foxy/install/launch_testing_ros:/home/snowartz/ros2_foxy/install/launch_ros:/home/snowartz/ros2_foxy/install/examples_rclpy_minimal_subscriber:/home/snowartz/ros2_foxy/install/examples_rclpy_minimal_service:/home/snowartz/ros2_foxy/install/examples_rclpy_minimal_publisher:/home/snowartz/ros2_foxy/install/examples_rclpy_minimal_client:/home/snowartz/ros2_foxy/install/examples_rclpy_minimal_action_server:/home/snowartz/ros2_foxy/install/examples_rclpy_minimal_action_client:/home/snowartz/ros2_foxy/install/examples_rclpy_executors:/home/snowartz/ros2_foxy/install/demo_nodes_py:/home/snowartz/ros2_foxy/install/action_tutorials_py:/home/snowartz/ros2_foxy/install/ament_uncrustify:/home/snowartz/ros2_foxy/install/tracetools_trace:/home/snowartz/ros2_foxy/install/tracetools_read:/home/snowartz/ros2_foxy/install/test_launch_ros:/home/snowartz/ros2_foxy/install/sensor_msgs_py:/home/snowartz/ros2_foxy/install/rpyutils:/home/snowartz/ros2_foxy/install/rosidl_runtime_py:/home/snowartz/ros2_foxy/install/launch_yaml:/home/snowartz/ros2_foxy/install/launch_xml:/home/snowartz/ros2_foxy/install/launch_testing:/home/snowartz/ros2_foxy/install/launch:/home/snowartz/ros2_foxy/install/osrf_pycommon:/home/snowartz/ros2_foxy/install/domain_coordinator:/home/snowartz/ros2_foxy/install/ament_xmllint:/home/snowartz/ros2_foxy/install/ament_pyflakes:/home/snowartz/ros2_foxy/install/ament_pycodestyle:/home/snowartz/ros2_foxy/install/ament_pep257:/home/snowartz/ros2_foxy/install/ament_pclint:/home/snowartz/ros2_foxy/install/ament_package:/home/snowartz/ros2_foxy/install/ament_mypy:/home/snowartz/ros2_foxy/install/ament_lint_cmake:/home/snowartz/ros2_foxy/install/ament_flake8:/home/snowartz/ros2_foxy/install/ament_copyright:/home/snowartz/ros2_foxy/install/ament_lint:/home/snowartz/ros2_foxy/install/ament_index_python:/home/snowartz/ros2_foxy/install/ament_cpplint:/home/snowartz/ros2_foxy/install/ament_cppcheck:/home/snowartz/ros2_foxy/install/ament_clang_tidy:/home/snowartz/ros2_foxy/install/ament_clang_format /usr/bin/cmake --install /home/snowartz/proyecto_final_ws/build/proyecto_interfaces
