[1.637s] DEBUG:colcon:Command line arguments: ['/usr/bin/colcon', 'build']
[1.637s] DEBUG:colcon:Parsed command line arguments: Namespace(log_base=None, log_level=None, verb_name='build', build_base='build', install_base='install', merge_install=False, symlink_install=False, test_result_base=None, continue_on_error=False, executor='parallel', parallel_workers=4, event_handlers=None, ignore_user_meta=False, metas=['./colcon.meta'], base_paths=['.'], packages_ignore=None, packages_ignore_regex=None, paths=None, packages_up_to=None, packages_up_to_regex=None, packages_above=None, packages_above_and_dependencies=None, packages_above_depth=None, packages_select_by_dep=None, packages_skip_by_dep=None, packages_skip_up_to=None, packages_select_build_failed=False, packages_skip_build_finished=False, packages_select_test_failures=False, packages_skip_test_passed=False, packages_select=None, packages_skip=None, packages_select_regex=None, packages_skip_regex=None, packages_start=None, packages_end=None, allow_overriding=[], cmake_args=None, cmake_target=None, cmake_target_skip_unavailable=False, cmake_clean_cache=False, cmake_clean_first=False, cmake_force_configure=False, ament_cmake_args=None, catkin_cmake_args=None, catkin_skip_building_tests=False, verb_parser=<colcon_defaults.argument_parser.defaults.DefaultArgumentsDecorator object at 0xffffa7c3bf40>, verb_extension=<colcon_core.verb.build.BuildVerb object at 0xffffa8522470>, main=<bound method BuildVerb.main of <colcon_core.verb.build.BuildVerb object at 0xffffa8522470>>)
[1.789s] Level 1:colcon.colcon_core.package_discovery:discover_packages(colcon_meta) check parameters
[1.790s] Level 1:colcon.colcon_core.package_discovery:discover_packages(recursive) check parameters
[1.790s] Level 1:colcon.colcon_core.package_discovery:discover_packages(ignore) check parameters
[1.790s] Level 1:colcon.colcon_core.package_discovery:discover_packages(path) check parameters
[1.790s] Level 1:colcon.colcon_core.package_discovery:discover_packages(colcon_meta) discover
[1.790s] Level 1:colcon.colcon_core.package_discovery:discover_packages(recursive) discover
[1.790s] INFO:colcon.colcon_core.package_discovery:Crawling recursively for packages in '/home/abmodelo2023/Documentos/Proyecto-Final-Robotica-202310'
[1.791s] Level 1:colcon.colcon_core.package_identification:_identify(.) by extensions ['ignore', 'ignore_ament_install']
[1.792s] Level 1:colcon.colcon_core.package_identification:_identify(.) by extension 'ignore'
[1.792s] Level 1:colcon.colcon_core.package_identification:_identify(.) by extension 'ignore_ament_install'
[1.792s] Level 1:colcon.colcon_core.package_identification:_identify(.) by extensions ['colcon_pkg']
[1.792s] Level 1:colcon.colcon_core.package_identification:_identify(.) by extension 'colcon_pkg'
[1.793s] Level 1:colcon.colcon_core.package_identification:_identify(.) by extensions ['colcon_meta']
[1.793s] Level 1:colcon.colcon_core.package_identification:_identify(.) by extension 'colcon_meta'
[1.793s] Level 1:colcon.colcon_core.package_identification:_identify(.) by extensions ['ros']
[1.793s] Level 1:colcon.colcon_core.package_identification:_identify(.) by extension 'ros'
[1.848s] Level 1:colcon.colcon_core.package_identification:_identify(.) by extensions ['cmake', 'python']
[1.848s] Level 1:colcon.colcon_core.package_identification:_identify(.) by extension 'cmake'
[1.849s] Level 1:colcon.colcon_core.package_identification:_identify(.) by extension 'python'
[1.849s] Level 1:colcon.colcon_core.package_identification:_identify(.) by extensions ['python_setup_py']
[1.849s] Level 1:colcon.colcon_core.package_identification:_identify(.) by extension 'python_setup_py'
[1.850s] Level 1:colcon.colcon_core.package_identification:_identify(build) by extensions ['ignore', 'ignore_ament_install']
[1.850s] Level 1:colcon.colcon_core.package_identification:_identify(build) by extension 'ignore'
[1.850s] Level 1:colcon.colcon_core.package_identification:_identify(build) ignored
[1.851s] Level 1:colcon.colcon_core.package_identification:_identify(data) by extensions ['ignore', 'ignore_ament_install']
[1.851s] Level 1:colcon.colcon_core.package_identification:_identify(data) by extension 'ignore'
[1.852s] Level 1:colcon.colcon_core.package_identification:_identify(data) by extension 'ignore_ament_install'
[1.852s] Level 1:colcon.colcon_core.package_identification:_identify(data) by extensions ['colcon_pkg']
[1.852s] Level 1:colcon.colcon_core.package_identification:_identify(data) by extension 'colcon_pkg'
[1.852s] Level 1:colcon.colcon_core.package_identification:_identify(data) by extensions ['colcon_meta']
[1.853s] Level 1:colcon.colcon_core.package_identification:_identify(data) by extension 'colcon_meta'
[1.853s] Level 1:colcon.colcon_core.package_identification:_identify(data) by extensions ['ros']
[1.853s] Level 1:colcon.colcon_core.package_identification:_identify(data) by extension 'ros'
[1.853s] Level 1:colcon.colcon_core.package_identification:_identify(data) by extensions ['cmake', 'python']
[1.854s] Level 1:colcon.colcon_core.package_identification:_identify(data) by extension 'cmake'
[1.854s] Level 1:colcon.colcon_core.package_identification:_identify(data) by extension 'python'
[1.854s] Level 1:colcon.colcon_core.package_identification:_identify(data) by extensions ['python_setup_py']
[1.854s] Level 1:colcon.colcon_core.package_identification:_identify(data) by extension 'python_setup_py'
[1.855s] Level 1:colcon.colcon_core.package_identification:_identify(install) by extensions ['ignore', 'ignore_ament_install']
[1.855s] Level 1:colcon.colcon_core.package_identification:_identify(install) by extension 'ignore'
[1.855s] Level 1:colcon.colcon_core.package_identification:_identify(install) ignored
[1.857s] Level 1:colcon.colcon_core.package_identification:_identify(log) by extensions ['ignore', 'ignore_ament_install']
[1.857s] Level 1:colcon.colcon_core.package_identification:_identify(log) by extension 'ignore'
[1.858s] Level 1:colcon.colcon_core.package_identification:_identify(log) ignored
[1.858s] Level 1:colcon.colcon_core.package_identification:_identify(proyecto_final_ws) by extensions ['ignore', 'ignore_ament_install']
[1.858s] Level 1:colcon.colcon_core.package_identification:_identify(proyecto_final_ws) by extension 'ignore'
[1.859s] Level 1:colcon.colcon_core.package_identification:_identify(proyecto_final_ws) by extension 'ignore_ament_install'
[1.859s] Level 1:colcon.colcon_core.package_identification:_identify(proyecto_final_ws) by extensions ['colcon_pkg']
[1.859s] Level 1:colcon.colcon_core.package_identification:_identify(proyecto_final_ws) by extension 'colcon_pkg'
[1.859s] Level 1:colcon.colcon_core.package_identification:_identify(proyecto_final_ws) by extensions ['colcon_meta']
[1.860s] Level 1:colcon.colcon_core.package_identification:_identify(proyecto_final_ws) by extension 'colcon_meta'
[1.860s] Level 1:colcon.colcon_core.package_identification:_identify(proyecto_final_ws) by extensions ['ros']
[1.860s] Level 1:colcon.colcon_core.package_identification:_identify(proyecto_final_ws) by extension 'ros'
[1.860s] Level 1:colcon.colcon_core.package_identification:_identify(proyecto_final_ws) by extensions ['cmake', 'python']
[1.861s] Level 1:colcon.colcon_core.package_identification:_identify(proyecto_final_ws) by extension 'cmake'
[1.861s] Level 1:colcon.colcon_core.package_identification:_identify(proyecto_final_ws) by extension 'python'
[1.861s] Level 1:colcon.colcon_core.package_identification:_identify(proyecto_final_ws) by extensions ['python_setup_py']
[1.861s] Level 1:colcon.colcon_core.package_identification:_identify(proyecto_final_ws) by extension 'python_setup_py'
[1.862s] Level 1:colcon.colcon_core.package_identification:_identify(proyecto_final_ws/src) by extensions ['ignore', 'ignore_ament_install']
[1.862s] Level 1:colcon.colcon_core.package_identification:_identify(proyecto_final_ws/src) by extension 'ignore'
[1.862s] Level 1:colcon.colcon_core.package_identification:_identify(proyecto_final_ws/src) by extension 'ignore_ament_install'
[1.863s] Level 1:colcon.colcon_core.package_identification:_identify(proyecto_final_ws/src) by extensions ['colcon_pkg']
[1.863s] Level 1:colcon.colcon_core.package_identification:_identify(proyecto_final_ws/src) by extension 'colcon_pkg'
[1.863s] Level 1:colcon.colcon_core.package_identification:_identify(proyecto_final_ws/src) by extensions ['colcon_meta']
[1.863s] Level 1:colcon.colcon_core.package_identification:_identify(proyecto_final_ws/src) by extension 'colcon_meta'
[1.863s] Level 1:colcon.colcon_core.package_identification:_identify(proyecto_final_ws/src) by extensions ['ros']
[1.864s] Level 1:colcon.colcon_core.package_identification:_identify(proyecto_final_ws/src) by extension 'ros'
[1.864s] Level 1:colcon.colcon_core.package_identification:_identify(proyecto_final_ws/src) by extensions ['cmake', 'python']
[1.864s] Level 1:colcon.colcon_core.package_identification:_identify(proyecto_final_ws/src) by extension 'cmake'
[1.864s] Level 1:colcon.colcon_core.package_identification:_identify(proyecto_final_ws/src) by extension 'python'
[1.865s] Level 1:colcon.colcon_core.package_identification:_identify(proyecto_final_ws/src) by extensions ['python_setup_py']
[1.865s] Level 1:colcon.colcon_core.package_identification:_identify(proyecto_final_ws/src) by extension 'python_setup_py'
[1.865s] Level 1:colcon.colcon_core.package_identification:_identify(proyecto_final_ws/src/proyecto_interfaces) by extensions ['ignore', 'ignore_ament_install']
[1.866s] Level 1:colcon.colcon_core.package_identification:_identify(proyecto_final_ws/src/proyecto_interfaces) by extension 'ignore'
[1.866s] Level 1:colcon.colcon_core.package_identification:_identify(proyecto_final_ws/src/proyecto_interfaces) by extension 'ignore_ament_install'
[1.866s] Level 1:colcon.colcon_core.package_identification:_identify(proyecto_final_ws/src/proyecto_interfaces) by extensions ['colcon_pkg']
[1.867s] Level 1:colcon.colcon_core.package_identification:_identify(proyecto_final_ws/src/proyecto_interfaces) by extension 'colcon_pkg'
[1.867s] Level 1:colcon.colcon_core.package_identification:_identify(proyecto_final_ws/src/proyecto_interfaces) by extensions ['colcon_meta']
[1.867s] Level 1:colcon.colcon_core.package_identification:_identify(proyecto_final_ws/src/proyecto_interfaces) by extension 'colcon_meta'
[1.867s] Level 1:colcon.colcon_core.package_identification:_identify(proyecto_final_ws/src/proyecto_interfaces) by extensions ['ros']
[1.867s] Level 1:colcon.colcon_core.package_identification:_identify(proyecto_final_ws/src/proyecto_interfaces) by extension 'ros'
[1.877s] DEBUG:colcon.colcon_core.package_identification:Package 'proyecto_final_ws/src/proyecto_interfaces' with type 'ros.ament_cmake' and name 'proyecto_interfaces'
[1.878s] Level 1:colcon.colcon_core.package_identification:_identify(proyecto_final_ws/src/proyecto_master_pkg) by extensions ['ignore', 'ignore_ament_install']
[1.878s] Level 1:colcon.colcon_core.package_identification:_identify(proyecto_final_ws/src/proyecto_master_pkg) by extension 'ignore'
[1.878s] Level 1:colcon.colcon_core.package_identification:_identify(proyecto_final_ws/src/proyecto_master_pkg) by extension 'ignore_ament_install'
[1.879s] Level 1:colcon.colcon_core.package_identification:_identify(proyecto_final_ws/src/proyecto_master_pkg) by extensions ['colcon_pkg']
[1.879s] Level 1:colcon.colcon_core.package_identification:_identify(proyecto_final_ws/src/proyecto_master_pkg) by extension 'colcon_pkg'
[1.879s] Level 1:colcon.colcon_core.package_identification:_identify(proyecto_final_ws/src/proyecto_master_pkg) by extensions ['colcon_meta']
[1.879s] Level 1:colcon.colcon_core.package_identification:_identify(proyecto_final_ws/src/proyecto_master_pkg) by extension 'colcon_meta'
[1.880s] Level 1:colcon.colcon_core.package_identification:_identify(proyecto_final_ws/src/proyecto_master_pkg) by extensions ['ros']
[1.880s] Level 1:colcon.colcon_core.package_identification:_identify(proyecto_final_ws/src/proyecto_master_pkg) by extension 'ros'
[1.882s] DEBUG:colcon.colcon_core.package_identification:Package 'proyecto_final_ws/src/proyecto_master_pkg' with type 'ros.ament_python' and name 'proyecto_master_pkg'
[1.883s] Level 1:colcon.colcon_core.package_identification:_identify(proyecto_final_ws/src/vision_opencv) by extensions ['ignore', 'ignore_ament_install']
[1.884s] Level 1:colcon.colcon_core.package_identification:_identify(proyecto_final_ws/src/vision_opencv) by extension 'ignore'
[1.884s] Level 1:colcon.colcon_core.package_identification:_identify(proyecto_final_ws/src/vision_opencv) by extension 'ignore_ament_install'
[1.884s] Level 1:colcon.colcon_core.package_identification:_identify(proyecto_final_ws/src/vision_opencv) by extensions ['colcon_pkg']
[1.884s] Level 1:colcon.colcon_core.package_identification:_identify(proyecto_final_ws/src/vision_opencv) by extension 'colcon_pkg'
[1.885s] Level 1:colcon.colcon_core.package_identification:_identify(proyecto_final_ws/src/vision_opencv) by extensions ['colcon_meta']
[1.885s] Level 1:colcon.colcon_core.package_identification:_identify(proyecto_final_ws/src/vision_opencv) by extension 'colcon_meta'
[1.885s] Level 1:colcon.colcon_core.package_identification:_identify(proyecto_final_ws/src/vision_opencv) by extensions ['ros']
[1.885s] Level 1:colcon.colcon_core.package_identification:_identify(proyecto_final_ws/src/vision_opencv) by extension 'ros'
[1.886s] Level 1:colcon.colcon_core.package_identification:_identify(proyecto_final_ws/src/vision_opencv) by extensions ['cmake', 'python']
[1.886s] Level 1:colcon.colcon_core.package_identification:_identify(proyecto_final_ws/src/vision_opencv) by extension 'cmake'
[1.886s] Level 1:colcon.colcon_core.package_identification:_identify(proyecto_final_ws/src/vision_opencv) by extension 'python'
[1.886s] Level 1:colcon.colcon_core.package_identification:_identify(proyecto_final_ws/src/vision_opencv) by extensions ['python_setup_py']
[1.886s] Level 1:colcon.colcon_core.package_identification:_identify(proyecto_final_ws/src/vision_opencv) by extension 'python_setup_py'
[1.887s] Level 1:colcon.colcon_core.package_discovery:discover_packages(recursive) using defaults
[1.887s] Level 1:colcon.colcon_core.package_discovery:discover_packages(ignore) discover
[1.887s] Level 1:colcon.colcon_core.package_discovery:discover_packages(ignore) using defaults
[1.887s] Level 1:colcon.colcon_core.package_discovery:discover_packages(path) discover
[1.887s] Level 1:colcon.colcon_core.package_discovery:discover_packages(path) using defaults
[1.994s] Level 1:colcon.colcon_core.package_discovery:discover_packages(prefix_path) check parameters
[1.995s] Level 1:colcon.colcon_core.package_discovery:discover_packages(prefix_path) discover
[2.016s] DEBUG:colcon.colcon_installed_package_information.package_discovery:Found 270 installed packages in /opt/ros/humble
[2.024s] Level 1:colcon.colcon_core.package_discovery:discover_packages(prefix_path) using defaults
[2.356s] Level 5:colcon.colcon_core.verb:set package 'proyecto_interfaces' build argument 'cmake_args' from command line to 'None'
[2.356s] Level 5:colcon.colcon_core.verb:set package 'proyecto_interfaces' build argument 'cmake_target' from command line to 'None'
[2.357s] Level 5:colcon.colcon_core.verb:set package 'proyecto_interfaces' build argument 'cmake_target_skip_unavailable' from command line to 'False'
[2.357s] Level 5:colcon.colcon_core.verb:set package 'proyecto_interfaces' build argument 'cmake_clean_cache' from command line to 'False'
[2.357s] Level 5:colcon.colcon_core.verb:set package 'proyecto_interfaces' build argument 'cmake_clean_first' from command line to 'False'
[2.357s] Level 5:colcon.colcon_core.verb:set package 'proyecto_interfaces' build argument 'cmake_force_configure' from command line to 'False'
[2.358s] Level 5:colcon.colcon_core.verb:set package 'proyecto_interfaces' build argument 'ament_cmake_args' from command line to 'None'
[2.358s] Level 5:colcon.colcon_core.verb:set package 'proyecto_interfaces' build argument 'catkin_cmake_args' from command line to 'None'
[2.358s] Level 5:colcon.colcon_core.verb:set package 'proyecto_interfaces' build argument 'catkin_skip_building_tests' from command line to 'False'
[2.358s] DEBUG:colcon.colcon_core.verb:Building package 'proyecto_interfaces' with the following arguments: {'ament_cmake_args': None, 'build_base': '/home/abmodelo2023/Documentos/Proyecto-Final-Robotica-202310/build/proyecto_interfaces', 'catkin_cmake_args': None, 'catkin_skip_building_tests': False, 'cmake_args': None, 'cmake_clean_cache': False, 'cmake_clean_first': False, 'cmake_force_configure': False, 'cmake_target': None, 'cmake_target_skip_unavailable': False, 'install_base': '/home/abmodelo2023/Documentos/Proyecto-Final-Robotica-202310/install/proyecto_interfaces', 'merge_install': False, 'path': '/home/abmodelo2023/Documentos/Proyecto-Final-Robotica-202310/proyecto_final_ws/src/proyecto_interfaces', 'symlink_install': False, 'test_result_base': None}
[2.364s] Level 5:colcon.colcon_core.verb:set package 'proyecto_master_pkg' build argument 'cmake_args' from command line to 'None'
[2.364s] Level 5:colcon.colcon_core.verb:set package 'proyecto_master_pkg' build argument 'cmake_target' from command line to 'None'
[2.364s] Level 5:colcon.colcon_core.verb:set package 'proyecto_master_pkg' build argument 'cmake_target_skip_unavailable' from command line to 'False'
[2.365s] Level 5:colcon.colcon_core.verb:set package 'proyecto_master_pkg' build argument 'cmake_clean_cache' from command line to 'False'
[2.365s] Level 5:colcon.colcon_core.verb:set package 'proyecto_master_pkg' build argument 'cmake_clean_first' from command line to 'False'
[2.365s] Level 5:colcon.colcon_core.verb:set package 'proyecto_master_pkg' build argument 'cmake_force_configure' from command line to 'False'
[2.365s] Level 5:colcon.colcon_core.verb:set package 'proyecto_master_pkg' build argument 'ament_cmake_args' from command line to 'None'
[2.365s] Level 5:colcon.colcon_core.verb:set package 'proyecto_master_pkg' build argument 'catkin_cmake_args' from command line to 'None'
[2.365s] Level 5:colcon.colcon_core.verb:set package 'proyecto_master_pkg' build argument 'catkin_skip_building_tests' from command line to 'False'
[2.366s] DEBUG:colcon.colcon_core.verb:Building package 'proyecto_master_pkg' with the following arguments: {'ament_cmake_args': None, 'build_base': '/home/abmodelo2023/Documentos/Proyecto-Final-Robotica-202310/build/proyecto_master_pkg', 'catkin_cmake_args': None, 'catkin_skip_building_tests': False, 'cmake_args': None, 'cmake_clean_cache': False, 'cmake_clean_first': False, 'cmake_force_configure': False, 'cmake_target': None, 'cmake_target_skip_unavailable': False, 'install_base': '/home/abmodelo2023/Documentos/Proyecto-Final-Robotica-202310/install/proyecto_master_pkg', 'merge_install': False, 'path': '/home/abmodelo2023/Documentos/Proyecto-Final-Robotica-202310/proyecto_final_ws/src/proyecto_master_pkg', 'symlink_install': False, 'test_result_base': None}
[2.369s] INFO:colcon.colcon_core.executor:Executing jobs using 'parallel' executor
[2.388s] DEBUG:colcon.colcon_parallel_executor.executor.parallel:run_until_complete
[2.389s] INFO:colcon.colcon_ros.task.ament_cmake.build:Building ROS package in '/home/abmodelo2023/Documentos/Proyecto-Final-Robotica-202310/proyecto_final_ws/src/proyecto_interfaces' with build type 'ament_cmake'
[2.391s] INFO:colcon.colcon_cmake.task.cmake.build:Building CMake package in '/home/abmodelo2023/Documentos/Proyecto-Final-Robotica-202310/proyecto_final_ws/src/proyecto_interfaces'
[2.427s] INFO:colcon.colcon_core.plugin_system:Skipping extension 'colcon_core.shell.bat': Not used on non-Windows systems
[2.431s] INFO:colcon.colcon_core.shell:Skip shell extension 'powershell' for command environment: Not usable outside of PowerShell
[2.433s] DEBUG:colcon.colcon_core.shell:Skip shell extension 'dsv' for command environment
[2.464s] INFO:colcon.colcon_ros.task.ament_python.build:Building ROS package in '/home/abmodelo2023/Documentos/Proyecto-Final-Robotica-202310/proyecto_final_ws/src/proyecto_master_pkg' with build type 'ament_python'
[2.466s] Level 1:colcon.colcon_core.shell:create_environment_hook('proyecto_master_pkg', 'ament_prefix_path')
[2.474s] INFO:colcon.colcon_core.shell:Creating environment hook '/home/abmodelo2023/Documentos/Proyecto-Final-Robotica-202310/install/proyecto_master_pkg/share/proyecto_master_pkg/hook/ament_prefix_path.ps1'
[2.478s] INFO:colcon.colcon_core.shell:Creating environment descriptor '/home/abmodelo2023/Documentos/Proyecto-Final-Robotica-202310/install/proyecto_master_pkg/share/proyecto_master_pkg/hook/ament_prefix_path.dsv'
[2.482s] INFO:colcon.colcon_core.shell:Creating environment hook '/home/abmodelo2023/Documentos/Proyecto-Final-Robotica-202310/install/proyecto_master_pkg/share/proyecto_master_pkg/hook/ament_prefix_path.sh'
[2.503s] INFO:colcon.colcon_core.shell:Skip shell extension 'powershell' for command environment: Not usable outside of PowerShell
[2.504s] DEBUG:colcon.colcon_core.shell:Skip shell extension 'dsv' for command environment
[2.597s] DEBUG:colcon.colcon_core.event_handler.log_command:Invoking command in '/home/abmodelo2023/Documentos/Proyecto-Final-Robotica-202310/build/proyecto_interfaces': CMAKE_PREFIX_PATH=/opt/ros/humble /usr/bin/cmake --build /home/abmodelo2023/Documentos/Proyecto-Final-Robotica-202310/build/proyecto_interfaces -- -j4 -l4
[4.842s] INFO:colcon.colcon_core.task.python.build:Building Python package in '/home/abmodelo2023/Documentos/Proyecto-Final-Robotica-202310/proyecto_final_ws/src/proyecto_master_pkg'
[4.849s] INFO:colcon.colcon_core.shell:Skip shell extension 'powershell' for command environment: Not usable outside of PowerShell
[4.850s] DEBUG:colcon.colcon_core.shell:Skip shell extension 'dsv' for command environment
[5.385s] DEBUG:colcon.colcon_core.event_handler.log_command:Invoked command in '/home/abmodelo2023/Documentos/Proyecto-Final-Robotica-202310/build/proyecto_interfaces' returned '0': CMAKE_PREFIX_PATH=/opt/ros/humble /usr/bin/cmake --build /home/abmodelo2023/Documentos/Proyecto-Final-Robotica-202310/build/proyecto_interfaces -- -j4 -l4
[6.297s] DEBUG:colcon.colcon_core.event_handler.log_command:Invoking command in '/home/abmodelo2023/Documentos/Proyecto-Final-Robotica-202310/build/proyecto_interfaces': CMAKE_PREFIX_PATH=/opt/ros/humble /usr/bin/cmake --install /home/abmodelo2023/Documentos/Proyecto-Final-Robotica-202310/build/proyecto_interfaces
[6.802s] Level 1:colcon.colcon_core.environment:create_environment_scripts_only(proyecto_interfaces)
[6.807s] DEBUG:colcon.colcon_core.event_handler.log_command:Invoked command in '/home/abmodelo2023/Documentos/Proyecto-Final-Robotica-202310/build/proyecto_interfaces' returned '0': CMAKE_PREFIX_PATH=/opt/ros/humble /usr/bin/cmake --install /home/abmodelo2023/Documentos/Proyecto-Final-Robotica-202310/build/proyecto_interfaces
[6.836s] Level 1:colcon.colcon_core.environment:checking '/home/abmodelo2023/Documentos/Proyecto-Final-Robotica-202310/install/proyecto_interfaces' for CMake module files
[6.844s] Level 1:colcon.colcon_core.environment:checking '/home/abmodelo2023/Documentos/Proyecto-Final-Robotica-202310/install/proyecto_interfaces' for CMake config files
[6.851s] Level 1:colcon.colcon_core.shell:create_environment_hook('proyecto_interfaces', 'cmake_prefix_path')
[6.865s] INFO:colcon.colcon_core.shell:Creating environment hook '/home/abmodelo2023/Documentos/Proyecto-Final-Robotica-202310/install/proyecto_interfaces/share/proyecto_interfaces/hook/cmake_prefix_path.ps1'
[6.868s] INFO:colcon.colcon_core.shell:Creating environment descriptor '/home/abmodelo2023/Documentos/Proyecto-Final-Robotica-202310/install/proyecto_interfaces/share/proyecto_interfaces/hook/cmake_prefix_path.dsv'
[6.873s] INFO:colcon.colcon_core.shell:Creating environment hook '/home/abmodelo2023/Documentos/Proyecto-Final-Robotica-202310/install/proyecto_interfaces/share/proyecto_interfaces/hook/cmake_prefix_path.sh'
[6.878s] Level 1:colcon.colcon_core.environment:checking '/home/abmodelo2023/Documentos/Proyecto-Final-Robotica-202310/install/proyecto_interfaces/lib'
[6.880s] Level 1:colcon.colcon_core.shell:create_environment_hook('proyecto_interfaces', 'ld_library_path_lib')
[6.893s] INFO:colcon.colcon_core.shell:Creating environment hook '/home/abmodelo2023/Documentos/Proyecto-Final-Robotica-202310/install/proyecto_interfaces/share/proyecto_interfaces/hook/ld_library_path_lib.ps1'
[6.899s] INFO:colcon.colcon_core.shell:Creating environment descriptor '/home/abmodelo2023/Documentos/Proyecto-Final-Robotica-202310/install/proyecto_interfaces/share/proyecto_interfaces/hook/ld_library_path_lib.dsv'
[6.902s] INFO:colcon.colcon_core.shell:Creating environment hook '/home/abmodelo2023/Documentos/Proyecto-Final-Robotica-202310/install/proyecto_interfaces/share/proyecto_interfaces/hook/ld_library_path_lib.sh'
[6.905s] Level 1:colcon.colcon_core.environment:checking '/home/abmodelo2023/Documentos/Proyecto-Final-Robotica-202310/install/proyecto_interfaces/bin'
[6.905s] Level 1:colcon.colcon_core.environment:checking '/home/abmodelo2023/Documentos/Proyecto-Final-Robotica-202310/install/proyecto_interfaces/lib/pkgconfig/proyecto_interfaces.pc'
[6.907s] Level 1:colcon.colcon_core.environment:checking '/home/abmodelo2023/Documentos/Proyecto-Final-Robotica-202310/install/proyecto_interfaces/lib/python3.10/site-packages'
[6.908s] Level 1:colcon.colcon_core.environment:checking '/home/abmodelo2023/Documentos/Proyecto-Final-Robotica-202310/install/proyecto_interfaces/bin'
[6.915s] INFO:colcon.colcon_core.shell:Creating package script '/home/abmodelo2023/Documentos/Proyecto-Final-Robotica-202310/install/proyecto_interfaces/share/proyecto_interfaces/package.ps1'
[6.920s] INFO:colcon.colcon_core.shell:Creating package descriptor '/home/abmodelo2023/Documentos/Proyecto-Final-Robotica-202310/install/proyecto_interfaces/share/proyecto_interfaces/package.dsv'
[6.924s] INFO:colcon.colcon_core.shell:Creating package script '/home/abmodelo2023/Documentos/Proyecto-Final-Robotica-202310/install/proyecto_interfaces/share/proyecto_interfaces/package.sh'
[6.928s] INFO:colcon.colcon_core.shell:Creating package script '/home/abmodelo2023/Documentos/Proyecto-Final-Robotica-202310/install/proyecto_interfaces/share/proyecto_interfaces/package.bash'
[6.933s] INFO:colcon.colcon_core.shell:Creating package script '/home/abmodelo2023/Documentos/Proyecto-Final-Robotica-202310/install/proyecto_interfaces/share/proyecto_interfaces/package.zsh'
[6.937s] Level 1:colcon.colcon_core.environment:create_file_with_runtime_dependencies(/home/abmodelo2023/Documentos/Proyecto-Final-Robotica-202310/install/proyecto_interfaces/share/colcon-core/packages/proyecto_interfaces)
[7.195s] DEBUG:colcon.colcon_core.event_handler.log_command:Invoking command in '/home/abmodelo2023/Documentos/Proyecto-Final-Robotica-202310/proyecto_final_ws/src/proyecto_master_pkg': PYTHONPATH=/home/abmodelo2023/Documentos/Proyecto-Final-Robotica-202310/build/proyecto_master_pkg/prefix_override:/home/abmodelo2023/Documentos/Proyecto-Final-Robotica-202310/install/proyecto_master_pkg/lib/python3.10/site-packages:${PYTHONPATH} /usr/bin/python3 setup.py egg_info --egg-base ../../../build/proyecto_master_pkg build --build-base /home/abmodelo2023/Documentos/Proyecto-Final-Robotica-202310/build/proyecto_master_pkg/build install --record /home/abmodelo2023/Documentos/Proyecto-Final-Robotica-202310/build/proyecto_master_pkg/install.log --install-scripts $base/lib/proyecto_master_pkg --single-version-externally-managed
[7.814s] Level 1:colcon.colcon_core.environment:create_environment_scripts_only(proyecto_interfaces)
[7.824s] Level 1:colcon.colcon_core.environment:checking '/home/abmodelo2023/Documentos/Proyecto-Final-Robotica-202310/install/proyecto_interfaces' for CMake module files
[7.830s] Level 1:colcon.colcon_core.environment:checking '/home/abmodelo2023/Documentos/Proyecto-Final-Robotica-202310/install/proyecto_interfaces' for CMake config files
[7.834s] Level 1:colcon.colcon_core.shell:create_environment_hook('proyecto_interfaces', 'cmake_prefix_path')
[7.841s] INFO:colcon.colcon_core.shell:Creating environment hook '/home/abmodelo2023/Documentos/Proyecto-Final-Robotica-202310/install/proyecto_interfaces/share/proyecto_interfaces/hook/cmake_prefix_path.ps1'
[7.843s] INFO:colcon.colcon_core.shell:Creating environment descriptor '/home/abmodelo2023/Documentos/Proyecto-Final-Robotica-202310/install/proyecto_interfaces/share/proyecto_interfaces/hook/cmake_prefix_path.dsv'
[7.845s] INFO:colcon.colcon_core.shell:Creating environment hook '/home/abmodelo2023/Documentos/Proyecto-Final-Robotica-202310/install/proyecto_interfaces/share/proyecto_interfaces/hook/cmake_prefix_path.sh'
[7.849s] Level 1:colcon.colcon_core.environment:checking '/home/abmodelo2023/Documentos/Proyecto-Final-Robotica-202310/install/proyecto_interfaces/lib'
[7.850s] Level 1:colcon.colcon_core.shell:create_environment_hook('proyecto_interfaces', 'ld_library_path_lib')
[7.856s] INFO:colcon.colcon_core.shell:Creating environment hook '/home/abmodelo2023/Documentos/Proyecto-Final-Robotica-202310/install/proyecto_interfaces/share/proyecto_interfaces/hook/ld_library_path_lib.ps1'
[7.858s] INFO:colcon.colcon_core.shell:Creating environment descriptor '/home/abmodelo2023/Documentos/Proyecto-Final-Robotica-202310/install/proyecto_interfaces/share/proyecto_interfaces/hook/ld_library_path_lib.dsv'
[7.861s] INFO:colcon.colcon_core.shell:Creating environment hook '/home/abmodelo2023/Documentos/Proyecto-Final-Robotica-202310/install/proyecto_interfaces/share/proyecto_interfaces/hook/ld_library_path_lib.sh'
[7.863s] Level 1:colcon.colcon_core.environment:checking '/home/abmodelo2023/Documentos/Proyecto-Final-Robotica-202310/install/proyecto_interfaces/bin'
[7.864s] Level 1:colcon.colcon_core.environment:checking '/home/abmodelo2023/Documentos/Proyecto-Final-Robotica-202310/install/proyecto_interfaces/lib/pkgconfig/proyecto_interfaces.pc'
[7.865s] Level 1:colcon.colcon_core.environment:checking '/home/abmodelo2023/Documentos/Proyecto-Final-Robotica-202310/install/proyecto_interfaces/lib/python3.10/site-packages'
[7.866s] Level 1:colcon.colcon_core.environment:checking '/home/abmodelo2023/Documentos/Proyecto-Final-Robotica-202310/install/proyecto_interfaces/bin'
[7.872s] INFO:colcon.colcon_core.shell:Creating package script '/home/abmodelo2023/Documentos/Proyecto-Final-Robotica-202310/install/proyecto_interfaces/share/proyecto_interfaces/package.ps1'
[7.876s] INFO:colcon.colcon_core.shell:Creating package descriptor '/home/abmodelo2023/Documentos/Proyecto-Final-Robotica-202310/install/proyecto_interfaces/share/proyecto_interfaces/package.dsv'
[7.880s] INFO:colcon.colcon_core.shell:Creating package script '/home/abmodelo2023/Documentos/Proyecto-Final-Robotica-202310/install/proyecto_interfaces/share/proyecto_interfaces/package.sh'
[7.883s] INFO:colcon.colcon_core.shell:Creating package script '/home/abmodelo2023/Documentos/Proyecto-Final-Robotica-202310/install/proyecto_interfaces/share/proyecto_interfaces/package.bash'
[7.886s] INFO:colcon.colcon_core.shell:Creating package script '/home/abmodelo2023/Documentos/Proyecto-Final-Robotica-202310/install/proyecto_interfaces/share/proyecto_interfaces/package.zsh'
[7.889s] Level 1:colcon.colcon_core.environment:create_file_with_runtime_dependencies(/home/abmodelo2023/Documentos/Proyecto-Final-Robotica-202310/install/proyecto_interfaces/share/colcon-core/packages/proyecto_interfaces)
[8.949s] Level 1:colcon.colcon_core.environment:checking '/home/abmodelo2023/Documentos/Proyecto-Final-Robotica-202310/install/proyecto_master_pkg' for CMake module files
[8.952s] DEBUG:colcon.colcon_core.event_handler.log_command:Invoked command in '/home/abmodelo2023/Documentos/Proyecto-Final-Robotica-202310/proyecto_final_ws/src/proyecto_master_pkg' returned '0': PYTHONPATH=/home/abmodelo2023/Documentos/Proyecto-Final-Robotica-202310/build/proyecto_master_pkg/prefix_override:/home/abmodelo2023/Documentos/Proyecto-Final-Robotica-202310/install/proyecto_master_pkg/lib/python3.10/site-packages:${PYTHONPATH} /usr/bin/python3 setup.py egg_info --egg-base ../../../build/proyecto_master_pkg build --build-base /home/abmodelo2023/Documentos/Proyecto-Final-Robotica-202310/build/proyecto_master_pkg/build install --record /home/abmodelo2023/Documentos/Proyecto-Final-Robotica-202310/build/proyecto_master_pkg/install.log --install-scripts $base/lib/proyecto_master_pkg --single-version-externally-managed
[8.954s] Level 1:colcon.colcon_core.environment:checking '/home/abmodelo2023/Documentos/Proyecto-Final-Robotica-202310/install/proyecto_master_pkg' for CMake config files
[8.959s] Level 1:colcon.colcon_core.environment:checking '/home/abmodelo2023/Documentos/Proyecto-Final-Robotica-202310/install/proyecto_master_pkg/lib'
[8.960s] Level 1:colcon.colcon_core.environment:checking '/home/abmodelo2023/Documentos/Proyecto-Final-Robotica-202310/install/proyecto_master_pkg/bin'
[8.960s] Level 1:colcon.colcon_core.environment:checking '/home/abmodelo2023/Documentos/Proyecto-Final-Robotica-202310/install/proyecto_master_pkg/lib/pkgconfig/proyecto_master_pkg.pc'
[8.961s] Level 1:colcon.colcon_core.environment:checking '/home/abmodelo2023/Documentos/Proyecto-Final-Robotica-202310/install/proyecto_master_pkg/lib/python3.10/site-packages'
[8.962s] Level 1:colcon.colcon_core.shell:create_environment_hook('proyecto_master_pkg', 'pythonpath')
[8.968s] INFO:colcon.colcon_core.shell:Creating environment hook '/home/abmodelo2023/Documentos/Proyecto-Final-Robotica-202310/install/proyecto_master_pkg/share/proyecto_master_pkg/hook/pythonpath.ps1'
[8.970s] INFO:colcon.colcon_core.shell:Creating environment descriptor '/home/abmodelo2023/Documentos/Proyecto-Final-Robotica-202310/install/proyecto_master_pkg/share/proyecto_master_pkg/hook/pythonpath.dsv'
[8.972s] INFO:colcon.colcon_core.shell:Creating environment hook '/home/abmodelo2023/Documentos/Proyecto-Final-Robotica-202310/install/proyecto_master_pkg/share/proyecto_master_pkg/hook/pythonpath.sh'
[8.976s] Level 1:colcon.colcon_core.environment:checking '/home/abmodelo2023/Documentos/Proyecto-Final-Robotica-202310/install/proyecto_master_pkg/bin'
[8.976s] Level 1:colcon.colcon_core.environment:create_environment_scripts_only(proyecto_master_pkg)
[8.982s] INFO:colcon.colcon_core.shell:Creating package script '/home/abmodelo2023/Documentos/Proyecto-Final-Robotica-202310/install/proyecto_master_pkg/share/proyecto_master_pkg/package.ps1'
[8.986s] INFO:colcon.colcon_core.shell:Creating package descriptor '/home/abmodelo2023/Documentos/Proyecto-Final-Robotica-202310/install/proyecto_master_pkg/share/proyecto_master_pkg/package.dsv'
[8.988s] INFO:colcon.colcon_core.shell:Creating package script '/home/abmodelo2023/Documentos/Proyecto-Final-Robotica-202310/install/proyecto_master_pkg/share/proyecto_master_pkg/package.sh'
[8.991s] INFO:colcon.colcon_core.shell:Creating package script '/home/abmodelo2023/Documentos/Proyecto-Final-Robotica-202310/install/proyecto_master_pkg/share/proyecto_master_pkg/package.bash'
[8.993s] INFO:colcon.colcon_core.shell:Creating package script '/home/abmodelo2023/Documentos/Proyecto-Final-Robotica-202310/install/proyecto_master_pkg/share/proyecto_master_pkg/package.zsh'
[8.996s] Level 1:colcon.colcon_core.environment:create_file_with_runtime_dependencies(/home/abmodelo2023/Documentos/Proyecto-Final-Robotica-202310/install/proyecto_master_pkg/share/colcon-core/packages/proyecto_master_pkg)
[8.997s] DEBUG:colcon.colcon_parallel_executor.executor.parallel:closing loop
[8.998s] DEBUG:colcon.colcon_parallel_executor.executor.parallel:loop closed
[8.999s] DEBUG:colcon.colcon_parallel_executor.executor.parallel:run_until_complete finished with '0'
[8.999s] DEBUG:colcon.colcon_core.event_reactor:joining thread
[9.041s] INFO:colcon.colcon_core.plugin_system:Skipping extension 'colcon_notification.desktop_notification.terminal_notifier': Not used on non-Darwin systems
[9.042s] INFO:colcon.colcon_core.plugin_system:Skipping extension 'colcon_notification.desktop_notification.win32': Not used on non-Windows systems
[9.042s] INFO:colcon.colcon_notification.desktop_notification:Sending desktop notification using 'notify2'
[9.105s] DEBUG:colcon.colcon_core.event_reactor:joined thread
[9.113s] INFO:colcon.colcon_core.shell:Creating prefix script '/home/abmodelo2023/Documentos/Proyecto-Final-Robotica-202310/install/local_setup.ps1'
[9.121s] INFO:colcon.colcon_core.shell:Creating prefix util module '/home/abmodelo2023/Documentos/Proyecto-Final-Robotica-202310/install/_local_setup_util_ps1.py'
[9.130s] INFO:colcon.colcon_core.shell:Creating prefix chain script '/home/abmodelo2023/Documentos/Proyecto-Final-Robotica-202310/install/setup.ps1'
[9.140s] INFO:colcon.colcon_core.shell:Creating prefix script '/home/abmodelo2023/Documentos/Proyecto-Final-Robotica-202310/install/local_setup.sh'
[9.145s] INFO:colcon.colcon_core.shell:Creating prefix util module '/home/abmodelo2023/Documentos/Proyecto-Final-Robotica-202310/install/_local_setup_util_sh.py'
[9.150s] INFO:colcon.colcon_core.shell:Creating prefix chain script '/home/abmodelo2023/Documentos/Proyecto-Final-Robotica-202310/install/setup.sh'
[9.160s] INFO:colcon.colcon_core.shell:Creating prefix script '/home/abmodelo2023/Documentos/Proyecto-Final-Robotica-202310/install/local_setup.bash'
[9.165s] INFO:colcon.colcon_core.shell:Creating prefix chain script '/home/abmodelo2023/Documentos/Proyecto-Final-Robotica-202310/install/setup.bash'
[9.173s] INFO:colcon.colcon_core.shell:Creating prefix script '/home/abmodelo2023/Documentos/Proyecto-Final-Robotica-202310/install/local_setup.zsh'
[9.178s] INFO:colcon.colcon_core.shell:Creating prefix chain script '/home/abmodelo2023/Documentos/Proyecto-Final-Robotica-202310/install/setup.zsh'
