[0.716s] DEBUG:colcon:Command line arguments: ['/usr/bin/colcon', 'build', '--packages-select', 'cv_bridge', '--symlink-install']
[0.716s] DEBUG:colcon:Parsed command line arguments: Namespace(allow_overriding=[], ament_cmake_args=None, base_paths=['.'], build_base='build', catkin_cmake_args=None, catkin_skip_building_tests=False, cmake_args=None, cmake_clean_cache=False, cmake_clean_first=False, cmake_force_configure=False, cmake_target=None, cmake_target_skip_unavailable=False, continue_on_error=False, event_handlers=None, executor='parallel', ignore_user_meta=False, install_base='install', log_base=None, log_level=None, main=<bound method BuildVerb.main of <colcon_core.verb.build.BuildVerb object at 0x7f5807e03af0>>, merge_install=False, metas=['./colcon.meta'], packages_above=None, packages_above_and_dependencies=None, packages_above_depth=None, packages_end=None, packages_ignore=None, packages_ignore_regex=None, packages_select=['cv_bridge'], packages_select_build_failed=False, packages_select_by_dep=None, packages_select_regex=None, packages_select_test_failures=False, packages_skip=None, packages_skip_build_finished=False, packages_skip_by_dep=None, packages_skip_regex=None, packages_skip_test_passed=False, packages_skip_up_to=None, packages_start=None, packages_up_to=None, packages_up_to_regex=None, parallel_workers=8, paths=None, symlink_install=True, test_result_base=None, verb_extension=<colcon_core.verb.build.BuildVerb object at 0x7f5807e03af0>, verb_name='build', verb_parser=<colcon_defaults.argument_parser.defaults.DefaultArgumentsDecorator object at 0x7f5807e100a0>)
[0.796s] Level 1:colcon.colcon_core.package_discovery:discover_packages(colcon_meta) check parameters
[0.796s] Level 1:colcon.colcon_core.package_discovery:discover_packages(recursive) check parameters
[0.797s] Level 1:colcon.colcon_core.package_discovery:discover_packages(ignore) check parameters
[0.797s] Level 1:colcon.colcon_core.package_discovery:discover_packages(path) check parameters
[0.797s] Level 1:colcon.colcon_core.package_discovery:discover_packages(colcon_meta) discover
[0.797s] Level 1:colcon.colcon_core.package_discovery:discover_packages(recursive) discover
[0.797s] INFO:colcon.colcon_core.package_discovery:Crawling recursively for packages in '/home/snowartz/proyecto_final_ws'
[0.797s] Level 1:colcon.colcon_core.package_identification:_identify(.) by extensions ['ignore', 'ignore_ament_install']
[0.797s] Level 1:colcon.colcon_core.package_identification:_identify(.) by extension 'ignore'
[0.797s] Level 1:colcon.colcon_core.package_identification:_identify(.) by extension 'ignore_ament_install'
[0.797s] Level 1:colcon.colcon_core.package_identification:_identify(.) by extensions ['colcon_pkg']
[0.797s] Level 1:colcon.colcon_core.package_identification:_identify(.) by extension 'colcon_pkg'
[0.797s] Level 1:colcon.colcon_core.package_identification:_identify(.) by extensions ['colcon_meta']
[0.797s] Level 1:colcon.colcon_core.package_identification:_identify(.) by extension 'colcon_meta'
[0.797s] Level 1:colcon.colcon_core.package_identification:_identify(.) by extensions ['ros']
[0.797s] Level 1:colcon.colcon_core.package_identification:_identify(.) by extension 'ros'
[0.830s] Level 1:colcon.colcon_core.package_identification:_identify(.) by extensions ['cmake', 'python']
[0.830s] Level 1:colcon.colcon_core.package_identification:_identify(.) by extension 'cmake'
[0.830s] Level 1:colcon.colcon_core.package_identification:_identify(.) by extension 'python'
[0.830s] Level 1:colcon.colcon_core.package_identification:_identify(.) by extensions ['python_setup_py']
[0.830s] Level 1:colcon.colcon_core.package_identification:_identify(.) by extension 'python_setup_py'
[0.830s] Level 1:colcon.colcon_core.package_identification:_identify(build) by extensions ['ignore', 'ignore_ament_install']
[0.831s] Level 1:colcon.colcon_core.package_identification:_identify(build) by extension 'ignore'
[0.831s] Level 1:colcon.colcon_core.package_identification:_identify(build) ignored
[0.831s] Level 1:colcon.colcon_core.package_identification:_identify(install) by extensions ['ignore', 'ignore_ament_install']
[0.831s] Level 1:colcon.colcon_core.package_identification:_identify(install) by extension 'ignore'
[0.831s] Level 1:colcon.colcon_core.package_identification:_identify(install) ignored
[0.831s] Level 1:colcon.colcon_core.package_identification:_identify(log) by extensions ['ignore', 'ignore_ament_install']
[0.831s] Level 1:colcon.colcon_core.package_identification:_identify(log) by extension 'ignore'
[0.832s] Level 1:colcon.colcon_core.package_identification:_identify(log) ignored
[0.832s] Level 1:colcon.colcon_core.package_identification:_identify(src) by extensions ['ignore', 'ignore_ament_install']
[0.832s] Level 1:colcon.colcon_core.package_identification:_identify(src) by extension 'ignore'
[0.832s] Level 1:colcon.colcon_core.package_identification:_identify(src) by extension 'ignore_ament_install'
[0.832s] Level 1:colcon.colcon_core.package_identification:_identify(src) by extensions ['colcon_pkg']
[0.832s] Level 1:colcon.colcon_core.package_identification:_identify(src) by extension 'colcon_pkg'
[0.832s] Level 1:colcon.colcon_core.package_identification:_identify(src) by extensions ['colcon_meta']
[0.832s] Level 1:colcon.colcon_core.package_identification:_identify(src) by extension 'colcon_meta'
[0.832s] Level 1:colcon.colcon_core.package_identification:_identify(src) by extensions ['ros']
[0.832s] Level 1:colcon.colcon_core.package_identification:_identify(src) by extension 'ros'
[0.832s] Level 1:colcon.colcon_core.package_identification:_identify(src) by extensions ['cmake', 'python']
[0.832s] Level 1:colcon.colcon_core.package_identification:_identify(src) by extension 'cmake'
[0.832s] Level 1:colcon.colcon_core.package_identification:_identify(src) by extension 'python'
[0.832s] Level 1:colcon.colcon_core.package_identification:_identify(src) by extensions ['python_setup_py']
[0.833s] Level 1:colcon.colcon_core.package_identification:_identify(src) by extension 'python_setup_py'
[0.833s] Level 1:colcon.colcon_core.package_identification:_identify(src/proyecto_interfaces) by extensions ['ignore', 'ignore_ament_install']
[0.833s] Level 1:colcon.colcon_core.package_identification:_identify(src/proyecto_interfaces) by extension 'ignore'
[0.833s] Level 1:colcon.colcon_core.package_identification:_identify(src/proyecto_interfaces) by extension 'ignore_ament_install'
[0.833s] Level 1:colcon.colcon_core.package_identification:_identify(src/proyecto_interfaces) by extensions ['colcon_pkg']
[0.833s] Level 1:colcon.colcon_core.package_identification:_identify(src/proyecto_interfaces) by extension 'colcon_pkg'
[0.833s] Level 1:colcon.colcon_core.package_identification:_identify(src/proyecto_interfaces) by extensions ['colcon_meta']
[0.833s] Level 1:colcon.colcon_core.package_identification:_identify(src/proyecto_interfaces) by extension 'colcon_meta'
[0.833s] Level 1:colcon.colcon_core.package_identification:_identify(src/proyecto_interfaces) by extensions ['ros']
[0.833s] Level 1:colcon.colcon_core.package_identification:_identify(src/proyecto_interfaces) by extension 'ros'
[0.837s] DEBUG:colcon.colcon_core.package_identification:Package 'src/proyecto_interfaces' with type 'ros.ament_cmake' and name 'proyecto_interfaces'
[0.837s] Level 1:colcon.colcon_core.package_identification:_identify(src/proyecto_master_pkg) by extensions ['ignore', 'ignore_ament_install']
[0.838s] Level 1:colcon.colcon_core.package_identification:_identify(src/proyecto_master_pkg) by extension 'ignore'
[0.838s] Level 1:colcon.colcon_core.package_identification:_identify(src/proyecto_master_pkg) by extension 'ignore_ament_install'
[0.838s] Level 1:colcon.colcon_core.package_identification:_identify(src/proyecto_master_pkg) by extensions ['colcon_pkg']
[0.838s] Level 1:colcon.colcon_core.package_identification:_identify(src/proyecto_master_pkg) by extension 'colcon_pkg'
[0.838s] Level 1:colcon.colcon_core.package_identification:_identify(src/proyecto_master_pkg) by extensions ['colcon_meta']
[0.838s] Level 1:colcon.colcon_core.package_identification:_identify(src/proyecto_master_pkg) by extension 'colcon_meta'
[0.838s] Level 1:colcon.colcon_core.package_identification:_identify(src/proyecto_master_pkg) by extensions ['ros']
[0.838s] Level 1:colcon.colcon_core.package_identification:_identify(src/proyecto_master_pkg) by extension 'ros'
[0.839s] DEBUG:colcon.colcon_core.package_identification:Package 'src/proyecto_master_pkg' with type 'ros.ament_python' and name 'proyecto_master_pkg'
[0.840s] Level 1:colcon.colcon_core.package_identification:_identify(src/vision_opencv) by extensions ['ignore', 'ignore_ament_install']
[0.840s] Level 1:colcon.colcon_core.package_identification:_identify(src/vision_opencv) by extension 'ignore'
[0.840s] Level 1:colcon.colcon_core.package_identification:_identify(src/vision_opencv) by extension 'ignore_ament_install'
[0.840s] Level 1:colcon.colcon_core.package_identification:_identify(src/vision_opencv) by extensions ['colcon_pkg']
[0.840s] Level 1:colcon.colcon_core.package_identification:_identify(src/vision_opencv) by extension 'colcon_pkg'
[0.841s] Level 1:colcon.colcon_core.package_identification:_identify(src/vision_opencv) by extensions ['colcon_meta']
[0.841s] Level 1:colcon.colcon_core.package_identification:_identify(src/vision_opencv) by extension 'colcon_meta'
[0.841s] Level 1:colcon.colcon_core.package_identification:_identify(src/vision_opencv) by extensions ['ros']
[0.841s] Level 1:colcon.colcon_core.package_identification:_identify(src/vision_opencv) by extension 'ros'
[0.841s] Level 1:colcon.colcon_core.package_identification:_identify(src/vision_opencv) by extensions ['cmake', 'python']
[0.841s] Level 1:colcon.colcon_core.package_identification:_identify(src/vision_opencv) by extension 'cmake'
[0.841s] Level 1:colcon.colcon_core.package_identification:_identify(src/vision_opencv) by extension 'python'
[0.841s] Level 1:colcon.colcon_core.package_identification:_identify(src/vision_opencv) by extensions ['python_setup_py']
[0.841s] Level 1:colcon.colcon_core.package_identification:_identify(src/vision_opencv) by extension 'python_setup_py'
[0.841s] Level 1:colcon.colcon_core.package_identification:_identify(src/vision_opencv/cv_bridge) by extensions ['ignore', 'ignore_ament_install']
[0.842s] Level 1:colcon.colcon_core.package_identification:_identify(src/vision_opencv/cv_bridge) by extension 'ignore'
[0.842s] Level 1:colcon.colcon_core.package_identification:_identify(src/vision_opencv/cv_bridge) by extension 'ignore_ament_install'
[0.842s] Level 1:colcon.colcon_core.package_identification:_identify(src/vision_opencv/cv_bridge) by extensions ['colcon_pkg']
[0.842s] Level 1:colcon.colcon_core.package_identification:_identify(src/vision_opencv/cv_bridge) by extension 'colcon_pkg'
[0.842s] Level 1:colcon.colcon_core.package_identification:_identify(src/vision_opencv/cv_bridge) by extensions ['colcon_meta']
[0.842s] Level 1:colcon.colcon_core.package_identification:_identify(src/vision_opencv/cv_bridge) by extension 'colcon_meta'
[0.842s] Level 1:colcon.colcon_core.package_identification:_identify(src/vision_opencv/cv_bridge) by extensions ['ros']
[0.842s] Level 1:colcon.colcon_core.package_identification:_identify(src/vision_opencv/cv_bridge) by extension 'ros'
[0.845s] DEBUG:colcon.colcon_core.package_identification:Package 'src/vision_opencv/cv_bridge' with type 'ros.ament_cmake' and name 'cv_bridge'
[0.845s] Level 1:colcon.colcon_core.package_identification:_identify(src/vision_opencv/image_geometry) by extensions ['ignore', 'ignore_ament_install']
[0.845s] Level 1:colcon.colcon_core.package_identification:_identify(src/vision_opencv/image_geometry) by extension 'ignore'
[0.845s] Level 1:colcon.colcon_core.package_identification:_identify(src/vision_opencv/image_geometry) by extension 'ignore_ament_install'
[0.845s] Level 1:colcon.colcon_core.package_identification:_identify(src/vision_opencv/image_geometry) by extensions ['colcon_pkg']
[0.845s] Level 1:colcon.colcon_core.package_identification:_identify(src/vision_opencv/image_geometry) by extension 'colcon_pkg'
[0.846s] Level 1:colcon.colcon_core.package_identification:_identify(src/vision_opencv/image_geometry) by extensions ['colcon_meta']
[0.846s] Level 1:colcon.colcon_core.package_identification:_identify(src/vision_opencv/image_geometry) by extension 'colcon_meta'
[0.846s] Level 1:colcon.colcon_core.package_identification:_identify(src/vision_opencv/image_geometry) by extensions ['ros']
[0.846s] Level 1:colcon.colcon_core.package_identification:_identify(src/vision_opencv/image_geometry) by extension 'ros'
[0.847s] DEBUG:colcon.colcon_core.package_identification:Package 'src/vision_opencv/image_geometry' with type 'ros.ament_cmake' and name 'image_geometry'
[0.847s] Level 1:colcon.colcon_core.package_identification:_identify(src/vision_opencv/opencv_tests) by extensions ['ignore', 'ignore_ament_install']
[0.848s] Level 1:colcon.colcon_core.package_identification:_identify(src/vision_opencv/opencv_tests) by extension 'ignore'
[0.848s] Level 1:colcon.colcon_core.package_identification:_identify(src/vision_opencv/opencv_tests) by extension 'ignore_ament_install'
[0.848s] Level 1:colcon.colcon_core.package_identification:_identify(src/vision_opencv/opencv_tests) by extensions ['colcon_pkg']
[0.848s] Level 1:colcon.colcon_core.package_identification:_identify(src/vision_opencv/opencv_tests) by extension 'colcon_pkg'
[0.848s] Level 1:colcon.colcon_core.package_identification:_identify(src/vision_opencv/opencv_tests) by extensions ['colcon_meta']
[0.848s] Level 1:colcon.colcon_core.package_identification:_identify(src/vision_opencv/opencv_tests) by extension 'colcon_meta'
[0.848s] Level 1:colcon.colcon_core.package_identification:_identify(src/vision_opencv/opencv_tests) by extensions ['ros']
[0.848s] Level 1:colcon.colcon_core.package_identification:_identify(src/vision_opencv/opencv_tests) by extension 'ros'
[0.849s] DEBUG:colcon.colcon_core.package_identification:Package 'src/vision_opencv/opencv_tests' with type 'ros.ament_python' and name 'opencv_tests'
[0.849s] Level 1:colcon.colcon_core.package_identification:_identify(src/vision_opencv/vision_opencv) by extensions ['ignore', 'ignore_ament_install']
[0.850s] Level 1:colcon.colcon_core.package_identification:_identify(src/vision_opencv/vision_opencv) by extension 'ignore'
[0.850s] Level 1:colcon.colcon_core.package_identification:_identify(src/vision_opencv/vision_opencv) by extension 'ignore_ament_install'
[0.850s] Level 1:colcon.colcon_core.package_identification:_identify(src/vision_opencv/vision_opencv) by extensions ['colcon_pkg']
[0.850s] Level 1:colcon.colcon_core.package_identification:_identify(src/vision_opencv/vision_opencv) by extension 'colcon_pkg'
[0.850s] Level 1:colcon.colcon_core.package_identification:_identify(src/vision_opencv/vision_opencv) by extensions ['colcon_meta']
[0.850s] Level 1:colcon.colcon_core.package_identification:_identify(src/vision_opencv/vision_opencv) by extension 'colcon_meta'
[0.850s] Level 1:colcon.colcon_core.package_identification:_identify(src/vision_opencv/vision_opencv) by extensions ['ros']
[0.850s] Level 1:colcon.colcon_core.package_identification:_identify(src/vision_opencv/vision_opencv) by extension 'ros'
[0.851s] DEBUG:colcon.colcon_core.package_identification:Package 'src/vision_opencv/vision_opencv' with type 'ros.ament_cmake' and name 'vision_opencv'
[0.852s] Level 1:colcon.colcon_core.package_discovery:discover_packages(recursive) using defaults
[0.852s] Level 1:colcon.colcon_core.package_discovery:discover_packages(ignore) discover
[0.852s] Level 1:colcon.colcon_core.package_discovery:discover_packages(ignore) using defaults
[0.852s] Level 1:colcon.colcon_core.package_discovery:discover_packages(path) discover
[0.852s] Level 1:colcon.colcon_core.package_discovery:discover_packages(path) using defaults
[0.914s] INFO:colcon.colcon_core.package_selection:Skipping not selected package 'image_geometry' in 'src/vision_opencv/image_geometry'
[0.914s] INFO:colcon.colcon_core.package_selection:Skipping not selected package 'proyecto_interfaces' in 'src/proyecto_interfaces'
[0.914s] INFO:colcon.colcon_core.package_selection:Skipping not selected package 'proyecto_master_pkg' in 'src/proyecto_master_pkg'
[0.915s] INFO:colcon.colcon_core.package_selection:Skipping not selected package 'opencv_tests' in 'src/vision_opencv/opencv_tests'
[0.915s] INFO:colcon.colcon_core.package_selection:Skipping not selected package 'vision_opencv' in 'src/vision_opencv/vision_opencv'
[0.916s] Level 1:colcon.colcon_core.package_discovery:discover_packages(prefix_path) check parameters
[0.916s] Level 1:colcon.colcon_core.package_discovery:discover_packages(prefix_path) discover
[0.934s] DEBUG:colcon.colcon_installed_package_information.package_discovery:Found 3 installed packages in /home/snowartz/proyecto_final_ws/install
[0.947s] DEBUG:colcon.colcon_installed_package_information.package_discovery:Found 311 installed packages in /home/snowartz/ros2_foxy/install
[0.949s] Level 1:colcon.colcon_core.package_discovery:discover_packages(prefix_path) using defaults
[0.984s] Level 5:colcon.colcon_core.verb:set package 'cv_bridge' build argument 'cmake_args' from command line to 'None'
[0.984s] Level 5:colcon.colcon_core.verb:set package 'cv_bridge' build argument 'cmake_target' from command line to 'None'
[0.985s] Level 5:colcon.colcon_core.verb:set package 'cv_bridge' build argument 'cmake_target_skip_unavailable' from command line to 'False'
[0.985s] Level 5:colcon.colcon_core.verb:set package 'cv_bridge' build argument 'cmake_clean_cache' from command line to 'False'
[0.985s] Level 5:colcon.colcon_core.verb:set package 'cv_bridge' build argument 'cmake_clean_first' from command line to 'False'
[0.985s] Level 5:colcon.colcon_core.verb:set package 'cv_bridge' build argument 'cmake_force_configure' from command line to 'False'
[0.985s] Level 5:colcon.colcon_core.verb:set package 'cv_bridge' build argument 'ament_cmake_args' from command line to 'None'
[0.985s] Level 5:colcon.colcon_core.verb:set package 'cv_bridge' build argument 'catkin_cmake_args' from command line to 'None'
[0.985s] Level 5:colcon.colcon_core.verb:set package 'cv_bridge' build argument 'catkin_skip_building_tests' from command line to 'False'
[0.985s] DEBUG:colcon.colcon_core.verb:Building package 'cv_bridge' with the following arguments: {'ament_cmake_args': None, 'build_base': '/home/snowartz/proyecto_final_ws/build/cv_bridge', 'catkin_cmake_args': None, 'catkin_skip_building_tests': False, 'cmake_args': None, 'cmake_clean_cache': False, 'cmake_clean_first': False, 'cmake_force_configure': False, 'cmake_target': None, 'cmake_target_skip_unavailable': False, 'install_base': '/home/snowartz/proyecto_final_ws/install/cv_bridge', 'merge_install': False, 'path': '/home/snowartz/proyecto_final_ws/src/vision_opencv/cv_bridge', 'symlink_install': True, 'test_result_base': None}
[0.987s] INFO:colcon.colcon_core.executor:Executing jobs using 'parallel' executor
[0.994s] DEBUG:colcon.colcon_parallel_executor.executor.parallel:run_until_complete
[0.994s] INFO:colcon.colcon_ros.task.ament_cmake.build:Building ROS package in '/home/snowartz/proyecto_final_ws/src/vision_opencv/cv_bridge' with build type 'ament_cmake'
[0.995s] INFO:colcon.colcon_cmake.task.cmake.build:Building CMake package in '/home/snowartz/proyecto_final_ws/src/vision_opencv/cv_bridge'
[1.006s] INFO:colcon.colcon_core.plugin_system:Skipping extension 'colcon_core.shell.bat': Not used on non-Windows systems
[1.006s] INFO:colcon.colcon_core.shell:Skip shell extension 'powershell' for command environment: Not usable outside of PowerShell
[1.006s] DEBUG:colcon.colcon_core.shell:Skip shell extension 'dsv' for command environment
[1.066s] DEBUG:colcon.colcon_core.event_handler.log_command:Invoking command in '/home/snowartz/proyecto_final_ws/build/cv_bridge': CMAKE_PREFIX_PATH=${CMAKE_PREFIX_PATH}:/home/snowartz/proyecto_final_ws/install/proyecto_master_pkg:/home/snowartz/ros2_foxy/install/ros2bag:/home/snowartz/ros2_foxy/install/tracetools_launch:/home/snowartz/ros2_foxy/install/topic_monitor:/home/snowartz/ros2_foxy/install/examples_tf2_py:/home/snowartz/ros2_foxy/install/sros2:/home/snowartz/ros2_foxy/install/rqt_topic:/home/snowartz/ros2_foxy/install/rqt_top:/home/snowartz/ros2_foxy/install/rqt_srv:/home/snowartz/ros2_foxy/install/rqt_shell:/home/snowartz/ros2_foxy/install/rqt_service_caller:/home/snowartz/ros2_foxy/install/rqt_reconfigure:/home/snowartz/ros2_foxy/install/rqt_py_console:/home/snowartz/ros2_foxy/install/rqt_publisher:/home/snowartz/ros2_foxy/install/rqt_plot:/home/snowartz/ros2_foxy/install/rqt_action:/home/snowartz/ros2_foxy/install/rqt_msg:/home/snowartz/ros2_foxy/install/rqt_console:/home/snowartz/ros2_foxy/install/rqt:/home/snowartz/ros2_foxy/install/rqt_graph:/home/snowartz/ros2_foxy/install/rqt_gui_py:/home/snowartz/ros2_foxy/install/rqt_gui:/home/snowartz/ros2_foxy/install/ros2trace:/home/snowartz/ros2_foxy/install/ros2topic:/home/snowartz/ros2_foxy/install/ros2test:/home/snowartz/ros2_foxy/install/ros2component:/home/snowartz/ros2_foxy/install/ros2param:/home/snowartz/ros2_foxy/install/ros2lifecycle:/home/snowartz/ros2_foxy/install/ros2service:/home/snowartz/ros2_foxy/install/ros2run:/home/snowartz/ros2_foxy/install/ros2launch:/home/snowartz/ros2_foxy/install/ros2pkg:/home/snowartz/ros2_foxy/install/ros2node:/home/snowartz/ros2_foxy/install/ros2multicast:/home/snowartz/ros2_foxy/install/ros2interface:/home/snowartz/ros2_foxy/install/ros2doctor:/home/snowartz/ros2_foxy/install/ros2action:/home/snowartz/ros2_foxy/install/ros2cli:/home/snowartz/ros2_foxy/install/quality_of_service_demo_py:/home/snowartz/ros2_foxy/install/launch_testing_ros:/home/snowartz/ros2_foxy/install/launch_ros:/home/snowartz/ros2_foxy/install/examples_rclpy_minimal_subscriber:/home/snowartz/ros2_foxy/install/examples_rclpy_minimal_service:/home/snowartz/ros2_foxy/install/examples_rclpy_minimal_publisher:/home/snowartz/ros2_foxy/install/examples_rclpy_minimal_client:/home/snowartz/ros2_foxy/install/examples_rclpy_minimal_action_server:/home/snowartz/ros2_foxy/install/examples_rclpy_minimal_action_client:/home/snowartz/ros2_foxy/install/examples_rclpy_executors:/home/snowartz/ros2_foxy/install/demo_nodes_py:/home/snowartz/ros2_foxy/install/action_tutorials_py:/home/snowartz/ros2_foxy/install/ament_uncrustify:/home/snowartz/ros2_foxy/install/tracetools_trace:/home/snowartz/ros2_foxy/install/tracetools_read:/home/snowartz/ros2_foxy/install/test_launch_ros:/home/snowartz/ros2_foxy/install/sensor_msgs_py:/home/snowartz/ros2_foxy/install/rpyutils:/home/snowartz/ros2_foxy/install/rosidl_runtime_py:/home/snowartz/ros2_foxy/install/launch_yaml:/home/snowartz/ros2_foxy/install/launch_xml:/home/snowartz/ros2_foxy/install/launch_testing:/home/snowartz/ros2_foxy/install/launch:/home/snowartz/ros2_foxy/install/osrf_pycommon:/home/snowartz/ros2_foxy/install/domain_coordinator:/home/snowartz/ros2_foxy/install/ament_xmllint:/home/snowartz/ros2_foxy/install/ament_pyflakes:/home/snowartz/ros2_foxy/install/ament_pycodestyle:/home/snowartz/ros2_foxy/install/ament_pep257:/home/snowartz/ros2_foxy/install/ament_pclint:/home/snowartz/ros2_foxy/install/ament_package:/home/snowartz/ros2_foxy/install/ament_mypy:/home/snowartz/ros2_foxy/install/ament_lint_cmake:/home/snowartz/ros2_foxy/install/ament_flake8:/home/snowartz/ros2_foxy/install/ament_copyright:/home/snowartz/ros2_foxy/install/ament_lint:/home/snowartz/ros2_foxy/install/ament_index_python:/home/snowartz/ros2_foxy/install/ament_cpplint:/home/snowartz/ros2_foxy/install/ament_cppcheck:/home/snowartz/ros2_foxy/install/ament_clang_tidy:/home/snowartz/ros2_foxy/install/ament_clang_format /usr/bin/cmake --build /home/snowartz/proyecto_final_ws/build/cv_bridge -- -j8 -l8
[1.339s] DEBUG:colcon.colcon_core.event_handler.log_command:Invoked command in '/home/snowartz/proyecto_final_ws/build/cv_bridge' returned '0': CMAKE_PREFIX_PATH=${CMAKE_PREFIX_PATH}:/home/snowartz/proyecto_final_ws/install/proyecto_master_pkg:/home/snowartz/ros2_foxy/install/ros2bag:/home/snowartz/ros2_foxy/install/tracetools_launch:/home/snowartz/ros2_foxy/install/topic_monitor:/home/snowartz/ros2_foxy/install/examples_tf2_py:/home/snowartz/ros2_foxy/install/sros2:/home/snowartz/ros2_foxy/install/rqt_topic:/home/snowartz/ros2_foxy/install/rqt_top:/home/snowartz/ros2_foxy/install/rqt_srv:/home/snowartz/ros2_foxy/install/rqt_shell:/home/snowartz/ros2_foxy/install/rqt_service_caller:/home/snowartz/ros2_foxy/install/rqt_reconfigure:/home/snowartz/ros2_foxy/install/rqt_py_console:/home/snowartz/ros2_foxy/install/rqt_publisher:/home/snowartz/ros2_foxy/install/rqt_plot:/home/snowartz/ros2_foxy/install/rqt_action:/home/snowartz/ros2_foxy/install/rqt_msg:/home/snowartz/ros2_foxy/install/rqt_console:/home/snowartz/ros2_foxy/install/rqt:/home/snowartz/ros2_foxy/install/rqt_graph:/home/snowartz/ros2_foxy/install/rqt_gui_py:/home/snowartz/ros2_foxy/install/rqt_gui:/home/snowartz/ros2_foxy/install/ros2trace:/home/snowartz/ros2_foxy/install/ros2topic:/home/snowartz/ros2_foxy/install/ros2test:/home/snowartz/ros2_foxy/install/ros2component:/home/snowartz/ros2_foxy/install/ros2param:/home/snowartz/ros2_foxy/install/ros2lifecycle:/home/snowartz/ros2_foxy/install/ros2service:/home/snowartz/ros2_foxy/install/ros2run:/home/snowartz/ros2_foxy/install/ros2launch:/home/snowartz/ros2_foxy/install/ros2pkg:/home/snowartz/ros2_foxy/install/ros2node:/home/snowartz/ros2_foxy/install/ros2multicast:/home/snowartz/ros2_foxy/install/ros2interface:/home/snowartz/ros2_foxy/install/ros2doctor:/home/snowartz/ros2_foxy/install/ros2action:/home/snowartz/ros2_foxy/install/ros2cli:/home/snowartz/ros2_foxy/install/quality_of_service_demo_py:/home/snowartz/ros2_foxy/install/launch_testing_ros:/home/snowartz/ros2_foxy/install/launch_ros:/home/snowartz/ros2_foxy/install/examples_rclpy_minimal_subscriber:/home/snowartz/ros2_foxy/install/examples_rclpy_minimal_service:/home/snowartz/ros2_foxy/install/examples_rclpy_minimal_publisher:/home/snowartz/ros2_foxy/install/examples_rclpy_minimal_client:/home/snowartz/ros2_foxy/install/examples_rclpy_minimal_action_server:/home/snowartz/ros2_foxy/install/examples_rclpy_minimal_action_client:/home/snowartz/ros2_foxy/install/examples_rclpy_executors:/home/snowartz/ros2_foxy/install/demo_nodes_py:/home/snowartz/ros2_foxy/install/action_tutorials_py:/home/snowartz/ros2_foxy/install/ament_uncrustify:/home/snowartz/ros2_foxy/install/tracetools_trace:/home/snowartz/ros2_foxy/install/tracetools_read:/home/snowartz/ros2_foxy/install/test_launch_ros:/home/snowartz/ros2_foxy/install/sensor_msgs_py:/home/snowartz/ros2_foxy/install/rpyutils:/home/snowartz/ros2_foxy/install/rosidl_runtime_py:/home/snowartz/ros2_foxy/install/launch_yaml:/home/snowartz/ros2_foxy/install/launch_xml:/home/snowartz/ros2_foxy/install/launch_testing:/home/snowartz/ros2_foxy/install/launch:/home/snowartz/ros2_foxy/install/osrf_pycommon:/home/snowartz/ros2_foxy/install/domain_coordinator:/home/snowartz/ros2_foxy/install/ament_xmllint:/home/snowartz/ros2_foxy/install/ament_pyflakes:/home/snowartz/ros2_foxy/install/ament_pycodestyle:/home/snowartz/ros2_foxy/install/ament_pep257:/home/snowartz/ros2_foxy/install/ament_pclint:/home/snowartz/ros2_foxy/install/ament_package:/home/snowartz/ros2_foxy/install/ament_mypy:/home/snowartz/ros2_foxy/install/ament_lint_cmake:/home/snowartz/ros2_foxy/install/ament_flake8:/home/snowartz/ros2_foxy/install/ament_copyright:/home/snowartz/ros2_foxy/install/ament_lint:/home/snowartz/ros2_foxy/install/ament_index_python:/home/snowartz/ros2_foxy/install/ament_cpplint:/home/snowartz/ros2_foxy/install/ament_cppcheck:/home/snowartz/ros2_foxy/install/ament_clang_tidy:/home/snowartz/ros2_foxy/install/ament_clang_format /usr/bin/cmake --build /home/snowartz/proyecto_final_ws/build/cv_bridge -- -j8 -l8
[1.448s] DEBUG:colcon.colcon_core.event_handler.log_command:Invoking command in '/home/snowartz/proyecto_final_ws/build/cv_bridge': CMAKE_PREFIX_PATH=${CMAKE_PREFIX_PATH}:/home/snowartz/proyecto_final_ws/install/proyecto_master_pkg:/home/snowartz/ros2_foxy/install/ros2bag:/home/snowartz/ros2_foxy/install/tracetools_launch:/home/snowartz/ros2_foxy/install/topic_monitor:/home/snowartz/ros2_foxy/install/examples_tf2_py:/home/snowartz/ros2_foxy/install/sros2:/home/snowartz/ros2_foxy/install/rqt_topic:/home/snowartz/ros2_foxy/install/rqt_top:/home/snowartz/ros2_foxy/install/rqt_srv:/home/snowartz/ros2_foxy/install/rqt_shell:/home/snowartz/ros2_foxy/install/rqt_service_caller:/home/snowartz/ros2_foxy/install/rqt_reconfigure:/home/snowartz/ros2_foxy/install/rqt_py_console:/home/snowartz/ros2_foxy/install/rqt_publisher:/home/snowartz/ros2_foxy/install/rqt_plot:/home/snowartz/ros2_foxy/install/rqt_action:/home/snowartz/ros2_foxy/install/rqt_msg:/home/snowartz/ros2_foxy/install/rqt_console:/home/snowartz/ros2_foxy/install/rqt:/home/snowartz/ros2_foxy/install/rqt_graph:/home/snowartz/ros2_foxy/install/rqt_gui_py:/home/snowartz/ros2_foxy/install/rqt_gui:/home/snowartz/ros2_foxy/install/ros2trace:/home/snowartz/ros2_foxy/install/ros2topic:/home/snowartz/ros2_foxy/install/ros2test:/home/snowartz/ros2_foxy/install/ros2component:/home/snowartz/ros2_foxy/install/ros2param:/home/snowartz/ros2_foxy/install/ros2lifecycle:/home/snowartz/ros2_foxy/install/ros2service:/home/snowartz/ros2_foxy/install/ros2run:/home/snowartz/ros2_foxy/install/ros2launch:/home/snowartz/ros2_foxy/install/ros2pkg:/home/snowartz/ros2_foxy/install/ros2node:/home/snowartz/ros2_foxy/install/ros2multicast:/home/snowartz/ros2_foxy/install/ros2interface:/home/snowartz/ros2_foxy/install/ros2doctor:/home/snowartz/ros2_foxy/install/ros2action:/home/snowartz/ros2_foxy/install/ros2cli:/home/snowartz/ros2_foxy/install/quality_of_service_demo_py:/home/snowartz/ros2_foxy/install/launch_testing_ros:/home/snowartz/ros2_foxy/install/launch_ros:/home/snowartz/ros2_foxy/install/examples_rclpy_minimal_subscriber:/home/snowartz/ros2_foxy/install/examples_rclpy_minimal_service:/home/snowartz/ros2_foxy/install/examples_rclpy_minimal_publisher:/home/snowartz/ros2_foxy/install/examples_rclpy_minimal_client:/home/snowartz/ros2_foxy/install/examples_rclpy_minimal_action_server:/home/snowartz/ros2_foxy/install/examples_rclpy_minimal_action_client:/home/snowartz/ros2_foxy/install/examples_rclpy_executors:/home/snowartz/ros2_foxy/install/demo_nodes_py:/home/snowartz/ros2_foxy/install/action_tutorials_py:/home/snowartz/ros2_foxy/install/ament_uncrustify:/home/snowartz/ros2_foxy/install/tracetools_trace:/home/snowartz/ros2_foxy/install/tracetools_read:/home/snowartz/ros2_foxy/install/test_launch_ros:/home/snowartz/ros2_foxy/install/sensor_msgs_py:/home/snowartz/ros2_foxy/install/rpyutils:/home/snowartz/ros2_foxy/install/rosidl_runtime_py:/home/snowartz/ros2_foxy/install/launch_yaml:/home/snowartz/ros2_foxy/install/launch_xml:/home/snowartz/ros2_foxy/install/launch_testing:/home/snowartz/ros2_foxy/install/launch:/home/snowartz/ros2_foxy/install/osrf_pycommon:/home/snowartz/ros2_foxy/install/domain_coordinator:/home/snowartz/ros2_foxy/install/ament_xmllint:/home/snowartz/ros2_foxy/install/ament_pyflakes:/home/snowartz/ros2_foxy/install/ament_pycodestyle:/home/snowartz/ros2_foxy/install/ament_pep257:/home/snowartz/ros2_foxy/install/ament_pclint:/home/snowartz/ros2_foxy/install/ament_package:/home/snowartz/ros2_foxy/install/ament_mypy:/home/snowartz/ros2_foxy/install/ament_lint_cmake:/home/snowartz/ros2_foxy/install/ament_flake8:/home/snowartz/ros2_foxy/install/ament_copyright:/home/snowartz/ros2_foxy/install/ament_lint:/home/snowartz/ros2_foxy/install/ament_index_python:/home/snowartz/ros2_foxy/install/ament_cpplint:/home/snowartz/ros2_foxy/install/ament_cppcheck:/home/snowartz/ros2_foxy/install/ament_clang_tidy:/home/snowartz/ros2_foxy/install/ament_clang_format /usr/bin/cmake --install /home/snowartz/proyecto_final_ws/build/cv_bridge
[2.137s] Level 1:colcon.colcon_core.environment:create_environment_scripts_only(cv_bridge)
[2.138s] DEBUG:colcon.colcon_core.event_handler.log_command:Invoked command in '/home/snowartz/proyecto_final_ws/build/cv_bridge' returned '0': CMAKE_PREFIX_PATH=${CMAKE_PREFIX_PATH}:/home/snowartz/proyecto_final_ws/install/proyecto_master_pkg:/home/snowartz/ros2_foxy/install/ros2bag:/home/snowartz/ros2_foxy/install/tracetools_launch:/home/snowartz/ros2_foxy/install/topic_monitor:/home/snowartz/ros2_foxy/install/examples_tf2_py:/home/snowartz/ros2_foxy/install/sros2:/home/snowartz/ros2_foxy/install/rqt_topic:/home/snowartz/ros2_foxy/install/rqt_top:/home/snowartz/ros2_foxy/install/rqt_srv:/home/snowartz/ros2_foxy/install/rqt_shell:/home/snowartz/ros2_foxy/install/rqt_service_caller:/home/snowartz/ros2_foxy/install/rqt_reconfigure:/home/snowartz/ros2_foxy/install/rqt_py_console:/home/snowartz/ros2_foxy/install/rqt_publisher:/home/snowartz/ros2_foxy/install/rqt_plot:/home/snowartz/ros2_foxy/install/rqt_action:/home/snowartz/ros2_foxy/install/rqt_msg:/home/snowartz/ros2_foxy/install/rqt_console:/home/snowartz/ros2_foxy/install/rqt:/home/snowartz/ros2_foxy/install/rqt_graph:/home/snowartz/ros2_foxy/install/rqt_gui_py:/home/snowartz/ros2_foxy/install/rqt_gui:/home/snowartz/ros2_foxy/install/ros2trace:/home/snowartz/ros2_foxy/install/ros2topic:/home/snowartz/ros2_foxy/install/ros2test:/home/snowartz/ros2_foxy/install/ros2component:/home/snowartz/ros2_foxy/install/ros2param:/home/snowartz/ros2_foxy/install/ros2lifecycle:/home/snowartz/ros2_foxy/install/ros2service:/home/snowartz/ros2_foxy/install/ros2run:/home/snowartz/ros2_foxy/install/ros2launch:/home/snowartz/ros2_foxy/install/ros2pkg:/home/snowartz/ros2_foxy/install/ros2node:/home/snowartz/ros2_foxy/install/ros2multicast:/home/snowartz/ros2_foxy/install/ros2interface:/home/snowartz/ros2_foxy/install/ros2doctor:/home/snowartz/ros2_foxy/install/ros2action:/home/snowartz/ros2_foxy/install/ros2cli:/home/snowartz/ros2_foxy/install/quality_of_service_demo_py:/home/snowartz/ros2_foxy/install/launch_testing_ros:/home/snowartz/ros2_foxy/install/launch_ros:/home/snowartz/ros2_foxy/install/examples_rclpy_minimal_subscriber:/home/snowartz/ros2_foxy/install/examples_rclpy_minimal_service:/home/snowartz/ros2_foxy/install/examples_rclpy_minimal_publisher:/home/snowartz/ros2_foxy/install/examples_rclpy_minimal_client:/home/snowartz/ros2_foxy/install/examples_rclpy_minimal_action_server:/home/snowartz/ros2_foxy/install/examples_rclpy_minimal_action_client:/home/snowartz/ros2_foxy/install/examples_rclpy_executors:/home/snowartz/ros2_foxy/install/demo_nodes_py:/home/snowartz/ros2_foxy/install/action_tutorials_py:/home/snowartz/ros2_foxy/install/ament_uncrustify:/home/snowartz/ros2_foxy/install/tracetools_trace:/home/snowartz/ros2_foxy/install/tracetools_read:/home/snowartz/ros2_foxy/install/test_launch_ros:/home/snowartz/ros2_foxy/install/sensor_msgs_py:/home/snowartz/ros2_foxy/install/rpyutils:/home/snowartz/ros2_foxy/install/rosidl_runtime_py:/home/snowartz/ros2_foxy/install/launch_yaml:/home/snowartz/ros2_foxy/install/launch_xml:/home/snowartz/ros2_foxy/install/launch_testing:/home/snowartz/ros2_foxy/install/launch:/home/snowartz/ros2_foxy/install/osrf_pycommon:/home/snowartz/ros2_foxy/install/domain_coordinator:/home/snowartz/ros2_foxy/install/ament_xmllint:/home/snowartz/ros2_foxy/install/ament_pyflakes:/home/snowartz/ros2_foxy/install/ament_pycodestyle:/home/snowartz/ros2_foxy/install/ament_pep257:/home/snowartz/ros2_foxy/install/ament_pclint:/home/snowartz/ros2_foxy/install/ament_package:/home/snowartz/ros2_foxy/install/ament_mypy:/home/snowartz/ros2_foxy/install/ament_lint_cmake:/home/snowartz/ros2_foxy/install/ament_flake8:/home/snowartz/ros2_foxy/install/ament_copyright:/home/snowartz/ros2_foxy/install/ament_lint:/home/snowartz/ros2_foxy/install/ament_index_python:/home/snowartz/ros2_foxy/install/ament_cpplint:/home/snowartz/ros2_foxy/install/ament_cppcheck:/home/snowartz/ros2_foxy/install/ament_clang_tidy:/home/snowartz/ros2_foxy/install/ament_clang_format /usr/bin/cmake --install /home/snowartz/proyecto_final_ws/build/cv_bridge
[2.151s] Level 1:colcon.colcon_core.environment:checking '/home/snowartz/proyecto_final_ws/install/cv_bridge' for CMake module files
[2.152s] Level 1:colcon.colcon_core.environment:checking '/home/snowartz/proyecto_final_ws/install/cv_bridge' for CMake config files
[2.153s] Level 1:colcon.colcon_core.shell:create_environment_hook('cv_bridge', 'cmake_prefix_path')
[2.155s] INFO:colcon.colcon_core.shell:Creating environment hook '/home/snowartz/proyecto_final_ws/install/cv_bridge/share/cv_bridge/hook/cmake_prefix_path.ps1'
[2.156s] INFO:colcon.colcon_core.shell:Creating environment descriptor '/home/snowartz/proyecto_final_ws/install/cv_bridge/share/cv_bridge/hook/cmake_prefix_path.dsv'
[2.157s] INFO:colcon.colcon_core.shell:Creating environment hook '/home/snowartz/proyecto_final_ws/install/cv_bridge/share/cv_bridge/hook/cmake_prefix_path.sh'
[2.158s] Level 1:colcon.colcon_core.environment:checking '/home/snowartz/proyecto_final_ws/install/cv_bridge/lib'
[2.159s] Level 1:colcon.colcon_core.shell:create_environment_hook('cv_bridge', 'ld_library_path_lib')
[2.161s] INFO:colcon.colcon_core.shell:Creating environment hook '/home/snowartz/proyecto_final_ws/install/cv_bridge/share/cv_bridge/hook/ld_library_path_lib.ps1'
[2.162s] INFO:colcon.colcon_core.shell:Creating environment descriptor '/home/snowartz/proyecto_final_ws/install/cv_bridge/share/cv_bridge/hook/ld_library_path_lib.dsv'
[2.162s] INFO:colcon.colcon_core.shell:Creating environment hook '/home/snowartz/proyecto_final_ws/install/cv_bridge/share/cv_bridge/hook/ld_library_path_lib.sh'
[2.163s] Level 1:colcon.colcon_core.environment:checking '/home/snowartz/proyecto_final_ws/install/cv_bridge/bin'
[2.163s] Level 1:colcon.colcon_core.environment:checking '/home/snowartz/proyecto_final_ws/install/cv_bridge/lib/pkgconfig/cv_bridge.pc'
[2.167s] Level 1:colcon.colcon_core.environment:checking '/home/snowartz/proyecto_final_ws/install/cv_bridge/lib/python3.8/site-packages'
[2.168s] Level 1:colcon.colcon_core.shell:create_environment_hook('cv_bridge', 'pythonpath')
[2.171s] INFO:colcon.colcon_core.shell:Creating environment hook '/home/snowartz/proyecto_final_ws/install/cv_bridge/share/cv_bridge/hook/pythonpath.ps1'
[2.171s] INFO:colcon.colcon_core.shell:Creating environment descriptor '/home/snowartz/proyecto_final_ws/install/cv_bridge/share/cv_bridge/hook/pythonpath.dsv'
[2.172s] INFO:colcon.colcon_core.shell:Creating environment hook '/home/snowartz/proyecto_final_ws/install/cv_bridge/share/cv_bridge/hook/pythonpath.sh'
[2.173s] Level 1:colcon.colcon_core.environment:checking '/home/snowartz/proyecto_final_ws/install/cv_bridge/bin'
[2.177s] INFO:colcon.colcon_core.shell:Creating package script '/home/snowartz/proyecto_final_ws/install/cv_bridge/share/cv_bridge/package.ps1'
[2.178s] INFO:colcon.colcon_core.shell:Creating package descriptor '/home/snowartz/proyecto_final_ws/install/cv_bridge/share/cv_bridge/package.dsv'
[2.179s] INFO:colcon.colcon_core.shell:Creating package script '/home/snowartz/proyecto_final_ws/install/cv_bridge/share/cv_bridge/package.sh'
[2.180s] INFO:colcon.colcon_core.shell:Creating package script '/home/snowartz/proyecto_final_ws/install/cv_bridge/share/cv_bridge/package.bash'
[2.181s] INFO:colcon.colcon_core.shell:Creating package script '/home/snowartz/proyecto_final_ws/install/cv_bridge/share/cv_bridge/package.zsh'
[2.182s] Level 1:colcon.colcon_core.environment:create_file_with_runtime_dependencies(/home/snowartz/proyecto_final_ws/install/cv_bridge/share/colcon-core/packages/cv_bridge)
[2.277s] Level 1:colcon.colcon_core.environment:create_environment_scripts_only(cv_bridge)
[2.283s] Level 1:colcon.colcon_core.environment:checking '/home/snowartz/proyecto_final_ws/install/cv_bridge' for CMake module files
[2.284s] Level 1:colcon.colcon_core.environment:checking '/home/snowartz/proyecto_final_ws/install/cv_bridge' for CMake config files
[2.285s] Level 1:colcon.colcon_core.shell:create_environment_hook('cv_bridge', 'cmake_prefix_path')
[2.289s] INFO:colcon.colcon_core.shell:Creating environment hook '/home/snowartz/proyecto_final_ws/install/cv_bridge/share/cv_bridge/hook/cmake_prefix_path.ps1'
[2.290s] INFO:colcon.colcon_core.shell:Creating environment descriptor '/home/snowartz/proyecto_final_ws/install/cv_bridge/share/cv_bridge/hook/cmake_prefix_path.dsv'
[2.290s] INFO:colcon.colcon_core.shell:Creating environment hook '/home/snowartz/proyecto_final_ws/install/cv_bridge/share/cv_bridge/hook/cmake_prefix_path.sh'
[2.291s] Level 1:colcon.colcon_core.environment:checking '/home/snowartz/proyecto_final_ws/install/cv_bridge/lib'
[2.291s] Level 1:colcon.colcon_core.shell:create_environment_hook('cv_bridge', 'ld_library_path_lib')
[2.296s] INFO:colcon.colcon_core.shell:Creating environment hook '/home/snowartz/proyecto_final_ws/install/cv_bridge/share/cv_bridge/hook/ld_library_path_lib.ps1'
[2.297s] INFO:colcon.colcon_core.shell:Creating environment descriptor '/home/snowartz/proyecto_final_ws/install/cv_bridge/share/cv_bridge/hook/ld_library_path_lib.dsv'
[2.298s] INFO:colcon.colcon_core.shell:Creating environment hook '/home/snowartz/proyecto_final_ws/install/cv_bridge/share/cv_bridge/hook/ld_library_path_lib.sh'
[2.298s] Level 1:colcon.colcon_core.environment:checking '/home/snowartz/proyecto_final_ws/install/cv_bridge/bin'
[2.298s] Level 1:colcon.colcon_core.environment:checking '/home/snowartz/proyecto_final_ws/install/cv_bridge/lib/pkgconfig/cv_bridge.pc'
[2.299s] Level 1:colcon.colcon_core.environment:checking '/home/snowartz/proyecto_final_ws/install/cv_bridge/lib/python3.8/site-packages'
[2.299s] Level 1:colcon.colcon_core.shell:create_environment_hook('cv_bridge', 'pythonpath')
[2.303s] INFO:colcon.colcon_core.shell:Creating environment hook '/home/snowartz/proyecto_final_ws/install/cv_bridge/share/cv_bridge/hook/pythonpath.ps1'
[2.304s] INFO:colcon.colcon_core.shell:Creating environment descriptor '/home/snowartz/proyecto_final_ws/install/cv_bridge/share/cv_bridge/hook/pythonpath.dsv'
[2.304s] INFO:colcon.colcon_core.shell:Creating environment hook '/home/snowartz/proyecto_final_ws/install/cv_bridge/share/cv_bridge/hook/pythonpath.sh'
[2.305s] Level 1:colcon.colcon_core.environment:checking '/home/snowartz/proyecto_final_ws/install/cv_bridge/bin'
[2.309s] INFO:colcon.colcon_core.shell:Creating package script '/home/snowartz/proyecto_final_ws/install/cv_bridge/share/cv_bridge/package.ps1'
[2.310s] INFO:colcon.colcon_core.shell:Creating package descriptor '/home/snowartz/proyecto_final_ws/install/cv_bridge/share/cv_bridge/package.dsv'
[2.311s] INFO:colcon.colcon_core.shell:Creating package script '/home/snowartz/proyecto_final_ws/install/cv_bridge/share/cv_bridge/package.sh'
[2.312s] INFO:colcon.colcon_core.shell:Creating package script '/home/snowartz/proyecto_final_ws/install/cv_bridge/share/cv_bridge/package.bash'
[2.313s] INFO:colcon.colcon_core.shell:Creating package script '/home/snowartz/proyecto_final_ws/install/cv_bridge/share/cv_bridge/package.zsh'
[2.314s] Level 1:colcon.colcon_core.environment:create_file_with_runtime_dependencies(/home/snowartz/proyecto_final_ws/install/cv_bridge/share/colcon-core/packages/cv_bridge)
[2.314s] DEBUG:colcon.colcon_parallel_executor.executor.parallel:closing loop
[2.315s] DEBUG:colcon.colcon_parallel_executor.executor.parallel:loop closed
[2.315s] DEBUG:colcon.colcon_parallel_executor.executor.parallel:run_until_complete finished with '0'
[2.315s] DEBUG:colcon.colcon_core.event_reactor:joining thread
[2.338s] INFO:colcon.colcon_core.plugin_system:Skipping extension 'colcon_notification.desktop_notification.terminal_notifier': Not used on non-Darwin systems
[2.339s] INFO:colcon.colcon_core.plugin_system:Skipping extension 'colcon_notification.desktop_notification.win32': Not used on non-Windows systems
[2.339s] INFO:colcon.colcon_notification.desktop_notification:Sending desktop notification using 'notify2'
[2.365s] DEBUG:colcon.colcon_core.event_reactor:joined thread
[2.372s] INFO:colcon.colcon_core.shell:Creating prefix script '/home/snowartz/proyecto_final_ws/install/local_setup.ps1'
[2.376s] INFO:colcon.colcon_core.shell:Creating prefix util module '/home/snowartz/proyecto_final_ws/install/_local_setup_util_ps1.py'
[2.380s] INFO:colcon.colcon_core.shell:Creating prefix chain script '/home/snowartz/proyecto_final_ws/install/setup.ps1'
[2.412s] INFO:colcon.colcon_core.shell:Creating prefix script '/home/snowartz/proyecto_final_ws/install/local_setup.sh'
[2.414s] INFO:colcon.colcon_core.shell:Creating prefix util module '/home/snowartz/proyecto_final_ws/install/_local_setup_util_sh.py'
[2.415s] INFO:colcon.colcon_core.shell:Creating prefix chain script '/home/snowartz/proyecto_final_ws/install/setup.sh'
[2.435s] INFO:colcon.colcon_core.shell:Creating prefix script '/home/snowartz/proyecto_final_ws/install/local_setup.bash'
[2.436s] INFO:colcon.colcon_core.shell:Creating prefix chain script '/home/snowartz/proyecto_final_ws/install/setup.bash'
[2.450s] INFO:colcon.colcon_core.shell:Creating prefix script '/home/snowartz/proyecto_final_ws/install/local_setup.zsh'
[2.451s] INFO:colcon.colcon_core.shell:Creating prefix chain script '/home/snowartz/proyecto_final_ws/install/setup.zsh'
