[1.853s] Invoking command in '/home/snowartz/proyecto_final_ws/src/proyecto_master_pkg': PYTHONPATH=/home/snowartz/proyecto_final_ws/build/proyecto_master_pkg/prefix_override:/home/snowartz/proyecto_final_ws/install/proyecto_master_pkg/lib/python3.8/site-packages:${PYTHONPATH} /usr/bin/python3 setup.py egg_info --egg-base ../../build/proyecto_master_pkg build --build-base /home/snowartz/proyecto_final_ws/build/proyecto_master_pkg/build install --record /home/snowartz/proyecto_final_ws/build/proyecto_master_pkg/install.log --install-scripts $base/lib/proyecto_master_pkg --single-version-externally-managed
[2.589s] running egg_info
[2.590s] writing ../../build/proyecto_master_pkg/proyecto_master_pkg.egg-info/PKG-INFO
[2.590s] writing dependency_links to ../../build/proyecto_master_pkg/proyecto_master_pkg.egg-info/dependency_links.txt
[2.591s] writing entry points to ../../build/proyecto_master_pkg/proyecto_master_pkg.egg-info/entry_points.txt
[2.591s] writing requirements to ../../build/proyecto_master_pkg/proyecto_master_pkg.egg-info/requires.txt
[2.591s] writing top-level names to ../../build/proyecto_master_pkg/proyecto_master_pkg.egg-info/top_level.txt
[2.639s] reading manifest file '../../build/proyecto_master_pkg/proyecto_master_pkg.egg-info/SOURCES.txt'
[2.640s] writing manifest file '../../build/proyecto_master_pkg/proyecto_master_pkg.egg-info/SOURCES.txt'
[2.641s] running build
[2.641s] running build_py
[2.641s] running install
[2.644s] running install_lib
[2.647s] running install_data
[2.648s] running install_egg_info
[2.652s] removing '/home/snowartz/proyecto_final_ws/install/proyecto_master_pkg/lib/python3.8/site-packages/proyecto_master_pkg-0.0.0-py3.8.egg-info' (and everything under it)
[2.653s] Copying ../../build/proyecto_master_pkg/proyecto_master_pkg.egg-info to /home/snowartz/proyecto_final_ws/install/proyecto_master_pkg/lib/python3.8/site-packages/proyecto_master_pkg-0.0.0-py3.8.egg-info
[2.654s] running install_scripts
[2.682s] Installing master script to /home/snowartz/proyecto_final_ws/install/proyecto_master_pkg/lib/proyecto_master_pkg
[2.682s] writing list of installed files to '/home/snowartz/proyecto_final_ws/build/proyecto_master_pkg/install.log'
[2.705s] Invoked command in '/home/snowartz/proyecto_final_ws/src/proyecto_master_pkg' returned '0': PYTHONPATH=/home/snowartz/proyecto_final_ws/build/proyecto_master_pkg/prefix_override:/home/snowartz/proyecto_final_ws/install/proyecto_master_pkg/lib/python3.8/site-packages:${PYTHONPATH} /usr/bin/python3 setup.py egg_info --egg-base ../../build/proyecto_master_pkg build --build-base /home/snowartz/proyecto_final_ws/build/proyecto_master_pkg/build install --record /home/snowartz/proyecto_final_ws/build/proyecto_master_pkg/install.log --install-scripts $base/lib/proyecto_master_pkg --single-version-externally-managed
