[0.322s] DEBUG:colcon:Command line arguments: ['/usr/bin/colcon', 'build']
[0.322s] DEBUG:colcon:Parsed command line arguments: Namespace(log_base=None, log_level=None, verb_name='build', build_base='build', install_base='install', merge_install=False, symlink_install=False, test_result_base=None, continue_on_error=False, executor='parallel', parallel_workers=8, event_handlers=None, ignore_user_meta=False, metas=['./colcon.meta'], base_paths=['.'], packages_ignore=None, packages_ignore_regex=None, paths=None, packages_up_to=None, packages_up_to_regex=None, packages_above=None, packages_above_and_dependencies=None, packages_above_depth=None, packages_select_by_dep=None, packages_skip_by_dep=None, packages_skip_up_to=None, packages_select_build_failed=False, packages_skip_build_finished=False, packages_select_test_failures=False, packages_skip_test_passed=False, packages_select=None, packages_skip=None, packages_select_regex=None, packages_skip_regex=None, packages_start=None, packages_end=None, allow_overriding=[], cmake_args=None, cmake_target=None, cmake_target_skip_unavailable=False, cmake_clean_cache=False, cmake_clean_first=False, cmake_force_configure=False, ament_cmake_args=None, catkin_cmake_args=None, catkin_skip_building_tests=False, verb_parser=<colcon_defaults.argument_parser.defaults.DefaultArgumentsDecorator object at 0x7fc9472ec400>, verb_extension=<colcon_core.verb.build.BuildVerb object at 0x7fc947b43610>, main=<bound method BuildVerb.main of <colcon_core.verb.build.BuildVerb object at 0x7fc947b43610>>)
[0.362s] Level 1:colcon.colcon_core.package_discovery:discover_packages(colcon_meta) check parameters
[0.363s] Level 1:colcon.colcon_core.package_discovery:discover_packages(recursive) check parameters
[0.363s] Level 1:colcon.colcon_core.package_discovery:discover_packages(ignore) check parameters
[0.363s] Level 1:colcon.colcon_core.package_discovery:discover_packages(path) check parameters
[0.363s] Level 1:colcon.colcon_core.package_discovery:discover_packages(colcon_meta) discover
[0.363s] Level 1:colcon.colcon_core.package_discovery:discover_packages(recursive) discover
[0.363s] INFO:colcon.colcon_core.package_discovery:Crawling recursively for packages in '/home/carlos/ProyectoRobotica/Proyecto-Final-Robotica-202310'
[0.363s] Level 1:colcon.colcon_core.package_identification:_identify(.) by extensions ['ignore', 'ignore_ament_install']
[0.363s] Level 1:colcon.colcon_core.package_identification:_identify(.) by extension 'ignore'
[0.363s] Level 1:colcon.colcon_core.package_identification:_identify(.) by extension 'ignore_ament_install'
[0.363s] Level 1:colcon.colcon_core.package_identification:_identify(.) by extensions ['colcon_pkg']
[0.363s] Level 1:colcon.colcon_core.package_identification:_identify(.) by extension 'colcon_pkg'
[0.363s] Level 1:colcon.colcon_core.package_identification:_identify(.) by extensions ['colcon_meta']
[0.363s] Level 1:colcon.colcon_core.package_identification:_identify(.) by extension 'colcon_meta'
[0.363s] Level 1:colcon.colcon_core.package_identification:_identify(.) by extensions ['ros']
[0.363s] Level 1:colcon.colcon_core.package_identification:_identify(.) by extension 'ros'
[0.376s] Level 1:colcon.colcon_core.package_identification:_identify(.) by extensions ['cmake', 'python']
[0.376s] Level 1:colcon.colcon_core.package_identification:_identify(.) by extension 'cmake'
[0.376s] Level 1:colcon.colcon_core.package_identification:_identify(.) by extension 'python'
[0.376s] Level 1:colcon.colcon_core.package_identification:_identify(.) by extensions ['python_setup_py']
[0.376s] Level 1:colcon.colcon_core.package_identification:_identify(.) by extension 'python_setup_py'
[0.377s] Level 1:colcon.colcon_core.package_identification:_identify(build) by extensions ['ignore', 'ignore_ament_install']
[0.377s] Level 1:colcon.colcon_core.package_identification:_identify(build) by extension 'ignore'
[0.377s] Level 1:colcon.colcon_core.package_identification:_identify(build) ignored
[0.377s] Level 1:colcon.colcon_core.package_identification:_identify(data) by extensions ['ignore', 'ignore_ament_install']
[0.377s] Level 1:colcon.colcon_core.package_identification:_identify(data) by extension 'ignore'
[0.377s] Level 1:colcon.colcon_core.package_identification:_identify(data) by extension 'ignore_ament_install'
[0.377s] Level 1:colcon.colcon_core.package_identification:_identify(data) by extensions ['colcon_pkg']
[0.377s] Level 1:colcon.colcon_core.package_identification:_identify(data) by extension 'colcon_pkg'
[0.377s] Level 1:colcon.colcon_core.package_identification:_identify(data) by extensions ['colcon_meta']
[0.377s] Level 1:colcon.colcon_core.package_identification:_identify(data) by extension 'colcon_meta'
[0.377s] Level 1:colcon.colcon_core.package_identification:_identify(data) by extensions ['ros']
[0.377s] Level 1:colcon.colcon_core.package_identification:_identify(data) by extension 'ros'
[0.377s] Level 1:colcon.colcon_core.package_identification:_identify(data) by extensions ['cmake', 'python']
[0.377s] Level 1:colcon.colcon_core.package_identification:_identify(data) by extension 'cmake'
[0.377s] Level 1:colcon.colcon_core.package_identification:_identify(data) by extension 'python'
[0.378s] Level 1:colcon.colcon_core.package_identification:_identify(data) by extensions ['python_setup_py']
[0.378s] Level 1:colcon.colcon_core.package_identification:_identify(data) by extension 'python_setup_py'
[0.378s] Level 1:colcon.colcon_core.package_identification:_identify(install) by extensions ['ignore', 'ignore_ament_install']
[0.378s] Level 1:colcon.colcon_core.package_identification:_identify(install) by extension 'ignore'
[0.378s] Level 1:colcon.colcon_core.package_identification:_identify(install) ignored
[0.378s] Level 1:colcon.colcon_core.package_identification:_identify(log) by extensions ['ignore', 'ignore_ament_install']
[0.378s] Level 1:colcon.colcon_core.package_identification:_identify(log) by extension 'ignore'
[0.378s] Level 1:colcon.colcon_core.package_identification:_identify(log) ignored
[0.378s] Level 1:colcon.colcon_core.package_identification:_identify(proyecto_final_ws) by extensions ['ignore', 'ignore_ament_install']
[0.378s] Level 1:colcon.colcon_core.package_identification:_identify(proyecto_final_ws) by extension 'ignore'
[0.378s] Level 1:colcon.colcon_core.package_identification:_identify(proyecto_final_ws) by extension 'ignore_ament_install'
[0.378s] Level 1:colcon.colcon_core.package_identification:_identify(proyecto_final_ws) by extensions ['colcon_pkg']
[0.378s] Level 1:colcon.colcon_core.package_identification:_identify(proyecto_final_ws) by extension 'colcon_pkg'
[0.378s] Level 1:colcon.colcon_core.package_identification:_identify(proyecto_final_ws) by extensions ['colcon_meta']
[0.378s] Level 1:colcon.colcon_core.package_identification:_identify(proyecto_final_ws) by extension 'colcon_meta'
[0.379s] Level 1:colcon.colcon_core.package_identification:_identify(proyecto_final_ws) by extensions ['ros']
[0.379s] Level 1:colcon.colcon_core.package_identification:_identify(proyecto_final_ws) by extension 'ros'
[0.379s] Level 1:colcon.colcon_core.package_identification:_identify(proyecto_final_ws) by extensions ['cmake', 'python']
[0.379s] Level 1:colcon.colcon_core.package_identification:_identify(proyecto_final_ws) by extension 'cmake'
[0.379s] Level 1:colcon.colcon_core.package_identification:_identify(proyecto_final_ws) by extension 'python'
[0.379s] Level 1:colcon.colcon_core.package_identification:_identify(proyecto_final_ws) by extensions ['python_setup_py']
[0.379s] Level 1:colcon.colcon_core.package_identification:_identify(proyecto_final_ws) by extension 'python_setup_py'
[0.379s] Level 1:colcon.colcon_core.package_identification:_identify(proyecto_final_ws/src) by extensions ['ignore', 'ignore_ament_install']
[0.379s] Level 1:colcon.colcon_core.package_identification:_identify(proyecto_final_ws/src) by extension 'ignore'
[0.379s] Level 1:colcon.colcon_core.package_identification:_identify(proyecto_final_ws/src) by extension 'ignore_ament_install'
[0.379s] Level 1:colcon.colcon_core.package_identification:_identify(proyecto_final_ws/src) by extensions ['colcon_pkg']
[0.379s] Level 1:colcon.colcon_core.package_identification:_identify(proyecto_final_ws/src) by extension 'colcon_pkg'
[0.379s] Level 1:colcon.colcon_core.package_identification:_identify(proyecto_final_ws/src) by extensions ['colcon_meta']
[0.379s] Level 1:colcon.colcon_core.package_identification:_identify(proyecto_final_ws/src) by extension 'colcon_meta'
[0.379s] Level 1:colcon.colcon_core.package_identification:_identify(proyecto_final_ws/src) by extensions ['ros']
[0.379s] Level 1:colcon.colcon_core.package_identification:_identify(proyecto_final_ws/src) by extension 'ros'
[0.379s] Level 1:colcon.colcon_core.package_identification:_identify(proyecto_final_ws/src) by extensions ['cmake', 'python']
[0.379s] Level 1:colcon.colcon_core.package_identification:_identify(proyecto_final_ws/src) by extension 'cmake'
[0.380s] Level 1:colcon.colcon_core.package_identification:_identify(proyecto_final_ws/src) by extension 'python'
[0.380s] Level 1:colcon.colcon_core.package_identification:_identify(proyecto_final_ws/src) by extensions ['python_setup_py']
[0.380s] Level 1:colcon.colcon_core.package_identification:_identify(proyecto_final_ws/src) by extension 'python_setup_py'
[0.380s] Level 1:colcon.colcon_core.package_identification:_identify(proyecto_final_ws/src/proyecto_interfaces) by extensions ['ignore', 'ignore_ament_install']
[0.380s] Level 1:colcon.colcon_core.package_identification:_identify(proyecto_final_ws/src/proyecto_interfaces) by extension 'ignore'
[0.380s] Level 1:colcon.colcon_core.package_identification:_identify(proyecto_final_ws/src/proyecto_interfaces) by extension 'ignore_ament_install'
[0.380s] Level 1:colcon.colcon_core.package_identification:_identify(proyecto_final_ws/src/proyecto_interfaces) by extensions ['colcon_pkg']
[0.380s] Level 1:colcon.colcon_core.package_identification:_identify(proyecto_final_ws/src/proyecto_interfaces) by extension 'colcon_pkg'
[0.380s] Level 1:colcon.colcon_core.package_identification:_identify(proyecto_final_ws/src/proyecto_interfaces) by extensions ['colcon_meta']
[0.380s] Level 1:colcon.colcon_core.package_identification:_identify(proyecto_final_ws/src/proyecto_interfaces) by extension 'colcon_meta'
[0.380s] Level 1:colcon.colcon_core.package_identification:_identify(proyecto_final_ws/src/proyecto_interfaces) by extensions ['ros']
[0.380s] Level 1:colcon.colcon_core.package_identification:_identify(proyecto_final_ws/src/proyecto_interfaces) by extension 'ros'
[0.383s] DEBUG:colcon.colcon_core.package_identification:Package 'proyecto_final_ws/src/proyecto_interfaces' with type 'ros.ament_cmake' and name 'proyecto_interfaces'
[0.383s] Level 1:colcon.colcon_core.package_identification:_identify(proyecto_final_ws/src/proyecto_master_pkg) by extensions ['ignore', 'ignore_ament_install']
[0.383s] Level 1:colcon.colcon_core.package_identification:_identify(proyecto_final_ws/src/proyecto_master_pkg) by extension 'ignore'
[0.383s] Level 1:colcon.colcon_core.package_identification:_identify(proyecto_final_ws/src/proyecto_master_pkg) by extension 'ignore_ament_install'
[0.383s] Level 1:colcon.colcon_core.package_identification:_identify(proyecto_final_ws/src/proyecto_master_pkg) by extensions ['colcon_pkg']
[0.383s] Level 1:colcon.colcon_core.package_identification:_identify(proyecto_final_ws/src/proyecto_master_pkg) by extension 'colcon_pkg'
[0.383s] Level 1:colcon.colcon_core.package_identification:_identify(proyecto_final_ws/src/proyecto_master_pkg) by extensions ['colcon_meta']
[0.383s] Level 1:colcon.colcon_core.package_identification:_identify(proyecto_final_ws/src/proyecto_master_pkg) by extension 'colcon_meta'
[0.383s] Level 1:colcon.colcon_core.package_identification:_identify(proyecto_final_ws/src/proyecto_master_pkg) by extensions ['ros']
[0.383s] Level 1:colcon.colcon_core.package_identification:_identify(proyecto_final_ws/src/proyecto_master_pkg) by extension 'ros'
[0.384s] DEBUG:colcon.colcon_core.package_identification:Package 'proyecto_final_ws/src/proyecto_master_pkg' with type 'ros.ament_python' and name 'proyecto_master_pkg'
[0.384s] Level 1:colcon.colcon_core.package_identification:_identify(proyecto_final_ws/src/vision_opencv) by extensions ['ignore', 'ignore_ament_install']
[0.384s] Level 1:colcon.colcon_core.package_identification:_identify(proyecto_final_ws/src/vision_opencv) by extension 'ignore'
[0.384s] Level 1:colcon.colcon_core.package_identification:_identify(proyecto_final_ws/src/vision_opencv) by extension 'ignore_ament_install'
[0.384s] Level 1:colcon.colcon_core.package_identification:_identify(proyecto_final_ws/src/vision_opencv) by extensions ['colcon_pkg']
[0.384s] Level 1:colcon.colcon_core.package_identification:_identify(proyecto_final_ws/src/vision_opencv) by extension 'colcon_pkg'
[0.384s] Level 1:colcon.colcon_core.package_identification:_identify(proyecto_final_ws/src/vision_opencv) by extensions ['colcon_meta']
[0.384s] Level 1:colcon.colcon_core.package_identification:_identify(proyecto_final_ws/src/vision_opencv) by extension 'colcon_meta'
[0.384s] Level 1:colcon.colcon_core.package_identification:_identify(proyecto_final_ws/src/vision_opencv) by extensions ['ros']
[0.384s] Level 1:colcon.colcon_core.package_identification:_identify(proyecto_final_ws/src/vision_opencv) by extension 'ros'
[0.385s] Level 1:colcon.colcon_core.package_identification:_identify(proyecto_final_ws/src/vision_opencv) by extensions ['cmake', 'python']
[0.385s] Level 1:colcon.colcon_core.package_identification:_identify(proyecto_final_ws/src/vision_opencv) by extension 'cmake'
[0.385s] Level 1:colcon.colcon_core.package_identification:_identify(proyecto_final_ws/src/vision_opencv) by extension 'python'
[0.385s] Level 1:colcon.colcon_core.package_identification:_identify(proyecto_final_ws/src/vision_opencv) by extensions ['python_setup_py']
[0.385s] Level 1:colcon.colcon_core.package_identification:_identify(proyecto_final_ws/src/vision_opencv) by extension 'python_setup_py'
[0.385s] Level 1:colcon.colcon_core.package_discovery:discover_packages(recursive) using defaults
[0.385s] Level 1:colcon.colcon_core.package_discovery:discover_packages(ignore) discover
[0.385s] Level 1:colcon.colcon_core.package_discovery:discover_packages(ignore) using defaults
[0.385s] Level 1:colcon.colcon_core.package_discovery:discover_packages(path) discover
[0.385s] Level 1:colcon.colcon_core.package_discovery:discover_packages(path) using defaults
[0.409s] Level 1:colcon.colcon_core.package_discovery:discover_packages(prefix_path) check parameters
[0.409s] Level 1:colcon.colcon_core.package_discovery:discover_packages(prefix_path) discover
[0.412s] DEBUG:colcon.colcon_installed_package_information.package_discovery:Found 2 installed packages in /home/carlos/ProyectoRobotica/Proyecto-Final-Robotica-202310/install
[0.414s] DEBUG:colcon.colcon_installed_package_information.package_discovery:Found 270 installed packages in /opt/ros/humble
[0.416s] Level 1:colcon.colcon_core.package_discovery:discover_packages(prefix_path) using defaults
[0.477s] Level 5:colcon.colcon_core.verb:set package 'proyecto_interfaces' build argument 'cmake_args' from command line to 'None'
[0.477s] Level 5:colcon.colcon_core.verb:set package 'proyecto_interfaces' build argument 'cmake_target' from command line to 'None'
[0.477s] Level 5:colcon.colcon_core.verb:set package 'proyecto_interfaces' build argument 'cmake_target_skip_unavailable' from command line to 'False'
[0.477s] Level 5:colcon.colcon_core.verb:set package 'proyecto_interfaces' build argument 'cmake_clean_cache' from command line to 'False'
[0.477s] Level 5:colcon.colcon_core.verb:set package 'proyecto_interfaces' build argument 'cmake_clean_first' from command line to 'False'
[0.477s] Level 5:colcon.colcon_core.verb:set package 'proyecto_interfaces' build argument 'cmake_force_configure' from command line to 'False'
[0.477s] Level 5:colcon.colcon_core.verb:set package 'proyecto_interfaces' build argument 'ament_cmake_args' from command line to 'None'
[0.477s] Level 5:colcon.colcon_core.verb:set package 'proyecto_interfaces' build argument 'catkin_cmake_args' from command line to 'None'
[0.477s] Level 5:colcon.colcon_core.verb:set package 'proyecto_interfaces' build argument 'catkin_skip_building_tests' from command line to 'False'
[0.478s] DEBUG:colcon.colcon_core.verb:Building package 'proyecto_interfaces' with the following arguments: {'ament_cmake_args': None, 'build_base': '/home/carlos/ProyectoRobotica/Proyecto-Final-Robotica-202310/build/proyecto_interfaces', 'catkin_cmake_args': None, 'catkin_skip_building_tests': False, 'cmake_args': None, 'cmake_clean_cache': False, 'cmake_clean_first': False, 'cmake_force_configure': False, 'cmake_target': None, 'cmake_target_skip_unavailable': False, 'install_base': '/home/carlos/ProyectoRobotica/Proyecto-Final-Robotica-202310/install/proyecto_interfaces', 'merge_install': False, 'path': '/home/carlos/ProyectoRobotica/Proyecto-Final-Robotica-202310/proyecto_final_ws/src/proyecto_interfaces', 'symlink_install': False, 'test_result_base': None}
[0.478s] Level 5:colcon.colcon_core.verb:set package 'proyecto_master_pkg' build argument 'cmake_args' from command line to 'None'
[0.479s] Level 5:colcon.colcon_core.verb:set package 'proyecto_master_pkg' build argument 'cmake_target' from command line to 'None'
[0.479s] Level 5:colcon.colcon_core.verb:set package 'proyecto_master_pkg' build argument 'cmake_target_skip_unavailable' from command line to 'False'
[0.479s] Level 5:colcon.colcon_core.verb:set package 'proyecto_master_pkg' build argument 'cmake_clean_cache' from command line to 'False'
[0.479s] Level 5:colcon.colcon_core.verb:set package 'proyecto_master_pkg' build argument 'cmake_clean_first' from command line to 'False'
[0.479s] Level 5:colcon.colcon_core.verb:set package 'proyecto_master_pkg' build argument 'cmake_force_configure' from command line to 'False'
[0.479s] Level 5:colcon.colcon_core.verb:set package 'proyecto_master_pkg' build argument 'ament_cmake_args' from command line to 'None'
[0.479s] Level 5:colcon.colcon_core.verb:set package 'proyecto_master_pkg' build argument 'catkin_cmake_args' from command line to 'None'
[0.479s] Level 5:colcon.colcon_core.verb:set package 'proyecto_master_pkg' build argument 'catkin_skip_building_tests' from command line to 'False'
[0.479s] DEBUG:colcon.colcon_core.verb:Building package 'proyecto_master_pkg' with the following arguments: {'ament_cmake_args': None, 'build_base': '/home/carlos/ProyectoRobotica/Proyecto-Final-Robotica-202310/build/proyecto_master_pkg', 'catkin_cmake_args': None, 'catkin_skip_building_tests': False, 'cmake_args': None, 'cmake_clean_cache': False, 'cmake_clean_first': False, 'cmake_force_configure': False, 'cmake_target': None, 'cmake_target_skip_unavailable': False, 'install_base': '/home/carlos/ProyectoRobotica/Proyecto-Final-Robotica-202310/install/proyecto_master_pkg', 'merge_install': False, 'path': '/home/carlos/ProyectoRobotica/Proyecto-Final-Robotica-202310/proyecto_final_ws/src/proyecto_master_pkg', 'symlink_install': False, 'test_result_base': None}
[0.479s] INFO:colcon.colcon_core.executor:Executing jobs using 'parallel' executor
[0.483s] DEBUG:colcon.colcon_parallel_executor.executor.parallel:run_until_complete
[0.483s] INFO:colcon.colcon_ros.task.ament_cmake.build:Building ROS package in '/home/carlos/ProyectoRobotica/Proyecto-Final-Robotica-202310/proyecto_final_ws/src/proyecto_interfaces' with build type 'ament_cmake'
[0.483s] INFO:colcon.colcon_cmake.task.cmake.build:Building CMake package in '/home/carlos/ProyectoRobotica/Proyecto-Final-Robotica-202310/proyecto_final_ws/src/proyecto_interfaces'
[0.488s] INFO:colcon.colcon_core.plugin_system:Skipping extension 'colcon_core.shell.bat': Not used on non-Windows systems
[0.488s] INFO:colcon.colcon_core.shell:Skip shell extension 'powershell' for command environment: Not usable outside of PowerShell
[0.488s] DEBUG:colcon.colcon_core.shell:Skip shell extension 'dsv' for command environment
[0.493s] INFO:colcon.colcon_ros.task.ament_python.build:Building ROS package in '/home/carlos/ProyectoRobotica/Proyecto-Final-Robotica-202310/proyecto_final_ws/src/proyecto_master_pkg' with build type 'ament_python'
[0.493s] Level 1:colcon.colcon_core.shell:create_environment_hook('proyecto_master_pkg', 'ament_prefix_path')
[0.495s] INFO:colcon.colcon_core.shell:Creating environment hook '/home/carlos/ProyectoRobotica/Proyecto-Final-Robotica-202310/install/proyecto_master_pkg/share/proyecto_master_pkg/hook/ament_prefix_path.ps1'
[0.496s] INFO:colcon.colcon_core.shell:Creating environment descriptor '/home/carlos/ProyectoRobotica/Proyecto-Final-Robotica-202310/install/proyecto_master_pkg/share/proyecto_master_pkg/hook/ament_prefix_path.dsv'
[0.497s] INFO:colcon.colcon_core.shell:Creating environment hook '/home/carlos/ProyectoRobotica/Proyecto-Final-Robotica-202310/install/proyecto_master_pkg/share/proyecto_master_pkg/hook/ament_prefix_path.sh'
[0.499s] INFO:colcon.colcon_core.shell:Skip shell extension 'powershell' for command environment: Not usable outside of PowerShell
[0.499s] DEBUG:colcon.colcon_core.shell:Skip shell extension 'dsv' for command environment
[0.511s] DEBUG:colcon.colcon_core.event_handler.log_command:Invoking command in '/home/carlos/ProyectoRobotica/Proyecto-Final-Robotica-202310/build/proyecto_interfaces': CMAKE_PREFIX_PATH=${CMAKE_PREFIX_PATH}:/home/carlos/ProyectoRobotica/Proyecto-Final-Robotica-202310/install/proyecto_master_pkg:/opt/ros/humble /usr/bin/cmake --build /home/carlos/ProyectoRobotica/Proyecto-Final-Robotica-202310/build/proyecto_interfaces -- -j8 -l8
[0.836s] INFO:colcon.colcon_core.task.python.build:Building Python package in '/home/carlos/ProyectoRobotica/Proyecto-Final-Robotica-202310/proyecto_final_ws/src/proyecto_master_pkg'
[0.838s] INFO:colcon.colcon_core.shell:Skip shell extension 'powershell' for command environment: Not usable outside of PowerShell
[0.838s] DEBUG:colcon.colcon_core.shell:Skip shell extension 'dsv' for command environment
[0.936s] DEBUG:colcon.colcon_core.event_handler.log_command:Invoked command in '/home/carlos/ProyectoRobotica/Proyecto-Final-Robotica-202310/build/proyecto_interfaces' returned '0': CMAKE_PREFIX_PATH=${CMAKE_PREFIX_PATH}:/home/carlos/ProyectoRobotica/Proyecto-Final-Robotica-202310/install/proyecto_master_pkg:/opt/ros/humble /usr/bin/cmake --build /home/carlos/ProyectoRobotica/Proyecto-Final-Robotica-202310/build/proyecto_interfaces -- -j8 -l8
[1.056s] DEBUG:colcon.colcon_core.event_handler.log_command:Invoking command in '/home/carlos/ProyectoRobotica/Proyecto-Final-Robotica-202310/build/proyecto_interfaces': CMAKE_PREFIX_PATH=${CMAKE_PREFIX_PATH}:/home/carlos/ProyectoRobotica/Proyecto-Final-Robotica-202310/install/proyecto_master_pkg:/opt/ros/humble /usr/bin/cmake --install /home/carlos/ProyectoRobotica/Proyecto-Final-Robotica-202310/build/proyecto_interfaces
[1.132s] Level 1:colcon.colcon_core.environment:create_environment_scripts_only(proyecto_interfaces)
[1.134s] DEBUG:colcon.colcon_core.event_handler.log_command:Invoked command in '/home/carlos/ProyectoRobotica/Proyecto-Final-Robotica-202310/build/proyecto_interfaces' returned '0': CMAKE_PREFIX_PATH=${CMAKE_PREFIX_PATH}:/home/carlos/ProyectoRobotica/Proyecto-Final-Robotica-202310/install/proyecto_master_pkg:/opt/ros/humble /usr/bin/cmake --install /home/carlos/ProyectoRobotica/Proyecto-Final-Robotica-202310/build/proyecto_interfaces
[1.141s] Level 1:colcon.colcon_core.environment:checking '/home/carlos/ProyectoRobotica/Proyecto-Final-Robotica-202310/install/proyecto_interfaces' for CMake module files
[1.142s] Level 1:colcon.colcon_core.environment:checking '/home/carlos/ProyectoRobotica/Proyecto-Final-Robotica-202310/install/proyecto_interfaces' for CMake config files
[1.143s] Level 1:colcon.colcon_core.shell:create_environment_hook('proyecto_interfaces', 'cmake_prefix_path')
[1.145s] INFO:colcon.colcon_core.shell:Creating environment hook '/home/carlos/ProyectoRobotica/Proyecto-Final-Robotica-202310/install/proyecto_interfaces/share/proyecto_interfaces/hook/cmake_prefix_path.ps1'
[1.146s] INFO:colcon.colcon_core.shell:Creating environment descriptor '/home/carlos/ProyectoRobotica/Proyecto-Final-Robotica-202310/install/proyecto_interfaces/share/proyecto_interfaces/hook/cmake_prefix_path.dsv'
[1.146s] INFO:colcon.colcon_core.shell:Creating environment hook '/home/carlos/ProyectoRobotica/Proyecto-Final-Robotica-202310/install/proyecto_interfaces/share/proyecto_interfaces/hook/cmake_prefix_path.sh'
[1.147s] Level 1:colcon.colcon_core.environment:checking '/home/carlos/ProyectoRobotica/Proyecto-Final-Robotica-202310/install/proyecto_interfaces/lib'
[1.147s] Level 1:colcon.colcon_core.shell:create_environment_hook('proyecto_interfaces', 'ld_library_path_lib')
[1.150s] INFO:colcon.colcon_core.shell:Creating environment hook '/home/carlos/ProyectoRobotica/Proyecto-Final-Robotica-202310/install/proyecto_interfaces/share/proyecto_interfaces/hook/ld_library_path_lib.ps1'
[1.150s] INFO:colcon.colcon_core.shell:Creating environment descriptor '/home/carlos/ProyectoRobotica/Proyecto-Final-Robotica-202310/install/proyecto_interfaces/share/proyecto_interfaces/hook/ld_library_path_lib.dsv'
[1.151s] INFO:colcon.colcon_core.shell:Creating environment hook '/home/carlos/ProyectoRobotica/Proyecto-Final-Robotica-202310/install/proyecto_interfaces/share/proyecto_interfaces/hook/ld_library_path_lib.sh'
[1.151s] Level 1:colcon.colcon_core.environment:checking '/home/carlos/ProyectoRobotica/Proyecto-Final-Robotica-202310/install/proyecto_interfaces/bin'
[1.151s] Level 1:colcon.colcon_core.environment:checking '/home/carlos/ProyectoRobotica/Proyecto-Final-Robotica-202310/install/proyecto_interfaces/lib/pkgconfig/proyecto_interfaces.pc'
[1.152s] Level 1:colcon.colcon_core.environment:checking '/home/carlos/ProyectoRobotica/Proyecto-Final-Robotica-202310/install/proyecto_interfaces/lib/python3.10/site-packages'
[1.152s] Level 1:colcon.colcon_core.environment:checking '/home/carlos/ProyectoRobotica/Proyecto-Final-Robotica-202310/install/proyecto_interfaces/bin'
[1.154s] INFO:colcon.colcon_core.shell:Creating package script '/home/carlos/ProyectoRobotica/Proyecto-Final-Robotica-202310/install/proyecto_interfaces/share/proyecto_interfaces/package.ps1'
[1.155s] INFO:colcon.colcon_core.shell:Creating package descriptor '/home/carlos/ProyectoRobotica/Proyecto-Final-Robotica-202310/install/proyecto_interfaces/share/proyecto_interfaces/package.dsv'
[1.157s] INFO:colcon.colcon_core.shell:Creating package script '/home/carlos/ProyectoRobotica/Proyecto-Final-Robotica-202310/install/proyecto_interfaces/share/proyecto_interfaces/package.sh'
[1.158s] INFO:colcon.colcon_core.shell:Creating package script '/home/carlos/ProyectoRobotica/Proyecto-Final-Robotica-202310/install/proyecto_interfaces/share/proyecto_interfaces/package.bash'
[1.158s] INFO:colcon.colcon_core.shell:Creating package script '/home/carlos/ProyectoRobotica/Proyecto-Final-Robotica-202310/install/proyecto_interfaces/share/proyecto_interfaces/package.zsh'
[1.159s] Level 1:colcon.colcon_core.environment:create_file_with_runtime_dependencies(/home/carlos/ProyectoRobotica/Proyecto-Final-Robotica-202310/install/proyecto_interfaces/share/colcon-core/packages/proyecto_interfaces)
[1.274s] Level 1:colcon.colcon_core.environment:create_environment_scripts_only(proyecto_interfaces)
[1.277s] Level 1:colcon.colcon_core.environment:checking '/home/carlos/ProyectoRobotica/Proyecto-Final-Robotica-202310/install/proyecto_interfaces' for CMake module files
[1.278s] Level 1:colcon.colcon_core.environment:checking '/home/carlos/ProyectoRobotica/Proyecto-Final-Robotica-202310/install/proyecto_interfaces' for CMake config files
[1.279s] Level 1:colcon.colcon_core.shell:create_environment_hook('proyecto_interfaces', 'cmake_prefix_path')
[1.281s] INFO:colcon.colcon_core.shell:Creating environment hook '/home/carlos/ProyectoRobotica/Proyecto-Final-Robotica-202310/install/proyecto_interfaces/share/proyecto_interfaces/hook/cmake_prefix_path.ps1'
[1.282s] INFO:colcon.colcon_core.shell:Creating environment descriptor '/home/carlos/ProyectoRobotica/Proyecto-Final-Robotica-202310/install/proyecto_interfaces/share/proyecto_interfaces/hook/cmake_prefix_path.dsv'
[1.282s] INFO:colcon.colcon_core.shell:Creating environment hook '/home/carlos/ProyectoRobotica/Proyecto-Final-Robotica-202310/install/proyecto_interfaces/share/proyecto_interfaces/hook/cmake_prefix_path.sh'
[1.283s] Level 1:colcon.colcon_core.environment:checking '/home/carlos/ProyectoRobotica/Proyecto-Final-Robotica-202310/install/proyecto_interfaces/lib'
[1.283s] Level 1:colcon.colcon_core.shell:create_environment_hook('proyecto_interfaces', 'ld_library_path_lib')
[1.285s] INFO:colcon.colcon_core.shell:Creating environment hook '/home/carlos/ProyectoRobotica/Proyecto-Final-Robotica-202310/install/proyecto_interfaces/share/proyecto_interfaces/hook/ld_library_path_lib.ps1'
[1.286s] INFO:colcon.colcon_core.shell:Creating environment descriptor '/home/carlos/ProyectoRobotica/Proyecto-Final-Robotica-202310/install/proyecto_interfaces/share/proyecto_interfaces/hook/ld_library_path_lib.dsv'
[1.286s] INFO:colcon.colcon_core.shell:Creating environment hook '/home/carlos/ProyectoRobotica/Proyecto-Final-Robotica-202310/install/proyecto_interfaces/share/proyecto_interfaces/hook/ld_library_path_lib.sh'
[1.286s] Level 1:colcon.colcon_core.environment:checking '/home/carlos/ProyectoRobotica/Proyecto-Final-Robotica-202310/install/proyecto_interfaces/bin'
[1.287s] Level 1:colcon.colcon_core.environment:checking '/home/carlos/ProyectoRobotica/Proyecto-Final-Robotica-202310/install/proyecto_interfaces/lib/pkgconfig/proyecto_interfaces.pc'
[1.287s] Level 1:colcon.colcon_core.environment:checking '/home/carlos/ProyectoRobotica/Proyecto-Final-Robotica-202310/install/proyecto_interfaces/lib/python3.10/site-packages'
[1.287s] Level 1:colcon.colcon_core.environment:checking '/home/carlos/ProyectoRobotica/Proyecto-Final-Robotica-202310/install/proyecto_interfaces/bin'
[1.289s] INFO:colcon.colcon_core.shell:Creating package script '/home/carlos/ProyectoRobotica/Proyecto-Final-Robotica-202310/install/proyecto_interfaces/share/proyecto_interfaces/package.ps1'
[1.290s] INFO:colcon.colcon_core.shell:Creating package descriptor '/home/carlos/ProyectoRobotica/Proyecto-Final-Robotica-202310/install/proyecto_interfaces/share/proyecto_interfaces/package.dsv'
[1.291s] INFO:colcon.colcon_core.shell:Creating package script '/home/carlos/ProyectoRobotica/Proyecto-Final-Robotica-202310/install/proyecto_interfaces/share/proyecto_interfaces/package.sh'
[1.292s] INFO:colcon.colcon_core.shell:Creating package script '/home/carlos/ProyectoRobotica/Proyecto-Final-Robotica-202310/install/proyecto_interfaces/share/proyecto_interfaces/package.bash'
[1.292s] INFO:colcon.colcon_core.shell:Creating package script '/home/carlos/ProyectoRobotica/Proyecto-Final-Robotica-202310/install/proyecto_interfaces/share/proyecto_interfaces/package.zsh'
[1.293s] Level 1:colcon.colcon_core.environment:create_file_with_runtime_dependencies(/home/carlos/ProyectoRobotica/Proyecto-Final-Robotica-202310/install/proyecto_interfaces/share/colcon-core/packages/proyecto_interfaces)
[1.307s] DEBUG:colcon.colcon_core.event_handler.log_command:Invoking command in '/home/carlos/ProyectoRobotica/Proyecto-Final-Robotica-202310/proyecto_final_ws/src/proyecto_master_pkg': PYTHONPATH=/home/carlos/ProyectoRobotica/Proyecto-Final-Robotica-202310/build/proyecto_master_pkg/prefix_override:/home/carlos/ProyectoRobotica/Proyecto-Final-Robotica-202310/install/proyecto_master_pkg/lib/python3.10/site-packages:${PYTHONPATH} /usr/bin/python3 setup.py egg_info --egg-base ../../../build/proyecto_master_pkg build --build-base /home/carlos/ProyectoRobotica/Proyecto-Final-Robotica-202310/build/proyecto_master_pkg/build install --record /home/carlos/ProyectoRobotica/Proyecto-Final-Robotica-202310/build/proyecto_master_pkg/install.log --install-scripts $base/lib/proyecto_master_pkg --single-version-externally-managed
[1.757s] Level 1:colcon.colcon_core.environment:checking '/home/carlos/ProyectoRobotica/Proyecto-Final-Robotica-202310/install/proyecto_master_pkg' for CMake module files
[1.758s] DEBUG:colcon.colcon_core.event_handler.log_command:Invoked command in '/home/carlos/ProyectoRobotica/Proyecto-Final-Robotica-202310/proyecto_final_ws/src/proyecto_master_pkg' returned '0': PYTHONPATH=/home/carlos/ProyectoRobotica/Proyecto-Final-Robotica-202310/build/proyecto_master_pkg/prefix_override:/home/carlos/ProyectoRobotica/Proyecto-Final-Robotica-202310/install/proyecto_master_pkg/lib/python3.10/site-packages:${PYTHONPATH} /usr/bin/python3 setup.py egg_info --egg-base ../../../build/proyecto_master_pkg build --build-base /home/carlos/ProyectoRobotica/Proyecto-Final-Robotica-202310/build/proyecto_master_pkg/build install --record /home/carlos/ProyectoRobotica/Proyecto-Final-Robotica-202310/build/proyecto_master_pkg/install.log --install-scripts $base/lib/proyecto_master_pkg --single-version-externally-managed
[1.759s] Level 1:colcon.colcon_core.environment:checking '/home/carlos/ProyectoRobotica/Proyecto-Final-Robotica-202310/install/proyecto_master_pkg' for CMake config files
[1.761s] Level 1:colcon.colcon_core.environment:checking '/home/carlos/ProyectoRobotica/Proyecto-Final-Robotica-202310/install/proyecto_master_pkg/lib'
[1.761s] Level 1:colcon.colcon_core.environment:checking '/home/carlos/ProyectoRobotica/Proyecto-Final-Robotica-202310/install/proyecto_master_pkg/bin'
[1.761s] Level 1:colcon.colcon_core.environment:checking '/home/carlos/ProyectoRobotica/Proyecto-Final-Robotica-202310/install/proyecto_master_pkg/lib/pkgconfig/proyecto_master_pkg.pc'
[1.762s] Level 1:colcon.colcon_core.environment:checking '/home/carlos/ProyectoRobotica/Proyecto-Final-Robotica-202310/install/proyecto_master_pkg/lib/python3.10/site-packages'
[1.762s] Level 1:colcon.colcon_core.shell:create_environment_hook('proyecto_master_pkg', 'pythonpath')
[1.766s] INFO:colcon.colcon_core.shell:Creating environment hook '/home/carlos/ProyectoRobotica/Proyecto-Final-Robotica-202310/install/proyecto_master_pkg/share/proyecto_master_pkg/hook/pythonpath.ps1'
[1.768s] INFO:colcon.colcon_core.shell:Creating environment descriptor '/home/carlos/ProyectoRobotica/Proyecto-Final-Robotica-202310/install/proyecto_master_pkg/share/proyecto_master_pkg/hook/pythonpath.dsv'
[1.769s] INFO:colcon.colcon_core.shell:Creating environment hook '/home/carlos/ProyectoRobotica/Proyecto-Final-Robotica-202310/install/proyecto_master_pkg/share/proyecto_master_pkg/hook/pythonpath.sh'
[1.771s] Level 1:colcon.colcon_core.environment:checking '/home/carlos/ProyectoRobotica/Proyecto-Final-Robotica-202310/install/proyecto_master_pkg/bin'
[1.771s] Level 1:colcon.colcon_core.environment:create_environment_scripts_only(proyecto_master_pkg)
[1.775s] INFO:colcon.colcon_core.shell:Creating package script '/home/carlos/ProyectoRobotica/Proyecto-Final-Robotica-202310/install/proyecto_master_pkg/share/proyecto_master_pkg/package.ps1'
[1.777s] INFO:colcon.colcon_core.shell:Creating package descriptor '/home/carlos/ProyectoRobotica/Proyecto-Final-Robotica-202310/install/proyecto_master_pkg/share/proyecto_master_pkg/package.dsv'
[1.778s] INFO:colcon.colcon_core.shell:Creating package script '/home/carlos/ProyectoRobotica/Proyecto-Final-Robotica-202310/install/proyecto_master_pkg/share/proyecto_master_pkg/package.sh'
[1.780s] INFO:colcon.colcon_core.shell:Creating package script '/home/carlos/ProyectoRobotica/Proyecto-Final-Robotica-202310/install/proyecto_master_pkg/share/proyecto_master_pkg/package.bash'
[1.781s] INFO:colcon.colcon_core.shell:Creating package script '/home/carlos/ProyectoRobotica/Proyecto-Final-Robotica-202310/install/proyecto_master_pkg/share/proyecto_master_pkg/package.zsh'
[1.782s] Level 1:colcon.colcon_core.environment:create_file_with_runtime_dependencies(/home/carlos/ProyectoRobotica/Proyecto-Final-Robotica-202310/install/proyecto_master_pkg/share/colcon-core/packages/proyecto_master_pkg)
[1.783s] DEBUG:colcon.colcon_parallel_executor.executor.parallel:closing loop
[1.784s] DEBUG:colcon.colcon_parallel_executor.executor.parallel:loop closed
[1.784s] DEBUG:colcon.colcon_parallel_executor.executor.parallel:run_until_complete finished with '0'
[1.784s] DEBUG:colcon.colcon_core.event_reactor:joining thread
[1.795s] INFO:colcon.colcon_core.plugin_system:Skipping extension 'colcon_notification.desktop_notification.terminal_notifier': Not used on non-Darwin systems
[1.795s] INFO:colcon.colcon_core.plugin_system:Skipping extension 'colcon_notification.desktop_notification.win32': Not used on non-Windows systems
[1.796s] INFO:colcon.colcon_notification.desktop_notification:Sending desktop notification using 'notify2'
[1.817s] DEBUG:colcon.colcon_core.event_reactor:joined thread
[1.821s] INFO:colcon.colcon_core.shell:Creating prefix script '/home/carlos/ProyectoRobotica/Proyecto-Final-Robotica-202310/install/local_setup.ps1'
[1.823s] INFO:colcon.colcon_core.shell:Creating prefix util module '/home/carlos/ProyectoRobotica/Proyecto-Final-Robotica-202310/install/_local_setup_util_ps1.py'
[1.827s] INFO:colcon.colcon_core.shell:Creating prefix chain script '/home/carlos/ProyectoRobotica/Proyecto-Final-Robotica-202310/install/setup.ps1'
[1.831s] INFO:colcon.colcon_core.shell:Creating prefix script '/home/carlos/ProyectoRobotica/Proyecto-Final-Robotica-202310/install/local_setup.sh'
[1.832s] INFO:colcon.colcon_core.shell:Creating prefix util module '/home/carlos/ProyectoRobotica/Proyecto-Final-Robotica-202310/install/_local_setup_util_sh.py'
[1.833s] INFO:colcon.colcon_core.shell:Creating prefix chain script '/home/carlos/ProyectoRobotica/Proyecto-Final-Robotica-202310/install/setup.sh'
[1.837s] INFO:colcon.colcon_core.shell:Creating prefix script '/home/carlos/ProyectoRobotica/Proyecto-Final-Robotica-202310/install/local_setup.bash'
[1.838s] INFO:colcon.colcon_core.shell:Creating prefix chain script '/home/carlos/ProyectoRobotica/Proyecto-Final-Robotica-202310/install/setup.bash'
[1.841s] INFO:colcon.colcon_core.shell:Creating prefix script '/home/carlos/ProyectoRobotica/Proyecto-Final-Robotica-202310/install/local_setup.zsh'
[1.843s] INFO:colcon.colcon_core.shell:Creating prefix chain script '/home/carlos/ProyectoRobotica/Proyecto-Final-Robotica-202310/install/setup.zsh'
