[1.643s] DEBUG:colcon:Command line arguments: ['/usr/bin/colcon', 'build']
[1.643s] DEBUG:colcon:Parsed command line arguments: Namespace(log_base=None, log_level=None, verb_name='build', build_base='build', install_base='install', merge_install=False, symlink_install=False, test_result_base=None, continue_on_error=False, executor='parallel', parallel_workers=4, event_handlers=None, ignore_user_meta=False, metas=['./colcon.meta'], base_paths=['.'], packages_ignore=None, packages_ignore_regex=None, paths=None, packages_up_to=None, packages_up_to_regex=None, packages_above=None, packages_above_and_dependencies=None, packages_above_depth=None, packages_select_by_dep=None, packages_skip_by_dep=None, packages_skip_up_to=None, packages_select_build_failed=False, packages_skip_build_finished=False, packages_select_test_failures=False, packages_skip_test_passed=False, packages_select=None, packages_skip=None, packages_select_regex=None, packages_skip_regex=None, packages_start=None, packages_end=None, allow_overriding=[], cmake_args=None, cmake_target=None, cmake_target_skip_unavailable=False, cmake_clean_cache=False, cmake_clean_first=False, cmake_force_configure=False, ament_cmake_args=None, catkin_cmake_args=None, catkin_skip_building_tests=False, verb_parser=<colcon_defaults.argument_parser.defaults.DefaultArgumentsDecorator object at 0xffff8f96bc70>, verb_extension=<colcon_core.verb.build.BuildVerb object at 0xffff90252260>, main=<bound method BuildVerb.main of <colcon_core.verb.build.BuildVerb object at 0xffff90252260>>)
[1.795s] Level 1:colcon.colcon_core.package_discovery:discover_packages(colcon_meta) check parameters
[1.796s] Level 1:colcon.colcon_core.package_discovery:discover_packages(recursive) check parameters
[1.796s] Level 1:colcon.colcon_core.package_discovery:discover_packages(ignore) check parameters
[1.796s] Level 1:colcon.colcon_core.package_discovery:discover_packages(path) check parameters
[1.796s] Level 1:colcon.colcon_core.package_discovery:discover_packages(colcon_meta) discover
[1.796s] Level 1:colcon.colcon_core.package_discovery:discover_packages(recursive) discover
[1.796s] INFO:colcon.colcon_core.package_discovery:Crawling recursively for packages in '/home/abmodelo2023/Documentos/Proyecto-Final-Robotica-202310'
[1.797s] Level 1:colcon.colcon_core.package_identification:_identify(.) by extensions ['ignore', 'ignore_ament_install']
[1.797s] Level 1:colcon.colcon_core.package_identification:_identify(.) by extension 'ignore'
[1.798s] Level 1:colcon.colcon_core.package_identification:_identify(.) by extension 'ignore_ament_install'
[1.798s] Level 1:colcon.colcon_core.package_identification:_identify(.) by extensions ['colcon_pkg']
[1.798s] Level 1:colcon.colcon_core.package_identification:_identify(.) by extension 'colcon_pkg'
[1.798s] Level 1:colcon.colcon_core.package_identification:_identify(.) by extensions ['colcon_meta']
[1.799s] Level 1:colcon.colcon_core.package_identification:_identify(.) by extension 'colcon_meta'
[1.799s] Level 1:colcon.colcon_core.package_identification:_identify(.) by extensions ['ros']
[1.799s] Level 1:colcon.colcon_core.package_identification:_identify(.) by extension 'ros'
[1.854s] Level 1:colcon.colcon_core.package_identification:_identify(.) by extensions ['cmake', 'python']
[1.855s] Level 1:colcon.colcon_core.package_identification:_identify(.) by extension 'cmake'
[1.855s] Level 1:colcon.colcon_core.package_identification:_identify(.) by extension 'python'
[1.855s] Level 1:colcon.colcon_core.package_identification:_identify(.) by extensions ['python_setup_py']
[1.855s] Level 1:colcon.colcon_core.package_identification:_identify(.) by extension 'python_setup_py'
[1.856s] Level 1:colcon.colcon_core.package_identification:_identify(build) by extensions ['ignore', 'ignore_ament_install']
[1.856s] Level 1:colcon.colcon_core.package_identification:_identify(build) by extension 'ignore'
[1.857s] Level 1:colcon.colcon_core.package_identification:_identify(build) ignored
[1.857s] Level 1:colcon.colcon_core.package_identification:_identify(data) by extensions ['ignore', 'ignore_ament_install']
[1.858s] Level 1:colcon.colcon_core.package_identification:_identify(data) by extension 'ignore'
[1.858s] Level 1:colcon.colcon_core.package_identification:_identify(data) by extension 'ignore_ament_install'
[1.858s] Level 1:colcon.colcon_core.package_identification:_identify(data) by extensions ['colcon_pkg']
[1.859s] Level 1:colcon.colcon_core.package_identification:_identify(data) by extension 'colcon_pkg'
[1.859s] Level 1:colcon.colcon_core.package_identification:_identify(data) by extensions ['colcon_meta']
[1.859s] Level 1:colcon.colcon_core.package_identification:_identify(data) by extension 'colcon_meta'
[1.859s] Level 1:colcon.colcon_core.package_identification:_identify(data) by extensions ['ros']
[1.859s] Level 1:colcon.colcon_core.package_identification:_identify(data) by extension 'ros'
[1.860s] Level 1:colcon.colcon_core.package_identification:_identify(data) by extensions ['cmake', 'python']
[1.860s] Level 1:colcon.colcon_core.package_identification:_identify(data) by extension 'cmake'
[1.860s] Level 1:colcon.colcon_core.package_identification:_identify(data) by extension 'python'
[1.860s] Level 1:colcon.colcon_core.package_identification:_identify(data) by extensions ['python_setup_py']
[1.860s] Level 1:colcon.colcon_core.package_identification:_identify(data) by extension 'python_setup_py'
[1.861s] Level 1:colcon.colcon_core.package_identification:_identify(install) by extensions ['ignore', 'ignore_ament_install']
[1.861s] Level 1:colcon.colcon_core.package_identification:_identify(install) by extension 'ignore'
[1.862s] Level 1:colcon.colcon_core.package_identification:_identify(install) ignored
[1.863s] Level 1:colcon.colcon_core.package_identification:_identify(log) by extensions ['ignore', 'ignore_ament_install']
[1.863s] Level 1:colcon.colcon_core.package_identification:_identify(log) by extension 'ignore'
[1.864s] Level 1:colcon.colcon_core.package_identification:_identify(log) ignored
[1.864s] Level 1:colcon.colcon_core.package_identification:_identify(proyecto_final_ws) by extensions ['ignore', 'ignore_ament_install']
[1.865s] Level 1:colcon.colcon_core.package_identification:_identify(proyecto_final_ws) by extension 'ignore'
[1.865s] Level 1:colcon.colcon_core.package_identification:_identify(proyecto_final_ws) by extension 'ignore_ament_install'
[1.865s] Level 1:colcon.colcon_core.package_identification:_identify(proyecto_final_ws) by extensions ['colcon_pkg']
[1.865s] Level 1:colcon.colcon_core.package_identification:_identify(proyecto_final_ws) by extension 'colcon_pkg'
[1.866s] Level 1:colcon.colcon_core.package_identification:_identify(proyecto_final_ws) by extensions ['colcon_meta']
[1.866s] Level 1:colcon.colcon_core.package_identification:_identify(proyecto_final_ws) by extension 'colcon_meta'
[1.866s] Level 1:colcon.colcon_core.package_identification:_identify(proyecto_final_ws) by extensions ['ros']
[1.866s] Level 1:colcon.colcon_core.package_identification:_identify(proyecto_final_ws) by extension 'ros'
[1.866s] Level 1:colcon.colcon_core.package_identification:_identify(proyecto_final_ws) by extensions ['cmake', 'python']
[1.867s] Level 1:colcon.colcon_core.package_identification:_identify(proyecto_final_ws) by extension 'cmake'
[1.867s] Level 1:colcon.colcon_core.package_identification:_identify(proyecto_final_ws) by extension 'python'
[1.867s] Level 1:colcon.colcon_core.package_identification:_identify(proyecto_final_ws) by extensions ['python_setup_py']
[1.867s] Level 1:colcon.colcon_core.package_identification:_identify(proyecto_final_ws) by extension 'python_setup_py'
[1.868s] Level 1:colcon.colcon_core.package_identification:_identify(proyecto_final_ws/src) by extensions ['ignore', 'ignore_ament_install']
[1.868s] Level 1:colcon.colcon_core.package_identification:_identify(proyecto_final_ws/src) by extension 'ignore'
[1.868s] Level 1:colcon.colcon_core.package_identification:_identify(proyecto_final_ws/src) by extension 'ignore_ament_install'
[1.869s] Level 1:colcon.colcon_core.package_identification:_identify(proyecto_final_ws/src) by extensions ['colcon_pkg']
[1.869s] Level 1:colcon.colcon_core.package_identification:_identify(proyecto_final_ws/src) by extension 'colcon_pkg'
[1.869s] Level 1:colcon.colcon_core.package_identification:_identify(proyecto_final_ws/src) by extensions ['colcon_meta']
[1.869s] Level 1:colcon.colcon_core.package_identification:_identify(proyecto_final_ws/src) by extension 'colcon_meta'
[1.870s] Level 1:colcon.colcon_core.package_identification:_identify(proyecto_final_ws/src) by extensions ['ros']
[1.870s] Level 1:colcon.colcon_core.package_identification:_identify(proyecto_final_ws/src) by extension 'ros'
[1.870s] Level 1:colcon.colcon_core.package_identification:_identify(proyecto_final_ws/src) by extensions ['cmake', 'python']
[1.870s] Level 1:colcon.colcon_core.package_identification:_identify(proyecto_final_ws/src) by extension 'cmake'
[1.871s] Level 1:colcon.colcon_core.package_identification:_identify(proyecto_final_ws/src) by extension 'python'
[1.871s] Level 1:colcon.colcon_core.package_identification:_identify(proyecto_final_ws/src) by extensions ['python_setup_py']
[1.871s] Level 1:colcon.colcon_core.package_identification:_identify(proyecto_final_ws/src) by extension 'python_setup_py'
[1.872s] Level 1:colcon.colcon_core.package_identification:_identify(proyecto_final_ws/src/proyecto_interfaces) by extensions ['ignore', 'ignore_ament_install']
[1.872s] Level 1:colcon.colcon_core.package_identification:_identify(proyecto_final_ws/src/proyecto_interfaces) by extension 'ignore'
[1.872s] Level 1:colcon.colcon_core.package_identification:_identify(proyecto_final_ws/src/proyecto_interfaces) by extension 'ignore_ament_install'
[1.873s] Level 1:colcon.colcon_core.package_identification:_identify(proyecto_final_ws/src/proyecto_interfaces) by extensions ['colcon_pkg']
[1.873s] Level 1:colcon.colcon_core.package_identification:_identify(proyecto_final_ws/src/proyecto_interfaces) by extension 'colcon_pkg'
[1.873s] Level 1:colcon.colcon_core.package_identification:_identify(proyecto_final_ws/src/proyecto_interfaces) by extensions ['colcon_meta']
[1.873s] Level 1:colcon.colcon_core.package_identification:_identify(proyecto_final_ws/src/proyecto_interfaces) by extension 'colcon_meta'
[1.874s] Level 1:colcon.colcon_core.package_identification:_identify(proyecto_final_ws/src/proyecto_interfaces) by extensions ['ros']
[1.874s] Level 1:colcon.colcon_core.package_identification:_identify(proyecto_final_ws/src/proyecto_interfaces) by extension 'ros'
[1.883s] DEBUG:colcon.colcon_core.package_identification:Package 'proyecto_final_ws/src/proyecto_interfaces' with type 'ros.ament_cmake' and name 'proyecto_interfaces'
[1.884s] Level 1:colcon.colcon_core.package_identification:_identify(proyecto_final_ws/src/proyecto_master_pkg) by extensions ['ignore', 'ignore_ament_install']
[1.885s] Level 1:colcon.colcon_core.package_identification:_identify(proyecto_final_ws/src/proyecto_master_pkg) by extension 'ignore'
[1.885s] Level 1:colcon.colcon_core.package_identification:_identify(proyecto_final_ws/src/proyecto_master_pkg) by extension 'ignore_ament_install'
[1.885s] Level 1:colcon.colcon_core.package_identification:_identify(proyecto_final_ws/src/proyecto_master_pkg) by extensions ['colcon_pkg']
[1.885s] Level 1:colcon.colcon_core.package_identification:_identify(proyecto_final_ws/src/proyecto_master_pkg) by extension 'colcon_pkg'
[1.886s] Level 1:colcon.colcon_core.package_identification:_identify(proyecto_final_ws/src/proyecto_master_pkg) by extensions ['colcon_meta']
[1.886s] Level 1:colcon.colcon_core.package_identification:_identify(proyecto_final_ws/src/proyecto_master_pkg) by extension 'colcon_meta'
[1.886s] Level 1:colcon.colcon_core.package_identification:_identify(proyecto_final_ws/src/proyecto_master_pkg) by extensions ['ros']
[1.886s] Level 1:colcon.colcon_core.package_identification:_identify(proyecto_final_ws/src/proyecto_master_pkg) by extension 'ros'
[1.889s] DEBUG:colcon.colcon_core.package_identification:Package 'proyecto_final_ws/src/proyecto_master_pkg' with type 'ros.ament_python' and name 'proyecto_master_pkg'
[1.890s] Level 1:colcon.colcon_core.package_identification:_identify(proyecto_final_ws/src/vision_opencv) by extensions ['ignore', 'ignore_ament_install']
[1.890s] Level 1:colcon.colcon_core.package_identification:_identify(proyecto_final_ws/src/vision_opencv) by extension 'ignore'
[1.890s] Level 1:colcon.colcon_core.package_identification:_identify(proyecto_final_ws/src/vision_opencv) by extension 'ignore_ament_install'
[1.891s] Level 1:colcon.colcon_core.package_identification:_identify(proyecto_final_ws/src/vision_opencv) by extensions ['colcon_pkg']
[1.891s] Level 1:colcon.colcon_core.package_identification:_identify(proyecto_final_ws/src/vision_opencv) by extension 'colcon_pkg'
[1.891s] Level 1:colcon.colcon_core.package_identification:_identify(proyecto_final_ws/src/vision_opencv) by extensions ['colcon_meta']
[1.891s] Level 1:colcon.colcon_core.package_identification:_identify(proyecto_final_ws/src/vision_opencv) by extension 'colcon_meta'
[1.892s] Level 1:colcon.colcon_core.package_identification:_identify(proyecto_final_ws/src/vision_opencv) by extensions ['ros']
[1.892s] Level 1:colcon.colcon_core.package_identification:_identify(proyecto_final_ws/src/vision_opencv) by extension 'ros'
[1.892s] Level 1:colcon.colcon_core.package_identification:_identify(proyecto_final_ws/src/vision_opencv) by extensions ['cmake', 'python']
[1.892s] Level 1:colcon.colcon_core.package_identification:_identify(proyecto_final_ws/src/vision_opencv) by extension 'cmake'
[1.893s] Level 1:colcon.colcon_core.package_identification:_identify(proyecto_final_ws/src/vision_opencv) by extension 'python'
[1.893s] Level 1:colcon.colcon_core.package_identification:_identify(proyecto_final_ws/src/vision_opencv) by extensions ['python_setup_py']
[1.893s] Level 1:colcon.colcon_core.package_identification:_identify(proyecto_final_ws/src/vision_opencv) by extension 'python_setup_py'
[1.893s] Level 1:colcon.colcon_core.package_discovery:discover_packages(recursive) using defaults
[1.893s] Level 1:colcon.colcon_core.package_discovery:discover_packages(ignore) discover
[1.894s] Level 1:colcon.colcon_core.package_discovery:discover_packages(ignore) using defaults
[1.894s] Level 1:colcon.colcon_core.package_discovery:discover_packages(path) discover
[1.894s] Level 1:colcon.colcon_core.package_discovery:discover_packages(path) using defaults
[2.001s] Level 1:colcon.colcon_core.package_discovery:discover_packages(prefix_path) check parameters
[2.001s] Level 1:colcon.colcon_core.package_discovery:discover_packages(prefix_path) discover
[2.022s] DEBUG:colcon.colcon_installed_package_information.package_discovery:Found 270 installed packages in /opt/ros/humble
[2.030s] Level 1:colcon.colcon_core.package_discovery:discover_packages(prefix_path) using defaults
[2.394s] Level 5:colcon.colcon_core.verb:set package 'proyecto_interfaces' build argument 'cmake_args' from command line to 'None'
[2.395s] Level 5:colcon.colcon_core.verb:set package 'proyecto_interfaces' build argument 'cmake_target' from command line to 'None'
[2.395s] Level 5:colcon.colcon_core.verb:set package 'proyecto_interfaces' build argument 'cmake_target_skip_unavailable' from command line to 'False'
[2.396s] Level 5:colcon.colcon_core.verb:set package 'proyecto_interfaces' build argument 'cmake_clean_cache' from command line to 'False'
[2.396s] Level 5:colcon.colcon_core.verb:set package 'proyecto_interfaces' build argument 'cmake_clean_first' from command line to 'False'
[2.396s] Level 5:colcon.colcon_core.verb:set package 'proyecto_interfaces' build argument 'cmake_force_configure' from command line to 'False'
[2.396s] Level 5:colcon.colcon_core.verb:set package 'proyecto_interfaces' build argument 'ament_cmake_args' from command line to 'None'
[2.396s] Level 5:colcon.colcon_core.verb:set package 'proyecto_interfaces' build argument 'catkin_cmake_args' from command line to 'None'
[2.397s] Level 5:colcon.colcon_core.verb:set package 'proyecto_interfaces' build argument 'catkin_skip_building_tests' from command line to 'False'
[2.397s] DEBUG:colcon.colcon_core.verb:Building package 'proyecto_interfaces' with the following arguments: {'ament_cmake_args': None, 'build_base': '/home/abmodelo2023/Documentos/Proyecto-Final-Robotica-202310/build/proyecto_interfaces', 'catkin_cmake_args': None, 'catkin_skip_building_tests': False, 'cmake_args': None, 'cmake_clean_cache': False, 'cmake_clean_first': False, 'cmake_force_configure': False, 'cmake_target': None, 'cmake_target_skip_unavailable': False, 'install_base': '/home/abmodelo2023/Documentos/Proyecto-Final-Robotica-202310/install/proyecto_interfaces', 'merge_install': False, 'path': '/home/abmodelo2023/Documentos/Proyecto-Final-Robotica-202310/proyecto_final_ws/src/proyecto_interfaces', 'symlink_install': False, 'test_result_base': None}
[2.404s] Level 5:colcon.colcon_core.verb:set package 'proyecto_master_pkg' build argument 'cmake_args' from command line to 'None'
[2.404s] Level 5:colcon.colcon_core.verb:set package 'proyecto_master_pkg' build argument 'cmake_target' from command line to 'None'
[2.405s] Level 5:colcon.colcon_core.verb:set package 'proyecto_master_pkg' build argument 'cmake_target_skip_unavailable' from command line to 'False'
[2.405s] Level 5:colcon.colcon_core.verb:set package 'proyecto_master_pkg' build argument 'cmake_clean_cache' from command line to 'False'
[2.405s] Level 5:colcon.colcon_core.verb:set package 'proyecto_master_pkg' build argument 'cmake_clean_first' from command line to 'False'
[2.405s] Level 5:colcon.colcon_core.verb:set package 'proyecto_master_pkg' build argument 'cmake_force_configure' from command line to 'False'
[2.405s] Level 5:colcon.colcon_core.verb:set package 'proyecto_master_pkg' build argument 'ament_cmake_args' from command line to 'None'
[2.406s] Level 5:colcon.colcon_core.verb:set package 'proyecto_master_pkg' build argument 'catkin_cmake_args' from command line to 'None'
[2.406s] Level 5:colcon.colcon_core.verb:set package 'proyecto_master_pkg' build argument 'catkin_skip_building_tests' from command line to 'False'
[2.406s] DEBUG:colcon.colcon_core.verb:Building package 'proyecto_master_pkg' with the following arguments: {'ament_cmake_args': None, 'build_base': '/home/abmodelo2023/Documentos/Proyecto-Final-Robotica-202310/build/proyecto_master_pkg', 'catkin_cmake_args': None, 'catkin_skip_building_tests': False, 'cmake_args': None, 'cmake_clean_cache': False, 'cmake_clean_first': False, 'cmake_force_configure': False, 'cmake_target': None, 'cmake_target_skip_unavailable': False, 'install_base': '/home/abmodelo2023/Documentos/Proyecto-Final-Robotica-202310/install/proyecto_master_pkg', 'merge_install': False, 'path': '/home/abmodelo2023/Documentos/Proyecto-Final-Robotica-202310/proyecto_final_ws/src/proyecto_master_pkg', 'symlink_install': False, 'test_result_base': None}
[2.411s] INFO:colcon.colcon_core.executor:Executing jobs using 'parallel' executor
[2.432s] DEBUG:colcon.colcon_parallel_executor.executor.parallel:run_until_complete
[2.434s] INFO:colcon.colcon_ros.task.ament_cmake.build:Building ROS package in '/home/abmodelo2023/Documentos/Proyecto-Final-Robotica-202310/proyecto_final_ws/src/proyecto_interfaces' with build type 'ament_cmake'
[2.437s] INFO:colcon.colcon_cmake.task.cmake.build:Building CMake package in '/home/abmodelo2023/Documentos/Proyecto-Final-Robotica-202310/proyecto_final_ws/src/proyecto_interfaces'
[2.474s] INFO:colcon.colcon_core.plugin_system:Skipping extension 'colcon_core.shell.bat': Not used on non-Windows systems
[2.476s] INFO:colcon.colcon_core.shell:Skip shell extension 'powershell' for command environment: Not usable outside of PowerShell
[2.476s] DEBUG:colcon.colcon_core.shell:Skip shell extension 'dsv' for command environment
[2.513s] INFO:colcon.colcon_ros.task.ament_python.build:Building ROS package in '/home/abmodelo2023/Documentos/Proyecto-Final-Robotica-202310/proyecto_final_ws/src/proyecto_master_pkg' with build type 'ament_python'
[2.515s] Level 1:colcon.colcon_core.shell:create_environment_hook('proyecto_master_pkg', 'ament_prefix_path')
[2.523s] INFO:colcon.colcon_core.shell:Creating environment hook '/home/abmodelo2023/Documentos/Proyecto-Final-Robotica-202310/install/proyecto_master_pkg/share/proyecto_master_pkg/hook/ament_prefix_path.ps1'
[2.527s] INFO:colcon.colcon_core.shell:Creating environment descriptor '/home/abmodelo2023/Documentos/Proyecto-Final-Robotica-202310/install/proyecto_master_pkg/share/proyecto_master_pkg/hook/ament_prefix_path.dsv'
[2.533s] INFO:colcon.colcon_core.shell:Creating environment hook '/home/abmodelo2023/Documentos/Proyecto-Final-Robotica-202310/install/proyecto_master_pkg/share/proyecto_master_pkg/hook/ament_prefix_path.sh'
[2.547s] INFO:colcon.colcon_core.shell:Skip shell extension 'powershell' for command environment: Not usable outside of PowerShell
[2.548s] DEBUG:colcon.colcon_core.shell:Skip shell extension 'dsv' for command environment
[2.624s] DEBUG:colcon.colcon_core.event_handler.log_command:Invoking command in '/home/abmodelo2023/Documentos/Proyecto-Final-Robotica-202310/build/proyecto_interfaces': CMAKE_PREFIX_PATH=/opt/ros/humble /usr/bin/cmake --build /home/abmodelo2023/Documentos/Proyecto-Final-Robotica-202310/build/proyecto_interfaces -- -j4 -l4
[4.762s] INFO:colcon.colcon_core.task.python.build:Building Python package in '/home/abmodelo2023/Documentos/Proyecto-Final-Robotica-202310/proyecto_final_ws/src/proyecto_master_pkg'
[4.768s] INFO:colcon.colcon_core.shell:Skip shell extension 'powershell' for command environment: Not usable outside of PowerShell
[4.769s] DEBUG:colcon.colcon_core.shell:Skip shell extension 'dsv' for command environment
[5.383s] DEBUG:colcon.colcon_core.event_handler.log_command:Invoked command in '/home/abmodelo2023/Documentos/Proyecto-Final-Robotica-202310/build/proyecto_interfaces' returned '0': CMAKE_PREFIX_PATH=/opt/ros/humble /usr/bin/cmake --build /home/abmodelo2023/Documentos/Proyecto-Final-Robotica-202310/build/proyecto_interfaces -- -j4 -l4
[6.234s] DEBUG:colcon.colcon_core.event_handler.log_command:Invoking command in '/home/abmodelo2023/Documentos/Proyecto-Final-Robotica-202310/build/proyecto_interfaces': CMAKE_PREFIX_PATH=/opt/ros/humble /usr/bin/cmake --install /home/abmodelo2023/Documentos/Proyecto-Final-Robotica-202310/build/proyecto_interfaces
[6.694s] Level 1:colcon.colcon_core.environment:create_environment_scripts_only(proyecto_interfaces)
[6.728s] DEBUG:colcon.colcon_core.event_handler.log_command:Invoked command in '/home/abmodelo2023/Documentos/Proyecto-Final-Robotica-202310/build/proyecto_interfaces' returned '0': CMAKE_PREFIX_PATH=/opt/ros/humble /usr/bin/cmake --install /home/abmodelo2023/Documentos/Proyecto-Final-Robotica-202310/build/proyecto_interfaces
[6.744s] Level 1:colcon.colcon_core.environment:checking '/home/abmodelo2023/Documentos/Proyecto-Final-Robotica-202310/install/proyecto_interfaces' for CMake module files
[6.752s] Level 1:colcon.colcon_core.environment:checking '/home/abmodelo2023/Documentos/Proyecto-Final-Robotica-202310/install/proyecto_interfaces' for CMake config files
[6.759s] Level 1:colcon.colcon_core.shell:create_environment_hook('proyecto_interfaces', 'cmake_prefix_path')
[6.771s] INFO:colcon.colcon_core.shell:Creating environment hook '/home/abmodelo2023/Documentos/Proyecto-Final-Robotica-202310/install/proyecto_interfaces/share/proyecto_interfaces/hook/cmake_prefix_path.ps1'
[6.776s] INFO:colcon.colcon_core.shell:Creating environment descriptor '/home/abmodelo2023/Documentos/Proyecto-Final-Robotica-202310/install/proyecto_interfaces/share/proyecto_interfaces/hook/cmake_prefix_path.dsv'
[6.781s] INFO:colcon.colcon_core.shell:Creating environment hook '/home/abmodelo2023/Documentos/Proyecto-Final-Robotica-202310/install/proyecto_interfaces/share/proyecto_interfaces/hook/cmake_prefix_path.sh'
[6.799s] Level 1:colcon.colcon_core.environment:checking '/home/abmodelo2023/Documentos/Proyecto-Final-Robotica-202310/install/proyecto_interfaces/lib'
[6.802s] Level 1:colcon.colcon_core.shell:create_environment_hook('proyecto_interfaces', 'ld_library_path_lib')
[6.812s] INFO:colcon.colcon_core.shell:Creating environment hook '/home/abmodelo2023/Documentos/Proyecto-Final-Robotica-202310/install/proyecto_interfaces/share/proyecto_interfaces/hook/ld_library_path_lib.ps1'
[6.818s] INFO:colcon.colcon_core.shell:Creating environment descriptor '/home/abmodelo2023/Documentos/Proyecto-Final-Robotica-202310/install/proyecto_interfaces/share/proyecto_interfaces/hook/ld_library_path_lib.dsv'
[6.821s] INFO:colcon.colcon_core.shell:Creating environment hook '/home/abmodelo2023/Documentos/Proyecto-Final-Robotica-202310/install/proyecto_interfaces/share/proyecto_interfaces/hook/ld_library_path_lib.sh'
[6.826s] Level 1:colcon.colcon_core.environment:checking '/home/abmodelo2023/Documentos/Proyecto-Final-Robotica-202310/install/proyecto_interfaces/bin'
[6.827s] Level 1:colcon.colcon_core.environment:checking '/home/abmodelo2023/Documentos/Proyecto-Final-Robotica-202310/install/proyecto_interfaces/lib/pkgconfig/proyecto_interfaces.pc'
[6.830s] Level 1:colcon.colcon_core.environment:checking '/home/abmodelo2023/Documentos/Proyecto-Final-Robotica-202310/install/proyecto_interfaces/lib/python3.10/site-packages'
[6.833s] Level 1:colcon.colcon_core.environment:checking '/home/abmodelo2023/Documentos/Proyecto-Final-Robotica-202310/install/proyecto_interfaces/bin'
[6.846s] INFO:colcon.colcon_core.shell:Creating package script '/home/abmodelo2023/Documentos/Proyecto-Final-Robotica-202310/install/proyecto_interfaces/share/proyecto_interfaces/package.ps1'
[6.854s] INFO:colcon.colcon_core.shell:Creating package descriptor '/home/abmodelo2023/Documentos/Proyecto-Final-Robotica-202310/install/proyecto_interfaces/share/proyecto_interfaces/package.dsv'
[6.896s] INFO:colcon.colcon_core.shell:Creating package script '/home/abmodelo2023/Documentos/Proyecto-Final-Robotica-202310/install/proyecto_interfaces/share/proyecto_interfaces/package.sh'
[6.901s] INFO:colcon.colcon_core.shell:Creating package script '/home/abmodelo2023/Documentos/Proyecto-Final-Robotica-202310/install/proyecto_interfaces/share/proyecto_interfaces/package.bash'
[6.907s] INFO:colcon.colcon_core.shell:Creating package script '/home/abmodelo2023/Documentos/Proyecto-Final-Robotica-202310/install/proyecto_interfaces/share/proyecto_interfaces/package.zsh'
[6.911s] Level 1:colcon.colcon_core.environment:create_file_with_runtime_dependencies(/home/abmodelo2023/Documentos/Proyecto-Final-Robotica-202310/install/proyecto_interfaces/share/colcon-core/packages/proyecto_interfaces)
[6.936s] DEBUG:colcon.colcon_core.event_handler.log_command:Invoking command in '/home/abmodelo2023/Documentos/Proyecto-Final-Robotica-202310/proyecto_final_ws/src/proyecto_master_pkg': PYTHONPATH=/home/abmodelo2023/Documentos/Proyecto-Final-Robotica-202310/build/proyecto_master_pkg/prefix_override:/home/abmodelo2023/Documentos/Proyecto-Final-Robotica-202310/install/proyecto_master_pkg/lib/python3.10/site-packages:${PYTHONPATH} /usr/bin/python3 setup.py egg_info --egg-base ../../../build/proyecto_master_pkg build --build-base /home/abmodelo2023/Documentos/Proyecto-Final-Robotica-202310/build/proyecto_master_pkg/build install --record /home/abmodelo2023/Documentos/Proyecto-Final-Robotica-202310/build/proyecto_master_pkg/install.log --install-scripts $base/lib/proyecto_master_pkg --single-version-externally-managed
[7.720s] Level 1:colcon.colcon_core.environment:create_environment_scripts_only(proyecto_interfaces)
[7.730s] Level 1:colcon.colcon_core.environment:checking '/home/abmodelo2023/Documentos/Proyecto-Final-Robotica-202310/install/proyecto_interfaces' for CMake module files
[7.736s] Level 1:colcon.colcon_core.environment:checking '/home/abmodelo2023/Documentos/Proyecto-Final-Robotica-202310/install/proyecto_interfaces' for CMake config files
[7.741s] Level 1:colcon.colcon_core.shell:create_environment_hook('proyecto_interfaces', 'cmake_prefix_path')
[7.748s] INFO:colcon.colcon_core.shell:Creating environment hook '/home/abmodelo2023/Documentos/Proyecto-Final-Robotica-202310/install/proyecto_interfaces/share/proyecto_interfaces/hook/cmake_prefix_path.ps1'
[7.751s] INFO:colcon.colcon_core.shell:Creating environment descriptor '/home/abmodelo2023/Documentos/Proyecto-Final-Robotica-202310/install/proyecto_interfaces/share/proyecto_interfaces/hook/cmake_prefix_path.dsv'
[7.754s] INFO:colcon.colcon_core.shell:Creating environment hook '/home/abmodelo2023/Documentos/Proyecto-Final-Robotica-202310/install/proyecto_interfaces/share/proyecto_interfaces/hook/cmake_prefix_path.sh'
[7.759s] Level 1:colcon.colcon_core.environment:checking '/home/abmodelo2023/Documentos/Proyecto-Final-Robotica-202310/install/proyecto_interfaces/lib'
[7.759s] Level 1:colcon.colcon_core.shell:create_environment_hook('proyecto_interfaces', 'ld_library_path_lib')
[7.766s] INFO:colcon.colcon_core.shell:Creating environment hook '/home/abmodelo2023/Documentos/Proyecto-Final-Robotica-202310/install/proyecto_interfaces/share/proyecto_interfaces/hook/ld_library_path_lib.ps1'
[7.769s] INFO:colcon.colcon_core.shell:Creating environment descriptor '/home/abmodelo2023/Documentos/Proyecto-Final-Robotica-202310/install/proyecto_interfaces/share/proyecto_interfaces/hook/ld_library_path_lib.dsv'
[7.772s] INFO:colcon.colcon_core.shell:Creating environment hook '/home/abmodelo2023/Documentos/Proyecto-Final-Robotica-202310/install/proyecto_interfaces/share/proyecto_interfaces/hook/ld_library_path_lib.sh'
[7.774s] Level 1:colcon.colcon_core.environment:checking '/home/abmodelo2023/Documentos/Proyecto-Final-Robotica-202310/install/proyecto_interfaces/bin'
[7.775s] Level 1:colcon.colcon_core.environment:checking '/home/abmodelo2023/Documentos/Proyecto-Final-Robotica-202310/install/proyecto_interfaces/lib/pkgconfig/proyecto_interfaces.pc'
[7.776s] Level 1:colcon.colcon_core.environment:checking '/home/abmodelo2023/Documentos/Proyecto-Final-Robotica-202310/install/proyecto_interfaces/lib/python3.10/site-packages'
[7.777s] Level 1:colcon.colcon_core.environment:checking '/home/abmodelo2023/Documentos/Proyecto-Final-Robotica-202310/install/proyecto_interfaces/bin'
[7.784s] INFO:colcon.colcon_core.shell:Creating package script '/home/abmodelo2023/Documentos/Proyecto-Final-Robotica-202310/install/proyecto_interfaces/share/proyecto_interfaces/package.ps1'
[7.787s] INFO:colcon.colcon_core.shell:Creating package descriptor '/home/abmodelo2023/Documentos/Proyecto-Final-Robotica-202310/install/proyecto_interfaces/share/proyecto_interfaces/package.dsv'
[7.790s] INFO:colcon.colcon_core.shell:Creating package script '/home/abmodelo2023/Documentos/Proyecto-Final-Robotica-202310/install/proyecto_interfaces/share/proyecto_interfaces/package.sh'
[7.793s] INFO:colcon.colcon_core.shell:Creating package script '/home/abmodelo2023/Documentos/Proyecto-Final-Robotica-202310/install/proyecto_interfaces/share/proyecto_interfaces/package.bash'
[7.796s] INFO:colcon.colcon_core.shell:Creating package script '/home/abmodelo2023/Documentos/Proyecto-Final-Robotica-202310/install/proyecto_interfaces/share/proyecto_interfaces/package.zsh'
[7.798s] Level 1:colcon.colcon_core.environment:create_file_with_runtime_dependencies(/home/abmodelo2023/Documentos/Proyecto-Final-Robotica-202310/install/proyecto_interfaces/share/colcon-core/packages/proyecto_interfaces)
[8.657s] DEBUG:colcon.colcon_core.event_handler.log_command:Invoked command in '/home/abmodelo2023/Documentos/Proyecto-Final-Robotica-202310/proyecto_final_ws/src/proyecto_master_pkg' returned '0': PYTHONPATH=/home/abmodelo2023/Documentos/Proyecto-Final-Robotica-202310/build/proyecto_master_pkg/prefix_override:/home/abmodelo2023/Documentos/Proyecto-Final-Robotica-202310/install/proyecto_master_pkg/lib/python3.10/site-packages:${PYTHONPATH} /usr/bin/python3 setup.py egg_info --egg-base ../../../build/proyecto_master_pkg build --build-base /home/abmodelo2023/Documentos/Proyecto-Final-Robotica-202310/build/proyecto_master_pkg/build install --record /home/abmodelo2023/Documentos/Proyecto-Final-Robotica-202310/build/proyecto_master_pkg/install.log --install-scripts $base/lib/proyecto_master_pkg --single-version-externally-managed
[8.664s] Level 1:colcon.colcon_core.environment:checking '/home/abmodelo2023/Documentos/Proyecto-Final-Robotica-202310/install/proyecto_master_pkg' for CMake module files
[8.668s] Level 1:colcon.colcon_core.environment:checking '/home/abmodelo2023/Documentos/Proyecto-Final-Robotica-202310/install/proyecto_master_pkg' for CMake config files
[8.673s] Level 1:colcon.colcon_core.environment:checking '/home/abmodelo2023/Documentos/Proyecto-Final-Robotica-202310/install/proyecto_master_pkg/lib'
[8.673s] Level 1:colcon.colcon_core.environment:checking '/home/abmodelo2023/Documentos/Proyecto-Final-Robotica-202310/install/proyecto_master_pkg/bin'
[8.674s] Level 1:colcon.colcon_core.environment:checking '/home/abmodelo2023/Documentos/Proyecto-Final-Robotica-202310/install/proyecto_master_pkg/lib/pkgconfig/proyecto_master_pkg.pc'
[8.675s] Level 1:colcon.colcon_core.environment:checking '/home/abmodelo2023/Documentos/Proyecto-Final-Robotica-202310/install/proyecto_master_pkg/lib/python3.10/site-packages'
[8.675s] Level 1:colcon.colcon_core.shell:create_environment_hook('proyecto_master_pkg', 'pythonpath')
[8.681s] INFO:colcon.colcon_core.shell:Creating environment hook '/home/abmodelo2023/Documentos/Proyecto-Final-Robotica-202310/install/proyecto_master_pkg/share/proyecto_master_pkg/hook/pythonpath.ps1'
[8.683s] INFO:colcon.colcon_core.shell:Creating environment descriptor '/home/abmodelo2023/Documentos/Proyecto-Final-Robotica-202310/install/proyecto_master_pkg/share/proyecto_master_pkg/hook/pythonpath.dsv'
[8.685s] INFO:colcon.colcon_core.shell:Creating environment hook '/home/abmodelo2023/Documentos/Proyecto-Final-Robotica-202310/install/proyecto_master_pkg/share/proyecto_master_pkg/hook/pythonpath.sh'
[8.688s] Level 1:colcon.colcon_core.environment:checking '/home/abmodelo2023/Documentos/Proyecto-Final-Robotica-202310/install/proyecto_master_pkg/bin'
[8.689s] Level 1:colcon.colcon_core.environment:create_environment_scripts_only(proyecto_master_pkg)
[8.695s] INFO:colcon.colcon_core.shell:Creating package script '/home/abmodelo2023/Documentos/Proyecto-Final-Robotica-202310/install/proyecto_master_pkg/share/proyecto_master_pkg/package.ps1'
[8.698s] INFO:colcon.colcon_core.shell:Creating package descriptor '/home/abmodelo2023/Documentos/Proyecto-Final-Robotica-202310/install/proyecto_master_pkg/share/proyecto_master_pkg/package.dsv'
[8.700s] INFO:colcon.colcon_core.shell:Creating package script '/home/abmodelo2023/Documentos/Proyecto-Final-Robotica-202310/install/proyecto_master_pkg/share/proyecto_master_pkg/package.sh'
[8.703s] INFO:colcon.colcon_core.shell:Creating package script '/home/abmodelo2023/Documentos/Proyecto-Final-Robotica-202310/install/proyecto_master_pkg/share/proyecto_master_pkg/package.bash'
[8.705s] INFO:colcon.colcon_core.shell:Creating package script '/home/abmodelo2023/Documentos/Proyecto-Final-Robotica-202310/install/proyecto_master_pkg/share/proyecto_master_pkg/package.zsh'
[8.707s] Level 1:colcon.colcon_core.environment:create_file_with_runtime_dependencies(/home/abmodelo2023/Documentos/Proyecto-Final-Robotica-202310/install/proyecto_master_pkg/share/colcon-core/packages/proyecto_master_pkg)
[8.709s] DEBUG:colcon.colcon_parallel_executor.executor.parallel:closing loop
[8.710s] DEBUG:colcon.colcon_parallel_executor.executor.parallel:loop closed
[8.711s] DEBUG:colcon.colcon_parallel_executor.executor.parallel:run_until_complete finished with '0'
[8.711s] DEBUG:colcon.colcon_core.event_reactor:joining thread
[8.736s] INFO:colcon.colcon_core.plugin_system:Skipping extension 'colcon_notification.desktop_notification.terminal_notifier': Not used on non-Darwin systems
[8.736s] INFO:colcon.colcon_core.plugin_system:Skipping extension 'colcon_notification.desktop_notification.win32': Not used on non-Windows systems
[8.737s] INFO:colcon.colcon_notification.desktop_notification:Sending desktop notification using 'notify2'
[8.806s] DEBUG:colcon.colcon_core.event_reactor:joined thread
[8.813s] INFO:colcon.colcon_core.shell:Creating prefix script '/home/abmodelo2023/Documentos/Proyecto-Final-Robotica-202310/install/local_setup.ps1'
[8.818s] INFO:colcon.colcon_core.shell:Creating prefix util module '/home/abmodelo2023/Documentos/Proyecto-Final-Robotica-202310/install/_local_setup_util_ps1.py'
[8.826s] INFO:colcon.colcon_core.shell:Creating prefix chain script '/home/abmodelo2023/Documentos/Proyecto-Final-Robotica-202310/install/setup.ps1'
[8.837s] INFO:colcon.colcon_core.shell:Creating prefix script '/home/abmodelo2023/Documentos/Proyecto-Final-Robotica-202310/install/local_setup.sh'
[8.843s] INFO:colcon.colcon_core.shell:Creating prefix util module '/home/abmodelo2023/Documentos/Proyecto-Final-Robotica-202310/install/_local_setup_util_sh.py'
[8.849s] INFO:colcon.colcon_core.shell:Creating prefix chain script '/home/abmodelo2023/Documentos/Proyecto-Final-Robotica-202310/install/setup.sh'
[8.861s] INFO:colcon.colcon_core.shell:Creating prefix script '/home/abmodelo2023/Documentos/Proyecto-Final-Robotica-202310/install/local_setup.bash'
[8.867s] INFO:colcon.colcon_core.shell:Creating prefix chain script '/home/abmodelo2023/Documentos/Proyecto-Final-Robotica-202310/install/setup.bash'
[8.879s] INFO:colcon.colcon_core.shell:Creating prefix script '/home/abmodelo2023/Documentos/Proyecto-Final-Robotica-202310/install/local_setup.zsh'
[8.883s] INFO:colcon.colcon_core.shell:Creating prefix chain script '/home/abmodelo2023/Documentos/Proyecto-Final-Robotica-202310/install/setup.zsh'
