[3.794s] DEBUG:colcon:Command line arguments: ['/usr/bin/colcon', 'build']
[3.795s] DEBUG:colcon:Parsed command line arguments: Namespace(log_base=None, log_level=None, verb_name='build', build_base='build', install_base='install', merge_install=False, symlink_install=False, test_result_base=None, continue_on_error=False, executor='parallel', parallel_workers=4, event_handlers=None, ignore_user_meta=False, metas=['./colcon.meta'], base_paths=['.'], packages_ignore=None, packages_ignore_regex=None, paths=None, packages_up_to=None, packages_up_to_regex=None, packages_above=None, packages_above_and_dependencies=None, packages_above_depth=None, packages_select_by_dep=None, packages_skip_by_dep=None, packages_skip_up_to=None, packages_select_build_failed=False, packages_skip_build_finished=False, packages_select_test_failures=False, packages_skip_test_passed=False, packages_select=None, packages_skip=None, packages_select_regex=None, packages_skip_regex=None, packages_start=None, packages_end=None, allow_overriding=[], cmake_args=None, cmake_target=None, cmake_target_skip_unavailable=False, cmake_clean_cache=False, cmake_clean_first=False, cmake_force_configure=False, ament_cmake_args=None, catkin_cmake_args=None, catkin_skip_building_tests=False, verb_parser=<colcon_defaults.argument_parser.defaults.DefaultArgumentsDecorator object at 0xffff8b0abee0>, verb_extension=<colcon_core.verb.build.BuildVerb object at 0xffff8b9922c0>, main=<bound method BuildVerb.main of <colcon_core.verb.build.BuildVerb object at 0xffff8b9922c0>>)
[4.105s] Level 1:colcon.colcon_core.package_discovery:discover_packages(colcon_meta) check parameters
[4.106s] Level 1:colcon.colcon_core.package_discovery:discover_packages(recursive) check parameters
[4.106s] Level 1:colcon.colcon_core.package_discovery:discover_packages(ignore) check parameters
[4.107s] Level 1:colcon.colcon_core.package_discovery:discover_packages(path) check parameters
[4.107s] Level 1:colcon.colcon_core.package_discovery:discover_packages(colcon_meta) discover
[4.107s] Level 1:colcon.colcon_core.package_discovery:discover_packages(recursive) discover
[4.108s] INFO:colcon.colcon_core.package_discovery:Crawling recursively for packages in '/home/abmodelo2023/Documentos/Proyecto-Final-Robotica-202310'
[4.108s] Level 1:colcon.colcon_core.package_identification:_identify(.) by extensions ['ignore', 'ignore_ament_install']
[4.109s] Level 1:colcon.colcon_core.package_identification:_identify(.) by extension 'ignore'
[4.110s] Level 1:colcon.colcon_core.package_identification:_identify(.) by extension 'ignore_ament_install'
[4.110s] Level 1:colcon.colcon_core.package_identification:_identify(.) by extensions ['colcon_pkg']
[4.111s] Level 1:colcon.colcon_core.package_identification:_identify(.) by extension 'colcon_pkg'
[4.111s] Level 1:colcon.colcon_core.package_identification:_identify(.) by extensions ['colcon_meta']
[4.111s] Level 1:colcon.colcon_core.package_identification:_identify(.) by extension 'colcon_meta'
[4.111s] Level 1:colcon.colcon_core.package_identification:_identify(.) by extensions ['ros']
[4.112s] Level 1:colcon.colcon_core.package_identification:_identify(.) by extension 'ros'
[4.201s] Level 1:colcon.colcon_core.package_identification:_identify(.) by extensions ['cmake', 'python']
[4.202s] Level 1:colcon.colcon_core.package_identification:_identify(.) by extension 'cmake'
[4.202s] Level 1:colcon.colcon_core.package_identification:_identify(.) by extension 'python'
[4.202s] Level 1:colcon.colcon_core.package_identification:_identify(.) by extensions ['python_setup_py']
[4.202s] Level 1:colcon.colcon_core.package_identification:_identify(.) by extension 'python_setup_py'
[4.203s] Level 1:colcon.colcon_core.package_identification:_identify(build) by extensions ['ignore', 'ignore_ament_install']
[4.203s] Level 1:colcon.colcon_core.package_identification:_identify(build) by extension 'ignore'
[4.204s] Level 1:colcon.colcon_core.package_identification:_identify(build) ignored
[4.204s] Level 1:colcon.colcon_core.package_identification:_identify(data) by extensions ['ignore', 'ignore_ament_install']
[4.205s] Level 1:colcon.colcon_core.package_identification:_identify(data) by extension 'ignore'
[4.205s] Level 1:colcon.colcon_core.package_identification:_identify(data) by extension 'ignore_ament_install'
[4.205s] Level 1:colcon.colcon_core.package_identification:_identify(data) by extensions ['colcon_pkg']
[4.206s] Level 1:colcon.colcon_core.package_identification:_identify(data) by extension 'colcon_pkg'
[4.206s] Level 1:colcon.colcon_core.package_identification:_identify(data) by extensions ['colcon_meta']
[4.206s] Level 1:colcon.colcon_core.package_identification:_identify(data) by extension 'colcon_meta'
[4.206s] Level 1:colcon.colcon_core.package_identification:_identify(data) by extensions ['ros']
[4.206s] Level 1:colcon.colcon_core.package_identification:_identify(data) by extension 'ros'
[4.207s] Level 1:colcon.colcon_core.package_identification:_identify(data) by extensions ['cmake', 'python']
[4.207s] Level 1:colcon.colcon_core.package_identification:_identify(data) by extension 'cmake'
[4.207s] Level 1:colcon.colcon_core.package_identification:_identify(data) by extension 'python'
[4.207s] Level 1:colcon.colcon_core.package_identification:_identify(data) by extensions ['python_setup_py']
[4.208s] Level 1:colcon.colcon_core.package_identification:_identify(data) by extension 'python_setup_py'
[4.208s] Level 1:colcon.colcon_core.package_identification:_identify(install) by extensions ['ignore', 'ignore_ament_install']
[4.209s] Level 1:colcon.colcon_core.package_identification:_identify(install) by extension 'ignore'
[4.209s] Level 1:colcon.colcon_core.package_identification:_identify(install) ignored
[4.210s] Level 1:colcon.colcon_core.package_identification:_identify(log) by extensions ['ignore', 'ignore_ament_install']
[4.211s] Level 1:colcon.colcon_core.package_identification:_identify(log) by extension 'ignore'
[4.211s] Level 1:colcon.colcon_core.package_identification:_identify(log) ignored
[4.211s] Level 1:colcon.colcon_core.package_identification:_identify(proyecto_final_ws) by extensions ['ignore', 'ignore_ament_install']
[4.212s] Level 1:colcon.colcon_core.package_identification:_identify(proyecto_final_ws) by extension 'ignore'
[4.212s] Level 1:colcon.colcon_core.package_identification:_identify(proyecto_final_ws) by extension 'ignore_ament_install'
[4.212s] Level 1:colcon.colcon_core.package_identification:_identify(proyecto_final_ws) by extensions ['colcon_pkg']
[4.213s] Level 1:colcon.colcon_core.package_identification:_identify(proyecto_final_ws) by extension 'colcon_pkg'
[4.213s] Level 1:colcon.colcon_core.package_identification:_identify(proyecto_final_ws) by extensions ['colcon_meta']
[4.213s] Level 1:colcon.colcon_core.package_identification:_identify(proyecto_final_ws) by extension 'colcon_meta'
[4.213s] Level 1:colcon.colcon_core.package_identification:_identify(proyecto_final_ws) by extensions ['ros']
[4.213s] Level 1:colcon.colcon_core.package_identification:_identify(proyecto_final_ws) by extension 'ros'
[4.214s] Level 1:colcon.colcon_core.package_identification:_identify(proyecto_final_ws) by extensions ['cmake', 'python']
[4.214s] Level 1:colcon.colcon_core.package_identification:_identify(proyecto_final_ws) by extension 'cmake'
[4.214s] Level 1:colcon.colcon_core.package_identification:_identify(proyecto_final_ws) by extension 'python'
[4.215s] Level 1:colcon.colcon_core.package_identification:_identify(proyecto_final_ws) by extensions ['python_setup_py']
[4.215s] Level 1:colcon.colcon_core.package_identification:_identify(proyecto_final_ws) by extension 'python_setup_py'
[4.215s] Level 1:colcon.colcon_core.package_identification:_identify(proyecto_final_ws/src) by extensions ['ignore', 'ignore_ament_install']
[4.216s] Level 1:colcon.colcon_core.package_identification:_identify(proyecto_final_ws/src) by extension 'ignore'
[4.216s] Level 1:colcon.colcon_core.package_identification:_identify(proyecto_final_ws/src) by extension 'ignore_ament_install'
[4.216s] Level 1:colcon.colcon_core.package_identification:_identify(proyecto_final_ws/src) by extensions ['colcon_pkg']
[4.217s] Level 1:colcon.colcon_core.package_identification:_identify(proyecto_final_ws/src) by extension 'colcon_pkg'
[4.217s] Level 1:colcon.colcon_core.package_identification:_identify(proyecto_final_ws/src) by extensions ['colcon_meta']
[4.217s] Level 1:colcon.colcon_core.package_identification:_identify(proyecto_final_ws/src) by extension 'colcon_meta'
[4.217s] Level 1:colcon.colcon_core.package_identification:_identify(proyecto_final_ws/src) by extensions ['ros']
[4.217s] Level 1:colcon.colcon_core.package_identification:_identify(proyecto_final_ws/src) by extension 'ros'
[4.218s] Level 1:colcon.colcon_core.package_identification:_identify(proyecto_final_ws/src) by extensions ['cmake', 'python']
[4.218s] Level 1:colcon.colcon_core.package_identification:_identify(proyecto_final_ws/src) by extension 'cmake'
[4.218s] Level 1:colcon.colcon_core.package_identification:_identify(proyecto_final_ws/src) by extension 'python'
[4.219s] Level 1:colcon.colcon_core.package_identification:_identify(proyecto_final_ws/src) by extensions ['python_setup_py']
[4.219s] Level 1:colcon.colcon_core.package_identification:_identify(proyecto_final_ws/src) by extension 'python_setup_py'
[4.219s] Level 1:colcon.colcon_core.package_identification:_identify(proyecto_final_ws/src/proyecto_interfaces) by extensions ['ignore', 'ignore_ament_install']
[4.220s] Level 1:colcon.colcon_core.package_identification:_identify(proyecto_final_ws/src/proyecto_interfaces) by extension 'ignore'
[4.220s] Level 1:colcon.colcon_core.package_identification:_identify(proyecto_final_ws/src/proyecto_interfaces) by extension 'ignore_ament_install'
[4.220s] Level 1:colcon.colcon_core.package_identification:_identify(proyecto_final_ws/src/proyecto_interfaces) by extensions ['colcon_pkg']
[4.221s] Level 1:colcon.colcon_core.package_identification:_identify(proyecto_final_ws/src/proyecto_interfaces) by extension 'colcon_pkg'
[4.221s] Level 1:colcon.colcon_core.package_identification:_identify(proyecto_final_ws/src/proyecto_interfaces) by extensions ['colcon_meta']
[4.221s] Level 1:colcon.colcon_core.package_identification:_identify(proyecto_final_ws/src/proyecto_interfaces) by extension 'colcon_meta'
[4.221s] Level 1:colcon.colcon_core.package_identification:_identify(proyecto_final_ws/src/proyecto_interfaces) by extensions ['ros']
[4.221s] Level 1:colcon.colcon_core.package_identification:_identify(proyecto_final_ws/src/proyecto_interfaces) by extension 'ros'
[4.236s] DEBUG:colcon.colcon_core.package_identification:Package 'proyecto_final_ws/src/proyecto_interfaces' with type 'ros.ament_cmake' and name 'proyecto_interfaces'
[4.237s] Level 1:colcon.colcon_core.package_identification:_identify(proyecto_final_ws/src/proyecto_master_pkg) by extensions ['ignore', 'ignore_ament_install']
[4.238s] Level 1:colcon.colcon_core.package_identification:_identify(proyecto_final_ws/src/proyecto_master_pkg) by extension 'ignore'
[4.239s] Level 1:colcon.colcon_core.package_identification:_identify(proyecto_final_ws/src/proyecto_master_pkg) by extension 'ignore_ament_install'
[4.239s] Level 1:colcon.colcon_core.package_identification:_identify(proyecto_final_ws/src/proyecto_master_pkg) by extensions ['colcon_pkg']
[4.240s] Level 1:colcon.colcon_core.package_identification:_identify(proyecto_final_ws/src/proyecto_master_pkg) by extension 'colcon_pkg'
[4.240s] Level 1:colcon.colcon_core.package_identification:_identify(proyecto_final_ws/src/proyecto_master_pkg) by extensions ['colcon_meta']
[4.240s] Level 1:colcon.colcon_core.package_identification:_identify(proyecto_final_ws/src/proyecto_master_pkg) by extension 'colcon_meta'
[4.241s] Level 1:colcon.colcon_core.package_identification:_identify(proyecto_final_ws/src/proyecto_master_pkg) by extensions ['ros']
[4.241s] Level 1:colcon.colcon_core.package_identification:_identify(proyecto_final_ws/src/proyecto_master_pkg) by extension 'ros'
[4.246s] DEBUG:colcon.colcon_core.package_identification:Package 'proyecto_final_ws/src/proyecto_master_pkg' with type 'ros.ament_python' and name 'proyecto_master_pkg'
[4.247s] Level 1:colcon.colcon_core.package_identification:_identify(proyecto_final_ws/src/vision_opencv) by extensions ['ignore', 'ignore_ament_install']
[4.248s] Level 1:colcon.colcon_core.package_identification:_identify(proyecto_final_ws/src/vision_opencv) by extension 'ignore'
[4.248s] Level 1:colcon.colcon_core.package_identification:_identify(proyecto_final_ws/src/vision_opencv) by extension 'ignore_ament_install'
[4.249s] Level 1:colcon.colcon_core.package_identification:_identify(proyecto_final_ws/src/vision_opencv) by extensions ['colcon_pkg']
[4.249s] Level 1:colcon.colcon_core.package_identification:_identify(proyecto_final_ws/src/vision_opencv) by extension 'colcon_pkg'
[4.249s] Level 1:colcon.colcon_core.package_identification:_identify(proyecto_final_ws/src/vision_opencv) by extensions ['colcon_meta']
[4.249s] Level 1:colcon.colcon_core.package_identification:_identify(proyecto_final_ws/src/vision_opencv) by extension 'colcon_meta'
[4.250s] Level 1:colcon.colcon_core.package_identification:_identify(proyecto_final_ws/src/vision_opencv) by extensions ['ros']
[4.250s] Level 1:colcon.colcon_core.package_identification:_identify(proyecto_final_ws/src/vision_opencv) by extension 'ros'
[4.250s] Level 1:colcon.colcon_core.package_identification:_identify(proyecto_final_ws/src/vision_opencv) by extensions ['cmake', 'python']
[4.251s] Level 1:colcon.colcon_core.package_identification:_identify(proyecto_final_ws/src/vision_opencv) by extension 'cmake'
[4.251s] Level 1:colcon.colcon_core.package_identification:_identify(proyecto_final_ws/src/vision_opencv) by extension 'python'
[4.251s] Level 1:colcon.colcon_core.package_identification:_identify(proyecto_final_ws/src/vision_opencv) by extensions ['python_setup_py']
[4.251s] Level 1:colcon.colcon_core.package_identification:_identify(proyecto_final_ws/src/vision_opencv) by extension 'python_setup_py'
[4.251s] Level 1:colcon.colcon_core.package_discovery:discover_packages(recursive) using defaults
[4.252s] Level 1:colcon.colcon_core.package_discovery:discover_packages(ignore) discover
[4.252s] Level 1:colcon.colcon_core.package_discovery:discover_packages(ignore) using defaults
[4.252s] Level 1:colcon.colcon_core.package_discovery:discover_packages(path) discover
[4.252s] Level 1:colcon.colcon_core.package_discovery:discover_packages(path) using defaults
[4.450s] Level 1:colcon.colcon_core.package_discovery:discover_packages(prefix_path) check parameters
[4.450s] Level 1:colcon.colcon_core.package_discovery:discover_packages(prefix_path) discover
[4.484s] DEBUG:colcon.colcon_installed_package_information.package_discovery:Found 270 installed packages in /opt/ros/humble
[4.493s] Level 1:colcon.colcon_core.package_discovery:discover_packages(prefix_path) using defaults
[5.007s] Level 5:colcon.colcon_core.verb:set package 'proyecto_interfaces' build argument 'cmake_args' from command line to 'None'
[5.007s] Level 5:colcon.colcon_core.verb:set package 'proyecto_interfaces' build argument 'cmake_target' from command line to 'None'
[5.008s] Level 5:colcon.colcon_core.verb:set package 'proyecto_interfaces' build argument 'cmake_target_skip_unavailable' from command line to 'False'
[5.008s] Level 5:colcon.colcon_core.verb:set package 'proyecto_interfaces' build argument 'cmake_clean_cache' from command line to 'False'
[5.008s] Level 5:colcon.colcon_core.verb:set package 'proyecto_interfaces' build argument 'cmake_clean_first' from command line to 'False'
[5.008s] Level 5:colcon.colcon_core.verb:set package 'proyecto_interfaces' build argument 'cmake_force_configure' from command line to 'False'
[5.008s] Level 5:colcon.colcon_core.verb:set package 'proyecto_interfaces' build argument 'ament_cmake_args' from command line to 'None'
[5.009s] Level 5:colcon.colcon_core.verb:set package 'proyecto_interfaces' build argument 'catkin_cmake_args' from command line to 'None'
[5.009s] Level 5:colcon.colcon_core.verb:set package 'proyecto_interfaces' build argument 'catkin_skip_building_tests' from command line to 'False'
[5.009s] DEBUG:colcon.colcon_core.verb:Building package 'proyecto_interfaces' with the following arguments: {'ament_cmake_args': None, 'build_base': '/home/abmodelo2023/Documentos/Proyecto-Final-Robotica-202310/build/proyecto_interfaces', 'catkin_cmake_args': None, 'catkin_skip_building_tests': False, 'cmake_args': None, 'cmake_clean_cache': False, 'cmake_clean_first': False, 'cmake_force_configure': False, 'cmake_target': None, 'cmake_target_skip_unavailable': False, 'install_base': '/home/abmodelo2023/Documentos/Proyecto-Final-Robotica-202310/install/proyecto_interfaces', 'merge_install': False, 'path': '/home/abmodelo2023/Documentos/Proyecto-Final-Robotica-202310/proyecto_final_ws/src/proyecto_interfaces', 'symlink_install': False, 'test_result_base': None}
[5.015s] Level 5:colcon.colcon_core.verb:set package 'proyecto_master_pkg' build argument 'cmake_args' from command line to 'None'
[5.015s] Level 5:colcon.colcon_core.verb:set package 'proyecto_master_pkg' build argument 'cmake_target' from command line to 'None'
[5.015s] Level 5:colcon.colcon_core.verb:set package 'proyecto_master_pkg' build argument 'cmake_target_skip_unavailable' from command line to 'False'
[5.015s] Level 5:colcon.colcon_core.verb:set package 'proyecto_master_pkg' build argument 'cmake_clean_cache' from command line to 'False'
[5.016s] Level 5:colcon.colcon_core.verb:set package 'proyecto_master_pkg' build argument 'cmake_clean_first' from command line to 'False'
[5.016s] Level 5:colcon.colcon_core.verb:set package 'proyecto_master_pkg' build argument 'cmake_force_configure' from command line to 'False'
[5.016s] Level 5:colcon.colcon_core.verb:set package 'proyecto_master_pkg' build argument 'ament_cmake_args' from command line to 'None'
[5.016s] Level 5:colcon.colcon_core.verb:set package 'proyecto_master_pkg' build argument 'catkin_cmake_args' from command line to 'None'
[5.016s] Level 5:colcon.colcon_core.verb:set package 'proyecto_master_pkg' build argument 'catkin_skip_building_tests' from command line to 'False'
[5.016s] DEBUG:colcon.colcon_core.verb:Building package 'proyecto_master_pkg' with the following arguments: {'ament_cmake_args': None, 'build_base': '/home/abmodelo2023/Documentos/Proyecto-Final-Robotica-202310/build/proyecto_master_pkg', 'catkin_cmake_args': None, 'catkin_skip_building_tests': False, 'cmake_args': None, 'cmake_clean_cache': False, 'cmake_clean_first': False, 'cmake_force_configure': False, 'cmake_target': None, 'cmake_target_skip_unavailable': False, 'install_base': '/home/abmodelo2023/Documentos/Proyecto-Final-Robotica-202310/install/proyecto_master_pkg', 'merge_install': False, 'path': '/home/abmodelo2023/Documentos/Proyecto-Final-Robotica-202310/proyecto_final_ws/src/proyecto_master_pkg', 'symlink_install': False, 'test_result_base': None}
[5.020s] INFO:colcon.colcon_core.executor:Executing jobs using 'parallel' executor
[5.041s] DEBUG:colcon.colcon_parallel_executor.executor.parallel:run_until_complete
[5.044s] INFO:colcon.colcon_ros.task.ament_cmake.build:Building ROS package in '/home/abmodelo2023/Documentos/Proyecto-Final-Robotica-202310/proyecto_final_ws/src/proyecto_interfaces' with build type 'ament_cmake'
[5.045s] INFO:colcon.colcon_cmake.task.cmake.build:Building CMake package in '/home/abmodelo2023/Documentos/Proyecto-Final-Robotica-202310/proyecto_final_ws/src/proyecto_interfaces'
[5.113s] INFO:colcon.colcon_core.plugin_system:Skipping extension 'colcon_core.shell.bat': Not used on non-Windows systems
[5.115s] INFO:colcon.colcon_core.shell:Skip shell extension 'powershell' for command environment: Not usable outside of PowerShell
[5.115s] DEBUG:colcon.colcon_core.shell:Skip shell extension 'dsv' for command environment
[5.142s] INFO:colcon.colcon_ros.task.ament_python.build:Building ROS package in '/home/abmodelo2023/Documentos/Proyecto-Final-Robotica-202310/proyecto_final_ws/src/proyecto_master_pkg' with build type 'ament_python'
[5.143s] Level 1:colcon.colcon_core.shell:create_environment_hook('proyecto_master_pkg', 'ament_prefix_path')
[5.150s] INFO:colcon.colcon_core.shell:Creating environment hook '/home/abmodelo2023/Documentos/Proyecto-Final-Robotica-202310/install/proyecto_master_pkg/share/proyecto_master_pkg/hook/ament_prefix_path.ps1'
[5.158s] INFO:colcon.colcon_core.shell:Creating environment descriptor '/home/abmodelo2023/Documentos/Proyecto-Final-Robotica-202310/install/proyecto_master_pkg/share/proyecto_master_pkg/hook/ament_prefix_path.dsv'
[5.167s] INFO:colcon.colcon_core.shell:Creating environment hook '/home/abmodelo2023/Documentos/Proyecto-Final-Robotica-202310/install/proyecto_master_pkg/share/proyecto_master_pkg/hook/ament_prefix_path.sh'
[5.181s] INFO:colcon.colcon_core.shell:Skip shell extension 'powershell' for command environment: Not usable outside of PowerShell
[5.182s] DEBUG:colcon.colcon_core.shell:Skip shell extension 'dsv' for command environment
[5.215s] DEBUG:colcon.colcon_core.event_handler.log_command:Invoking command in '/home/abmodelo2023/Documentos/Proyecto-Final-Robotica-202310/build/proyecto_interfaces': CMAKE_PREFIX_PATH=/opt/ros/humble /usr/bin/cmake /home/abmodelo2023/Documentos/Proyecto-Final-Robotica-202310/proyecto_final_ws/src/proyecto_interfaces -DCMAKE_INSTALL_PREFIX=/home/abmodelo2023/Documentos/Proyecto-Final-Robotica-202310/install/proyecto_interfaces
[7.146s] INFO:colcon.colcon_core.task.python.build:Building Python package in '/home/abmodelo2023/Documentos/Proyecto-Final-Robotica-202310/proyecto_final_ws/src/proyecto_master_pkg'
[7.152s] INFO:colcon.colcon_core.shell:Skip shell extension 'powershell' for command environment: Not usable outside of PowerShell
[7.152s] DEBUG:colcon.colcon_core.shell:Skip shell extension 'dsv' for command environment
[9.567s] DEBUG:colcon.colcon_core.event_handler.log_command:Invoking command in '/home/abmodelo2023/Documentos/Proyecto-Final-Robotica-202310/proyecto_final_ws/src/proyecto_master_pkg': PYTHONPATH=/home/abmodelo2023/Documentos/Proyecto-Final-Robotica-202310/build/proyecto_master_pkg/prefix_override:/home/abmodelo2023/Documentos/Proyecto-Final-Robotica-202310/install/proyecto_master_pkg/lib/python3.10/site-packages:${PYTHONPATH} /usr/bin/python3 setup.py egg_info --egg-base ../../../build/proyecto_master_pkg build --build-base /home/abmodelo2023/Documentos/Proyecto-Final-Robotica-202310/build/proyecto_master_pkg/build install --record /home/abmodelo2023/Documentos/Proyecto-Final-Robotica-202310/build/proyecto_master_pkg/install.log --install-scripts $base/lib/proyecto_master_pkg --single-version-externally-managed
[11.568s] DEBUG:colcon.colcon_core.event_handler.log_command:Invoked command in '/home/abmodelo2023/Documentos/Proyecto-Final-Robotica-202310/proyecto_final_ws/src/proyecto_master_pkg' returned '0': PYTHONPATH=/home/abmodelo2023/Documentos/Proyecto-Final-Robotica-202310/build/proyecto_master_pkg/prefix_override:/home/abmodelo2023/Documentos/Proyecto-Final-Robotica-202310/install/proyecto_master_pkg/lib/python3.10/site-packages:${PYTHONPATH} /usr/bin/python3 setup.py egg_info --egg-base ../../../build/proyecto_master_pkg build --build-base /home/abmodelo2023/Documentos/Proyecto-Final-Robotica-202310/build/proyecto_master_pkg/build install --record /home/abmodelo2023/Documentos/Proyecto-Final-Robotica-202310/build/proyecto_master_pkg/install.log --install-scripts $base/lib/proyecto_master_pkg --single-version-externally-managed
[11.613s] Level 1:colcon.colcon_core.environment:checking '/home/abmodelo2023/Documentos/Proyecto-Final-Robotica-202310/install/proyecto_master_pkg' for CMake module files
[11.617s] Level 1:colcon.colcon_core.environment:checking '/home/abmodelo2023/Documentos/Proyecto-Final-Robotica-202310/install/proyecto_master_pkg' for CMake config files
[11.623s] Level 1:colcon.colcon_core.environment:checking '/home/abmodelo2023/Documentos/Proyecto-Final-Robotica-202310/install/proyecto_master_pkg/lib'
[11.624s] Level 1:colcon.colcon_core.environment:checking '/home/abmodelo2023/Documentos/Proyecto-Final-Robotica-202310/install/proyecto_master_pkg/bin'
[11.625s] Level 1:colcon.colcon_core.environment:checking '/home/abmodelo2023/Documentos/Proyecto-Final-Robotica-202310/install/proyecto_master_pkg/lib/pkgconfig/proyecto_master_pkg.pc'
[11.626s] Level 1:colcon.colcon_core.environment:checking '/home/abmodelo2023/Documentos/Proyecto-Final-Robotica-202310/install/proyecto_master_pkg/lib/python3.10/site-packages'
[11.626s] Level 1:colcon.colcon_core.shell:create_environment_hook('proyecto_master_pkg', 'pythonpath')
[11.632s] INFO:colcon.colcon_core.shell:Creating environment hook '/home/abmodelo2023/Documentos/Proyecto-Final-Robotica-202310/install/proyecto_master_pkg/share/proyecto_master_pkg/hook/pythonpath.ps1'
[11.635s] INFO:colcon.colcon_core.shell:Creating environment descriptor '/home/abmodelo2023/Documentos/Proyecto-Final-Robotica-202310/install/proyecto_master_pkg/share/proyecto_master_pkg/hook/pythonpath.dsv'
[11.637s] INFO:colcon.colcon_core.shell:Creating environment hook '/home/abmodelo2023/Documentos/Proyecto-Final-Robotica-202310/install/proyecto_master_pkg/share/proyecto_master_pkg/hook/pythonpath.sh'
[11.641s] Level 1:colcon.colcon_core.environment:checking '/home/abmodelo2023/Documentos/Proyecto-Final-Robotica-202310/install/proyecto_master_pkg/bin'
[11.642s] Level 1:colcon.colcon_core.environment:create_environment_scripts_only(proyecto_master_pkg)
[11.654s] INFO:colcon.colcon_core.shell:Creating package script '/home/abmodelo2023/Documentos/Proyecto-Final-Robotica-202310/install/proyecto_master_pkg/share/proyecto_master_pkg/package.ps1'
[11.660s] INFO:colcon.colcon_core.shell:Creating package descriptor '/home/abmodelo2023/Documentos/Proyecto-Final-Robotica-202310/install/proyecto_master_pkg/share/proyecto_master_pkg/package.dsv'
[11.665s] INFO:colcon.colcon_core.shell:Creating package script '/home/abmodelo2023/Documentos/Proyecto-Final-Robotica-202310/install/proyecto_master_pkg/share/proyecto_master_pkg/package.sh'
[11.673s] INFO:colcon.colcon_core.shell:Creating package script '/home/abmodelo2023/Documentos/Proyecto-Final-Robotica-202310/install/proyecto_master_pkg/share/proyecto_master_pkg/package.bash'
[11.681s] INFO:colcon.colcon_core.shell:Creating package script '/home/abmodelo2023/Documentos/Proyecto-Final-Robotica-202310/install/proyecto_master_pkg/share/proyecto_master_pkg/package.zsh'
[11.687s] Level 1:colcon.colcon_core.environment:create_file_with_runtime_dependencies(/home/abmodelo2023/Documentos/Proyecto-Final-Robotica-202310/install/proyecto_master_pkg/share/colcon-core/packages/proyecto_master_pkg)
[17.047s] DEBUG:colcon.colcon_core.event_handler.log_command:Invoked command in '/home/abmodelo2023/Documentos/Proyecto-Final-Robotica-202310/build/proyecto_interfaces' returned '0': CMAKE_PREFIX_PATH=/opt/ros/humble /usr/bin/cmake /home/abmodelo2023/Documentos/Proyecto-Final-Robotica-202310/proyecto_final_ws/src/proyecto_interfaces -DCMAKE_INSTALL_PREFIX=/home/abmodelo2023/Documentos/Proyecto-Final-Robotica-202310/install/proyecto_interfaces
[17.059s] DEBUG:colcon.colcon_core.event_handler.log_command:Invoking command in '/home/abmodelo2023/Documentos/Proyecto-Final-Robotica-202310/build/proyecto_interfaces': CMAKE_PREFIX_PATH=/opt/ros/humble /usr/bin/cmake --build /home/abmodelo2023/Documentos/Proyecto-Final-Robotica-202310/build/proyecto_interfaces -- -j4 -l4
[45.706s] DEBUG:colcon.colcon_core.event_handler.log_command:Invoked command in '/home/abmodelo2023/Documentos/Proyecto-Final-Robotica-202310/build/proyecto_interfaces' returned '0': CMAKE_PREFIX_PATH=/opt/ros/humble /usr/bin/cmake --build /home/abmodelo2023/Documentos/Proyecto-Final-Robotica-202310/build/proyecto_interfaces -- -j4 -l4
[46.512s] DEBUG:colcon.colcon_core.event_handler.log_command:Invoking command in '/home/abmodelo2023/Documentos/Proyecto-Final-Robotica-202310/build/proyecto_interfaces': CMAKE_PREFIX_PATH=/opt/ros/humble /usr/bin/cmake --install /home/abmodelo2023/Documentos/Proyecto-Final-Robotica-202310/build/proyecto_interfaces
[47.265s] Level 1:colcon.colcon_core.environment:create_environment_scripts_only(proyecto_interfaces)
[47.274s] Level 1:colcon.colcon_core.environment:checking '/home/abmodelo2023/Documentos/Proyecto-Final-Robotica-202310/install/proyecto_interfaces' for CMake module files
[47.276s] DEBUG:colcon.colcon_core.event_handler.log_command:Invoked command in '/home/abmodelo2023/Documentos/Proyecto-Final-Robotica-202310/build/proyecto_interfaces' returned '0': CMAKE_PREFIX_PATH=/opt/ros/humble /usr/bin/cmake --install /home/abmodelo2023/Documentos/Proyecto-Final-Robotica-202310/build/proyecto_interfaces
[47.283s] Level 1:colcon.colcon_core.environment:checking '/home/abmodelo2023/Documentos/Proyecto-Final-Robotica-202310/install/proyecto_interfaces' for CMake config files
[47.289s] Level 1:colcon.colcon_core.shell:create_environment_hook('proyecto_interfaces', 'cmake_prefix_path')
[47.296s] INFO:colcon.colcon_core.shell:Creating environment hook '/home/abmodelo2023/Documentos/Proyecto-Final-Robotica-202310/install/proyecto_interfaces/share/proyecto_interfaces/hook/cmake_prefix_path.ps1'
[47.299s] INFO:colcon.colcon_core.shell:Creating environment descriptor '/home/abmodelo2023/Documentos/Proyecto-Final-Robotica-202310/install/proyecto_interfaces/share/proyecto_interfaces/hook/cmake_prefix_path.dsv'
[47.301s] INFO:colcon.colcon_core.shell:Creating environment hook '/home/abmodelo2023/Documentos/Proyecto-Final-Robotica-202310/install/proyecto_interfaces/share/proyecto_interfaces/hook/cmake_prefix_path.sh'
[47.305s] Level 1:colcon.colcon_core.environment:checking '/home/abmodelo2023/Documentos/Proyecto-Final-Robotica-202310/install/proyecto_interfaces/lib'
[47.305s] Level 1:colcon.colcon_core.shell:create_environment_hook('proyecto_interfaces', 'ld_library_path_lib')
[47.311s] INFO:colcon.colcon_core.shell:Creating environment hook '/home/abmodelo2023/Documentos/Proyecto-Final-Robotica-202310/install/proyecto_interfaces/share/proyecto_interfaces/hook/ld_library_path_lib.ps1'
[47.314s] INFO:colcon.colcon_core.shell:Creating environment descriptor '/home/abmodelo2023/Documentos/Proyecto-Final-Robotica-202310/install/proyecto_interfaces/share/proyecto_interfaces/hook/ld_library_path_lib.dsv'
[47.316s] INFO:colcon.colcon_core.shell:Creating environment hook '/home/abmodelo2023/Documentos/Proyecto-Final-Robotica-202310/install/proyecto_interfaces/share/proyecto_interfaces/hook/ld_library_path_lib.sh'
[47.319s] Level 1:colcon.colcon_core.environment:checking '/home/abmodelo2023/Documentos/Proyecto-Final-Robotica-202310/install/proyecto_interfaces/bin'
[47.319s] Level 1:colcon.colcon_core.environment:checking '/home/abmodelo2023/Documentos/Proyecto-Final-Robotica-202310/install/proyecto_interfaces/lib/pkgconfig/proyecto_interfaces.pc'
[47.320s] Level 1:colcon.colcon_core.environment:checking '/home/abmodelo2023/Documentos/Proyecto-Final-Robotica-202310/install/proyecto_interfaces/lib/python3.10/site-packages'
[47.321s] Level 1:colcon.colcon_core.environment:checking '/home/abmodelo2023/Documentos/Proyecto-Final-Robotica-202310/install/proyecto_interfaces/bin'
[47.328s] INFO:colcon.colcon_core.shell:Creating package script '/home/abmodelo2023/Documentos/Proyecto-Final-Robotica-202310/install/proyecto_interfaces/share/proyecto_interfaces/package.ps1'
[47.332s] INFO:colcon.colcon_core.shell:Creating package descriptor '/home/abmodelo2023/Documentos/Proyecto-Final-Robotica-202310/install/proyecto_interfaces/share/proyecto_interfaces/package.dsv'
[47.335s] INFO:colcon.colcon_core.shell:Creating package script '/home/abmodelo2023/Documentos/Proyecto-Final-Robotica-202310/install/proyecto_interfaces/share/proyecto_interfaces/package.sh'
[47.339s] INFO:colcon.colcon_core.shell:Creating package script '/home/abmodelo2023/Documentos/Proyecto-Final-Robotica-202310/install/proyecto_interfaces/share/proyecto_interfaces/package.bash'
[47.342s] INFO:colcon.colcon_core.shell:Creating package script '/home/abmodelo2023/Documentos/Proyecto-Final-Robotica-202310/install/proyecto_interfaces/share/proyecto_interfaces/package.zsh'
[47.345s] Level 1:colcon.colcon_core.environment:create_file_with_runtime_dependencies(/home/abmodelo2023/Documentos/Proyecto-Final-Robotica-202310/install/proyecto_interfaces/share/colcon-core/packages/proyecto_interfaces)
[48.137s] Level 1:colcon.colcon_core.environment:create_environment_scripts_only(proyecto_interfaces)
[48.147s] Level 1:colcon.colcon_core.environment:checking '/home/abmodelo2023/Documentos/Proyecto-Final-Robotica-202310/install/proyecto_interfaces' for CMake module files
[48.153s] Level 1:colcon.colcon_core.environment:checking '/home/abmodelo2023/Documentos/Proyecto-Final-Robotica-202310/install/proyecto_interfaces' for CMake config files
[48.157s] Level 1:colcon.colcon_core.shell:create_environment_hook('proyecto_interfaces', 'cmake_prefix_path')
[48.165s] INFO:colcon.colcon_core.shell:Creating environment hook '/home/abmodelo2023/Documentos/Proyecto-Final-Robotica-202310/install/proyecto_interfaces/share/proyecto_interfaces/hook/cmake_prefix_path.ps1'
[48.167s] INFO:colcon.colcon_core.shell:Creating environment descriptor '/home/abmodelo2023/Documentos/Proyecto-Final-Robotica-202310/install/proyecto_interfaces/share/proyecto_interfaces/hook/cmake_prefix_path.dsv'
[48.169s] INFO:colcon.colcon_core.shell:Creating environment hook '/home/abmodelo2023/Documentos/Proyecto-Final-Robotica-202310/install/proyecto_interfaces/share/proyecto_interfaces/hook/cmake_prefix_path.sh'
[48.173s] Level 1:colcon.colcon_core.environment:checking '/home/abmodelo2023/Documentos/Proyecto-Final-Robotica-202310/install/proyecto_interfaces/lib'
[48.174s] Level 1:colcon.colcon_core.shell:create_environment_hook('proyecto_interfaces', 'ld_library_path_lib')
[48.179s] INFO:colcon.colcon_core.shell:Creating environment hook '/home/abmodelo2023/Documentos/Proyecto-Final-Robotica-202310/install/proyecto_interfaces/share/proyecto_interfaces/hook/ld_library_path_lib.ps1'
[48.182s] INFO:colcon.colcon_core.shell:Creating environment descriptor '/home/abmodelo2023/Documentos/Proyecto-Final-Robotica-202310/install/proyecto_interfaces/share/proyecto_interfaces/hook/ld_library_path_lib.dsv'
[48.184s] INFO:colcon.colcon_core.shell:Creating environment hook '/home/abmodelo2023/Documentos/Proyecto-Final-Robotica-202310/install/proyecto_interfaces/share/proyecto_interfaces/hook/ld_library_path_lib.sh'
[48.187s] Level 1:colcon.colcon_core.environment:checking '/home/abmodelo2023/Documentos/Proyecto-Final-Robotica-202310/install/proyecto_interfaces/bin'
[48.188s] Level 1:colcon.colcon_core.environment:checking '/home/abmodelo2023/Documentos/Proyecto-Final-Robotica-202310/install/proyecto_interfaces/lib/pkgconfig/proyecto_interfaces.pc'
[48.189s] Level 1:colcon.colcon_core.environment:checking '/home/abmodelo2023/Documentos/Proyecto-Final-Robotica-202310/install/proyecto_interfaces/lib/python3.10/site-packages'
[48.190s] Level 1:colcon.colcon_core.environment:checking '/home/abmodelo2023/Documentos/Proyecto-Final-Robotica-202310/install/proyecto_interfaces/bin'
[48.198s] INFO:colcon.colcon_core.shell:Creating package script '/home/abmodelo2023/Documentos/Proyecto-Final-Robotica-202310/install/proyecto_interfaces/share/proyecto_interfaces/package.ps1'
[48.201s] INFO:colcon.colcon_core.shell:Creating package descriptor '/home/abmodelo2023/Documentos/Proyecto-Final-Robotica-202310/install/proyecto_interfaces/share/proyecto_interfaces/package.dsv'
[48.204s] INFO:colcon.colcon_core.shell:Creating package script '/home/abmodelo2023/Documentos/Proyecto-Final-Robotica-202310/install/proyecto_interfaces/share/proyecto_interfaces/package.sh'
[48.207s] INFO:colcon.colcon_core.shell:Creating package script '/home/abmodelo2023/Documentos/Proyecto-Final-Robotica-202310/install/proyecto_interfaces/share/proyecto_interfaces/package.bash'
[48.210s] INFO:colcon.colcon_core.shell:Creating package script '/home/abmodelo2023/Documentos/Proyecto-Final-Robotica-202310/install/proyecto_interfaces/share/proyecto_interfaces/package.zsh'
[48.212s] Level 1:colcon.colcon_core.environment:create_file_with_runtime_dependencies(/home/abmodelo2023/Documentos/Proyecto-Final-Robotica-202310/install/proyecto_interfaces/share/colcon-core/packages/proyecto_interfaces)
[48.214s] DEBUG:colcon.colcon_parallel_executor.executor.parallel:closing loop
[48.216s] DEBUG:colcon.colcon_parallel_executor.executor.parallel:loop closed
[48.216s] DEBUG:colcon.colcon_parallel_executor.executor.parallel:run_until_complete finished with '0'
[48.217s] DEBUG:colcon.colcon_core.event_reactor:joining thread
[48.372s] INFO:colcon.colcon_core.plugin_system:Skipping extension 'colcon_notification.desktop_notification.terminal_notifier': Not used on non-Darwin systems
[48.373s] INFO:colcon.colcon_core.plugin_system:Skipping extension 'colcon_notification.desktop_notification.win32': Not used on non-Windows systems
[48.374s] INFO:colcon.colcon_notification.desktop_notification:Sending desktop notification using 'notify2'
[48.970s] DEBUG:colcon.colcon_core.event_reactor:joined thread
[48.979s] INFO:colcon.colcon_core.shell:Creating prefix script '/home/abmodelo2023/Documentos/Proyecto-Final-Robotica-202310/install/local_setup.ps1'
[48.988s] INFO:colcon.colcon_core.shell:Creating prefix util module '/home/abmodelo2023/Documentos/Proyecto-Final-Robotica-202310/install/_local_setup_util_ps1.py'
[49.001s] INFO:colcon.colcon_core.shell:Creating prefix chain script '/home/abmodelo2023/Documentos/Proyecto-Final-Robotica-202310/install/setup.ps1'
[49.019s] INFO:colcon.colcon_core.shell:Creating prefix script '/home/abmodelo2023/Documentos/Proyecto-Final-Robotica-202310/install/local_setup.sh'
[49.024s] INFO:colcon.colcon_core.shell:Creating prefix util module '/home/abmodelo2023/Documentos/Proyecto-Final-Robotica-202310/install/_local_setup_util_sh.py'
[49.028s] INFO:colcon.colcon_core.shell:Creating prefix chain script '/home/abmodelo2023/Documentos/Proyecto-Final-Robotica-202310/install/setup.sh'
[49.039s] INFO:colcon.colcon_core.shell:Creating prefix script '/home/abmodelo2023/Documentos/Proyecto-Final-Robotica-202310/install/local_setup.bash'
[49.044s] INFO:colcon.colcon_core.shell:Creating prefix chain script '/home/abmodelo2023/Documentos/Proyecto-Final-Robotica-202310/install/setup.bash'
[49.057s] INFO:colcon.colcon_core.shell:Creating prefix script '/home/abmodelo2023/Documentos/Proyecto-Final-Robotica-202310/install/local_setup.zsh'
[49.067s] INFO:colcon.colcon_core.shell:Creating prefix chain script '/home/abmodelo2023/Documentos/Proyecto-Final-Robotica-202310/install/setup.zsh'
