[4.546s] Invoking command in '/home/abmodelo2023/Documentos/Proyecto-Final-Robotica-202310/proyecto_final_ws/src/proyecto_master_pkg': PYTHONPATH=/home/abmodelo2023/Documentos/Proyecto-Final-Robotica-202310/build/proyecto_master_pkg/prefix_override:/home/abmodelo2023/Documentos/Proyecto-Final-Robotica-202310/install/proyecto_master_pkg/lib/python3.10/site-packages:${PYTHONPATH} /usr/bin/python3 setup.py egg_info --egg-base ../../../build/proyecto_master_pkg build --build-base /home/abmodelo2023/Documentos/Proyecto-Final-Robotica-202310/build/proyecto_master_pkg/build install --record /home/abmodelo2023/Documentos/Proyecto-Final-Robotica-202310/build/proyecto_master_pkg/install.log --install-scripts $base/lib/proyecto_master_pkg --single-version-externally-managed
[6.175s] /usr/lib/python3/dist-packages/setuptools/dist.py:723: UserWarning: Usage of dash-separated 'script-dir' will not be supported in future versions. Please use the underscore name 'script_dir' instead
[6.177s]   warnings.warn(
[6.216s] running egg_info
[6.219s] writing ../../../build/proyecto_master_pkg/proyecto_master_pkg.egg-info/PKG-INFO
[6.221s] writing dependency_links to ../../../build/proyecto_master_pkg/proyecto_master_pkg.egg-info/dependency_links.txt
[6.225s] writing entry points to ../../../build/proyecto_master_pkg/proyecto_master_pkg.egg-info/entry_points.txt
[6.226s] writing requirements to ../../../build/proyecto_master_pkg/proyecto_master_pkg.egg-info/requires.txt
[6.227s] writing top-level names to ../../../build/proyecto_master_pkg/proyecto_master_pkg.egg-info/top_level.txt
[6.243s] reading manifest file '../../../build/proyecto_master_pkg/proyecto_master_pkg.egg-info/SOURCES.txt'
[6.246s] writing manifest file '../../../build/proyecto_master_pkg/proyecto_master_pkg.egg-info/SOURCES.txt'
[6.247s] running build
[6.249s] running build_py
[6.254s] copying proyecto_master_pkg/perception_test.py -> /home/abmodelo2023/Documentos/Proyecto-Final-Robotica-202310/build/proyecto_master_pkg/build/lib/proyecto_master_pkg
[6.256s] running install
[6.259s] /usr/lib/python3/dist-packages/setuptools/command/install.py:34: SetuptoolsDeprecationWarning: setup.py install is deprecated. Use build and pip and other standards-based tools.
[6.260s]   warnings.warn(
[6.260s] running install_lib
[6.269s] copying /home/abmodelo2023/Documentos/Proyecto-Final-Robotica-202310/build/proyecto_master_pkg/build/lib/proyecto_master_pkg/perception_test.py -> /home/abmodelo2023/Documentos/Proyecto-Final-Robotica-202310/install/proyecto_master_pkg/lib/python3.10/site-packages/proyecto_master_pkg
[6.274s] byte-compiling /home/abmodelo2023/Documentos/Proyecto-Final-Robotica-202310/install/proyecto_master_pkg/lib/python3.10/site-packages/proyecto_master_pkg/perception_test.py to perception_test.cpython-310.pyc
[6.294s] running install_data
[6.295s] running install_egg_info
[6.303s] removing '/home/abmodelo2023/Documentos/Proyecto-Final-Robotica-202310/install/proyecto_master_pkg/lib/python3.10/site-packages/proyecto_master_pkg-0.0.0-py3.10.egg-info' (and everything under it)
[6.305s] Copying ../../../build/proyecto_master_pkg/proyecto_master_pkg.egg-info to /home/abmodelo2023/Documentos/Proyecto-Final-Robotica-202310/install/proyecto_master_pkg/lib/python3.10/site-packages/proyecto_master_pkg-0.0.0-py3.10.egg-info
[6.318s] running install_scripts
[6.412s] Installing camara script to /home/abmodelo2023/Documentos/Proyecto-Final-Robotica-202310/install/proyecto_master_pkg/lib/proyecto_master_pkg
[6.415s] Installing control script to /home/abmodelo2023/Documentos/Proyecto-Final-Robotica-202310/install/proyecto_master_pkg/lib/proyecto_master_pkg
[6.417s] Installing manipulation script to /home/abmodelo2023/Documentos/Proyecto-Final-Robotica-202310/install/proyecto_master_pkg/lib/proyecto_master_pkg
[6.418s] Installing master script to /home/abmodelo2023/Documentos/Proyecto-Final-Robotica-202310/install/proyecto_master_pkg/lib/proyecto_master_pkg
[6.419s] Installing navigation script to /home/abmodelo2023/Documentos/Proyecto-Final-Robotica-202310/install/proyecto_master_pkg/lib/proyecto_master_pkg
[6.420s] Installing perception script to /home/abmodelo2023/Documentos/Proyecto-Final-Robotica-202310/install/proyecto_master_pkg/lib/proyecto_master_pkg
[6.422s] writing list of installed files to '/home/abmodelo2023/Documentos/Proyecto-Final-Robotica-202310/build/proyecto_master_pkg/install.log'
[6.583s] Invoked command in '/home/abmodelo2023/Documentos/Proyecto-Final-Robotica-202310/proyecto_final_ws/src/proyecto_master_pkg' returned '0': PYTHONPATH=/home/abmodelo2023/Documentos/Proyecto-Final-Robotica-202310/build/proyecto_master_pkg/prefix_override:/home/abmodelo2023/Documentos/Proyecto-Final-Robotica-202310/install/proyecto_master_pkg/lib/python3.10/site-packages:${PYTHONPATH} /usr/bin/python3 setup.py egg_info --egg-base ../../../build/proyecto_master_pkg build --build-base /home/abmodelo2023/Documentos/Proyecto-Final-Robotica-202310/build/proyecto_master_pkg/build install --record /home/abmodelo2023/Documentos/Proyecto-Final-Robotica-202310/build/proyecto_master_pkg/install.log --install-scripts $base/lib/proyecto_master_pkg --single-version-externally-managed
