[0.500s] DEBUG:colcon:Command line arguments: ['/usr/bin/colcon', 'build', '--packages-select', 'proyecto_interfaces']
[0.500s] DEBUG:colcon:Parsed command line arguments: Namespace(allow_overriding=[], ament_cmake_args=None, base_paths=['.'], build_base='build', catkin_cmake_args=None, catkin_skip_building_tests=False, cmake_args=None, cmake_clean_cache=False, cmake_clean_first=False, cmake_force_configure=False, cmake_target=None, cmake_target_skip_unavailable=False, continue_on_error=False, event_handlers=None, executor='parallel', ignore_user_meta=False, install_base='install', log_base=None, log_level=None, main=<bound method BuildVerb.main of <colcon_core.verb.build.BuildVerb object at 0x7f882aac6970>>, merge_install=False, metas=['./colcon.meta'], packages_above=None, packages_above_and_dependencies=None, packages_above_depth=None, packages_end=None, packages_ignore=None, packages_ignore_regex=None, packages_select=['proyecto_interfaces'], packages_select_build_failed=False, packages_select_by_dep=None, packages_select_regex=None, packages_select_test_failures=False, packages_skip=None, packages_skip_build_finished=False, packages_skip_by_dep=None, packages_skip_regex=None, packages_skip_test_passed=False, packages_skip_up_to=None, packages_start=None, packages_up_to=None, packages_up_to_regex=None, parallel_workers=8, paths=None, symlink_install=False, test_result_base=None, verb_extension=<colcon_core.verb.build.BuildVerb object at 0x7f882aac6970>, verb_name='build', verb_parser=<colcon_defaults.argument_parser.defaults.DefaultArgumentsDecorator object at 0x7f882aac6ee0>)
[0.548s] Level 1:colcon.colcon_core.package_discovery:discover_packages(colcon_meta) check parameters
[0.548s] Level 1:colcon.colcon_core.package_discovery:discover_packages(recursive) check parameters
[0.548s] Level 1:colcon.colcon_core.package_discovery:discover_packages(ignore) check parameters
[0.548s] Level 1:colcon.colcon_core.package_discovery:discover_packages(path) check parameters
[0.548s] Level 1:colcon.colcon_core.package_discovery:discover_packages(colcon_meta) discover
[0.548s] Level 1:colcon.colcon_core.package_discovery:discover_packages(recursive) discover
[0.548s] INFO:colcon.colcon_core.package_discovery:Crawling recursively for packages in '/home/snowartz/proyecto_final_ws'
[0.548s] Level 1:colcon.colcon_core.package_identification:_identify(.) by extensions ['ignore', 'ignore_ament_install']
[0.548s] Level 1:colcon.colcon_core.package_identification:_identify(.) by extension 'ignore'
[0.549s] Level 1:colcon.colcon_core.package_identification:_identify(.) by extension 'ignore_ament_install'
[0.549s] Level 1:colcon.colcon_core.package_identification:_identify(.) by extensions ['colcon_pkg']
[0.549s] Level 1:colcon.colcon_core.package_identification:_identify(.) by extension 'colcon_pkg'
[0.549s] Level 1:colcon.colcon_core.package_identification:_identify(.) by extensions ['colcon_meta']
[0.549s] Level 1:colcon.colcon_core.package_identification:_identify(.) by extension 'colcon_meta'
[0.549s] Level 1:colcon.colcon_core.package_identification:_identify(.) by extensions ['ros']
[0.549s] Level 1:colcon.colcon_core.package_identification:_identify(.) by extension 'ros'
[0.570s] Level 1:colcon.colcon_core.package_identification:_identify(.) by extensions ['cmake', 'python']
[0.570s] Level 1:colcon.colcon_core.package_identification:_identify(.) by extension 'cmake'
[0.570s] Level 1:colcon.colcon_core.package_identification:_identify(.) by extension 'python'
[0.570s] Level 1:colcon.colcon_core.package_identification:_identify(.) by extensions ['python_setup_py']
[0.570s] Level 1:colcon.colcon_core.package_identification:_identify(.) by extension 'python_setup_py'
[0.571s] Level 1:colcon.colcon_core.package_identification:_identify(build) by extensions ['ignore', 'ignore_ament_install']
[0.571s] Level 1:colcon.colcon_core.package_identification:_identify(build) by extension 'ignore'
[0.571s] Level 1:colcon.colcon_core.package_identification:_identify(build) ignored
[0.571s] Level 1:colcon.colcon_core.package_identification:_identify(install) by extensions ['ignore', 'ignore_ament_install']
[0.571s] Level 1:colcon.colcon_core.package_identification:_identify(install) by extension 'ignore'
[0.571s] Level 1:colcon.colcon_core.package_identification:_identify(install) ignored
[0.571s] Level 1:colcon.colcon_core.package_identification:_identify(log) by extensions ['ignore', 'ignore_ament_install']
[0.571s] Level 1:colcon.colcon_core.package_identification:_identify(log) by extension 'ignore'
[0.571s] Level 1:colcon.colcon_core.package_identification:_identify(log) ignored
[0.571s] Level 1:colcon.colcon_core.package_identification:_identify(src) by extensions ['ignore', 'ignore_ament_install']
[0.571s] Level 1:colcon.colcon_core.package_identification:_identify(src) by extension 'ignore'
[0.571s] Level 1:colcon.colcon_core.package_identification:_identify(src) by extension 'ignore_ament_install'
[0.571s] Level 1:colcon.colcon_core.package_identification:_identify(src) by extensions ['colcon_pkg']
[0.572s] Level 1:colcon.colcon_core.package_identification:_identify(src) by extension 'colcon_pkg'
[0.572s] Level 1:colcon.colcon_core.package_identification:_identify(src) by extensions ['colcon_meta']
[0.572s] Level 1:colcon.colcon_core.package_identification:_identify(src) by extension 'colcon_meta'
[0.572s] Level 1:colcon.colcon_core.package_identification:_identify(src) by extensions ['ros']
[0.572s] Level 1:colcon.colcon_core.package_identification:_identify(src) by extension 'ros'
[0.572s] Level 1:colcon.colcon_core.package_identification:_identify(src) by extensions ['cmake', 'python']
[0.572s] Level 1:colcon.colcon_core.package_identification:_identify(src) by extension 'cmake'
[0.572s] Level 1:colcon.colcon_core.package_identification:_identify(src) by extension 'python'
[0.572s] Level 1:colcon.colcon_core.package_identification:_identify(src) by extensions ['python_setup_py']
[0.572s] Level 1:colcon.colcon_core.package_identification:_identify(src) by extension 'python_setup_py'
[0.572s] Level 1:colcon.colcon_core.package_identification:_identify(src/proyecto_interfaces) by extensions ['ignore', 'ignore_ament_install']
[0.572s] Level 1:colcon.colcon_core.package_identification:_identify(src/proyecto_interfaces) by extension 'ignore'
[0.572s] Level 1:colcon.colcon_core.package_identification:_identify(src/proyecto_interfaces) by extension 'ignore_ament_install'
[0.572s] Level 1:colcon.colcon_core.package_identification:_identify(src/proyecto_interfaces) by extensions ['colcon_pkg']
[0.572s] Level 1:colcon.colcon_core.package_identification:_identify(src/proyecto_interfaces) by extension 'colcon_pkg'
[0.572s] Level 1:colcon.colcon_core.package_identification:_identify(src/proyecto_interfaces) by extensions ['colcon_meta']
[0.572s] Level 1:colcon.colcon_core.package_identification:_identify(src/proyecto_interfaces) by extension 'colcon_meta'
[0.572s] Level 1:colcon.colcon_core.package_identification:_identify(src/proyecto_interfaces) by extensions ['ros']
[0.572s] Level 1:colcon.colcon_core.package_identification:_identify(src/proyecto_interfaces) by extension 'ros'
[0.575s] DEBUG:colcon.colcon_core.package_identification:Package 'src/proyecto_interfaces' with type 'ros.ament_cmake' and name 'proyecto_interfaces'
[0.575s] Level 1:colcon.colcon_core.package_discovery:discover_packages(recursive) using defaults
[0.575s] Level 1:colcon.colcon_core.package_discovery:discover_packages(ignore) discover
[0.575s] Level 1:colcon.colcon_core.package_discovery:discover_packages(ignore) using defaults
[0.575s] Level 1:colcon.colcon_core.package_discovery:discover_packages(path) discover
[0.575s] Level 1:colcon.colcon_core.package_discovery:discover_packages(path) using defaults
[0.617s] Level 1:colcon.colcon_core.package_discovery:discover_packages(prefix_path) check parameters
[0.617s] Level 1:colcon.colcon_core.package_discovery:discover_packages(prefix_path) discover
[0.638s] DEBUG:colcon.colcon_installed_package_information.package_discovery:Found 311 installed packages in /home/snowartz/ros2_foxy/install
[0.641s] Level 1:colcon.colcon_core.package_discovery:discover_packages(prefix_path) using defaults
[0.670s] Level 5:colcon.colcon_core.verb:set package 'proyecto_interfaces' build argument 'cmake_args' from command line to 'None'
[0.670s] Level 5:colcon.colcon_core.verb:set package 'proyecto_interfaces' build argument 'cmake_target' from command line to 'None'
[0.670s] Level 5:colcon.colcon_core.verb:set package 'proyecto_interfaces' build argument 'cmake_target_skip_unavailable' from command line to 'False'
[0.670s] Level 5:colcon.colcon_core.verb:set package 'proyecto_interfaces' build argument 'cmake_clean_cache' from command line to 'False'
[0.670s] Level 5:colcon.colcon_core.verb:set package 'proyecto_interfaces' build argument 'cmake_clean_first' from command line to 'False'
[0.670s] Level 5:colcon.colcon_core.verb:set package 'proyecto_interfaces' build argument 'cmake_force_configure' from command line to 'False'
[0.670s] Level 5:colcon.colcon_core.verb:set package 'proyecto_interfaces' build argument 'ament_cmake_args' from command line to 'None'
[0.671s] Level 5:colcon.colcon_core.verb:set package 'proyecto_interfaces' build argument 'catkin_cmake_args' from command line to 'None'
[0.671s] Level 5:colcon.colcon_core.verb:set package 'proyecto_interfaces' build argument 'catkin_skip_building_tests' from command line to 'False'
[0.671s] DEBUG:colcon.colcon_core.verb:Building package 'proyecto_interfaces' with the following arguments: {'ament_cmake_args': None, 'build_base': '/home/snowartz/proyecto_final_ws/build/proyecto_interfaces', 'catkin_cmake_args': None, 'catkin_skip_building_tests': False, 'cmake_args': None, 'cmake_clean_cache': False, 'cmake_clean_first': False, 'cmake_force_configure': False, 'cmake_target': None, 'cmake_target_skip_unavailable': False, 'install_base': '/home/snowartz/proyecto_final_ws/install/proyecto_interfaces', 'merge_install': False, 'path': '/home/snowartz/proyecto_final_ws/src/proyecto_interfaces', 'symlink_install': False, 'test_result_base': None}
[0.673s] INFO:colcon.colcon_core.executor:Executing jobs using 'parallel' executor
[0.681s] DEBUG:colcon.colcon_parallel_executor.executor.parallel:run_until_complete
[0.682s] INFO:colcon.colcon_ros.task.ament_cmake.build:Building ROS package in '/home/snowartz/proyecto_final_ws/src/proyecto_interfaces' with build type 'ament_cmake'
[0.682s] INFO:colcon.colcon_cmake.task.cmake.build:Building CMake package in '/home/snowartz/proyecto_final_ws/src/proyecto_interfaces'
[0.693s] INFO:colcon.colcon_core.plugin_system:Skipping extension 'colcon_core.shell.bat': Not used on non-Windows systems
[0.693s] INFO:colcon.colcon_core.shell:Skip shell extension 'powershell' for command environment: Not usable outside of PowerShell
[0.693s] DEBUG:colcon.colcon_core.shell:Skip shell extension 'dsv' for command environment
[0.727s] DEBUG:colcon.colcon_core.event_handler.log_command:Invoking command in '/home/snowartz/proyecto_final_ws/build/proyecto_interfaces': CMAKE_PREFIX_PATH=${CMAKE_PREFIX_PATH}:/home/snowartz/ros2_foxy/install/ros2bag:/home/snowartz/ros2_foxy/install/tracetools_launch:/home/snowartz/ros2_foxy/install/topic_monitor:/home/snowartz/ros2_foxy/install/examples_tf2_py:/home/snowartz/ros2_foxy/install/sros2:/home/snowartz/ros2_foxy/install/rqt_topic:/home/snowartz/ros2_foxy/install/rqt_top:/home/snowartz/ros2_foxy/install/rqt_srv:/home/snowartz/ros2_foxy/install/rqt_shell:/home/snowartz/ros2_foxy/install/rqt_service_caller:/home/snowartz/ros2_foxy/install/rqt_reconfigure:/home/snowartz/ros2_foxy/install/rqt_py_console:/home/snowartz/ros2_foxy/install/rqt_publisher:/home/snowartz/ros2_foxy/install/rqt_plot:/home/snowartz/ros2_foxy/install/rqt_action:/home/snowartz/ros2_foxy/install/rqt_msg:/home/snowartz/ros2_foxy/install/rqt_console:/home/snowartz/ros2_foxy/install/rqt:/home/snowartz/ros2_foxy/install/rqt_graph:/home/snowartz/ros2_foxy/install/rqt_gui_py:/home/snowartz/ros2_foxy/install/rqt_gui:/home/snowartz/ros2_foxy/install/ros2trace:/home/snowartz/ros2_foxy/install/ros2topic:/home/snowartz/ros2_foxy/install/ros2test:/home/snowartz/ros2_foxy/install/ros2component:/home/snowartz/ros2_foxy/install/ros2param:/home/snowartz/ros2_foxy/install/ros2lifecycle:/home/snowartz/ros2_foxy/install/ros2service:/home/snowartz/ros2_foxy/install/ros2run:/home/snowartz/ros2_foxy/install/ros2launch:/home/snowartz/ros2_foxy/install/ros2pkg:/home/snowartz/ros2_foxy/install/ros2node:/home/snowartz/ros2_foxy/install/ros2multicast:/home/snowartz/ros2_foxy/install/ros2interface:/home/snowartz/ros2_foxy/install/ros2doctor:/home/snowartz/ros2_foxy/install/ros2action:/home/snowartz/ros2_foxy/install/ros2cli:/home/snowartz/ros2_foxy/install/quality_of_service_demo_py:/home/snowartz/ros2_foxy/install/launch_testing_ros:/home/snowartz/ros2_foxy/install/launch_ros:/home/snowartz/ros2_foxy/install/examples_rclpy_minimal_subscriber:/home/snowartz/ros2_foxy/install/examples_rclpy_minimal_service:/home/snowartz/ros2_foxy/install/examples_rclpy_minimal_publisher:/home/snowartz/ros2_foxy/install/examples_rclpy_minimal_client:/home/snowartz/ros2_foxy/install/examples_rclpy_minimal_action_server:/home/snowartz/ros2_foxy/install/examples_rclpy_minimal_action_client:/home/snowartz/ros2_foxy/install/examples_rclpy_executors:/home/snowartz/ros2_foxy/install/demo_nodes_py:/home/snowartz/ros2_foxy/install/action_tutorials_py:/home/snowartz/ros2_foxy/install/ament_uncrustify:/home/snowartz/ros2_foxy/install/tracetools_trace:/home/snowartz/ros2_foxy/install/tracetools_read:/home/snowartz/ros2_foxy/install/test_launch_ros:/home/snowartz/ros2_foxy/install/sensor_msgs_py:/home/snowartz/ros2_foxy/install/rpyutils:/home/snowartz/ros2_foxy/install/rosidl_runtime_py:/home/snowartz/ros2_foxy/install/launch_yaml:/home/snowartz/ros2_foxy/install/launch_xml:/home/snowartz/ros2_foxy/install/launch_testing:/home/snowartz/ros2_foxy/install/launch:/home/snowartz/ros2_foxy/install/osrf_pycommon:/home/snowartz/ros2_foxy/install/domain_coordinator:/home/snowartz/ros2_foxy/install/ament_xmllint:/home/snowartz/ros2_foxy/install/ament_pyflakes:/home/snowartz/ros2_foxy/install/ament_pycodestyle:/home/snowartz/ros2_foxy/install/ament_pep257:/home/snowartz/ros2_foxy/install/ament_pclint:/home/snowartz/ros2_foxy/install/ament_package:/home/snowartz/ros2_foxy/install/ament_mypy:/home/snowartz/ros2_foxy/install/ament_lint_cmake:/home/snowartz/ros2_foxy/install/ament_flake8:/home/snowartz/ros2_foxy/install/ament_copyright:/home/snowartz/ros2_foxy/install/ament_lint:/home/snowartz/ros2_foxy/install/ament_index_python:/home/snowartz/ros2_foxy/install/ament_cpplint:/home/snowartz/ros2_foxy/install/ament_cppcheck:/home/snowartz/ros2_foxy/install/ament_clang_tidy:/home/snowartz/ros2_foxy/install/ament_clang_format /usr/bin/cmake /home/snowartz/proyecto_final_ws/src/proyecto_interfaces -DCMAKE_INSTALL_PREFIX=/home/snowartz/proyecto_final_ws/install/proyecto_interfaces
[1.790s] DEBUG:colcon.colcon_core.event_handler.log_command:Invoked command in '/home/snowartz/proyecto_final_ws/build/proyecto_interfaces' returned '1': CMAKE_PREFIX_PATH=${CMAKE_PREFIX_PATH}:/home/snowartz/ros2_foxy/install/ros2bag:/home/snowartz/ros2_foxy/install/tracetools_launch:/home/snowartz/ros2_foxy/install/topic_monitor:/home/snowartz/ros2_foxy/install/examples_tf2_py:/home/snowartz/ros2_foxy/install/sros2:/home/snowartz/ros2_foxy/install/rqt_topic:/home/snowartz/ros2_foxy/install/rqt_top:/home/snowartz/ros2_foxy/install/rqt_srv:/home/snowartz/ros2_foxy/install/rqt_shell:/home/snowartz/ros2_foxy/install/rqt_service_caller:/home/snowartz/ros2_foxy/install/rqt_reconfigure:/home/snowartz/ros2_foxy/install/rqt_py_console:/home/snowartz/ros2_foxy/install/rqt_publisher:/home/snowartz/ros2_foxy/install/rqt_plot:/home/snowartz/ros2_foxy/install/rqt_action:/home/snowartz/ros2_foxy/install/rqt_msg:/home/snowartz/ros2_foxy/install/rqt_console:/home/snowartz/ros2_foxy/install/rqt:/home/snowartz/ros2_foxy/install/rqt_graph:/home/snowartz/ros2_foxy/install/rqt_gui_py:/home/snowartz/ros2_foxy/install/rqt_gui:/home/snowartz/ros2_foxy/install/ros2trace:/home/snowartz/ros2_foxy/install/ros2topic:/home/snowartz/ros2_foxy/install/ros2test:/home/snowartz/ros2_foxy/install/ros2component:/home/snowartz/ros2_foxy/install/ros2param:/home/snowartz/ros2_foxy/install/ros2lifecycle:/home/snowartz/ros2_foxy/install/ros2service:/home/snowartz/ros2_foxy/install/ros2run:/home/snowartz/ros2_foxy/install/ros2launch:/home/snowartz/ros2_foxy/install/ros2pkg:/home/snowartz/ros2_foxy/install/ros2node:/home/snowartz/ros2_foxy/install/ros2multicast:/home/snowartz/ros2_foxy/install/ros2interface:/home/snowartz/ros2_foxy/install/ros2doctor:/home/snowartz/ros2_foxy/install/ros2action:/home/snowartz/ros2_foxy/install/ros2cli:/home/snowartz/ros2_foxy/install/quality_of_service_demo_py:/home/snowartz/ros2_foxy/install/launch_testing_ros:/home/snowartz/ros2_foxy/install/launch_ros:/home/snowartz/ros2_foxy/install/examples_rclpy_minimal_subscriber:/home/snowartz/ros2_foxy/install/examples_rclpy_minimal_service:/home/snowartz/ros2_foxy/install/examples_rclpy_minimal_publisher:/home/snowartz/ros2_foxy/install/examples_rclpy_minimal_client:/home/snowartz/ros2_foxy/install/examples_rclpy_minimal_action_server:/home/snowartz/ros2_foxy/install/examples_rclpy_minimal_action_client:/home/snowartz/ros2_foxy/install/examples_rclpy_executors:/home/snowartz/ros2_foxy/install/demo_nodes_py:/home/snowartz/ros2_foxy/install/action_tutorials_py:/home/snowartz/ros2_foxy/install/ament_uncrustify:/home/snowartz/ros2_foxy/install/tracetools_trace:/home/snowartz/ros2_foxy/install/tracetools_read:/home/snowartz/ros2_foxy/install/test_launch_ros:/home/snowartz/ros2_foxy/install/sensor_msgs_py:/home/snowartz/ros2_foxy/install/rpyutils:/home/snowartz/ros2_foxy/install/rosidl_runtime_py:/home/snowartz/ros2_foxy/install/launch_yaml:/home/snowartz/ros2_foxy/install/launch_xml:/home/snowartz/ros2_foxy/install/launch_testing:/home/snowartz/ros2_foxy/install/launch:/home/snowartz/ros2_foxy/install/osrf_pycommon:/home/snowartz/ros2_foxy/install/domain_coordinator:/home/snowartz/ros2_foxy/install/ament_xmllint:/home/snowartz/ros2_foxy/install/ament_pyflakes:/home/snowartz/ros2_foxy/install/ament_pycodestyle:/home/snowartz/ros2_foxy/install/ament_pep257:/home/snowartz/ros2_foxy/install/ament_pclint:/home/snowartz/ros2_foxy/install/ament_package:/home/snowartz/ros2_foxy/install/ament_mypy:/home/snowartz/ros2_foxy/install/ament_lint_cmake:/home/snowartz/ros2_foxy/install/ament_flake8:/home/snowartz/ros2_foxy/install/ament_copyright:/home/snowartz/ros2_foxy/install/ament_lint:/home/snowartz/ros2_foxy/install/ament_index_python:/home/snowartz/ros2_foxy/install/ament_cpplint:/home/snowartz/ros2_foxy/install/ament_cppcheck:/home/snowartz/ros2_foxy/install/ament_clang_tidy:/home/snowartz/ros2_foxy/install/ament_clang_format /usr/bin/cmake /home/snowartz/proyecto_final_ws/src/proyecto_interfaces -DCMAKE_INSTALL_PREFIX=/home/snowartz/proyecto_final_ws/install/proyecto_interfaces
[1.814s] Level 1:colcon.colcon_core.environment:create_environment_scripts_only(proyecto_interfaces)
[1.828s] Level 1:colcon.colcon_core.environment:checking '/home/snowartz/proyecto_final_ws/install/proyecto_interfaces' for CMake module files
[1.829s] Level 1:colcon.colcon_core.environment:checking '/home/snowartz/proyecto_final_ws/install/proyecto_interfaces' for CMake config files
[1.830s] Level 1:colcon.colcon_core.environment:checking '/home/snowartz/proyecto_final_ws/install/proyecto_interfaces/bin'
[1.830s] Level 1:colcon.colcon_core.environment:checking '/home/snowartz/proyecto_final_ws/install/proyecto_interfaces/lib/pkgconfig/proyecto_interfaces.pc'
[1.832s] Level 1:colcon.colcon_core.environment:checking '/home/snowartz/proyecto_final_ws/install/proyecto_interfaces/lib/python3.8/site-packages'
[1.832s] Level 1:colcon.colcon_core.environment:checking '/home/snowartz/proyecto_final_ws/install/proyecto_interfaces/bin'
[1.837s] INFO:colcon.colcon_core.shell:Creating package script '/home/snowartz/proyecto_final_ws/install/proyecto_interfaces/share/proyecto_interfaces/package.ps1'
[1.838s] INFO:colcon.colcon_core.shell:Creating package descriptor '/home/snowartz/proyecto_final_ws/install/proyecto_interfaces/share/proyecto_interfaces/package.dsv'
[1.838s] INFO:colcon.colcon_core.shell:Creating package script '/home/snowartz/proyecto_final_ws/install/proyecto_interfaces/share/proyecto_interfaces/package.sh'
[1.839s] INFO:colcon.colcon_core.shell:Creating package script '/home/snowartz/proyecto_final_ws/install/proyecto_interfaces/share/proyecto_interfaces/package.bash'
[1.839s] INFO:colcon.colcon_core.shell:Creating package script '/home/snowartz/proyecto_final_ws/install/proyecto_interfaces/share/proyecto_interfaces/package.zsh'
[1.840s] Level 1:colcon.colcon_core.environment:create_file_with_runtime_dependencies(/home/snowartz/proyecto_final_ws/install/proyecto_interfaces/share/colcon-core/packages/proyecto_interfaces)
[1.851s] DEBUG:colcon.colcon_parallel_executor.executor.parallel:closing loop
[1.851s] DEBUG:colcon.colcon_parallel_executor.executor.parallel:loop closed
[1.851s] DEBUG:colcon.colcon_parallel_executor.executor.parallel:run_until_complete finished with '1'
[1.851s] DEBUG:colcon.colcon_core.event_reactor:joining thread
[1.865s] INFO:colcon.colcon_core.plugin_system:Skipping extension 'colcon_notification.desktop_notification.terminal_notifier': Not used on non-Darwin systems
[1.865s] INFO:colcon.colcon_core.plugin_system:Skipping extension 'colcon_notification.desktop_notification.win32': Not used on non-Windows systems
[1.865s] INFO:colcon.colcon_notification.desktop_notification:Sending desktop notification using 'notify2'
[1.881s] DEBUG:colcon.colcon_core.event_reactor:joined thread
[1.886s] INFO:colcon.colcon_core.shell:Creating prefix script '/home/snowartz/proyecto_final_ws/install/local_setup.ps1'
[1.887s] INFO:colcon.colcon_core.shell:Creating prefix util module '/home/snowartz/proyecto_final_ws/install/_local_setup_util_ps1.py'
[1.888s] INFO:colcon.colcon_core.shell:Creating prefix chain script '/home/snowartz/proyecto_final_ws/install/setup.ps1'
[1.900s] INFO:colcon.colcon_core.shell:Creating prefix script '/home/snowartz/proyecto_final_ws/install/local_setup.sh'
[1.901s] INFO:colcon.colcon_core.shell:Creating prefix util module '/home/snowartz/proyecto_final_ws/install/_local_setup_util_sh.py'
[1.902s] INFO:colcon.colcon_core.shell:Creating prefix chain script '/home/snowartz/proyecto_final_ws/install/setup.sh'
[1.918s] INFO:colcon.colcon_core.shell:Creating prefix script '/home/snowartz/proyecto_final_ws/install/local_setup.bash'
[1.919s] INFO:colcon.colcon_core.shell:Creating prefix chain script '/home/snowartz/proyecto_final_ws/install/setup.bash'
[1.930s] INFO:colcon.colcon_core.shell:Creating prefix script '/home/snowartz/proyecto_final_ws/install/local_setup.zsh'
[1.931s] INFO:colcon.colcon_core.shell:Creating prefix chain script '/home/snowartz/proyecto_final_ws/install/setup.zsh'
