[3.132s] DEBUG:colcon:Command line arguments: ['/usr/bin/colcon', 'build']
[3.133s] DEBUG:colcon:Parsed command line arguments: Namespace(log_base=None, log_level=None, verb_name='build', build_base='build', install_base='install', merge_install=False, symlink_install=False, test_result_base=None, continue_on_error=False, executor='parallel', parallel_workers=4, event_handlers=None, ignore_user_meta=False, metas=['./colcon.meta'], base_paths=['.'], packages_ignore=None, packages_ignore_regex=None, paths=None, packages_up_to=None, packages_up_to_regex=None, packages_above=None, packages_above_and_dependencies=None, packages_above_depth=None, packages_select_by_dep=None, packages_skip_by_dep=None, packages_skip_up_to=None, packages_select_build_failed=False, packages_skip_build_finished=False, packages_select_test_failures=False, packages_skip_test_passed=False, packages_select=None, packages_skip=None, packages_select_regex=None, packages_skip_regex=None, packages_start=None, packages_end=None, allow_overriding=[], cmake_args=None, cmake_target=None, cmake_target_skip_unavailable=False, cmake_clean_cache=False, cmake_clean_first=False, cmake_force_configure=False, ament_cmake_args=None, catkin_cmake_args=None, catkin_skip_building_tests=False, verb_parser=<colcon_defaults.argument_parser.defaults.DefaultArgumentsDecorator object at 0xffffac21bd00>, verb_extension=<colcon_core.verb.build.BuildVerb object at 0xffffacafe200>, main=<bound method BuildVerb.main of <colcon_core.verb.build.BuildVerb object at 0xffffacafe200>>)
[3.430s] Level 1:colcon.colcon_core.package_discovery:discover_packages(colcon_meta) check parameters
[3.431s] Level 1:colcon.colcon_core.package_discovery:discover_packages(recursive) check parameters
[3.431s] Level 1:colcon.colcon_core.package_discovery:discover_packages(ignore) check parameters
[3.431s] Level 1:colcon.colcon_core.package_discovery:discover_packages(path) check parameters
[3.431s] Level 1:colcon.colcon_core.package_discovery:discover_packages(colcon_meta) discover
[3.431s] Level 1:colcon.colcon_core.package_discovery:discover_packages(recursive) discover
[3.432s] INFO:colcon.colcon_core.package_discovery:Crawling recursively for packages in '/home/abmodelo2023/Proyecto/Proyecto-Final-Robotica-202310'
[3.432s] Level 1:colcon.colcon_core.package_identification:_identify(.) by extensions ['ignore', 'ignore_ament_install']
[3.433s] Level 1:colcon.colcon_core.package_identification:_identify(.) by extension 'ignore'
[3.433s] Level 1:colcon.colcon_core.package_identification:_identify(.) by extension 'ignore_ament_install'
[3.434s] Level 1:colcon.colcon_core.package_identification:_identify(.) by extensions ['colcon_pkg']
[3.434s] Level 1:colcon.colcon_core.package_identification:_identify(.) by extension 'colcon_pkg'
[3.434s] Level 1:colcon.colcon_core.package_identification:_identify(.) by extensions ['colcon_meta']
[3.434s] Level 1:colcon.colcon_core.package_identification:_identify(.) by extension 'colcon_meta'
[3.435s] Level 1:colcon.colcon_core.package_identification:_identify(.) by extensions ['ros']
[3.435s] Level 1:colcon.colcon_core.package_identification:_identify(.) by extension 'ros'
[3.521s] Level 1:colcon.colcon_core.package_identification:_identify(.) by extensions ['cmake', 'python']
[3.521s] Level 1:colcon.colcon_core.package_identification:_identify(.) by extension 'cmake'
[3.521s] Level 1:colcon.colcon_core.package_identification:_identify(.) by extension 'python'
[3.522s] Level 1:colcon.colcon_core.package_identification:_identify(.) by extensions ['python_setup_py']
[3.522s] Level 1:colcon.colcon_core.package_identification:_identify(.) by extension 'python_setup_py'
[3.522s] Level 1:colcon.colcon_core.package_identification:_identify(build) by extensions ['ignore', 'ignore_ament_install']
[3.523s] Level 1:colcon.colcon_core.package_identification:_identify(build) by extension 'ignore'
[3.523s] Level 1:colcon.colcon_core.package_identification:_identify(build) ignored
[3.524s] Level 1:colcon.colcon_core.package_identification:_identify(data) by extensions ['ignore', 'ignore_ament_install']
[3.524s] Level 1:colcon.colcon_core.package_identification:_identify(data) by extension 'ignore'
[3.525s] Level 1:colcon.colcon_core.package_identification:_identify(data) by extension 'ignore_ament_install'
[3.525s] Level 1:colcon.colcon_core.package_identification:_identify(data) by extensions ['colcon_pkg']
[3.525s] Level 1:colcon.colcon_core.package_identification:_identify(data) by extension 'colcon_pkg'
[3.525s] Level 1:colcon.colcon_core.package_identification:_identify(data) by extensions ['colcon_meta']
[3.525s] Level 1:colcon.colcon_core.package_identification:_identify(data) by extension 'colcon_meta'
[3.526s] Level 1:colcon.colcon_core.package_identification:_identify(data) by extensions ['ros']
[3.526s] Level 1:colcon.colcon_core.package_identification:_identify(data) by extension 'ros'
[3.526s] Level 1:colcon.colcon_core.package_identification:_identify(data) by extensions ['cmake', 'python']
[3.526s] Level 1:colcon.colcon_core.package_identification:_identify(data) by extension 'cmake'
[3.527s] Level 1:colcon.colcon_core.package_identification:_identify(data) by extension 'python'
[3.527s] Level 1:colcon.colcon_core.package_identification:_identify(data) by extensions ['python_setup_py']
[3.527s] Level 1:colcon.colcon_core.package_identification:_identify(data) by extension 'python_setup_py'
[3.528s] Level 1:colcon.colcon_core.package_identification:_identify(install) by extensions ['ignore', 'ignore_ament_install']
[3.528s] Level 1:colcon.colcon_core.package_identification:_identify(install) by extension 'ignore'
[3.528s] Level 1:colcon.colcon_core.package_identification:_identify(install) ignored
[3.529s] Level 1:colcon.colcon_core.package_identification:_identify(log) by extensions ['ignore', 'ignore_ament_install']
[3.529s] Level 1:colcon.colcon_core.package_identification:_identify(log) by extension 'ignore'
[3.530s] Level 1:colcon.colcon_core.package_identification:_identify(log) ignored
[3.530s] Level 1:colcon.colcon_core.package_identification:_identify(proyecto_final_ws) by extensions ['ignore', 'ignore_ament_install']
[3.530s] Level 1:colcon.colcon_core.package_identification:_identify(proyecto_final_ws) by extension 'ignore'
[3.531s] Level 1:colcon.colcon_core.package_identification:_identify(proyecto_final_ws) by extension 'ignore_ament_install'
[3.531s] Level 1:colcon.colcon_core.package_identification:_identify(proyecto_final_ws) by extensions ['colcon_pkg']
[3.531s] Level 1:colcon.colcon_core.package_identification:_identify(proyecto_final_ws) by extension 'colcon_pkg'
[3.532s] Level 1:colcon.colcon_core.package_identification:_identify(proyecto_final_ws) by extensions ['colcon_meta']
[3.532s] Level 1:colcon.colcon_core.package_identification:_identify(proyecto_final_ws) by extension 'colcon_meta'
[3.532s] Level 1:colcon.colcon_core.package_identification:_identify(proyecto_final_ws) by extensions ['ros']
[3.532s] Level 1:colcon.colcon_core.package_identification:_identify(proyecto_final_ws) by extension 'ros'
[3.533s] Level 1:colcon.colcon_core.package_identification:_identify(proyecto_final_ws) by extensions ['cmake', 'python']
[3.533s] Level 1:colcon.colcon_core.package_identification:_identify(proyecto_final_ws) by extension 'cmake'
[3.533s] Level 1:colcon.colcon_core.package_identification:_identify(proyecto_final_ws) by extension 'python'
[3.533s] Level 1:colcon.colcon_core.package_identification:_identify(proyecto_final_ws) by extensions ['python_setup_py']
[3.533s] Level 1:colcon.colcon_core.package_identification:_identify(proyecto_final_ws) by extension 'python_setup_py'
[3.534s] Level 1:colcon.colcon_core.package_identification:_identify(proyecto_final_ws/src) by extensions ['ignore', 'ignore_ament_install']
[3.534s] Level 1:colcon.colcon_core.package_identification:_identify(proyecto_final_ws/src) by extension 'ignore'
[3.535s] Level 1:colcon.colcon_core.package_identification:_identify(proyecto_final_ws/src) by extension 'ignore_ament_install'
[3.535s] Level 1:colcon.colcon_core.package_identification:_identify(proyecto_final_ws/src) by extensions ['colcon_pkg']
[3.535s] Level 1:colcon.colcon_core.package_identification:_identify(proyecto_final_ws/src) by extension 'colcon_pkg'
[3.535s] Level 1:colcon.colcon_core.package_identification:_identify(proyecto_final_ws/src) by extensions ['colcon_meta']
[3.536s] Level 1:colcon.colcon_core.package_identification:_identify(proyecto_final_ws/src) by extension 'colcon_meta'
[3.536s] Level 1:colcon.colcon_core.package_identification:_identify(proyecto_final_ws/src) by extensions ['ros']
[3.536s] Level 1:colcon.colcon_core.package_identification:_identify(proyecto_final_ws/src) by extension 'ros'
[3.536s] Level 1:colcon.colcon_core.package_identification:_identify(proyecto_final_ws/src) by extensions ['cmake', 'python']
[3.537s] Level 1:colcon.colcon_core.package_identification:_identify(proyecto_final_ws/src) by extension 'cmake'
[3.537s] Level 1:colcon.colcon_core.package_identification:_identify(proyecto_final_ws/src) by extension 'python'
[3.537s] Level 1:colcon.colcon_core.package_identification:_identify(proyecto_final_ws/src) by extensions ['python_setup_py']
[3.537s] Level 1:colcon.colcon_core.package_identification:_identify(proyecto_final_ws/src) by extension 'python_setup_py'
[3.538s] Level 1:colcon.colcon_core.package_identification:_identify(proyecto_final_ws/src/proyecto_interfaces) by extensions ['ignore', 'ignore_ament_install']
[3.538s] Level 1:colcon.colcon_core.package_identification:_identify(proyecto_final_ws/src/proyecto_interfaces) by extension 'ignore'
[3.539s] Level 1:colcon.colcon_core.package_identification:_identify(proyecto_final_ws/src/proyecto_interfaces) by extension 'ignore_ament_install'
[3.539s] Level 1:colcon.colcon_core.package_identification:_identify(proyecto_final_ws/src/proyecto_interfaces) by extensions ['colcon_pkg']
[3.539s] Level 1:colcon.colcon_core.package_identification:_identify(proyecto_final_ws/src/proyecto_interfaces) by extension 'colcon_pkg'
[3.539s] Level 1:colcon.colcon_core.package_identification:_identify(proyecto_final_ws/src/proyecto_interfaces) by extensions ['colcon_meta']
[3.539s] Level 1:colcon.colcon_core.package_identification:_identify(proyecto_final_ws/src/proyecto_interfaces) by extension 'colcon_meta'
[3.540s] Level 1:colcon.colcon_core.package_identification:_identify(proyecto_final_ws/src/proyecto_interfaces) by extensions ['ros']
[3.540s] Level 1:colcon.colcon_core.package_identification:_identify(proyecto_final_ws/src/proyecto_interfaces) by extension 'ros'
[3.554s] DEBUG:colcon.colcon_core.package_identification:Package 'proyecto_final_ws/src/proyecto_interfaces' with type 'ros.ament_cmake' and name 'proyecto_interfaces'
[3.556s] Level 1:colcon.colcon_core.package_identification:_identify(proyecto_final_ws/src/proyecto_master_pkg) by extensions ['ignore', 'ignore_ament_install']
[3.557s] Level 1:colcon.colcon_core.package_identification:_identify(proyecto_final_ws/src/proyecto_master_pkg) by extension 'ignore'
[3.557s] Level 1:colcon.colcon_core.package_identification:_identify(proyecto_final_ws/src/proyecto_master_pkg) by extension 'ignore_ament_install'
[3.558s] Level 1:colcon.colcon_core.package_identification:_identify(proyecto_final_ws/src/proyecto_master_pkg) by extensions ['colcon_pkg']
[3.558s] Level 1:colcon.colcon_core.package_identification:_identify(proyecto_final_ws/src/proyecto_master_pkg) by extension 'colcon_pkg'
[3.558s] Level 1:colcon.colcon_core.package_identification:_identify(proyecto_final_ws/src/proyecto_master_pkg) by extensions ['colcon_meta']
[3.558s] Level 1:colcon.colcon_core.package_identification:_identify(proyecto_final_ws/src/proyecto_master_pkg) by extension 'colcon_meta'
[3.559s] Level 1:colcon.colcon_core.package_identification:_identify(proyecto_final_ws/src/proyecto_master_pkg) by extensions ['ros']
[3.559s] Level 1:colcon.colcon_core.package_identification:_identify(proyecto_final_ws/src/proyecto_master_pkg) by extension 'ros'
[3.563s] DEBUG:colcon.colcon_core.package_identification:Package 'proyecto_final_ws/src/proyecto_master_pkg' with type 'ros.ament_python' and name 'proyecto_master_pkg'
[3.565s] Level 1:colcon.colcon_core.package_identification:_identify(proyecto_final_ws/src/vision_opencv) by extensions ['ignore', 'ignore_ament_install']
[3.566s] Level 1:colcon.colcon_core.package_identification:_identify(proyecto_final_ws/src/vision_opencv) by extension 'ignore'
[3.567s] Level 1:colcon.colcon_core.package_identification:_identify(proyecto_final_ws/src/vision_opencv) by extension 'ignore_ament_install'
[3.567s] Level 1:colcon.colcon_core.package_identification:_identify(proyecto_final_ws/src/vision_opencv) by extensions ['colcon_pkg']
[3.568s] Level 1:colcon.colcon_core.package_identification:_identify(proyecto_final_ws/src/vision_opencv) by extension 'colcon_pkg'
[3.568s] Level 1:colcon.colcon_core.package_identification:_identify(proyecto_final_ws/src/vision_opencv) by extensions ['colcon_meta']
[3.568s] Level 1:colcon.colcon_core.package_identification:_identify(proyecto_final_ws/src/vision_opencv) by extension 'colcon_meta'
[3.568s] Level 1:colcon.colcon_core.package_identification:_identify(proyecto_final_ws/src/vision_opencv) by extensions ['ros']
[3.569s] Level 1:colcon.colcon_core.package_identification:_identify(proyecto_final_ws/src/vision_opencv) by extension 'ros'
[3.569s] Level 1:colcon.colcon_core.package_identification:_identify(proyecto_final_ws/src/vision_opencv) by extensions ['cmake', 'python']
[3.569s] Level 1:colcon.colcon_core.package_identification:_identify(proyecto_final_ws/src/vision_opencv) by extension 'cmake'
[3.569s] Level 1:colcon.colcon_core.package_identification:_identify(proyecto_final_ws/src/vision_opencv) by extension 'python'
[3.570s] Level 1:colcon.colcon_core.package_identification:_identify(proyecto_final_ws/src/vision_opencv) by extensions ['python_setup_py']
[3.570s] Level 1:colcon.colcon_core.package_identification:_identify(proyecto_final_ws/src/vision_opencv) by extension 'python_setup_py'
[3.570s] Level 1:colcon.colcon_core.package_discovery:discover_packages(recursive) using defaults
[3.570s] Level 1:colcon.colcon_core.package_discovery:discover_packages(ignore) discover
[3.571s] Level 1:colcon.colcon_core.package_discovery:discover_packages(ignore) using defaults
[3.571s] Level 1:colcon.colcon_core.package_discovery:discover_packages(path) discover
[3.571s] Level 1:colcon.colcon_core.package_discovery:discover_packages(path) using defaults
[3.748s] Level 1:colcon.colcon_core.package_discovery:discover_packages(prefix_path) check parameters
[3.748s] Level 1:colcon.colcon_core.package_discovery:discover_packages(prefix_path) discover
[3.783s] DEBUG:colcon.colcon_installed_package_information.package_discovery:Found 270 installed packages in /opt/ros/humble
[3.792s] Level 1:colcon.colcon_core.package_discovery:discover_packages(prefix_path) using defaults
[4.228s] Level 5:colcon.colcon_core.verb:set package 'proyecto_interfaces' build argument 'cmake_args' from command line to 'None'
[4.228s] Level 5:colcon.colcon_core.verb:set package 'proyecto_interfaces' build argument 'cmake_target' from command line to 'None'
[4.229s] Level 5:colcon.colcon_core.verb:set package 'proyecto_interfaces' build argument 'cmake_target_skip_unavailable' from command line to 'False'
[4.229s] Level 5:colcon.colcon_core.verb:set package 'proyecto_interfaces' build argument 'cmake_clean_cache' from command line to 'False'
[4.229s] Level 5:colcon.colcon_core.verb:set package 'proyecto_interfaces' build argument 'cmake_clean_first' from command line to 'False'
[4.229s] Level 5:colcon.colcon_core.verb:set package 'proyecto_interfaces' build argument 'cmake_force_configure' from command line to 'False'
[4.229s] Level 5:colcon.colcon_core.verb:set package 'proyecto_interfaces' build argument 'ament_cmake_args' from command line to 'None'
[4.229s] Level 5:colcon.colcon_core.verb:set package 'proyecto_interfaces' build argument 'catkin_cmake_args' from command line to 'None'
[4.229s] Level 5:colcon.colcon_core.verb:set package 'proyecto_interfaces' build argument 'catkin_skip_building_tests' from command line to 'False'
[4.230s] DEBUG:colcon.colcon_core.verb:Building package 'proyecto_interfaces' with the following arguments: {'ament_cmake_args': None, 'build_base': '/home/abmodelo2023/Proyecto/Proyecto-Final-Robotica-202310/build/proyecto_interfaces', 'catkin_cmake_args': None, 'catkin_skip_building_tests': False, 'cmake_args': None, 'cmake_clean_cache': False, 'cmake_clean_first': False, 'cmake_force_configure': False, 'cmake_target': None, 'cmake_target_skip_unavailable': False, 'install_base': '/home/abmodelo2023/Proyecto/Proyecto-Final-Robotica-202310/install/proyecto_interfaces', 'merge_install': False, 'path': '/home/abmodelo2023/Proyecto/Proyecto-Final-Robotica-202310/proyecto_final_ws/src/proyecto_interfaces', 'symlink_install': False, 'test_result_base': None}
[4.234s] Level 5:colcon.colcon_core.verb:set package 'proyecto_master_pkg' build argument 'cmake_args' from command line to 'None'
[4.235s] Level 5:colcon.colcon_core.verb:set package 'proyecto_master_pkg' build argument 'cmake_target' from command line to 'None'
[4.235s] Level 5:colcon.colcon_core.verb:set package 'proyecto_master_pkg' build argument 'cmake_target_skip_unavailable' from command line to 'False'
[4.235s] Level 5:colcon.colcon_core.verb:set package 'proyecto_master_pkg' build argument 'cmake_clean_cache' from command line to 'False'
[4.235s] Level 5:colcon.colcon_core.verb:set package 'proyecto_master_pkg' build argument 'cmake_clean_first' from command line to 'False'
[4.235s] Level 5:colcon.colcon_core.verb:set package 'proyecto_master_pkg' build argument 'cmake_force_configure' from command line to 'False'
[4.235s] Level 5:colcon.colcon_core.verb:set package 'proyecto_master_pkg' build argument 'ament_cmake_args' from command line to 'None'
[4.235s] Level 5:colcon.colcon_core.verb:set package 'proyecto_master_pkg' build argument 'catkin_cmake_args' from command line to 'None'
[4.236s] Level 5:colcon.colcon_core.verb:set package 'proyecto_master_pkg' build argument 'catkin_skip_building_tests' from command line to 'False'
[4.236s] DEBUG:colcon.colcon_core.verb:Building package 'proyecto_master_pkg' with the following arguments: {'ament_cmake_args': None, 'build_base': '/home/abmodelo2023/Proyecto/Proyecto-Final-Robotica-202310/build/proyecto_master_pkg', 'catkin_cmake_args': None, 'catkin_skip_building_tests': False, 'cmake_args': None, 'cmake_clean_cache': False, 'cmake_clean_first': False, 'cmake_force_configure': False, 'cmake_target': None, 'cmake_target_skip_unavailable': False, 'install_base': '/home/abmodelo2023/Proyecto/Proyecto-Final-Robotica-202310/install/proyecto_master_pkg', 'merge_install': False, 'path': '/home/abmodelo2023/Proyecto/Proyecto-Final-Robotica-202310/proyecto_final_ws/src/proyecto_master_pkg', 'symlink_install': False, 'test_result_base': None}
[4.239s] INFO:colcon.colcon_core.executor:Executing jobs using 'parallel' executor
[4.253s] DEBUG:colcon.colcon_parallel_executor.executor.parallel:run_until_complete
[4.254s] INFO:colcon.colcon_ros.task.ament_cmake.build:Building ROS package in '/home/abmodelo2023/Proyecto/Proyecto-Final-Robotica-202310/proyecto_final_ws/src/proyecto_interfaces' with build type 'ament_cmake'
[4.255s] INFO:colcon.colcon_cmake.task.cmake.build:Building CMake package in '/home/abmodelo2023/Proyecto/Proyecto-Final-Robotica-202310/proyecto_final_ws/src/proyecto_interfaces'
[4.300s] INFO:colcon.colcon_core.plugin_system:Skipping extension 'colcon_core.shell.bat': Not used on non-Windows systems
[4.302s] INFO:colcon.colcon_core.shell:Skip shell extension 'powershell' for command environment: Not usable outside of PowerShell
[4.302s] DEBUG:colcon.colcon_core.shell:Skip shell extension 'dsv' for command environment
[4.327s] INFO:colcon.colcon_ros.task.ament_python.build:Building ROS package in '/home/abmodelo2023/Proyecto/Proyecto-Final-Robotica-202310/proyecto_final_ws/src/proyecto_master_pkg' with build type 'ament_python'
[4.328s] Level 1:colcon.colcon_core.shell:create_environment_hook('proyecto_master_pkg', 'ament_prefix_path')
[4.335s] INFO:colcon.colcon_core.shell:Creating environment hook '/home/abmodelo2023/Proyecto/Proyecto-Final-Robotica-202310/install/proyecto_master_pkg/share/proyecto_master_pkg/hook/ament_prefix_path.ps1'
[4.339s] INFO:colcon.colcon_core.shell:Creating environment descriptor '/home/abmodelo2023/Proyecto/Proyecto-Final-Robotica-202310/install/proyecto_master_pkg/share/proyecto_master_pkg/hook/ament_prefix_path.dsv'
[4.342s] INFO:colcon.colcon_core.shell:Creating environment hook '/home/abmodelo2023/Proyecto/Proyecto-Final-Robotica-202310/install/proyecto_master_pkg/share/proyecto_master_pkg/hook/ament_prefix_path.sh'
[4.354s] INFO:colcon.colcon_core.shell:Skip shell extension 'powershell' for command environment: Not usable outside of PowerShell
[4.355s] DEBUG:colcon.colcon_core.shell:Skip shell extension 'dsv' for command environment
[4.413s] DEBUG:colcon.colcon_core.event_handler.log_command:Invoking command in '/home/abmodelo2023/Proyecto/Proyecto-Final-Robotica-202310/build/proyecto_interfaces': CMAKE_PREFIX_PATH=/opt/ros/humble /usr/bin/cmake --build /home/abmodelo2023/Proyecto/Proyecto-Final-Robotica-202310/build/proyecto_interfaces -- -j4 -l4
[6.558s] INFO:colcon.colcon_core.task.python.build:Building Python package in '/home/abmodelo2023/Proyecto/Proyecto-Final-Robotica-202310/proyecto_final_ws/src/proyecto_master_pkg'
[6.565s] INFO:colcon.colcon_core.shell:Skip shell extension 'powershell' for command environment: Not usable outside of PowerShell
[6.565s] DEBUG:colcon.colcon_core.shell:Skip shell extension 'dsv' for command environment
[7.178s] DEBUG:colcon.colcon_core.event_handler.log_command:Invoked command in '/home/abmodelo2023/Proyecto/Proyecto-Final-Robotica-202310/build/proyecto_interfaces' returned '0': CMAKE_PREFIX_PATH=/opt/ros/humble /usr/bin/cmake --build /home/abmodelo2023/Proyecto/Proyecto-Final-Robotica-202310/build/proyecto_interfaces -- -j4 -l4
[8.036s] DEBUG:colcon.colcon_core.event_handler.log_command:Invoking command in '/home/abmodelo2023/Proyecto/Proyecto-Final-Robotica-202310/build/proyecto_interfaces': CMAKE_PREFIX_PATH=/opt/ros/humble /usr/bin/cmake --install /home/abmodelo2023/Proyecto/Proyecto-Final-Robotica-202310/build/proyecto_interfaces
[8.514s] Level 1:colcon.colcon_core.environment:create_environment_scripts_only(proyecto_interfaces)
[8.574s] DEBUG:colcon.colcon_core.event_handler.log_command:Invoked command in '/home/abmodelo2023/Proyecto/Proyecto-Final-Robotica-202310/build/proyecto_interfaces' returned '0': CMAKE_PREFIX_PATH=/opt/ros/humble /usr/bin/cmake --install /home/abmodelo2023/Proyecto/Proyecto-Final-Robotica-202310/build/proyecto_interfaces
[8.609s] Level 1:colcon.colcon_core.environment:checking '/home/abmodelo2023/Proyecto/Proyecto-Final-Robotica-202310/install/proyecto_interfaces' for CMake module files
[8.616s] Level 1:colcon.colcon_core.environment:checking '/home/abmodelo2023/Proyecto/Proyecto-Final-Robotica-202310/install/proyecto_interfaces' for CMake config files
[8.630s] Level 1:colcon.colcon_core.shell:create_environment_hook('proyecto_interfaces', 'cmake_prefix_path')
[8.640s] INFO:colcon.colcon_core.shell:Creating environment hook '/home/abmodelo2023/Proyecto/Proyecto-Final-Robotica-202310/install/proyecto_interfaces/share/proyecto_interfaces/hook/cmake_prefix_path.ps1'
[8.651s] INFO:colcon.colcon_core.shell:Creating environment descriptor '/home/abmodelo2023/Proyecto/Proyecto-Final-Robotica-202310/install/proyecto_interfaces/share/proyecto_interfaces/hook/cmake_prefix_path.dsv'
[8.654s] INFO:colcon.colcon_core.shell:Creating environment hook '/home/abmodelo2023/Proyecto/Proyecto-Final-Robotica-202310/install/proyecto_interfaces/share/proyecto_interfaces/hook/cmake_prefix_path.sh'
[8.659s] Level 1:colcon.colcon_core.environment:checking '/home/abmodelo2023/Proyecto/Proyecto-Final-Robotica-202310/install/proyecto_interfaces/lib'
[8.660s] Level 1:colcon.colcon_core.shell:create_environment_hook('proyecto_interfaces', 'ld_library_path_lib')
[8.671s] INFO:colcon.colcon_core.shell:Creating environment hook '/home/abmodelo2023/Proyecto/Proyecto-Final-Robotica-202310/install/proyecto_interfaces/share/proyecto_interfaces/hook/ld_library_path_lib.ps1'
[8.675s] INFO:colcon.colcon_core.shell:Creating environment descriptor '/home/abmodelo2023/Proyecto/Proyecto-Final-Robotica-202310/install/proyecto_interfaces/share/proyecto_interfaces/hook/ld_library_path_lib.dsv'
[8.681s] INFO:colcon.colcon_core.shell:Creating environment hook '/home/abmodelo2023/Proyecto/Proyecto-Final-Robotica-202310/install/proyecto_interfaces/share/proyecto_interfaces/hook/ld_library_path_lib.sh'
[8.685s] Level 1:colcon.colcon_core.environment:checking '/home/abmodelo2023/Proyecto/Proyecto-Final-Robotica-202310/install/proyecto_interfaces/bin'
[8.686s] Level 1:colcon.colcon_core.environment:checking '/home/abmodelo2023/Proyecto/Proyecto-Final-Robotica-202310/install/proyecto_interfaces/lib/pkgconfig/proyecto_interfaces.pc'
[8.687s] Level 1:colcon.colcon_core.environment:checking '/home/abmodelo2023/Proyecto/Proyecto-Final-Robotica-202310/install/proyecto_interfaces/lib/python3.10/site-packages'
[8.689s] Level 1:colcon.colcon_core.environment:checking '/home/abmodelo2023/Proyecto/Proyecto-Final-Robotica-202310/install/proyecto_interfaces/bin'
[8.698s] INFO:colcon.colcon_core.shell:Creating package script '/home/abmodelo2023/Proyecto/Proyecto-Final-Robotica-202310/install/proyecto_interfaces/share/proyecto_interfaces/package.ps1'
[8.707s] INFO:colcon.colcon_core.shell:Creating package descriptor '/home/abmodelo2023/Proyecto/Proyecto-Final-Robotica-202310/install/proyecto_interfaces/share/proyecto_interfaces/package.dsv'
[8.712s] INFO:colcon.colcon_core.shell:Creating package script '/home/abmodelo2023/Proyecto/Proyecto-Final-Robotica-202310/install/proyecto_interfaces/share/proyecto_interfaces/package.sh'
[8.718s] INFO:colcon.colcon_core.shell:Creating package script '/home/abmodelo2023/Proyecto/Proyecto-Final-Robotica-202310/install/proyecto_interfaces/share/proyecto_interfaces/package.bash'
[8.724s] INFO:colcon.colcon_core.shell:Creating package script '/home/abmodelo2023/Proyecto/Proyecto-Final-Robotica-202310/install/proyecto_interfaces/share/proyecto_interfaces/package.zsh'
[8.730s] Level 1:colcon.colcon_core.environment:create_file_with_runtime_dependencies(/home/abmodelo2023/Proyecto/Proyecto-Final-Robotica-202310/install/proyecto_interfaces/share/colcon-core/packages/proyecto_interfaces)
[9.181s] DEBUG:colcon.colcon_core.event_handler.log_command:Invoking command in '/home/abmodelo2023/Proyecto/Proyecto-Final-Robotica-202310/proyecto_final_ws/src/proyecto_master_pkg': PYTHONPATH=/home/abmodelo2023/Proyecto/Proyecto-Final-Robotica-202310/build/proyecto_master_pkg/prefix_override:/home/abmodelo2023/Proyecto/Proyecto-Final-Robotica-202310/install/proyecto_master_pkg/lib/python3.10/site-packages:${PYTHONPATH} /usr/bin/python3 setup.py egg_info --egg-base ../../../build/proyecto_master_pkg build --build-base /home/abmodelo2023/Proyecto/Proyecto-Final-Robotica-202310/build/proyecto_master_pkg/build install --record /home/abmodelo2023/Proyecto/Proyecto-Final-Robotica-202310/build/proyecto_master_pkg/install.log --install-scripts $base/lib/proyecto_master_pkg --single-version-externally-managed
[9.660s] Level 1:colcon.colcon_core.environment:create_environment_scripts_only(proyecto_interfaces)
[9.670s] Level 1:colcon.colcon_core.environment:checking '/home/abmodelo2023/Proyecto/Proyecto-Final-Robotica-202310/install/proyecto_interfaces' for CMake module files
[9.676s] Level 1:colcon.colcon_core.environment:checking '/home/abmodelo2023/Proyecto/Proyecto-Final-Robotica-202310/install/proyecto_interfaces' for CMake config files
[9.681s] Level 1:colcon.colcon_core.shell:create_environment_hook('proyecto_interfaces', 'cmake_prefix_path')
[9.688s] INFO:colcon.colcon_core.shell:Creating environment hook '/home/abmodelo2023/Proyecto/Proyecto-Final-Robotica-202310/install/proyecto_interfaces/share/proyecto_interfaces/hook/cmake_prefix_path.ps1'
[9.690s] INFO:colcon.colcon_core.shell:Creating environment descriptor '/home/abmodelo2023/Proyecto/Proyecto-Final-Robotica-202310/install/proyecto_interfaces/share/proyecto_interfaces/hook/cmake_prefix_path.dsv'
[9.692s] INFO:colcon.colcon_core.shell:Creating environment hook '/home/abmodelo2023/Proyecto/Proyecto-Final-Robotica-202310/install/proyecto_interfaces/share/proyecto_interfaces/hook/cmake_prefix_path.sh'
[9.696s] Level 1:colcon.colcon_core.environment:checking '/home/abmodelo2023/Proyecto/Proyecto-Final-Robotica-202310/install/proyecto_interfaces/lib'
[9.697s] Level 1:colcon.colcon_core.shell:create_environment_hook('proyecto_interfaces', 'ld_library_path_lib')
[9.703s] INFO:colcon.colcon_core.shell:Creating environment hook '/home/abmodelo2023/Proyecto/Proyecto-Final-Robotica-202310/install/proyecto_interfaces/share/proyecto_interfaces/hook/ld_library_path_lib.ps1'
[9.705s] INFO:colcon.colcon_core.shell:Creating environment descriptor '/home/abmodelo2023/Proyecto/Proyecto-Final-Robotica-202310/install/proyecto_interfaces/share/proyecto_interfaces/hook/ld_library_path_lib.dsv'
[9.708s] INFO:colcon.colcon_core.shell:Creating environment hook '/home/abmodelo2023/Proyecto/Proyecto-Final-Robotica-202310/install/proyecto_interfaces/share/proyecto_interfaces/hook/ld_library_path_lib.sh'
[9.710s] Level 1:colcon.colcon_core.environment:checking '/home/abmodelo2023/Proyecto/Proyecto-Final-Robotica-202310/install/proyecto_interfaces/bin'
[9.711s] Level 1:colcon.colcon_core.environment:checking '/home/abmodelo2023/Proyecto/Proyecto-Final-Robotica-202310/install/proyecto_interfaces/lib/pkgconfig/proyecto_interfaces.pc'
[9.712s] Level 1:colcon.colcon_core.environment:checking '/home/abmodelo2023/Proyecto/Proyecto-Final-Robotica-202310/install/proyecto_interfaces/lib/python3.10/site-packages'
[9.713s] Level 1:colcon.colcon_core.environment:checking '/home/abmodelo2023/Proyecto/Proyecto-Final-Robotica-202310/install/proyecto_interfaces/bin'
[9.720s] INFO:colcon.colcon_core.shell:Creating package script '/home/abmodelo2023/Proyecto/Proyecto-Final-Robotica-202310/install/proyecto_interfaces/share/proyecto_interfaces/package.ps1'
[9.724s] INFO:colcon.colcon_core.shell:Creating package descriptor '/home/abmodelo2023/Proyecto/Proyecto-Final-Robotica-202310/install/proyecto_interfaces/share/proyecto_interfaces/package.dsv'
[9.727s] INFO:colcon.colcon_core.shell:Creating package script '/home/abmodelo2023/Proyecto/Proyecto-Final-Robotica-202310/install/proyecto_interfaces/share/proyecto_interfaces/package.sh'
[9.730s] INFO:colcon.colcon_core.shell:Creating package script '/home/abmodelo2023/Proyecto/Proyecto-Final-Robotica-202310/install/proyecto_interfaces/share/proyecto_interfaces/package.bash'
[9.733s] INFO:colcon.colcon_core.shell:Creating package script '/home/abmodelo2023/Proyecto/Proyecto-Final-Robotica-202310/install/proyecto_interfaces/share/proyecto_interfaces/package.zsh'
[9.735s] Level 1:colcon.colcon_core.environment:create_file_with_runtime_dependencies(/home/abmodelo2023/Proyecto/Proyecto-Final-Robotica-202310/install/proyecto_interfaces/share/colcon-core/packages/proyecto_interfaces)
[10.872s] Level 1:colcon.colcon_core.environment:checking '/home/abmodelo2023/Proyecto/Proyecto-Final-Robotica-202310/install/proyecto_master_pkg' for CMake module files
[10.874s] DEBUG:colcon.colcon_core.event_handler.log_command:Invoked command in '/home/abmodelo2023/Proyecto/Proyecto-Final-Robotica-202310/proyecto_final_ws/src/proyecto_master_pkg' returned '0': PYTHONPATH=/home/abmodelo2023/Proyecto/Proyecto-Final-Robotica-202310/build/proyecto_master_pkg/prefix_override:/home/abmodelo2023/Proyecto/Proyecto-Final-Robotica-202310/install/proyecto_master_pkg/lib/python3.10/site-packages:${PYTHONPATH} /usr/bin/python3 setup.py egg_info --egg-base ../../../build/proyecto_master_pkg build --build-base /home/abmodelo2023/Proyecto/Proyecto-Final-Robotica-202310/build/proyecto_master_pkg/build install --record /home/abmodelo2023/Proyecto/Proyecto-Final-Robotica-202310/build/proyecto_master_pkg/install.log --install-scripts $base/lib/proyecto_master_pkg --single-version-externally-managed
[10.877s] Level 1:colcon.colcon_core.environment:checking '/home/abmodelo2023/Proyecto/Proyecto-Final-Robotica-202310/install/proyecto_master_pkg' for CMake config files
[10.881s] Level 1:colcon.colcon_core.environment:checking '/home/abmodelo2023/Proyecto/Proyecto-Final-Robotica-202310/install/proyecto_master_pkg/lib'
[10.882s] Level 1:colcon.colcon_core.environment:checking '/home/abmodelo2023/Proyecto/Proyecto-Final-Robotica-202310/install/proyecto_master_pkg/bin'
[10.883s] Level 1:colcon.colcon_core.environment:checking '/home/abmodelo2023/Proyecto/Proyecto-Final-Robotica-202310/install/proyecto_master_pkg/lib/pkgconfig/proyecto_master_pkg.pc'
[10.884s] Level 1:colcon.colcon_core.environment:checking '/home/abmodelo2023/Proyecto/Proyecto-Final-Robotica-202310/install/proyecto_master_pkg/lib/python3.10/site-packages'
[10.884s] Level 1:colcon.colcon_core.shell:create_environment_hook('proyecto_master_pkg', 'pythonpath')
[10.890s] INFO:colcon.colcon_core.shell:Creating environment hook '/home/abmodelo2023/Proyecto/Proyecto-Final-Robotica-202310/install/proyecto_master_pkg/share/proyecto_master_pkg/hook/pythonpath.ps1'
[10.893s] INFO:colcon.colcon_core.shell:Creating environment descriptor '/home/abmodelo2023/Proyecto/Proyecto-Final-Robotica-202310/install/proyecto_master_pkg/share/proyecto_master_pkg/hook/pythonpath.dsv'
[10.895s] INFO:colcon.colcon_core.shell:Creating environment hook '/home/abmodelo2023/Proyecto/Proyecto-Final-Robotica-202310/install/proyecto_master_pkg/share/proyecto_master_pkg/hook/pythonpath.sh'
[10.898s] Level 1:colcon.colcon_core.environment:checking '/home/abmodelo2023/Proyecto/Proyecto-Final-Robotica-202310/install/proyecto_master_pkg/bin'
[10.898s] Level 1:colcon.colcon_core.environment:create_environment_scripts_only(proyecto_master_pkg)
[10.905s] INFO:colcon.colcon_core.shell:Creating package script '/home/abmodelo2023/Proyecto/Proyecto-Final-Robotica-202310/install/proyecto_master_pkg/share/proyecto_master_pkg/package.ps1'
[10.908s] INFO:colcon.colcon_core.shell:Creating package descriptor '/home/abmodelo2023/Proyecto/Proyecto-Final-Robotica-202310/install/proyecto_master_pkg/share/proyecto_master_pkg/package.dsv'
[10.910s] INFO:colcon.colcon_core.shell:Creating package script '/home/abmodelo2023/Proyecto/Proyecto-Final-Robotica-202310/install/proyecto_master_pkg/share/proyecto_master_pkg/package.sh'
[10.913s] INFO:colcon.colcon_core.shell:Creating package script '/home/abmodelo2023/Proyecto/Proyecto-Final-Robotica-202310/install/proyecto_master_pkg/share/proyecto_master_pkg/package.bash'
[10.915s] INFO:colcon.colcon_core.shell:Creating package script '/home/abmodelo2023/Proyecto/Proyecto-Final-Robotica-202310/install/proyecto_master_pkg/share/proyecto_master_pkg/package.zsh'
[10.917s] Level 1:colcon.colcon_core.environment:create_file_with_runtime_dependencies(/home/abmodelo2023/Proyecto/Proyecto-Final-Robotica-202310/install/proyecto_master_pkg/share/colcon-core/packages/proyecto_master_pkg)
[10.918s] DEBUG:colcon.colcon_parallel_executor.executor.parallel:closing loop
[10.920s] DEBUG:colcon.colcon_parallel_executor.executor.parallel:loop closed
[10.920s] DEBUG:colcon.colcon_parallel_executor.executor.parallel:run_until_complete finished with '0'
[10.921s] DEBUG:colcon.colcon_core.event_reactor:joining thread
[10.952s] INFO:colcon.colcon_core.plugin_system:Skipping extension 'colcon_notification.desktop_notification.terminal_notifier': Not used on non-Darwin systems
[10.954s] INFO:colcon.colcon_core.plugin_system:Skipping extension 'colcon_notification.desktop_notification.win32': Not used on non-Windows systems
[10.955s] INFO:colcon.colcon_notification.desktop_notification:Sending desktop notification using 'notify2'
[11.039s] DEBUG:colcon.colcon_core.event_reactor:joined thread
[11.046s] INFO:colcon.colcon_core.shell:Creating prefix script '/home/abmodelo2023/Proyecto/Proyecto-Final-Robotica-202310/install/local_setup.ps1'
[11.051s] INFO:colcon.colcon_core.shell:Creating prefix util module '/home/abmodelo2023/Proyecto/Proyecto-Final-Robotica-202310/install/_local_setup_util_ps1.py'
[11.060s] INFO:colcon.colcon_core.shell:Creating prefix chain script '/home/abmodelo2023/Proyecto/Proyecto-Final-Robotica-202310/install/setup.ps1'
[11.072s] INFO:colcon.colcon_core.shell:Creating prefix script '/home/abmodelo2023/Proyecto/Proyecto-Final-Robotica-202310/install/local_setup.sh'
[11.078s] INFO:colcon.colcon_core.shell:Creating prefix util module '/home/abmodelo2023/Proyecto/Proyecto-Final-Robotica-202310/install/_local_setup_util_sh.py'
[11.084s] INFO:colcon.colcon_core.shell:Creating prefix chain script '/home/abmodelo2023/Proyecto/Proyecto-Final-Robotica-202310/install/setup.sh'
[11.098s] INFO:colcon.colcon_core.shell:Creating prefix script '/home/abmodelo2023/Proyecto/Proyecto-Final-Robotica-202310/install/local_setup.bash'
[11.104s] INFO:colcon.colcon_core.shell:Creating prefix chain script '/home/abmodelo2023/Proyecto/Proyecto-Final-Robotica-202310/install/setup.bash'
[11.116s] INFO:colcon.colcon_core.shell:Creating prefix script '/home/abmodelo2023/Proyecto/Proyecto-Final-Robotica-202310/install/local_setup.zsh'
[11.119s] INFO:colcon.colcon_core.shell:Creating prefix chain script '/home/abmodelo2023/Proyecto/Proyecto-Final-Robotica-202310/install/setup.zsh'
