[0.154s] Invoking command in '/home/abmodelo2023/Proyecto/Proyecto-Final-Robotica-202310/build/proyecto_interfaces': CMAKE_PREFIX_PATH=/opt/ros/humble /usr/bin/cmake --build /home/abmodelo2023/Proyecto/Proyecto-Final-Robotica-202310/build/proyecto_interfaces -- -j4 -l4
[0.464s] [35m[1mConsolidate compiler generated dependencies of target proyecto_interfaces__rosidl_generator_c[0m
[0.508s] [  1%] Built target proyecto_interfaces__cpp
[0.573s] [  1%] Built target ament_cmake_python_copy_proyecto_interfaces
[0.600s] [35m[1mConsolidate compiler generated dependencies of target proyecto_interfaces__rosidl_typesupport_cpp[0m
[0.620s] [ 12%] Built target proyecto_interfaces__rosidl_generator_c
[0.642s] [35m[1mConsolidate compiler generated dependencies of target proyecto_interfaces__rosidl_typesupport_fastrtps_cpp[0m
[0.697s] [35m[1mConsolidate compiler generated dependencies of target proyecto_interfaces__rosidl_typesupport_introspection_cpp[0m
[0.766s] [ 23%] Built target proyecto_interfaces__rosidl_typesupport_cpp
[0.798s] [ 34%] Built target proyecto_interfaces__rosidl_typesupport_fastrtps_cpp
[0.857s] [35m[1mConsolidate compiler generated dependencies of target proyecto_interfaces__rosidl_typesupport_fastrtps_c[0m
[0.859s] [ 45%] Built target proyecto_interfaces__rosidl_typesupport_introspection_cpp
[0.911s] [35m[1mConsolidate compiler generated dependencies of target proyecto_interfaces__rosidl_typesupport_introspection_c[0m
[0.973s] [35m[1mConsolidate compiler generated dependencies of target proyecto_interfaces__rosidl_typesupport_c[0m
[0.986s] [ 56%] Built target proyecto_interfaces__rosidl_typesupport_fastrtps_c
[1.047s] [ 67%] Built target proyecto_interfaces__rosidl_typesupport_introspection_c
[1.070s] [ 78%] Built target proyecto_interfaces__rosidl_typesupport_c
[1.188s] [ 78%] Built target proyecto_interfaces
[1.328s] [ 80%] Built target proyecto_interfaces__py
[1.394s] [35m[1mConsolidate compiler generated dependencies of target proyecto_interfaces__rosidl_generator_py[0m
[1.498s] [ 89%] Built target proyecto_interfaces__rosidl_generator_py
[1.566s] [35m[1mConsolidate compiler generated dependencies of target proyecto_interfaces__rosidl_typesupport_c__pyext[0m
[1.582s] [35m[1mConsolidate compiler generated dependencies of target proyecto_interfaces__rosidl_typesupport_introspection_c__pyext[0m
[1.599s] [35m[1mConsolidate compiler generated dependencies of target proyecto_interfaces__rosidl_typesupport_fastrtps_c__pyext[0m
[1.649s] [ 92%] Built target proyecto_interfaces__rosidl_typesupport_c__pyext
[1.751s] [ 96%] Built target proyecto_interfaces__rosidl_typesupport_fastrtps_c__pyext
[1.761s] [100%] Built target proyecto_interfaces__rosidl_typesupport_introspection_c__pyext
[2.667s] running egg_info
[2.671s] writing proyecto_interfaces.egg-info/PKG-INFO
[2.673s] writing dependency_links to proyecto_interfaces.egg-info/dependency_links.txt
[2.675s] writing top-level names to proyecto_interfaces.egg-info/top_level.txt
[2.692s] reading manifest file 'proyecto_interfaces.egg-info/SOURCES.txt'
[2.697s] writing manifest file 'proyecto_interfaces.egg-info/SOURCES.txt'
[2.863s] [100%] Built target ament_cmake_python_build_proyecto_interfaces_egg
[2.920s] Invoked command in '/home/abmodelo2023/Proyecto/Proyecto-Final-Robotica-202310/build/proyecto_interfaces' returned '0': CMAKE_PREFIX_PATH=/opt/ros/humble /usr/bin/cmake --build /home/abmodelo2023/Proyecto/Proyecto-Final-Robotica-202310/build/proyecto_interfaces -- -j4 -l4
[3.778s] Invoking command in '/home/abmodelo2023/Proyecto/Proyecto-Final-Robotica-202310/build/proyecto_interfaces': CMAKE_PREFIX_PATH=/opt/ros/humble /usr/bin/cmake --install /home/abmodelo2023/Proyecto/Proyecto-Final-Robotica-202310/build/proyecto_interfaces
[3.821s] -- Install configuration: ""
[3.821s] -- Up-to-date: /home/abmodelo2023/Proyecto/Proyecto-Final-Robotica-202310/install/proyecto_interfaces/share/ament_index/resource_index/rosidl_interfaces/proyecto_interfaces
[3.822s] -- Up-to-date: /home/abmodelo2023/Proyecto/Proyecto-Final-Robotica-202310/install/proyecto_interfaces/include/proyecto_interfaces/proyecto_interfaces
[3.823s] -- Up-to-date: /home/abmodelo2023/Proyecto/Proyecto-Final-Robotica-202310/install/proyecto_interfaces/include/proyecto_interfaces/proyecto_interfaces/srv
[3.823s] -- Up-to-date: /home/abmodelo2023/Proyecto/Proyecto-Final-Robotica-202310/install/proyecto_interfaces/include/proyecto_interfaces/proyecto_interfaces/srv/start_perception_test.h
[3.824s] -- Up-to-date: /home/abmodelo2023/Proyecto/Proyecto-Final-Robotica-202310/install/proyecto_interfaces/include/proyecto_interfaces/proyecto_interfaces/srv/detail
[3.824s] -- Up-to-date: /home/abmodelo2023/Proyecto/Proyecto-Final-Robotica-202310/install/proyecto_interfaces/include/proyecto_interfaces/proyecto_interfaces/srv/detail/start_perception_test__functions.c
[3.826s] -- Up-to-date: /home/abmodelo2023/Proyecto/Proyecto-Final-Robotica-202310/install/proyecto_interfaces/include/proyecto_interfaces/proyecto_interfaces/srv/detail/start_manipulation_test__type_support.h
[3.827s] -- Up-to-date: /home/abmodelo2023/Proyecto/Proyecto-Final-Robotica-202310/install/proyecto_interfaces/include/proyecto_interfaces/proyecto_interfaces/srv/detail/start_perception_test__type_support.h
[3.829s] -- Up-to-date: /home/abmodelo2023/Proyecto/Proyecto-Final-Robotica-202310/install/proyecto_interfaces/include/proyecto_interfaces/proyecto_interfaces/srv/detail/start_manipulation_test__functions.c
[3.830s] -- Up-to-date: /home/abmodelo2023/Proyecto/Proyecto-Final-Robotica-202310/install/proyecto_interfaces/include/proyecto_interfaces/proyecto_interfaces/srv/detail/start_navigation_test__struct.h
[3.831s] -- Up-to-date: /home/abmodelo2023/Proyecto/Proyecto-Final-Robotica-202310/install/proyecto_interfaces/include/proyecto_interfaces/proyecto_interfaces/srv/detail/start_manipulation_test__struct.h
[3.832s] -- Up-to-date: /home/abmodelo2023/Proyecto/Proyecto-Final-Robotica-202310/install/proyecto_interfaces/include/proyecto_interfaces/proyecto_interfaces/srv/detail/start_navigation_test__type_support.h
[3.833s] -- Up-to-date: /home/abmodelo2023/Proyecto/Proyecto-Final-Robotica-202310/install/proyecto_interfaces/include/proyecto_interfaces/proyecto_interfaces/srv/detail/start_navigation_test__functions.h
[3.834s] -- Up-to-date: /home/abmodelo2023/Proyecto/Proyecto-Final-Robotica-202310/install/proyecto_interfaces/include/proyecto_interfaces/proyecto_interfaces/srv/detail/start_perception_test__struct.h
[3.836s] -- Up-to-date: /home/abmodelo2023/Proyecto/Proyecto-Final-Robotica-202310/install/proyecto_interfaces/include/proyecto_interfaces/proyecto_interfaces/srv/detail/start_navigation_test__functions.c
[3.837s] -- Up-to-date: /home/abmodelo2023/Proyecto/Proyecto-Final-Robotica-202310/install/proyecto_interfaces/include/proyecto_interfaces/proyecto_interfaces/srv/detail/start_perception_test__functions.h
[3.837s] -- Up-to-date: /home/abmodelo2023/Proyecto/Proyecto-Final-Robotica-202310/install/proyecto_interfaces/include/proyecto_interfaces/proyecto_interfaces/srv/detail/start_manipulation_test__functions.h
[3.838s] -- Up-to-date: /home/abmodelo2023/Proyecto/Proyecto-Final-Robotica-202310/install/proyecto_interfaces/include/proyecto_interfaces/proyecto_interfaces/srv/start_navigation_test.h
[3.839s] -- Up-to-date: /home/abmodelo2023/Proyecto/Proyecto-Final-Robotica-202310/install/proyecto_interfaces/include/proyecto_interfaces/proyecto_interfaces/srv/start_manipulation_test.h
[3.839s] -- Up-to-date: /home/abmodelo2023/Proyecto/Proyecto-Final-Robotica-202310/install/proyecto_interfaces/include/proyecto_interfaces/proyecto_interfaces/msg
[3.840s] -- Up-to-date: /home/abmodelo2023/Proyecto/Proyecto-Final-Robotica-202310/install/proyecto_interfaces/include/proyecto_interfaces/proyecto_interfaces/msg/detail
[3.841s] -- Up-to-date: /home/abmodelo2023/Proyecto/Proyecto-Final-Robotica-202310/install/proyecto_interfaces/include/proyecto_interfaces/proyecto_interfaces/msg/detail/banner__struct.h
[3.841s] -- Up-to-date: /home/abmodelo2023/Proyecto/Proyecto-Final-Robotica-202310/install/proyecto_interfaces/include/proyecto_interfaces/proyecto_interfaces/msg/detail/banner__type_support.h
[3.843s] -- Up-to-date: /home/abmodelo2023/Proyecto/Proyecto-Final-Robotica-202310/install/proyecto_interfaces/include/proyecto_interfaces/proyecto_interfaces/msg/detail/banner__functions.c
[3.843s] -- Up-to-date: /home/abmodelo2023/Proyecto/Proyecto-Final-Robotica-202310/install/proyecto_interfaces/include/proyecto_interfaces/proyecto_interfaces/msg/detail/banner__functions.h
[3.844s] -- Up-to-date: /home/abmodelo2023/Proyecto/Proyecto-Final-Robotica-202310/install/proyecto_interfaces/include/proyecto_interfaces/proyecto_interfaces/msg/rosidl_generator_c__visibility_control.h
[3.845s] -- Up-to-date: /home/abmodelo2023/Proyecto/Proyecto-Final-Robotica-202310/install/proyecto_interfaces/include/proyecto_interfaces/proyecto_interfaces/msg/banner.h
[3.846s] -- Up-to-date: /home/abmodelo2023/Proyecto/Proyecto-Final-Robotica-202310/install/proyecto_interfaces/share/proyecto_interfaces/environment/library_path.sh
[3.846s] -- Up-to-date: /home/abmodelo2023/Proyecto/Proyecto-Final-Robotica-202310/install/proyecto_interfaces/share/proyecto_interfaces/environment/library_path.dsv
[3.847s] -- Up-to-date: /home/abmodelo2023/Proyecto/Proyecto-Final-Robotica-202310/install/proyecto_interfaces/lib/libproyecto_interfaces__rosidl_generator_c.so
[3.848s] -- Up-to-date: /home/abmodelo2023/Proyecto/Proyecto-Final-Robotica-202310/install/proyecto_interfaces/include/proyecto_interfaces/proyecto_interfaces
[3.848s] -- Up-to-date: /home/abmodelo2023/Proyecto/Proyecto-Final-Robotica-202310/install/proyecto_interfaces/include/proyecto_interfaces/proyecto_interfaces/srv
[3.849s] -- Up-to-date: /home/abmodelo2023/Proyecto/Proyecto-Final-Robotica-202310/install/proyecto_interfaces/include/proyecto_interfaces/proyecto_interfaces/srv/detail
[3.850s] -- Up-to-date: /home/abmodelo2023/Proyecto/Proyecto-Final-Robotica-202310/install/proyecto_interfaces/include/proyecto_interfaces/proyecto_interfaces/srv/detail/start_perception_test__rosidl_typesupport_fastrtps_c.h
[3.851s] -- Up-to-date: /home/abmodelo2023/Proyecto/Proyecto-Final-Robotica-202310/install/proyecto_interfaces/include/proyecto_interfaces/proyecto_interfaces/srv/detail/start_manipulation_test__rosidl_typesupport_fastrtps_c.h
[3.852s] -- Up-to-date: /home/abmodelo2023/Proyecto/Proyecto-Final-Robotica-202310/install/proyecto_interfaces/include/proyecto_interfaces/proyecto_interfaces/srv/detail/start_navigation_test__rosidl_typesupport_fastrtps_c.h
[3.853s] -- Up-to-date: /home/abmodelo2023/Proyecto/Proyecto-Final-Robotica-202310/install/proyecto_interfaces/include/proyecto_interfaces/proyecto_interfaces/msg
[3.854s] -- Up-to-date: /home/abmodelo2023/Proyecto/Proyecto-Final-Robotica-202310/install/proyecto_interfaces/include/proyecto_interfaces/proyecto_interfaces/msg/detail
[3.855s] -- Up-to-date: /home/abmodelo2023/Proyecto/Proyecto-Final-Robotica-202310/install/proyecto_interfaces/include/proyecto_interfaces/proyecto_interfaces/msg/detail/banner__rosidl_typesupport_fastrtps_c.h
[3.856s] -- Up-to-date: /home/abmodelo2023/Proyecto/Proyecto-Final-Robotica-202310/install/proyecto_interfaces/include/proyecto_interfaces/proyecto_interfaces/msg/rosidl_typesupport_fastrtps_c__visibility_control.h
[3.857s] -- Up-to-date: /home/abmodelo2023/Proyecto/Proyecto-Final-Robotica-202310/install/proyecto_interfaces/lib/libproyecto_interfaces__rosidl_typesupport_fastrtps_c.so
[3.858s] -- Up-to-date: /home/abmodelo2023/Proyecto/Proyecto-Final-Robotica-202310/install/proyecto_interfaces/include/proyecto_interfaces/proyecto_interfaces
[3.858s] -- Up-to-date: /home/abmodelo2023/Proyecto/Proyecto-Final-Robotica-202310/install/proyecto_interfaces/include/proyecto_interfaces/proyecto_interfaces/srv
[3.859s] -- Up-to-date: /home/abmodelo2023/Proyecto/Proyecto-Final-Robotica-202310/install/proyecto_interfaces/include/proyecto_interfaces/proyecto_interfaces/srv/detail
[3.860s] -- Up-to-date: /home/abmodelo2023/Proyecto/Proyecto-Final-Robotica-202310/install/proyecto_interfaces/include/proyecto_interfaces/proyecto_interfaces/srv/detail/start_perception_test__rosidl_typesupport_introspection_c.h
[3.860s] -- Up-to-date: /home/abmodelo2023/Proyecto/Proyecto-Final-Robotica-202310/install/proyecto_interfaces/include/proyecto_interfaces/proyecto_interfaces/srv/detail/start_navigation_test__type_support.c
[3.861s] -- Up-to-date: /home/abmodelo2023/Proyecto/Proyecto-Final-Robotica-202310/install/proyecto_interfaces/include/proyecto_interfaces/proyecto_interfaces/srv/detail/start_navigation_test__rosidl_typesupport_introspection_c.h
[3.862s] -- Up-to-date: /home/abmodelo2023/Proyecto/Proyecto-Final-Robotica-202310/install/proyecto_interfaces/include/proyecto_interfaces/proyecto_interfaces/srv/detail/start_manipulation_test__type_support.c
[3.863s] -- Up-to-date: /home/abmodelo2023/Proyecto/Proyecto-Final-Robotica-202310/install/proyecto_interfaces/include/proyecto_interfaces/proyecto_interfaces/srv/detail/start_manipulation_test__rosidl_typesupport_introspection_c.h
[3.864s] -- Up-to-date: /home/abmodelo2023/Proyecto/Proyecto-Final-Robotica-202310/install/proyecto_interfaces/include/proyecto_interfaces/proyecto_interfaces/srv/detail/start_perception_test__type_support.c
[3.865s] -- Up-to-date: /home/abmodelo2023/Proyecto/Proyecto-Final-Robotica-202310/install/proyecto_interfaces/include/proyecto_interfaces/proyecto_interfaces/msg
[3.885s] -- Up-to-date: /home/abmodelo2023/Proyecto/Proyecto-Final-Robotica-202310/install/proyecto_interfaces/include/proyecto_interfaces/proyecto_interfaces/msg/detail
[3.886s] -- Up-to-date: /home/abmodelo2023/Proyecto/Proyecto-Final-Robotica-202310/install/proyecto_interfaces/include/proyecto_interfaces/proyecto_interfaces/msg/detail/banner__type_support.c
[3.887s] -- Up-to-date: /home/abmodelo2023/Proyecto/Proyecto-Final-Robotica-202310/install/proyecto_interfaces/include/proyecto_interfaces/proyecto_interfaces/msg/detail/banner__rosidl_typesupport_introspection_c.h
[3.888s] -- Up-to-date: /home/abmodelo2023/Proyecto/Proyecto-Final-Robotica-202310/install/proyecto_interfaces/include/proyecto_interfaces/proyecto_interfaces/msg/rosidl_typesupport_introspection_c__visibility_control.h
[3.889s] -- Up-to-date: /home/abmodelo2023/Proyecto/Proyecto-Final-Robotica-202310/install/proyecto_interfaces/lib/libproyecto_interfaces__rosidl_typesupport_introspection_c.so
[3.890s] -- Up-to-date: /home/abmodelo2023/Proyecto/Proyecto-Final-Robotica-202310/install/proyecto_interfaces/lib/libproyecto_interfaces__rosidl_typesupport_c.so
[3.891s] -- Up-to-date: /home/abmodelo2023/Proyecto/Proyecto-Final-Robotica-202310/install/proyecto_interfaces/include/proyecto_interfaces/proyecto_interfaces
[3.892s] -- Up-to-date: /home/abmodelo2023/Proyecto/Proyecto-Final-Robotica-202310/install/proyecto_interfaces/include/proyecto_interfaces/proyecto_interfaces/srv
[3.893s] -- Up-to-date: /home/abmodelo2023/Proyecto/Proyecto-Final-Robotica-202310/install/proyecto_interfaces/include/proyecto_interfaces/proyecto_interfaces/srv/detail
[3.894s] -- Up-to-date: /home/abmodelo2023/Proyecto/Proyecto-Final-Robotica-202310/install/proyecto_interfaces/include/proyecto_interfaces/proyecto_interfaces/srv/detail/start_perception_test__traits.hpp
[3.894s] -- Up-to-date: /home/abmodelo2023/Proyecto/Proyecto-Final-Robotica-202310/install/proyecto_interfaces/include/proyecto_interfaces/proyecto_interfaces/srv/detail/start_manipulation_test__struct.hpp
[3.895s] -- Up-to-date: /home/abmodelo2023/Proyecto/Proyecto-Final-Robotica-202310/install/proyecto_interfaces/include/proyecto_interfaces/proyecto_interfaces/srv/detail/start_navigation_test__builder.hpp
[3.896s] -- Up-to-date: /home/abmodelo2023/Proyecto/Proyecto-Final-Robotica-202310/install/proyecto_interfaces/include/proyecto_interfaces/proyecto_interfaces/srv/detail/start_navigation_test__traits.hpp
[3.897s] -- Up-to-date: /home/abmodelo2023/Proyecto/Proyecto-Final-Robotica-202310/install/proyecto_interfaces/include/proyecto_interfaces/proyecto_interfaces/srv/detail/start_perception_test__builder.hpp
[3.897s] -- Up-to-date: /home/abmodelo2023/Proyecto/Proyecto-Final-Robotica-202310/install/proyecto_interfaces/include/proyecto_interfaces/proyecto_interfaces/srv/detail/start_perception_test__struct.hpp
[3.898s] -- Up-to-date: /home/abmodelo2023/Proyecto/Proyecto-Final-Robotica-202310/install/proyecto_interfaces/include/proyecto_interfaces/proyecto_interfaces/srv/detail/start_navigation_test__struct.hpp
[3.899s] -- Up-to-date: /home/abmodelo2023/Proyecto/Proyecto-Final-Robotica-202310/install/proyecto_interfaces/include/proyecto_interfaces/proyecto_interfaces/srv/detail/start_manipulation_test__traits.hpp
[3.899s] -- Up-to-date: /home/abmodelo2023/Proyecto/Proyecto-Final-Robotica-202310/install/proyecto_interfaces/include/proyecto_interfaces/proyecto_interfaces/srv/detail/start_manipulation_test__builder.hpp
[3.900s] -- Up-to-date: /home/abmodelo2023/Proyecto/Proyecto-Final-Robotica-202310/install/proyecto_interfaces/include/proyecto_interfaces/proyecto_interfaces/srv/start_perception_test.hpp
[3.901s] -- Up-to-date: /home/abmodelo2023/Proyecto/Proyecto-Final-Robotica-202310/install/proyecto_interfaces/include/proyecto_interfaces/proyecto_interfaces/srv/start_manipulation_test.hpp
[3.902s] -- Up-to-date: /home/abmodelo2023/Proyecto/Proyecto-Final-Robotica-202310/install/proyecto_interfaces/include/proyecto_interfaces/proyecto_interfaces/srv/start_navigation_test.hpp
[3.903s] -- Up-to-date: /home/abmodelo2023/Proyecto/Proyecto-Final-Robotica-202310/install/proyecto_interfaces/include/proyecto_interfaces/proyecto_interfaces/msg
[3.903s] -- Up-to-date: /home/abmodelo2023/Proyecto/Proyecto-Final-Robotica-202310/install/proyecto_interfaces/include/proyecto_interfaces/proyecto_interfaces/msg/banner.hpp
[3.903s] -- Up-to-date: /home/abmodelo2023/Proyecto/Proyecto-Final-Robotica-202310/install/proyecto_interfaces/include/proyecto_interfaces/proyecto_interfaces/msg/detail
[3.904s] -- Up-to-date: /home/abmodelo2023/Proyecto/Proyecto-Final-Robotica-202310/install/proyecto_interfaces/include/proyecto_interfaces/proyecto_interfaces/msg/detail/banner__struct.hpp
[3.905s] -- Up-to-date: /home/abmodelo2023/Proyecto/Proyecto-Final-Robotica-202310/install/proyecto_interfaces/include/proyecto_interfaces/proyecto_interfaces/msg/detail/banner__traits.hpp
[3.906s] -- Up-to-date: /home/abmodelo2023/Proyecto/Proyecto-Final-Robotica-202310/install/proyecto_interfaces/include/proyecto_interfaces/proyecto_interfaces/msg/detail/banner__builder.hpp
[3.907s] -- Up-to-date: /home/abmodelo2023/Proyecto/Proyecto-Final-Robotica-202310/install/proyecto_interfaces/include/proyecto_interfaces/proyecto_interfaces
[3.907s] -- Up-to-date: /home/abmodelo2023/Proyecto/Proyecto-Final-Robotica-202310/install/proyecto_interfaces/include/proyecto_interfaces/proyecto_interfaces/srv
[3.908s] -- Up-to-date: /home/abmodelo2023/Proyecto/Proyecto-Final-Robotica-202310/install/proyecto_interfaces/include/proyecto_interfaces/proyecto_interfaces/srv/detail
[3.909s] -- Up-to-date: /home/abmodelo2023/Proyecto/Proyecto-Final-Robotica-202310/install/proyecto_interfaces/include/proyecto_interfaces/proyecto_interfaces/srv/detail/dds_fastrtps
[3.911s] -- Up-to-date: /home/abmodelo2023/Proyecto/Proyecto-Final-Robotica-202310/install/proyecto_interfaces/include/proyecto_interfaces/proyecto_interfaces/srv/detail/start_perception_test__rosidl_typesupport_fastrtps_cpp.hpp
[3.911s] -- Up-to-date: /home/abmodelo2023/Proyecto/Proyecto-Final-Robotica-202310/install/proyecto_interfaces/include/proyecto_interfaces/proyecto_interfaces/srv/detail/start_navigation_test__rosidl_typesupport_fastrtps_cpp.hpp
[3.913s] -- Up-to-date: /home/abmodelo2023/Proyecto/Proyecto-Final-Robotica-202310/install/proyecto_interfaces/include/proyecto_interfaces/proyecto_interfaces/srv/detail/start_manipulation_test__rosidl_typesupport_fastrtps_cpp.hpp
[3.914s] -- Up-to-date: /home/abmodelo2023/Proyecto/Proyecto-Final-Robotica-202310/install/proyecto_interfaces/include/proyecto_interfaces/proyecto_interfaces/msg
[3.914s] -- Up-to-date: /home/abmodelo2023/Proyecto/Proyecto-Final-Robotica-202310/install/proyecto_interfaces/include/proyecto_interfaces/proyecto_interfaces/msg/detail
[3.915s] -- Up-to-date: /home/abmodelo2023/Proyecto/Proyecto-Final-Robotica-202310/install/proyecto_interfaces/include/proyecto_interfaces/proyecto_interfaces/msg/detail/dds_fastrtps
[3.916s] -- Up-to-date: /home/abmodelo2023/Proyecto/Proyecto-Final-Robotica-202310/install/proyecto_interfaces/include/proyecto_interfaces/proyecto_interfaces/msg/detail/banner__rosidl_typesupport_fastrtps_cpp.hpp
[3.917s] -- Up-to-date: /home/abmodelo2023/Proyecto/Proyecto-Final-Robotica-202310/install/proyecto_interfaces/include/proyecto_interfaces/proyecto_interfaces/msg/rosidl_typesupport_fastrtps_cpp__visibility_control.h
[3.918s] -- Up-to-date: /home/abmodelo2023/Proyecto/Proyecto-Final-Robotica-202310/install/proyecto_interfaces/lib/libproyecto_interfaces__rosidl_typesupport_fastrtps_cpp.so
[3.918s] -- Up-to-date: /home/abmodelo2023/Proyecto/Proyecto-Final-Robotica-202310/install/proyecto_interfaces/include/proyecto_interfaces/proyecto_interfaces
[3.920s] -- Up-to-date: /home/abmodelo2023/Proyecto/Proyecto-Final-Robotica-202310/install/proyecto_interfaces/include/proyecto_interfaces/proyecto_interfaces/srv
[3.921s] -- Up-to-date: /home/abmodelo2023/Proyecto/Proyecto-Final-Robotica-202310/install/proyecto_interfaces/include/proyecto_interfaces/proyecto_interfaces/srv/detail
[3.922s] -- Up-to-date: /home/abmodelo2023/Proyecto/Proyecto-Final-Robotica-202310/install/proyecto_interfaces/include/proyecto_interfaces/proyecto_interfaces/srv/detail/start_manipulation_test__type_support.cpp
[3.922s] -- Up-to-date: /home/abmodelo2023/Proyecto/Proyecto-Final-Robotica-202310/install/proyecto_interfaces/include/proyecto_interfaces/proyecto_interfaces/srv/detail/start_navigation_test__type_support.cpp
[3.923s] -- Up-to-date: /home/abmodelo2023/Proyecto/Proyecto-Final-Robotica-202310/install/proyecto_interfaces/include/proyecto_interfaces/proyecto_interfaces/srv/detail/start_perception_test__rosidl_typesupport_introspection_cpp.hpp
[3.923s] -- Up-to-date: /home/abmodelo2023/Proyecto/Proyecto-Final-Robotica-202310/install/proyecto_interfaces/include/proyecto_interfaces/proyecto_interfaces/srv/detail/start_perception_test__type_support.cpp
[3.924s] -- Up-to-date: /home/abmodelo2023/Proyecto/Proyecto-Final-Robotica-202310/install/proyecto_interfaces/include/proyecto_interfaces/proyecto_interfaces/srv/detail/start_manipulation_test__rosidl_typesupport_introspection_cpp.hpp
[3.924s] -- Up-to-date: /home/abmodelo2023/Proyecto/Proyecto-Final-Robotica-202310/install/proyecto_interfaces/include/proyecto_interfaces/proyecto_interfaces/srv/detail/start_navigation_test__rosidl_typesupport_introspection_cpp.hpp
[3.925s] -- Up-to-date: /home/abmodelo2023/Proyecto/Proyecto-Final-Robotica-202310/install/proyecto_interfaces/include/proyecto_interfaces/proyecto_interfaces/msg
[3.925s] -- Up-to-date: /home/abmodelo2023/Proyecto/Proyecto-Final-Robotica-202310/install/proyecto_interfaces/include/proyecto_interfaces/proyecto_interfaces/msg/detail
[3.926s] -- Up-to-date: /home/abmodelo2023/Proyecto/Proyecto-Final-Robotica-202310/install/proyecto_interfaces/include/proyecto_interfaces/proyecto_interfaces/msg/detail/banner__rosidl_typesupport_introspection_cpp.hpp
[3.926s] -- Up-to-date: /home/abmodelo2023/Proyecto/Proyecto-Final-Robotica-202310/install/proyecto_interfaces/include/proyecto_interfaces/proyecto_interfaces/msg/detail/banner__type_support.cpp
[3.927s] -- Up-to-date: /home/abmodelo2023/Proyecto/Proyecto-Final-Robotica-202310/install/proyecto_interfaces/lib/libproyecto_interfaces__rosidl_typesupport_introspection_cpp.so
[3.928s] -- Up-to-date: /home/abmodelo2023/Proyecto/Proyecto-Final-Robotica-202310/install/proyecto_interfaces/lib/libproyecto_interfaces__rosidl_typesupport_cpp.so
[3.930s] -- Up-to-date: /home/abmodelo2023/Proyecto/Proyecto-Final-Robotica-202310/install/proyecto_interfaces/share/proyecto_interfaces/environment/pythonpath.sh
[3.930s] -- Up-to-date: /home/abmodelo2023/Proyecto/Proyecto-Final-Robotica-202310/install/proyecto_interfaces/share/proyecto_interfaces/environment/pythonpath.dsv
[3.931s] -- Up-to-date: /home/abmodelo2023/Proyecto/Proyecto-Final-Robotica-202310/install/proyecto_interfaces/local/lib/python3.10/dist-packages/proyecto_interfaces-0.0.0-py3.10.egg-info
[3.932s] -- Installing: /home/abmodelo2023/Proyecto/Proyecto-Final-Robotica-202310/install/proyecto_interfaces/local/lib/python3.10/dist-packages/proyecto_interfaces-0.0.0-py3.10.egg-info/SOURCES.txt
[3.936s] -- Installing: /home/abmodelo2023/Proyecto/Proyecto-Final-Robotica-202310/install/proyecto_interfaces/local/lib/python3.10/dist-packages/proyecto_interfaces-0.0.0-py3.10.egg-info/PKG-INFO
[3.937s] -- Installing: /home/abmodelo2023/Proyecto/Proyecto-Final-Robotica-202310/install/proyecto_interfaces/local/lib/python3.10/dist-packages/proyecto_interfaces-0.0.0-py3.10.egg-info/dependency_links.txt
[3.938s] -- Installing: /home/abmodelo2023/Proyecto/Proyecto-Final-Robotica-202310/install/proyecto_interfaces/local/lib/python3.10/dist-packages/proyecto_interfaces-0.0.0-py3.10.egg-info/top_level.txt
[3.940s] -- Up-to-date: /home/abmodelo2023/Proyecto/Proyecto-Final-Robotica-202310/install/proyecto_interfaces/local/lib/python3.10/dist-packages/proyecto_interfaces
[3.941s] -- Up-to-date: /home/abmodelo2023/Proyecto/Proyecto-Final-Robotica-202310/install/proyecto_interfaces/local/lib/python3.10/dist-packages/proyecto_interfaces/proyecto_interfaces_s__rosidl_typesupport_fastrtps_c.cpython-310-aarch64-linux-gnu.so
[3.942s] -- Up-to-date: /home/abmodelo2023/Proyecto/Proyecto-Final-Robotica-202310/install/proyecto_interfaces/local/lib/python3.10/dist-packages/proyecto_interfaces/proyecto_interfaces_s__rosidl_typesupport_c.cpython-310-aarch64-linux-gnu.so
[3.943s] -- Up-to-date: /home/abmodelo2023/Proyecto/Proyecto-Final-Robotica-202310/install/proyecto_interfaces/local/lib/python3.10/dist-packages/proyecto_interfaces/__init__.py
[3.944s] -- Up-to-date: /home/abmodelo2023/Proyecto/Proyecto-Final-Robotica-202310/install/proyecto_interfaces/local/lib/python3.10/dist-packages/proyecto_interfaces/_proyecto_interfaces_s.ep.rosidl_typesupport_fastrtps_c.c
[3.944s] -- Up-to-date: /home/abmodelo2023/Proyecto/Proyecto-Final-Robotica-202310/install/proyecto_interfaces/local/lib/python3.10/dist-packages/proyecto_interfaces/libproyecto_interfaces__rosidl_generator_py.so
[3.945s] -- Up-to-date: /home/abmodelo2023/Proyecto/Proyecto-Final-Robotica-202310/install/proyecto_interfaces/local/lib/python3.10/dist-packages/proyecto_interfaces/srv
[3.947s] -- Up-to-date: /home/abmodelo2023/Proyecto/Proyecto-Final-Robotica-202310/install/proyecto_interfaces/local/lib/python3.10/dist-packages/proyecto_interfaces/srv/_start_navigation_test.py
[3.947s] -- Up-to-date: /home/abmodelo2023/Proyecto/Proyecto-Final-Robotica-202310/install/proyecto_interfaces/local/lib/python3.10/dist-packages/proyecto_interfaces/srv/_start_perception_test_s.c
[3.948s] -- Up-to-date: /home/abmodelo2023/Proyecto/Proyecto-Final-Robotica-202310/install/proyecto_interfaces/local/lib/python3.10/dist-packages/proyecto_interfaces/srv/__init__.py
[3.949s] -- Up-to-date: /home/abmodelo2023/Proyecto/Proyecto-Final-Robotica-202310/install/proyecto_interfaces/local/lib/python3.10/dist-packages/proyecto_interfaces/srv/_start_manipulation_test_s.c
[3.950s] -- Up-to-date: /home/abmodelo2023/Proyecto/Proyecto-Final-Robotica-202310/install/proyecto_interfaces/local/lib/python3.10/dist-packages/proyecto_interfaces/srv/_start_perception_test.py
[3.951s] -- Up-to-date: /home/abmodelo2023/Proyecto/Proyecto-Final-Robotica-202310/install/proyecto_interfaces/local/lib/python3.10/dist-packages/proyecto_interfaces/srv/_start_manipulation_test.py
[3.951s] -- Up-to-date: /home/abmodelo2023/Proyecto/Proyecto-Final-Robotica-202310/install/proyecto_interfaces/local/lib/python3.10/dist-packages/proyecto_interfaces/srv/_start_navigation_test_s.c
[3.952s] -- Up-to-date: /home/abmodelo2023/Proyecto/Proyecto-Final-Robotica-202310/install/proyecto_interfaces/local/lib/python3.10/dist-packages/proyecto_interfaces/_proyecto_interfaces_s.ep.rosidl_typesupport_introspection_c.c
[3.952s] -- Up-to-date: /home/abmodelo2023/Proyecto/Proyecto-Final-Robotica-202310/install/proyecto_interfaces/local/lib/python3.10/dist-packages/proyecto_interfaces/msg
[3.952s] -- Up-to-date: /home/abmodelo2023/Proyecto/Proyecto-Final-Robotica-202310/install/proyecto_interfaces/local/lib/python3.10/dist-packages/proyecto_interfaces/msg/_banner_s.c
[3.953s] -- Up-to-date: /home/abmodelo2023/Proyecto/Proyecto-Final-Robotica-202310/install/proyecto_interfaces/local/lib/python3.10/dist-packages/proyecto_interfaces/msg/_banner.py
[3.954s] -- Up-to-date: /home/abmodelo2023/Proyecto/Proyecto-Final-Robotica-202310/install/proyecto_interfaces/local/lib/python3.10/dist-packages/proyecto_interfaces/msg/__init__.py
[3.954s] -- Up-to-date: /home/abmodelo2023/Proyecto/Proyecto-Final-Robotica-202310/install/proyecto_interfaces/local/lib/python3.10/dist-packages/proyecto_interfaces/proyecto_interfaces_s__rosidl_typesupport_introspection_c.cpython-310-aarch64-linux-gnu.so
[3.954s] -- Up-to-date: /home/abmodelo2023/Proyecto/Proyecto-Final-Robotica-202310/install/proyecto_interfaces/local/lib/python3.10/dist-packages/proyecto_interfaces/_proyecto_interfaces_s.ep.rosidl_typesupport_c.c
[4.143s] Listing '/home/abmodelo2023/Proyecto/Proyecto-Final-Robotica-202310/install/proyecto_interfaces/local/lib/python3.10/dist-packages/proyecto_interfaces'...
[4.144s] Listing '/home/abmodelo2023/Proyecto/Proyecto-Final-Robotica-202310/install/proyecto_interfaces/local/lib/python3.10/dist-packages/proyecto_interfaces/msg'...
[4.146s] Listing '/home/abmodelo2023/Proyecto/Proyecto-Final-Robotica-202310/install/proyecto_interfaces/local/lib/python3.10/dist-packages/proyecto_interfaces/srv'...
[4.175s] -- Up-to-date: /home/abmodelo2023/Proyecto/Proyecto-Final-Robotica-202310/install/proyecto_interfaces/local/lib/python3.10/dist-packages/proyecto_interfaces/proyecto_interfaces_s__rosidl_typesupport_fastrtps_c.cpython-310-aarch64-linux-gnu.so
[4.181s] -- Up-to-date: /home/abmodelo2023/Proyecto/Proyecto-Final-Robotica-202310/install/proyecto_interfaces/local/lib/python3.10/dist-packages/proyecto_interfaces/proyecto_interfaces_s__rosidl_typesupport_introspection_c.cpython-310-aarch64-linux-gnu.so
[4.182s] -- Up-to-date: /home/abmodelo2023/Proyecto/Proyecto-Final-Robotica-202310/install/proyecto_interfaces/local/lib/python3.10/dist-packages/proyecto_interfaces/proyecto_interfaces_s__rosidl_typesupport_c.cpython-310-aarch64-linux-gnu.so
[4.185s] -- Up-to-date: /home/abmodelo2023/Proyecto/Proyecto-Final-Robotica-202310/install/proyecto_interfaces/lib/libproyecto_interfaces__rosidl_generator_py.so
[4.192s] -- Up-to-date: /home/abmodelo2023/Proyecto/Proyecto-Final-Robotica-202310/install/proyecto_interfaces/share/proyecto_interfaces/msg/Banner.idl
[4.194s] -- Up-to-date: /home/abmodelo2023/Proyecto/Proyecto-Final-Robotica-202310/install/proyecto_interfaces/share/proyecto_interfaces/srv/StartNavigationTest.idl
[4.198s] -- Up-to-date: /home/abmodelo2023/Proyecto/Proyecto-Final-Robotica-202310/install/proyecto_interfaces/share/proyecto_interfaces/srv/StartPerceptionTest.idl
[4.199s] -- Up-to-date: /home/abmodelo2023/Proyecto/Proyecto-Final-Robotica-202310/install/proyecto_interfaces/share/proyecto_interfaces/srv/StartManipulationTest.idl
[4.201s] -- Up-to-date: /home/abmodelo2023/Proyecto/Proyecto-Final-Robotica-202310/install/proyecto_interfaces/share/proyecto_interfaces/msg/Banner.msg
[4.202s] -- Up-to-date: /home/abmodelo2023/Proyecto/Proyecto-Final-Robotica-202310/install/proyecto_interfaces/share/proyecto_interfaces/srv/StartNavigationTest.srv
[4.203s] -- Up-to-date: /home/abmodelo2023/Proyecto/Proyecto-Final-Robotica-202310/install/proyecto_interfaces/share/proyecto_interfaces/srv/StartNavigationTest_Request.msg
[4.207s] -- Up-to-date: /home/abmodelo2023/Proyecto/Proyecto-Final-Robotica-202310/install/proyecto_interfaces/share/proyecto_interfaces/srv/StartNavigationTest_Response.msg
[4.225s] -- Up-to-date: /home/abmodelo2023/Proyecto/Proyecto-Final-Robotica-202310/install/proyecto_interfaces/share/proyecto_interfaces/srv/StartPerceptionTest.srv
[4.226s] -- Up-to-date: /home/abmodelo2023/Proyecto/Proyecto-Final-Robotica-202310/install/proyecto_interfaces/share/proyecto_interfaces/srv/StartPerceptionTest_Request.msg
[4.227s] -- Up-to-date: /home/abmodelo2023/Proyecto/Proyecto-Final-Robotica-202310/install/proyecto_interfaces/share/proyecto_interfaces/srv/StartPerceptionTest_Response.msg
[4.227s] -- Up-to-date: /home/abmodelo2023/Proyecto/Proyecto-Final-Robotica-202310/install/proyecto_interfaces/share/proyecto_interfaces/srv/StartManipulationTest.srv
[4.230s] -- Up-to-date: /home/abmodelo2023/Proyecto/Proyecto-Final-Robotica-202310/install/proyecto_interfaces/share/proyecto_interfaces/srv/StartManipulationTest_Request.msg
[4.231s] -- Up-to-date: /home/abmodelo2023/Proyecto/Proyecto-Final-Robotica-202310/install/proyecto_interfaces/share/proyecto_interfaces/srv/StartManipulationTest_Response.msg
[4.232s] -- Up-to-date: /home/abmodelo2023/Proyecto/Proyecto-Final-Robotica-202310/install/proyecto_interfaces/share/ament_index/resource_index/package_run_dependencies/proyecto_interfaces
[4.239s] -- Up-to-date: /home/abmodelo2023/Proyecto/Proyecto-Final-Robotica-202310/install/proyecto_interfaces/share/ament_index/resource_index/parent_prefix_path/proyecto_interfaces
[4.244s] -- Up-to-date: /home/abmodelo2023/Proyecto/Proyecto-Final-Robotica-202310/install/proyecto_interfaces/share/proyecto_interfaces/environment/ament_prefix_path.sh
[4.246s] -- Up-to-date: /home/abmodelo2023/Proyecto/Proyecto-Final-Robotica-202310/install/proyecto_interfaces/share/proyecto_interfaces/environment/ament_prefix_path.dsv
[4.247s] -- Up-to-date: /home/abmodelo2023/Proyecto/Proyecto-Final-Robotica-202310/install/proyecto_interfaces/share/proyecto_interfaces/environment/path.sh
[4.248s] -- Up-to-date: /home/abmodelo2023/Proyecto/Proyecto-Final-Robotica-202310/install/proyecto_interfaces/share/proyecto_interfaces/environment/path.dsv
[4.248s] -- Up-to-date: /home/abmodelo2023/Proyecto/Proyecto-Final-Robotica-202310/install/proyecto_interfaces/share/proyecto_interfaces/local_setup.bash
[4.249s] -- Up-to-date: /home/abmodelo2023/Proyecto/Proyecto-Final-Robotica-202310/install/proyecto_interfaces/share/proyecto_interfaces/local_setup.sh
[4.250s] -- Up-to-date: /home/abmodelo2023/Proyecto/Proyecto-Final-Robotica-202310/install/proyecto_interfaces/share/proyecto_interfaces/local_setup.zsh
[4.251s] -- Up-to-date: /home/abmodelo2023/Proyecto/Proyecto-Final-Robotica-202310/install/proyecto_interfaces/share/proyecto_interfaces/local_setup.dsv
[4.262s] -- Installing: /home/abmodelo2023/Proyecto/Proyecto-Final-Robotica-202310/install/proyecto_interfaces/share/proyecto_interfaces/package.dsv
[4.263s] -- Up-to-date: /home/abmodelo2023/Proyecto/Proyecto-Final-Robotica-202310/install/proyecto_interfaces/share/ament_index/resource_index/packages/proyecto_interfaces
[4.264s] -- Up-to-date: /home/abmodelo2023/Proyecto/Proyecto-Final-Robotica-202310/install/proyecto_interfaces/share/proyecto_interfaces/cmake/export_proyecto_interfaces__rosidl_generator_cExport.cmake
[4.265s] -- Up-to-date: /home/abmodelo2023/Proyecto/Proyecto-Final-Robotica-202310/install/proyecto_interfaces/share/proyecto_interfaces/cmake/export_proyecto_interfaces__rosidl_generator_cExport-noconfig.cmake
[4.266s] -- Up-to-date: /home/abmodelo2023/Proyecto/Proyecto-Final-Robotica-202310/install/proyecto_interfaces/share/proyecto_interfaces/cmake/export_proyecto_interfaces__rosidl_typesupport_fastrtps_cExport.cmake
[4.267s] -- Up-to-date: /home/abmodelo2023/Proyecto/Proyecto-Final-Robotica-202310/install/proyecto_interfaces/share/proyecto_interfaces/cmake/export_proyecto_interfaces__rosidl_typesupport_fastrtps_cExport-noconfig.cmake
[4.268s] -- Up-to-date: /home/abmodelo2023/Proyecto/Proyecto-Final-Robotica-202310/install/proyecto_interfaces/share/proyecto_interfaces/cmake/proyecto_interfaces__rosidl_typesupport_introspection_cExport.cmake
[4.268s] -- Up-to-date: /home/abmodelo2023/Proyecto/Proyecto-Final-Robotica-202310/install/proyecto_interfaces/share/proyecto_interfaces/cmake/proyecto_interfaces__rosidl_typesupport_introspection_cExport-noconfig.cmake
[4.271s] -- Up-to-date: /home/abmodelo2023/Proyecto/Proyecto-Final-Robotica-202310/install/proyecto_interfaces/share/proyecto_interfaces/cmake/proyecto_interfaces__rosidl_typesupport_cExport.cmake
[4.277s] -- Up-to-date: /home/abmodelo2023/Proyecto/Proyecto-Final-Robotica-202310/install/proyecto_interfaces/share/proyecto_interfaces/cmake/proyecto_interfaces__rosidl_typesupport_cExport-noconfig.cmake
[4.284s] -- Up-to-date: /home/abmodelo2023/Proyecto/Proyecto-Final-Robotica-202310/install/proyecto_interfaces/share/proyecto_interfaces/cmake/export_proyecto_interfaces__rosidl_generator_cppExport.cmake
[4.285s] -- Up-to-date: /home/abmodelo2023/Proyecto/Proyecto-Final-Robotica-202310/install/proyecto_interfaces/share/proyecto_interfaces/cmake/export_proyecto_interfaces__rosidl_typesupport_fastrtps_cppExport.cmake
[4.290s] -- Up-to-date: /home/abmodelo2023/Proyecto/Proyecto-Final-Robotica-202310/install/proyecto_interfaces/share/proyecto_interfaces/cmake/export_proyecto_interfaces__rosidl_typesupport_fastrtps_cppExport-noconfig.cmake
[4.290s] -- Up-to-date: /home/abmodelo2023/Proyecto/Proyecto-Final-Robotica-202310/install/proyecto_interfaces/share/proyecto_interfaces/cmake/proyecto_interfaces__rosidl_typesupport_introspection_cppExport.cmake
[4.291s] -- Up-to-date: /home/abmodelo2023/Proyecto/Proyecto-Final-Robotica-202310/install/proyecto_interfaces/share/proyecto_interfaces/cmake/proyecto_interfaces__rosidl_typesupport_introspection_cppExport-noconfig.cmake
[4.292s] -- Up-to-date: /home/abmodelo2023/Proyecto/Proyecto-Final-Robotica-202310/install/proyecto_interfaces/share/proyecto_interfaces/cmake/proyecto_interfaces__rosidl_typesupport_cppExport.cmake
[4.292s] -- Up-to-date: /home/abmodelo2023/Proyecto/Proyecto-Final-Robotica-202310/install/proyecto_interfaces/share/proyecto_interfaces/cmake/proyecto_interfaces__rosidl_typesupport_cppExport-noconfig.cmake
[4.293s] -- Up-to-date: /home/abmodelo2023/Proyecto/Proyecto-Final-Robotica-202310/install/proyecto_interfaces/share/proyecto_interfaces/cmake/export_proyecto_interfaces__rosidl_generator_pyExport.cmake
[4.294s] -- Up-to-date: /home/abmodelo2023/Proyecto/Proyecto-Final-Robotica-202310/install/proyecto_interfaces/share/proyecto_interfaces/cmake/export_proyecto_interfaces__rosidl_generator_pyExport-noconfig.cmake
[4.295s] -- Up-to-date: /home/abmodelo2023/Proyecto/Proyecto-Final-Robotica-202310/install/proyecto_interfaces/share/proyecto_interfaces/cmake/rosidl_cmake-extras.cmake
[4.300s] -- Up-to-date: /home/abmodelo2023/Proyecto/Proyecto-Final-Robotica-202310/install/proyecto_interfaces/share/proyecto_interfaces/cmake/ament_cmake_export_include_directories-extras.cmake
[4.306s] -- Up-to-date: /home/abmodelo2023/Proyecto/Proyecto-Final-Robotica-202310/install/proyecto_interfaces/share/proyecto_interfaces/cmake/ament_cmake_export_libraries-extras.cmake
[4.307s] -- Up-to-date: /home/abmodelo2023/Proyecto/Proyecto-Final-Robotica-202310/install/proyecto_interfaces/share/proyecto_interfaces/cmake/ament_cmake_export_targets-extras.cmake
[4.308s] -- Up-to-date: /home/abmodelo2023/Proyecto/Proyecto-Final-Robotica-202310/install/proyecto_interfaces/share/proyecto_interfaces/cmake/rosidl_cmake_export_typesupport_targets-extras.cmake
[4.308s] -- Up-to-date: /home/abmodelo2023/Proyecto/Proyecto-Final-Robotica-202310/install/proyecto_interfaces/share/proyecto_interfaces/cmake/ament_cmake_export_dependencies-extras.cmake
[4.312s] -- Up-to-date: /home/abmodelo2023/Proyecto/Proyecto-Final-Robotica-202310/install/proyecto_interfaces/share/proyecto_interfaces/cmake/rosidl_cmake_export_typesupport_libraries-extras.cmake
[4.313s] -- Up-to-date: /home/abmodelo2023/Proyecto/Proyecto-Final-Robotica-202310/install/proyecto_interfaces/share/proyecto_interfaces/cmake/proyecto_interfacesConfig.cmake
[4.314s] -- Up-to-date: /home/abmodelo2023/Proyecto/Proyecto-Final-Robotica-202310/install/proyecto_interfaces/share/proyecto_interfaces/cmake/proyecto_interfacesConfig-version.cmake
[4.314s] -- Up-to-date: /home/abmodelo2023/Proyecto/Proyecto-Final-Robotica-202310/install/proyecto_interfaces/share/proyecto_interfaces/package.xml
[4.315s] Invoked command in '/home/abmodelo2023/Proyecto/Proyecto-Final-Robotica-202310/build/proyecto_interfaces' returned '0': CMAKE_PREFIX_PATH=/opt/ros/humble /usr/bin/cmake --install /home/abmodelo2023/Proyecto/Proyecto-Final-Robotica-202310/build/proyecto_interfaces
