[2.018s] Invoking command in '/home/snowartz/proyecto_final_ws/src/proyecto_master_pkg': PYTHONPATH=/home/snowartz/proyecto_final_ws/build/proyecto_master_pkg/prefix_override:/home/snowartz/proyecto_final_ws/install/proyecto_master_pkg/lib/python3.8/site-packages:${PYTHONPATH} /usr/bin/python3 setup.py egg_info --egg-base ../../build/proyecto_master_pkg build --build-base /home/snowartz/proyecto_final_ws/build/proyecto_master_pkg/build install --record /home/snowartz/proyecto_final_ws/build/proyecto_master_pkg/install.log --install-scripts $base/lib/proyecto_master_pkg --single-version-externally-managed
[2.784s] running egg_info
[2.785s] writing ../../build/proyecto_master_pkg/proyecto_master_pkg.egg-info/PKG-INFO
[2.785s] writing dependency_links to ../../build/proyecto_master_pkg/proyecto_master_pkg.egg-info/dependency_links.txt
[2.785s] writing entry points to ../../build/proyecto_master_pkg/proyecto_master_pkg.egg-info/entry_points.txt
[2.785s] writing requirements to ../../build/proyecto_master_pkg/proyecto_master_pkg.egg-info/requires.txt
[2.785s] writing top-level names to ../../build/proyecto_master_pkg/proyecto_master_pkg.egg-info/top_level.txt
[2.831s] reading manifest file '../../build/proyecto_master_pkg/proyecto_master_pkg.egg-info/SOURCES.txt'
[2.832s] writing manifest file '../../build/proyecto_master_pkg/proyecto_master_pkg.egg-info/SOURCES.txt'
[2.832s] running build
[2.832s] running build_py
[2.833s] copying proyecto_master_pkg/master.py -> /home/snowartz/proyecto_final_ws/build/proyecto_master_pkg/build/lib/proyecto_master_pkg
[2.833s] running install
[2.836s] running install_lib
[2.837s] copying /home/snowartz/proyecto_final_ws/build/proyecto_master_pkg/build/lib/proyecto_master_pkg/master.py -> /home/snowartz/proyecto_final_ws/install/proyecto_master_pkg/lib/python3.8/site-packages/proyecto_master_pkg
[2.839s] byte-compiling /home/snowartz/proyecto_final_ws/install/proyecto_master_pkg/lib/python3.8/site-packages/proyecto_master_pkg/master.py to master.cpython-38.pyc
[2.842s] running install_data
[2.842s] running install_egg_info
[2.845s] removing '/home/snowartz/proyecto_final_ws/install/proyecto_master_pkg/lib/python3.8/site-packages/proyecto_master_pkg-0.0.0-py3.8.egg-info' (and everything under it)
[2.846s] Copying ../../build/proyecto_master_pkg/proyecto_master_pkg.egg-info to /home/snowartz/proyecto_final_ws/install/proyecto_master_pkg/lib/python3.8/site-packages/proyecto_master_pkg-0.0.0-py3.8.egg-info
[2.847s] running install_scripts
[2.876s] Installing master script to /home/snowartz/proyecto_final_ws/install/proyecto_master_pkg/lib/proyecto_master_pkg
[2.876s] writing list of installed files to '/home/snowartz/proyecto_final_ws/build/proyecto_master_pkg/install.log'
[2.899s] Invoked command in '/home/snowartz/proyecto_final_ws/src/proyecto_master_pkg' returned '0': PYTHONPATH=/home/snowartz/proyecto_final_ws/build/proyecto_master_pkg/prefix_override:/home/snowartz/proyecto_final_ws/install/proyecto_master_pkg/lib/python3.8/site-packages:${PYTHONPATH} /usr/bin/python3 setup.py egg_info --egg-base ../../build/proyecto_master_pkg build --build-base /home/snowartz/proyecto_final_ws/build/proyecto_master_pkg/build install --record /home/snowartz/proyecto_final_ws/build/proyecto_master_pkg/install.log --install-scripts $base/lib/proyecto_master_pkg --single-version-externally-managed
