[0.693s] DEBUG:colcon:Command line arguments: ['/usr/bin/colcon', 'build', '--packages-select', 'proyecto_master_pkg']
[0.693s] DEBUG:colcon:Parsed command line arguments: Namespace(allow_overriding=[], ament_cmake_args=None, base_paths=['.'], build_base='build', catkin_cmake_args=None, catkin_skip_building_tests=False, cmake_args=None, cmake_clean_cache=False, cmake_clean_first=False, cmake_force_configure=False, cmake_target=None, cmake_target_skip_unavailable=False, continue_on_error=False, event_handlers=None, executor='parallel', ignore_user_meta=False, install_base='install', log_base=None, log_level=None, main=<bound method BuildVerb.main of <colcon_core.verb.build.BuildVerb object at 0x7f7c55111b80>>, merge_install=False, metas=['./colcon.meta'], packages_above=None, packages_above_and_dependencies=None, packages_above_depth=None, packages_end=None, packages_ignore=None, packages_ignore_regex=None, packages_select=['proyecto_master_pkg'], packages_select_build_failed=False, packages_select_by_dep=None, packages_select_regex=None, packages_select_test_failures=False, packages_skip=None, packages_skip_build_finished=False, packages_skip_by_dep=None, packages_skip_regex=None, packages_skip_test_passed=False, packages_skip_up_to=None, packages_start=None, packages_up_to=None, packages_up_to_regex=None, parallel_workers=8, paths=None, symlink_install=False, test_result_base=None, verb_extension=<colcon_core.verb.build.BuildVerb object at 0x7f7c55111b80>, verb_name='build', verb_parser=<colcon_defaults.argument_parser.defaults.DefaultArgumentsDecorator object at 0x7f7c5511e130>)
[0.755s] Level 1:colcon.colcon_core.package_discovery:discover_packages(colcon_meta) check parameters
[0.755s] Level 1:colcon.colcon_core.package_discovery:discover_packages(recursive) check parameters
[0.755s] Level 1:colcon.colcon_core.package_discovery:discover_packages(ignore) check parameters
[0.755s] Level 1:colcon.colcon_core.package_discovery:discover_packages(path) check parameters
[0.755s] Level 1:colcon.colcon_core.package_discovery:discover_packages(colcon_meta) discover
[0.755s] Level 1:colcon.colcon_core.package_discovery:discover_packages(recursive) discover
[0.755s] INFO:colcon.colcon_core.package_discovery:Crawling recursively for packages in '/home/snowartz/proyecto_final_ws'
[0.755s] Level 1:colcon.colcon_core.package_identification:_identify(.) by extensions ['ignore', 'ignore_ament_install']
[0.755s] Level 1:colcon.colcon_core.package_identification:_identify(.) by extension 'ignore'
[0.755s] Level 1:colcon.colcon_core.package_identification:_identify(.) by extension 'ignore_ament_install'
[0.755s] Level 1:colcon.colcon_core.package_identification:_identify(.) by extensions ['colcon_pkg']
[0.756s] Level 1:colcon.colcon_core.package_identification:_identify(.) by extension 'colcon_pkg'
[0.756s] Level 1:colcon.colcon_core.package_identification:_identify(.) by extensions ['colcon_meta']
[0.756s] Level 1:colcon.colcon_core.package_identification:_identify(.) by extension 'colcon_meta'
[0.756s] Level 1:colcon.colcon_core.package_identification:_identify(.) by extensions ['ros']
[0.756s] Level 1:colcon.colcon_core.package_identification:_identify(.) by extension 'ros'
[0.794s] Level 1:colcon.colcon_core.package_identification:_identify(.) by extensions ['cmake', 'python']
[0.794s] Level 1:colcon.colcon_core.package_identification:_identify(.) by extension 'cmake'
[0.794s] Level 1:colcon.colcon_core.package_identification:_identify(.) by extension 'python'
[0.794s] Level 1:colcon.colcon_core.package_identification:_identify(.) by extensions ['python_setup_py']
[0.794s] Level 1:colcon.colcon_core.package_identification:_identify(.) by extension 'python_setup_py'
[0.795s] Level 1:colcon.colcon_core.package_identification:_identify(build) by extensions ['ignore', 'ignore_ament_install']
[0.795s] Level 1:colcon.colcon_core.package_identification:_identify(build) by extension 'ignore'
[0.795s] Level 1:colcon.colcon_core.package_identification:_identify(build) ignored
[0.796s] Level 1:colcon.colcon_core.package_identification:_identify(install) by extensions ['ignore', 'ignore_ament_install']
[0.796s] Level 1:colcon.colcon_core.package_identification:_identify(install) by extension 'ignore'
[0.796s] Level 1:colcon.colcon_core.package_identification:_identify(install) ignored
[0.796s] Level 1:colcon.colcon_core.package_identification:_identify(log) by extensions ['ignore', 'ignore_ament_install']
[0.796s] Level 1:colcon.colcon_core.package_identification:_identify(log) by extension 'ignore'
[0.797s] Level 1:colcon.colcon_core.package_identification:_identify(log) ignored
[0.797s] Level 1:colcon.colcon_core.package_identification:_identify(src) by extensions ['ignore', 'ignore_ament_install']
[0.797s] Level 1:colcon.colcon_core.package_identification:_identify(src) by extension 'ignore'
[0.797s] Level 1:colcon.colcon_core.package_identification:_identify(src) by extension 'ignore_ament_install'
[0.797s] Level 1:colcon.colcon_core.package_identification:_identify(src) by extensions ['colcon_pkg']
[0.797s] Level 1:colcon.colcon_core.package_identification:_identify(src) by extension 'colcon_pkg'
[0.797s] Level 1:colcon.colcon_core.package_identification:_identify(src) by extensions ['colcon_meta']
[0.798s] Level 1:colcon.colcon_core.package_identification:_identify(src) by extension 'colcon_meta'
[0.798s] Level 1:colcon.colcon_core.package_identification:_identify(src) by extensions ['ros']
[0.798s] Level 1:colcon.colcon_core.package_identification:_identify(src) by extension 'ros'
[0.798s] Level 1:colcon.colcon_core.package_identification:_identify(src) by extensions ['cmake', 'python']
[0.798s] Level 1:colcon.colcon_core.package_identification:_identify(src) by extension 'cmake'
[0.798s] Level 1:colcon.colcon_core.package_identification:_identify(src) by extension 'python'
[0.798s] Level 1:colcon.colcon_core.package_identification:_identify(src) by extensions ['python_setup_py']
[0.798s] Level 1:colcon.colcon_core.package_identification:_identify(src) by extension 'python_setup_py'
[0.799s] Level 1:colcon.colcon_core.package_identification:_identify(src/proyecto_interfaces) by extensions ['ignore', 'ignore_ament_install']
[0.799s] Level 1:colcon.colcon_core.package_identification:_identify(src/proyecto_interfaces) by extension 'ignore'
[0.799s] Level 1:colcon.colcon_core.package_identification:_identify(src/proyecto_interfaces) by extension 'ignore_ament_install'
[0.799s] Level 1:colcon.colcon_core.package_identification:_identify(src/proyecto_interfaces) by extensions ['colcon_pkg']
[0.799s] Level 1:colcon.colcon_core.package_identification:_identify(src/proyecto_interfaces) by extension 'colcon_pkg'
[0.799s] Level 1:colcon.colcon_core.package_identification:_identify(src/proyecto_interfaces) by extensions ['colcon_meta']
[0.799s] Level 1:colcon.colcon_core.package_identification:_identify(src/proyecto_interfaces) by extension 'colcon_meta'
[0.799s] Level 1:colcon.colcon_core.package_identification:_identify(src/proyecto_interfaces) by extensions ['ros']
[0.799s] Level 1:colcon.colcon_core.package_identification:_identify(src/proyecto_interfaces) by extension 'ros'
[0.804s] DEBUG:colcon.colcon_core.package_identification:Package 'src/proyecto_interfaces' with type 'ros.ament_cmake' and name 'proyecto_interfaces'
[0.805s] Level 1:colcon.colcon_core.package_identification:_identify(src/proyecto_master_pkg) by extensions ['ignore', 'ignore_ament_install']
[0.805s] Level 1:colcon.colcon_core.package_identification:_identify(src/proyecto_master_pkg) by extension 'ignore'
[0.805s] Level 1:colcon.colcon_core.package_identification:_identify(src/proyecto_master_pkg) by extension 'ignore_ament_install'
[0.805s] Level 1:colcon.colcon_core.package_identification:_identify(src/proyecto_master_pkg) by extensions ['colcon_pkg']
[0.805s] Level 1:colcon.colcon_core.package_identification:_identify(src/proyecto_master_pkg) by extension 'colcon_pkg'
[0.805s] Level 1:colcon.colcon_core.package_identification:_identify(src/proyecto_master_pkg) by extensions ['colcon_meta']
[0.805s] Level 1:colcon.colcon_core.package_identification:_identify(src/proyecto_master_pkg) by extension 'colcon_meta'
[0.806s] Level 1:colcon.colcon_core.package_identification:_identify(src/proyecto_master_pkg) by extensions ['ros']
[0.806s] Level 1:colcon.colcon_core.package_identification:_identify(src/proyecto_master_pkg) by extension 'ros'
[0.807s] DEBUG:colcon.colcon_core.package_identification:Package 'src/proyecto_master_pkg' with type 'ros.ament_python' and name 'proyecto_master_pkg'
[0.807s] Level 1:colcon.colcon_core.package_identification:_identify(src/vision_opencv) by extensions ['ignore', 'ignore_ament_install']
[0.807s] Level 1:colcon.colcon_core.package_identification:_identify(src/vision_opencv) by extension 'ignore'
[0.807s] Level 1:colcon.colcon_core.package_identification:_identify(src/vision_opencv) by extension 'ignore_ament_install'
[0.807s] Level 1:colcon.colcon_core.package_identification:_identify(src/vision_opencv) by extensions ['colcon_pkg']
[0.807s] Level 1:colcon.colcon_core.package_identification:_identify(src/vision_opencv) by extension 'colcon_pkg'
[0.807s] Level 1:colcon.colcon_core.package_identification:_identify(src/vision_opencv) by extensions ['colcon_meta']
[0.808s] Level 1:colcon.colcon_core.package_identification:_identify(src/vision_opencv) by extension 'colcon_meta'
[0.808s] Level 1:colcon.colcon_core.package_identification:_identify(src/vision_opencv) by extensions ['ros']
[0.808s] Level 1:colcon.colcon_core.package_identification:_identify(src/vision_opencv) by extension 'ros'
[0.808s] Level 1:colcon.colcon_core.package_identification:_identify(src/vision_opencv) by extensions ['cmake', 'python']
[0.808s] Level 1:colcon.colcon_core.package_identification:_identify(src/vision_opencv) by extension 'cmake'
[0.808s] Level 1:colcon.colcon_core.package_identification:_identify(src/vision_opencv) by extension 'python'
[0.808s] Level 1:colcon.colcon_core.package_identification:_identify(src/vision_opencv) by extensions ['python_setup_py']
[0.808s] Level 1:colcon.colcon_core.package_identification:_identify(src/vision_opencv) by extension 'python_setup_py'
[0.808s] Level 1:colcon.colcon_core.package_identification:_identify(src/vision_opencv/cv_bridge) by extensions ['ignore', 'ignore_ament_install']
[0.809s] Level 1:colcon.colcon_core.package_identification:_identify(src/vision_opencv/cv_bridge) by extension 'ignore'
[0.809s] Level 1:colcon.colcon_core.package_identification:_identify(src/vision_opencv/cv_bridge) by extension 'ignore_ament_install'
[0.809s] Level 1:colcon.colcon_core.package_identification:_identify(src/vision_opencv/cv_bridge) by extensions ['colcon_pkg']
[0.809s] Level 1:colcon.colcon_core.package_identification:_identify(src/vision_opencv/cv_bridge) by extension 'colcon_pkg'
[0.809s] Level 1:colcon.colcon_core.package_identification:_identify(src/vision_opencv/cv_bridge) by extensions ['colcon_meta']
[0.809s] Level 1:colcon.colcon_core.package_identification:_identify(src/vision_opencv/cv_bridge) by extension 'colcon_meta'
[0.809s] Level 1:colcon.colcon_core.package_identification:_identify(src/vision_opencv/cv_bridge) by extensions ['ros']
[0.809s] Level 1:colcon.colcon_core.package_identification:_identify(src/vision_opencv/cv_bridge) by extension 'ros'
[0.811s] DEBUG:colcon.colcon_core.package_identification:Package 'src/vision_opencv/cv_bridge' with type 'ros.ament_cmake' and name 'cv_bridge'
[0.812s] Level 1:colcon.colcon_core.package_identification:_identify(src/vision_opencv/image_geometry) by extensions ['ignore', 'ignore_ament_install']
[0.812s] Level 1:colcon.colcon_core.package_identification:_identify(src/vision_opencv/image_geometry) by extension 'ignore'
[0.812s] Level 1:colcon.colcon_core.package_identification:_identify(src/vision_opencv/image_geometry) by extension 'ignore_ament_install'
[0.812s] Level 1:colcon.colcon_core.package_identification:_identify(src/vision_opencv/image_geometry) by extensions ['colcon_pkg']
[0.812s] Level 1:colcon.colcon_core.package_identification:_identify(src/vision_opencv/image_geometry) by extension 'colcon_pkg'
[0.812s] Level 1:colcon.colcon_core.package_identification:_identify(src/vision_opencv/image_geometry) by extensions ['colcon_meta']
[0.812s] Level 1:colcon.colcon_core.package_identification:_identify(src/vision_opencv/image_geometry) by extension 'colcon_meta'
[0.813s] Level 1:colcon.colcon_core.package_identification:_identify(src/vision_opencv/image_geometry) by extensions ['ros']
[0.813s] Level 1:colcon.colcon_core.package_identification:_identify(src/vision_opencv/image_geometry) by extension 'ros'
[0.814s] DEBUG:colcon.colcon_core.package_identification:Package 'src/vision_opencv/image_geometry' with type 'ros.ament_cmake' and name 'image_geometry'
[0.814s] Level 1:colcon.colcon_core.package_identification:_identify(src/vision_opencv/opencv_tests) by extensions ['ignore', 'ignore_ament_install']
[0.815s] Level 1:colcon.colcon_core.package_identification:_identify(src/vision_opencv/opencv_tests) by extension 'ignore'
[0.815s] Level 1:colcon.colcon_core.package_identification:_identify(src/vision_opencv/opencv_tests) by extension 'ignore_ament_install'
[0.815s] Level 1:colcon.colcon_core.package_identification:_identify(src/vision_opencv/opencv_tests) by extensions ['colcon_pkg']
[0.815s] Level 1:colcon.colcon_core.package_identification:_identify(src/vision_opencv/opencv_tests) by extension 'colcon_pkg'
[0.815s] Level 1:colcon.colcon_core.package_identification:_identify(src/vision_opencv/opencv_tests) by extensions ['colcon_meta']
[0.815s] Level 1:colcon.colcon_core.package_identification:_identify(src/vision_opencv/opencv_tests) by extension 'colcon_meta'
[0.815s] Level 1:colcon.colcon_core.package_identification:_identify(src/vision_opencv/opencv_tests) by extensions ['ros']
[0.815s] Level 1:colcon.colcon_core.package_identification:_identify(src/vision_opencv/opencv_tests) by extension 'ros'
[0.817s] DEBUG:colcon.colcon_core.package_identification:Package 'src/vision_opencv/opencv_tests' with type 'ros.ament_python' and name 'opencv_tests'
[0.817s] Level 1:colcon.colcon_core.package_identification:_identify(src/vision_opencv/vision_opencv) by extensions ['ignore', 'ignore_ament_install']
[0.817s] Level 1:colcon.colcon_core.package_identification:_identify(src/vision_opencv/vision_opencv) by extension 'ignore'
[0.817s] Level 1:colcon.colcon_core.package_identification:_identify(src/vision_opencv/vision_opencv) by extension 'ignore_ament_install'
[0.818s] Level 1:colcon.colcon_core.package_identification:_identify(src/vision_opencv/vision_opencv) by extensions ['colcon_pkg']
[0.818s] Level 1:colcon.colcon_core.package_identification:_identify(src/vision_opencv/vision_opencv) by extension 'colcon_pkg'
[0.818s] Level 1:colcon.colcon_core.package_identification:_identify(src/vision_opencv/vision_opencv) by extensions ['colcon_meta']
[0.818s] Level 1:colcon.colcon_core.package_identification:_identify(src/vision_opencv/vision_opencv) by extension 'colcon_meta'
[0.818s] Level 1:colcon.colcon_core.package_identification:_identify(src/vision_opencv/vision_opencv) by extensions ['ros']
[0.818s] Level 1:colcon.colcon_core.package_identification:_identify(src/vision_opencv/vision_opencv) by extension 'ros'
[0.819s] DEBUG:colcon.colcon_core.package_identification:Package 'src/vision_opencv/vision_opencv' with type 'ros.ament_cmake' and name 'vision_opencv'
[0.819s] Level 1:colcon.colcon_core.package_discovery:discover_packages(recursive) using defaults
[0.819s] Level 1:colcon.colcon_core.package_discovery:discover_packages(ignore) discover
[0.820s] Level 1:colcon.colcon_core.package_discovery:discover_packages(ignore) using defaults
[0.820s] Level 1:colcon.colcon_core.package_discovery:discover_packages(path) discover
[0.820s] Level 1:colcon.colcon_core.package_discovery:discover_packages(path) using defaults
[0.884s] INFO:colcon.colcon_core.package_selection:Skipping not selected package 'cv_bridge' in 'src/vision_opencv/cv_bridge'
[0.884s] INFO:colcon.colcon_core.package_selection:Skipping not selected package 'image_geometry' in 'src/vision_opencv/image_geometry'
[0.884s] INFO:colcon.colcon_core.package_selection:Skipping not selected package 'proyecto_interfaces' in 'src/proyecto_interfaces'
[0.884s] INFO:colcon.colcon_core.package_selection:Skipping not selected package 'opencv_tests' in 'src/vision_opencv/opencv_tests'
[0.884s] INFO:colcon.colcon_core.package_selection:Skipping not selected package 'vision_opencv' in 'src/vision_opencv/vision_opencv'
[0.885s] Level 1:colcon.colcon_core.package_discovery:discover_packages(prefix_path) check parameters
[0.885s] Level 1:colcon.colcon_core.package_discovery:discover_packages(prefix_path) discover
[0.903s] DEBUG:colcon.colcon_installed_package_information.package_discovery:Found 3 installed packages in /home/snowartz/proyecto_final_ws/install
[0.915s] DEBUG:colcon.colcon_installed_package_information.package_discovery:Found 311 installed packages in /home/snowartz/ros2_foxy/install
[0.917s] Level 1:colcon.colcon_core.package_discovery:discover_packages(prefix_path) using defaults
[0.947s] Level 5:colcon.colcon_core.verb:set package 'proyecto_master_pkg' build argument 'cmake_args' from command line to 'None'
[0.947s] Level 5:colcon.colcon_core.verb:set package 'proyecto_master_pkg' build argument 'cmake_target' from command line to 'None'
[0.947s] Level 5:colcon.colcon_core.verb:set package 'proyecto_master_pkg' build argument 'cmake_target_skip_unavailable' from command line to 'False'
[0.947s] Level 5:colcon.colcon_core.verb:set package 'proyecto_master_pkg' build argument 'cmake_clean_cache' from command line to 'False'
[0.947s] Level 5:colcon.colcon_core.verb:set package 'proyecto_master_pkg' build argument 'cmake_clean_first' from command line to 'False'
[0.947s] Level 5:colcon.colcon_core.verb:set package 'proyecto_master_pkg' build argument 'cmake_force_configure' from command line to 'False'
[0.947s] Level 5:colcon.colcon_core.verb:set package 'proyecto_master_pkg' build argument 'ament_cmake_args' from command line to 'None'
[0.947s] Level 5:colcon.colcon_core.verb:set package 'proyecto_master_pkg' build argument 'catkin_cmake_args' from command line to 'None'
[0.948s] Level 5:colcon.colcon_core.verb:set package 'proyecto_master_pkg' build argument 'catkin_skip_building_tests' from command line to 'False'
[0.948s] DEBUG:colcon.colcon_core.verb:Building package 'proyecto_master_pkg' with the following arguments: {'ament_cmake_args': None, 'build_base': '/home/snowartz/proyecto_final_ws/build/proyecto_master_pkg', 'catkin_cmake_args': None, 'catkin_skip_building_tests': False, 'cmake_args': None, 'cmake_clean_cache': False, 'cmake_clean_first': False, 'cmake_force_configure': False, 'cmake_target': None, 'cmake_target_skip_unavailable': False, 'install_base': '/home/snowartz/proyecto_final_ws/install/proyecto_master_pkg', 'merge_install': False, 'path': '/home/snowartz/proyecto_final_ws/src/proyecto_master_pkg', 'symlink_install': False, 'test_result_base': None}
[0.949s] INFO:colcon.colcon_core.executor:Executing jobs using 'parallel' executor
[0.958s] DEBUG:colcon.colcon_parallel_executor.executor.parallel:run_until_complete
[0.958s] INFO:colcon.colcon_ros.task.ament_python.build:Building ROS package in '/home/snowartz/proyecto_final_ws/src/proyecto_master_pkg' with build type 'ament_python'
[0.958s] Level 1:colcon.colcon_core.shell:create_environment_hook('proyecto_master_pkg', 'ament_prefix_path')
[0.970s] INFO:colcon.colcon_core.plugin_system:Skipping extension 'colcon_core.shell.bat': Not used on non-Windows systems
[0.971s] INFO:colcon.colcon_core.shell:Creating environment hook '/home/snowartz/proyecto_final_ws/install/proyecto_master_pkg/share/proyecto_master_pkg/hook/ament_prefix_path.ps1'
[0.972s] INFO:colcon.colcon_core.shell:Creating environment descriptor '/home/snowartz/proyecto_final_ws/install/proyecto_master_pkg/share/proyecto_master_pkg/hook/ament_prefix_path.dsv'
[0.972s] INFO:colcon.colcon_core.shell:Creating environment hook '/home/snowartz/proyecto_final_ws/install/proyecto_master_pkg/share/proyecto_master_pkg/hook/ament_prefix_path.sh'
[0.976s] INFO:colcon.colcon_core.shell:Skip shell extension 'powershell' for command environment: Not usable outside of PowerShell
[0.977s] DEBUG:colcon.colcon_core.shell:Skip shell extension 'dsv' for command environment
[1.988s] INFO:colcon.colcon_core.task.python.build:Building Python package in '/home/snowartz/proyecto_final_ws/src/proyecto_master_pkg'
[1.993s] INFO:colcon.colcon_core.shell:Skip shell extension 'powershell' for command environment: Not usable outside of PowerShell
[1.993s] DEBUG:colcon.colcon_core.shell:Skip shell extension 'dsv' for command environment
[3.366s] DEBUG:colcon.colcon_core.event_handler.log_command:Invoking command in '/home/snowartz/proyecto_final_ws/src/proyecto_master_pkg': PYTHONPATH=/home/snowartz/proyecto_final_ws/build/proyecto_master_pkg/prefix_override:/home/snowartz/proyecto_final_ws/install/proyecto_master_pkg/lib/python3.8/site-packages:${PYTHONPATH} /usr/bin/python3 setup.py egg_info --egg-base ../../build/proyecto_master_pkg build --build-base /home/snowartz/proyecto_final_ws/build/proyecto_master_pkg/build install --record /home/snowartz/proyecto_final_ws/build/proyecto_master_pkg/install.log --install-scripts $base/lib/proyecto_master_pkg --single-version-externally-managed
[4.447s] DEBUG:colcon.colcon_core.event_handler.log_command:Invoked command in '/home/snowartz/proyecto_final_ws/src/proyecto_master_pkg' returned '0': PYTHONPATH=/home/snowartz/proyecto_final_ws/build/proyecto_master_pkg/prefix_override:/home/snowartz/proyecto_final_ws/install/proyecto_master_pkg/lib/python3.8/site-packages:${PYTHONPATH} /usr/bin/python3 setup.py egg_info --egg-base ../../build/proyecto_master_pkg build --build-base /home/snowartz/proyecto_final_ws/build/proyecto_master_pkg/build install --record /home/snowartz/proyecto_final_ws/build/proyecto_master_pkg/install.log --install-scripts $base/lib/proyecto_master_pkg --single-version-externally-managed
[4.459s] Level 1:colcon.colcon_core.environment:checking '/home/snowartz/proyecto_final_ws/install/proyecto_master_pkg' for CMake module files
[4.460s] Level 1:colcon.colcon_core.environment:checking '/home/snowartz/proyecto_final_ws/install/proyecto_master_pkg' for CMake config files
[4.460s] Level 1:colcon.colcon_core.environment:checking '/home/snowartz/proyecto_final_ws/install/proyecto_master_pkg/lib'
[4.461s] Level 1:colcon.colcon_core.environment:checking '/home/snowartz/proyecto_final_ws/install/proyecto_master_pkg/bin'
[4.461s] Level 1:colcon.colcon_core.environment:checking '/home/snowartz/proyecto_final_ws/install/proyecto_master_pkg/lib/pkgconfig/proyecto_master_pkg.pc'
[4.462s] Level 1:colcon.colcon_core.environment:checking '/home/snowartz/proyecto_final_ws/install/proyecto_master_pkg/lib/python3.8/site-packages'
[4.462s] Level 1:colcon.colcon_core.shell:create_environment_hook('proyecto_master_pkg', 'pythonpath')
[4.464s] INFO:colcon.colcon_core.shell:Creating environment hook '/home/snowartz/proyecto_final_ws/install/proyecto_master_pkg/share/proyecto_master_pkg/hook/pythonpath.ps1'
[4.465s] INFO:colcon.colcon_core.shell:Creating environment descriptor '/home/snowartz/proyecto_final_ws/install/proyecto_master_pkg/share/proyecto_master_pkg/hook/pythonpath.dsv'
[4.465s] INFO:colcon.colcon_core.shell:Creating environment hook '/home/snowartz/proyecto_final_ws/install/proyecto_master_pkg/share/proyecto_master_pkg/hook/pythonpath.sh'
[4.466s] Level 1:colcon.colcon_core.environment:checking '/home/snowartz/proyecto_final_ws/install/proyecto_master_pkg/bin'
[4.466s] Level 1:colcon.colcon_core.environment:create_environment_scripts_only(proyecto_master_pkg)
[4.469s] INFO:colcon.colcon_core.shell:Creating package script '/home/snowartz/proyecto_final_ws/install/proyecto_master_pkg/share/proyecto_master_pkg/package.ps1'
[4.470s] INFO:colcon.colcon_core.shell:Creating package descriptor '/home/snowartz/proyecto_final_ws/install/proyecto_master_pkg/share/proyecto_master_pkg/package.dsv'
[4.472s] INFO:colcon.colcon_core.shell:Creating package script '/home/snowartz/proyecto_final_ws/install/proyecto_master_pkg/share/proyecto_master_pkg/package.sh'
[4.473s] INFO:colcon.colcon_core.shell:Creating package script '/home/snowartz/proyecto_final_ws/install/proyecto_master_pkg/share/proyecto_master_pkg/package.bash'
[4.474s] INFO:colcon.colcon_core.shell:Creating package script '/home/snowartz/proyecto_final_ws/install/proyecto_master_pkg/share/proyecto_master_pkg/package.zsh'
[4.476s] Level 1:colcon.colcon_core.environment:create_file_with_runtime_dependencies(/home/snowartz/proyecto_final_ws/install/proyecto_master_pkg/share/colcon-core/packages/proyecto_master_pkg)
[4.476s] DEBUG:colcon.colcon_parallel_executor.executor.parallel:closing loop
[4.477s] DEBUG:colcon.colcon_parallel_executor.executor.parallel:loop closed
[4.477s] DEBUG:colcon.colcon_parallel_executor.executor.parallel:run_until_complete finished with '0'
[4.477s] DEBUG:colcon.colcon_core.event_reactor:joining thread
[4.494s] INFO:colcon.colcon_core.plugin_system:Skipping extension 'colcon_notification.desktop_notification.terminal_notifier': Not used on non-Darwin systems
[4.494s] INFO:colcon.colcon_core.plugin_system:Skipping extension 'colcon_notification.desktop_notification.win32': Not used on non-Windows systems
[4.494s] INFO:colcon.colcon_notification.desktop_notification:Sending desktop notification using 'notify2'
[4.513s] DEBUG:colcon.colcon_core.event_reactor:joined thread
[4.517s] INFO:colcon.colcon_core.shell:Creating prefix script '/home/snowartz/proyecto_final_ws/install/local_setup.ps1'
[4.519s] INFO:colcon.colcon_core.shell:Creating prefix util module '/home/snowartz/proyecto_final_ws/install/_local_setup_util_ps1.py'
[4.520s] INFO:colcon.colcon_core.shell:Creating prefix chain script '/home/snowartz/proyecto_final_ws/install/setup.ps1'
[4.535s] INFO:colcon.colcon_core.shell:Creating prefix script '/home/snowartz/proyecto_final_ws/install/local_setup.sh'
[4.537s] INFO:colcon.colcon_core.shell:Creating prefix util module '/home/snowartz/proyecto_final_ws/install/_local_setup_util_sh.py'
[4.538s] INFO:colcon.colcon_core.shell:Creating prefix chain script '/home/snowartz/proyecto_final_ws/install/setup.sh'
[4.560s] INFO:colcon.colcon_core.shell:Creating prefix script '/home/snowartz/proyecto_final_ws/install/local_setup.bash'
[4.561s] INFO:colcon.colcon_core.shell:Creating prefix chain script '/home/snowartz/proyecto_final_ws/install/setup.bash'
[4.576s] INFO:colcon.colcon_core.shell:Creating prefix script '/home/snowartz/proyecto_final_ws/install/local_setup.zsh'
[4.577s] INFO:colcon.colcon_core.shell:Creating prefix chain script '/home/snowartz/proyecto_final_ws/install/setup.zsh'
