[6.279s] Invoking command in '/home/abmodelo2023/Proyecto/Proyecto-Final-Robotica-202310/proyecto_final_ws/src/proyecto_master_pkg': PYTHONPATH=/home/abmodelo2023/Proyecto/Proyecto-Final-Robotica-202310/build/proyecto_master_pkg/prefix_override:/home/abmodelo2023/Proyecto/Proyecto-Final-Robotica-202310/install/proyecto_master_pkg/lib/python3.10/site-packages:${PYTHONPATH} /usr/bin/python3 setup.py egg_info --egg-base ../../../build/proyecto_master_pkg build --build-base /home/abmodelo2023/Proyecto/Proyecto-Final-Robotica-202310/build/proyecto_master_pkg/build install --record /home/abmodelo2023/Proyecto/Proyecto-Final-Robotica-202310/build/proyecto_master_pkg/install.log --install-scripts $base/lib/proyecto_master_pkg --single-version-externally-managed
[7.819s] /usr/lib/python3/dist-packages/setuptools/dist.py:723: UserWarning: Usage of dash-separated 'script-dir' will not be supported in future versions. Please use the underscore name 'script_dir' instead
[7.820s]   warnings.warn(
[7.861s] running egg_info
[7.864s] creating ../../../build/proyecto_master_pkg/proyecto_master_pkg.egg-info
[7.865s] writing ../../../build/proyecto_master_pkg/proyecto_master_pkg.egg-info/PKG-INFO
[7.867s] writing dependency_links to ../../../build/proyecto_master_pkg/proyecto_master_pkg.egg-info/dependency_links.txt
[7.868s] writing entry points to ../../../build/proyecto_master_pkg/proyecto_master_pkg.egg-info/entry_points.txt
[7.869s] writing requirements to ../../../build/proyecto_master_pkg/proyecto_master_pkg.egg-info/requires.txt
[7.870s] writing top-level names to ../../../build/proyecto_master_pkg/proyecto_master_pkg.egg-info/top_level.txt
[7.871s] writing manifest file '../../../build/proyecto_master_pkg/proyecto_master_pkg.egg-info/SOURCES.txt'
[7.880s] reading manifest file '../../../build/proyecto_master_pkg/proyecto_master_pkg.egg-info/SOURCES.txt'
[7.885s] writing manifest file '../../../build/proyecto_master_pkg/proyecto_master_pkg.egg-info/SOURCES.txt'
[7.889s] running build
[7.891s] running build_py
[7.893s] creating /home/abmodelo2023/Proyecto/Proyecto-Final-Robotica-202310/build/proyecto_master_pkg/build
[7.893s] creating /home/abmodelo2023/Proyecto/Proyecto-Final-Robotica-202310/build/proyecto_master_pkg/build/lib
[7.894s] creating /home/abmodelo2023/Proyecto/Proyecto-Final-Robotica-202310/build/proyecto_master_pkg/build/lib/proyecto_master_pkg
[7.894s] copying proyecto_master_pkg/navigation_test.py -> /home/abmodelo2023/Proyecto/Proyecto-Final-Robotica-202310/build/proyecto_master_pkg/build/lib/proyecto_master_pkg
[7.895s] copying proyecto_master_pkg/__init__.py -> /home/abmodelo2023/Proyecto/Proyecto-Final-Robotica-202310/build/proyecto_master_pkg/build/lib/proyecto_master_pkg
[7.895s] copying proyecto_master_pkg/robot_controller.py -> /home/abmodelo2023/Proyecto/Proyecto-Final-Robotica-202310/build/proyecto_master_pkg/build/lib/proyecto_master_pkg
[7.898s] copying proyecto_master_pkg/master.py -> /home/abmodelo2023/Proyecto/Proyecto-Final-Robotica-202310/build/proyecto_master_pkg/build/lib/proyecto_master_pkg
[7.899s] copying proyecto_master_pkg/perception_test.py -> /home/abmodelo2023/Proyecto/Proyecto-Final-Robotica-202310/build/proyecto_master_pkg/build/lib/proyecto_master_pkg
[7.899s] copying proyecto_master_pkg/manipulation_test.py -> /home/abmodelo2023/Proyecto/Proyecto-Final-Robotica-202310/build/proyecto_master_pkg/build/lib/proyecto_master_pkg
[7.900s] running install
[7.900s] /usr/lib/python3/dist-packages/setuptools/command/install.py:34: SetuptoolsDeprecationWarning: setup.py install is deprecated. Use build and pip and other standards-based tools.
[7.902s]   warnings.warn(
[7.903s] running install_lib
[7.904s] creating /home/abmodelo2023/Proyecto/Proyecto-Final-Robotica-202310/install/proyecto_master_pkg/lib/python3.10/site-packages/proyecto_master_pkg
[7.904s] copying /home/abmodelo2023/Proyecto/Proyecto-Final-Robotica-202310/build/proyecto_master_pkg/build/lib/proyecto_master_pkg/navigation_test.py -> /home/abmodelo2023/Proyecto/Proyecto-Final-Robotica-202310/install/proyecto_master_pkg/lib/python3.10/site-packages/proyecto_master_pkg
[7.905s] copying /home/abmodelo2023/Proyecto/Proyecto-Final-Robotica-202310/build/proyecto_master_pkg/build/lib/proyecto_master_pkg/__init__.py -> /home/abmodelo2023/Proyecto/Proyecto-Final-Robotica-202310/install/proyecto_master_pkg/lib/python3.10/site-packages/proyecto_master_pkg
[7.906s] copying /home/abmodelo2023/Proyecto/Proyecto-Final-Robotica-202310/build/proyecto_master_pkg/build/lib/proyecto_master_pkg/robot_controller.py -> /home/abmodelo2023/Proyecto/Proyecto-Final-Robotica-202310/install/proyecto_master_pkg/lib/python3.10/site-packages/proyecto_master_pkg
[7.906s] copying /home/abmodelo2023/Proyecto/Proyecto-Final-Robotica-202310/build/proyecto_master_pkg/build/lib/proyecto_master_pkg/master.py -> /home/abmodelo2023/Proyecto/Proyecto-Final-Robotica-202310/install/proyecto_master_pkg/lib/python3.10/site-packages/proyecto_master_pkg
[7.907s] copying /home/abmodelo2023/Proyecto/Proyecto-Final-Robotica-202310/build/proyecto_master_pkg/build/lib/proyecto_master_pkg/perception_test.py -> /home/abmodelo2023/Proyecto/Proyecto-Final-Robotica-202310/install/proyecto_master_pkg/lib/python3.10/site-packages/proyecto_master_pkg
[7.908s] copying /home/abmodelo2023/Proyecto/Proyecto-Final-Robotica-202310/build/proyecto_master_pkg/build/lib/proyecto_master_pkg/manipulation_test.py -> /home/abmodelo2023/Proyecto/Proyecto-Final-Robotica-202310/install/proyecto_master_pkg/lib/python3.10/site-packages/proyecto_master_pkg
[7.913s] byte-compiling /home/abmodelo2023/Proyecto/Proyecto-Final-Robotica-202310/install/proyecto_master_pkg/lib/python3.10/site-packages/proyecto_master_pkg/navigation_test.py to navigation_test.cpython-310.pyc
[7.922s] byte-compiling /home/abmodelo2023/Proyecto/Proyecto-Final-Robotica-202310/install/proyecto_master_pkg/lib/python3.10/site-packages/proyecto_master_pkg/__init__.py to __init__.cpython-310.pyc
[7.924s] byte-compiling /home/abmodelo2023/Proyecto/Proyecto-Final-Robotica-202310/install/proyecto_master_pkg/lib/python3.10/site-packages/proyecto_master_pkg/robot_controller.py to robot_controller.cpython-310.pyc
[7.927s] byte-compiling /home/abmodelo2023/Proyecto/Proyecto-Final-Robotica-202310/install/proyecto_master_pkg/lib/python3.10/site-packages/proyecto_master_pkg/master.py to master.cpython-310.pyc
[7.934s] byte-compiling /home/abmodelo2023/Proyecto/Proyecto-Final-Robotica-202310/install/proyecto_master_pkg/lib/python3.10/site-packages/proyecto_master_pkg/perception_test.py to perception_test.cpython-310.pyc
[7.946s] byte-compiling /home/abmodelo2023/Proyecto/Proyecto-Final-Robotica-202310/install/proyecto_master_pkg/lib/python3.10/site-packages/proyecto_master_pkg/manipulation_test.py to manipulation_test.cpython-310.pyc
[7.952s] running install_data
[7.957s] running install_egg_info
[7.967s] Copying ../../../build/proyecto_master_pkg/proyecto_master_pkg.egg-info to /home/abmodelo2023/Proyecto/Proyecto-Final-Robotica-202310/install/proyecto_master_pkg/lib/python3.10/site-packages/proyecto_master_pkg-0.0.0-py3.10.egg-info
[7.981s] running install_scripts
[8.122s] Installing control script to /home/abmodelo2023/Proyecto/Proyecto-Final-Robotica-202310/install/proyecto_master_pkg/lib/proyecto_master_pkg
[8.128s] Installing manipulation script to /home/abmodelo2023/Proyecto/Proyecto-Final-Robotica-202310/install/proyecto_master_pkg/lib/proyecto_master_pkg
[8.128s] Installing master script to /home/abmodelo2023/Proyecto/Proyecto-Final-Robotica-202310/install/proyecto_master_pkg/lib/proyecto_master_pkg
[8.129s] Installing navigation script to /home/abmodelo2023/Proyecto/Proyecto-Final-Robotica-202310/install/proyecto_master_pkg/lib/proyecto_master_pkg
[8.130s] Installing perception script to /home/abmodelo2023/Proyecto/Proyecto-Final-Robotica-202310/install/proyecto_master_pkg/lib/proyecto_master_pkg
[8.133s] writing list of installed files to '/home/abmodelo2023/Proyecto/Proyecto-Final-Robotica-202310/build/proyecto_master_pkg/install.log'
[8.325s] Invoked command in '/home/abmodelo2023/Proyecto/Proyecto-Final-Robotica-202310/proyecto_final_ws/src/proyecto_master_pkg' returned '0': PYTHONPATH=/home/abmodelo2023/Proyecto/Proyecto-Final-Robotica-202310/build/proyecto_master_pkg/prefix_override:/home/abmodelo2023/Proyecto/Proyecto-Final-Robotica-202310/install/proyecto_master_pkg/lib/python3.10/site-packages:${PYTHONPATH} /usr/bin/python3 setup.py egg_info --egg-base ../../../build/proyecto_master_pkg build --build-base /home/abmodelo2023/Proyecto/Proyecto-Final-Robotica-202310/build/proyecto_master_pkg/build install --record /home/abmodelo2023/Proyecto/Proyecto-Final-Robotica-202310/build/proyecto_master_pkg/install.log --install-scripts $base/lib/proyecto_master_pkg --single-version-externally-managed
