[4.769s] Invoking command in '/home/abmodelo2023/Documentos/Proyecto-Final-Robotica-202310/proyecto_final_ws/src/proyecto_master_pkg': PYTHONPATH=/home/abmodelo2023/Documentos/Proyecto-Final-Robotica-202310/build/proyecto_master_pkg/prefix_override:/home/abmodelo2023/Documentos/Proyecto-Final-Robotica-202310/install/proyecto_master_pkg/lib/python3.10/site-packages:${PYTHONPATH} /usr/bin/python3 setup.py egg_info --egg-base ../../../build/proyecto_master_pkg build --build-base /home/abmodelo2023/Documentos/Proyecto-Final-Robotica-202310/build/proyecto_master_pkg/build install --record /home/abmodelo2023/Documentos/Proyecto-Final-Robotica-202310/build/proyecto_master_pkg/install.log --install-scripts $base/lib/proyecto_master_pkg --single-version-externally-managed
[6.157s] /usr/lib/python3/dist-packages/setuptools/dist.py:723: UserWarning: Usage of dash-separated 'script-dir' will not be supported in future versions. Please use the underscore name 'script_dir' instead
[6.157s]   warnings.warn(
[6.196s] running egg_info
[6.199s] writing ../../../build/proyecto_master_pkg/proyecto_master_pkg.egg-info/PKG-INFO
[6.200s] writing dependency_links to ../../../build/proyecto_master_pkg/proyecto_master_pkg.egg-info/dependency_links.txt
[6.202s] writing entry points to ../../../build/proyecto_master_pkg/proyecto_master_pkg.egg-info/entry_points.txt
[6.203s] writing requirements to ../../../build/proyecto_master_pkg/proyecto_master_pkg.egg-info/requires.txt
[6.204s] writing top-level names to ../../../build/proyecto_master_pkg/proyecto_master_pkg.egg-info/top_level.txt
[6.214s] reading manifest file '../../../build/proyecto_master_pkg/proyecto_master_pkg.egg-info/SOURCES.txt'
[6.219s] writing manifest file '../../../build/proyecto_master_pkg/proyecto_master_pkg.egg-info/SOURCES.txt'
[6.220s] running build
[6.221s] running build_py
[6.223s] copying proyecto_master_pkg/perception_test.py -> /home/abmodelo2023/Documentos/Proyecto-Final-Robotica-202310/build/proyecto_master_pkg/build/lib/proyecto_master_pkg
[6.225s] running install
[6.226s] /usr/lib/python3/dist-packages/setuptools/command/install.py:34: SetuptoolsDeprecationWarning: setup.py install is deprecated. Use build and pip and other standards-based tools.
[6.227s]   warnings.warn(
[6.235s] running install_lib
[6.236s] copying /home/abmodelo2023/Documentos/Proyecto-Final-Robotica-202310/build/proyecto_master_pkg/build/lib/proyecto_master_pkg/perception_test.py -> /home/abmodelo2023/Documentos/Proyecto-Final-Robotica-202310/install/proyecto_master_pkg/lib/python3.10/site-packages/proyecto_master_pkg
[6.241s] byte-compiling /home/abmodelo2023/Documentos/Proyecto-Final-Robotica-202310/install/proyecto_master_pkg/lib/python3.10/site-packages/proyecto_master_pkg/perception_test.py to perception_test.cpython-310.pyc
[6.252s] running install_data
[6.255s] running install_egg_info
[6.261s] removing '/home/abmodelo2023/Documentos/Proyecto-Final-Robotica-202310/install/proyecto_master_pkg/lib/python3.10/site-packages/proyecto_master_pkg-0.0.0-py3.10.egg-info' (and everything under it)
[6.264s] Copying ../../../build/proyecto_master_pkg/proyecto_master_pkg.egg-info to /home/abmodelo2023/Documentos/Proyecto-Final-Robotica-202310/install/proyecto_master_pkg/lib/python3.10/site-packages/proyecto_master_pkg-0.0.0-py3.10.egg-info
[6.271s] running install_scripts
[6.364s] Installing camara script to /home/abmodelo2023/Documentos/Proyecto-Final-Robotica-202310/install/proyecto_master_pkg/lib/proyecto_master_pkg
[6.365s] Installing control script to /home/abmodelo2023/Documentos/Proyecto-Final-Robotica-202310/install/proyecto_master_pkg/lib/proyecto_master_pkg
[6.367s] Installing manipulation script to /home/abmodelo2023/Documentos/Proyecto-Final-Robotica-202310/install/proyecto_master_pkg/lib/proyecto_master_pkg
[6.368s] Installing master script to /home/abmodelo2023/Documentos/Proyecto-Final-Robotica-202310/install/proyecto_master_pkg/lib/proyecto_master_pkg
[6.369s] Installing navigation script to /home/abmodelo2023/Documentos/Proyecto-Final-Robotica-202310/install/proyecto_master_pkg/lib/proyecto_master_pkg
[6.370s] Installing perception script to /home/abmodelo2023/Documentos/Proyecto-Final-Robotica-202310/install/proyecto_master_pkg/lib/proyecto_master_pkg
[6.372s] writing list of installed files to '/home/abmodelo2023/Documentos/Proyecto-Final-Robotica-202310/build/proyecto_master_pkg/install.log'
[6.516s] Invoked command in '/home/abmodelo2023/Documentos/Proyecto-Final-Robotica-202310/proyecto_final_ws/src/proyecto_master_pkg' returned '0': PYTHONPATH=/home/abmodelo2023/Documentos/Proyecto-Final-Robotica-202310/build/proyecto_master_pkg/prefix_override:/home/abmodelo2023/Documentos/Proyecto-Final-Robotica-202310/install/proyecto_master_pkg/lib/python3.10/site-packages:${PYTHONPATH} /usr/bin/python3 setup.py egg_info --egg-base ../../../build/proyecto_master_pkg build --build-base /home/abmodelo2023/Documentos/Proyecto-Final-Robotica-202310/build/proyecto_master_pkg/build install --record /home/abmodelo2023/Documentos/Proyecto-Final-Robotica-202310/build/proyecto_master_pkg/install.log --install-scripts $base/lib/proyecto_master_pkg --single-version-externally-managed
